iter 00001 | success 0.011 | cost 43.9 | energy 69.9 | actor_loss 0.01973 | energy_loss 90.48900 | reach_loss 70965.86719 | mean_bound_loss 0.00000 | entropy 2.1770 | gamma_reach 0.999000 | ent_coef 0.00100 | elapsed 24.06s
iter 00002 | success 0.009 | cost 60.7 | energy 86.2 | actor_loss 0.00027 | energy_loss 0.94776 | reach_loss 70628.81172 | mean_bound_loss 0.00000 | entropy 2.1754 | gamma_reach 0.999010 | ent_coef 0.00100 | elapsed 27.29s
iter 00003 | success 0.011 | cost 57.2 | energy 91.4 | actor_loss -0.00099 | energy_loss 1.01519 | reach_loss 74577.45928 | mean_bound_loss 0.00000 | entropy 2.1689 | gamma_reach 0.999020 | ent_coef 0.00099 | elapsed 27.42s
iter 00004 | success 0.012 | cost 48.1 | energy 86.7 | actor_loss 0.01698 | energy_loss 4.29509 | reach_loss 74614.36602 | mean_bound_loss 0.00000 | entropy 2.1603 | gamma_reach 0.999030 | ent_coef 0.00098 | elapsed 26.70s
iter 00005 | success 0.018 | cost 77.6 | energy 148.0 | actor_loss 0.12526 | energy_loss 7.21669 | reach_loss 101295.53125 | mean_bound_loss 0.00045 | entropy 2.1602 | gamma_reach 0.999040 | ent_coef 0.00098 | elapsed 26.93s
iter 00006 | success 0.031 | cost 58.6 | energy 158.7 | actor_loss 0.25003 | energy_loss 1.41314 | reach_loss 195492.87461 | mean_bound_loss 0.10824 | entropy 2.1672 | gamma_reach 0.999050 | ent_coef 0.00098 | elapsed 27.87s
iter 00007 | success 0.023 | cost 39.2 | energy 124.1 | actor_loss 0.16699 | energy_loss 8.46290 | reach_loss 212879.17617 | mean_bound_loss 0.34400 | entropy 2.1647 | gamma_reach 0.999059 | ent_coef 0.00097 | elapsed 28.12s
iter 00008 | success 0.021 | cost 36.2 | energy 124.0 | actor_loss 0.21920 | energy_loss 40.19158 | reach_loss 206618.31797 | mean_bound_loss 0.82469 | entropy 2.1632 | gamma_reach 0.999069 | ent_coef 0.00097 | elapsed 28.05s
iter 00009 | success 0.026 | cost 30.3 | energy 109.7 | actor_loss 0.24570 | energy_loss 26.68336 | reach_loss 136440.33809 | mean_bound_loss 1.65532 | entropy 2.1629 | gamma_reach 0.999079 | ent_coef 0.00096 | elapsed 28.18s
iter 00010 | success 0.022 | cost 36.8 | energy 119.9 | actor_loss 0.30110 | energy_loss 45.88856 | reach_loss 92126.65244 | mean_bound_loss 2.85461 | entropy 2.1637 | gamma_reach 0.999089 | ent_coef 0.00096 | elapsed 28.08s
debug 00010 | std_mean 0.4977 | std_min 0.4961 | std_max 0.5000 | done_mean 0.8951 | energy_min_ratio 0.3667 | energy_neg_ratio 0.6932 | e_cons [4.185e+00, 8.000e+00] | first_emin_step 127.29 | act_clip_ratio 0.3776 | act_abs [1.525e+00, 8.274e+00] | act_mean_abs [1.400e+00, 6.937e+00] | act_mean_clip_ratio 0.3194 | clipped_act_abs [6.286e-01, 1.000e+00] | init_energy [-3.993e+02, 1.848e+02, 7.992e+02] | v_reach [-7.628e+02, 1.029e+03] | t_reach [-6.566e+02, 1.440e+03] | reach_clip_ratio 0.0000 | open_ratio 0.1049 | t_done [-3.000e+02, 1.440e+03] | t_open [-6.566e+02, 7.722e+02] | v_open [-6.938e+02, 9.290e+02] | tmin_src done 0 t 199 v -6.204e+02 next_v -6.569e+02 g -3.000e+02 h -3.000e+02 energy -4.000e+02 | adv_total_std 1.983e+02 | adv_open_std 1.287e+02
iter 00011 | success 0.025 | cost 59.5 | energy 215.6 | actor_loss 0.32391 | energy_loss 82.10073 | reach_loss 143813.40293 | mean_bound_loss 13.54263 | entropy 2.1643 | gamma_reach 0.999099 | ent_coef 0.00095 | elapsed 28.47s
iter 00012 | success 0.081 | cost 73.1 | energy 256.4 | actor_loss 0.27191 | energy_loss 51.18442 | reach_loss 167604.53965 | mean_bound_loss 16.98585 | entropy 2.1669 | gamma_reach 0.999109 | ent_coef 0.00094 | elapsed 28.41s
iter 00013 | success 0.077 | cost 71.9 | energy 277.9 | actor_loss 0.32619 | energy_loss 187.55840 | reach_loss 262122.96953 | mean_bound_loss 7.97611 | entropy 2.1693 | gamma_reach 0.999119 | ent_coef 0.00094 | elapsed 28.46s
iter 00014 | success 0.115 | cost 79.5 | energy 335.2 | actor_loss 0.32483 | energy_loss 98.11092 | reach_loss 313871.68750 | mean_bound_loss 2.63965 | entropy 2.1768 | gamma_reach 0.999129 | ent_coef 0.00093 | elapsed 28.55s
iter 00015 | success 0.086 | cost 80.5 | energy 317.7 | actor_loss 0.33507 | energy_loss 69.35751 | reach_loss 302736.95352 | mean_bound_loss 3.53048 | entropy 2.1774 | gamma_reach 0.999139 | ent_coef 0.00093 | elapsed 28.44s
iter 00016 | success 0.076 | cost 77.9 | energy 320.7 | actor_loss 0.34015 | energy_loss 167.11410 | reach_loss 372651.77852 | mean_bound_loss 4.37717 | entropy 2.1771 | gamma_reach 0.999148 | ent_coef 0.00093 | elapsed 28.07s
iter 00017 | success 0.098 | cost 78.7 | energy 341.3 | actor_loss 0.34420 | energy_loss 183.52908 | reach_loss 461271.26328 | mean_bound_loss 3.93466 | entropy 2.1772 | gamma_reach 0.999158 | ent_coef 0.00092 | elapsed 28.33s
iter 00018 | success 0.067 | cost 80.5 | energy 335.5 | actor_loss 0.34637 | energy_loss 332.23455 | reach_loss 461110.53555 | mean_bound_loss 3.27442 | entropy 2.1774 | gamma_reach 0.999168 | ent_coef 0.00092 | elapsed 28.60s
iter 00019 | success 0.084 | cost 77.2 | energy 325.8 | actor_loss 0.34229 | energy_loss 254.50271 | reach_loss 490694.15703 | mean_bound_loss 2.50415 | entropy 2.1774 | gamma_reach 0.999178 | ent_coef 0.00091 | elapsed 28.61s
iter 00020 | success 0.111 | cost 70.0 | energy 312.7 | actor_loss 0.34877 | energy_loss 504.34169 | reach_loss 648685.33906 | mean_bound_loss 1.79921 | entropy 2.1766 | gamma_reach 0.999188 | ent_coef 0.00090 | elapsed 28.54s
debug 00020 | std_mean 0.4996 | std_min 0.4988 | std_max 0.5000 | done_mean 0.9734 | energy_min_ratio 0.5037 | energy_neg_ratio 0.7764 | e_cons [6.129e+00, 8.000e+00] | first_emin_step 99.75 | act_clip_ratio 0.6734 | act_abs [4.206e+00, 2.523e+01] | act_mean_abs [4.147e+00, 2.413e+01] | act_mean_clip_ratio 0.6565 | clipped_act_abs [8.210e-01, 1.000e+00] | init_energy [-3.998e+02, 2.017e+02, 7.994e+02] | v_reach [-2.772e+03, 2.102e+03] | t_reach [-2.503e+03, 1.868e+03] | reach_clip_ratio 0.0000 | open_ratio 0.0266 | t_done [-3.000e+02, 1.868e+03] | t_open [-2.503e+03, 7.899e+02] | v_open [-2.726e+03, 1.886e+03] | tmin_src done 0 t 199 v -2.479e+03 next_v -2.505e+03 g 2.854e+01 h -3.000e+02 energy -2.057e+02 | adv_total_std 5.067e+02 | adv_open_std 3.238e+02
iter 00021 | success 0.084 | cost 51.8 | energy 234.3 | actor_loss 0.35449 | energy_loss 704.13607 | reach_loss 678515.22813 | mean_bound_loss 2.13827 | entropy 2.1760 | gamma_reach 0.999198 | ent_coef 0.00090 | elapsed 28.08s
iter 00022 | success 0.090 | cost 71.7 | energy 293.5 | actor_loss 0.35941 | energy_loss 218.61109 | reach_loss 1163810.55937 | mean_bound_loss 2.46783 | entropy 2.1773 | gamma_reach 0.999208 | ent_coef 0.00089 | elapsed 28.05s
iter 00023 | success 0.066 | cost 55.2 | energy 256.9 | actor_loss 0.35262 | energy_loss 201.31046 | reach_loss 1385094.44531 | mean_bound_loss 2.47718 | entropy 2.1774 | gamma_reach 0.999218 | ent_coef 0.00089 | elapsed 28.43s
iter 00024 | success 0.094 | cost 88.1 | energy 326.5 | actor_loss 0.35064 | energy_loss 530.32016 | reach_loss 2119161.49219 | mean_bound_loss 1.62281 | entropy 2.1772 | gamma_reach 0.999228 | ent_coef 0.00088 | elapsed 28.23s
iter 00025 | success 0.071 | cost 83.4 | energy 317.0 | actor_loss 0.35518 | energy_loss 85.09035 | reach_loss 3082417.40625 | mean_bound_loss 1.44044 | entropy 2.1774 | gamma_reach 0.999238 | ent_coef 0.00088 | elapsed 28.31s
iter 00026 | success 0.095 | cost 96.2 | energy 355.0 | actor_loss 0.35001 | energy_loss 39.11809 | reach_loss 7140407.40625 | mean_bound_loss 1.02181 | entropy 2.1771 | gamma_reach 0.999248 | ent_coef 0.00088 | elapsed 28.02s
iter 00027 | success 0.072 | cost 88.4 | energy 316.0 | actor_loss 0.34477 | energy_loss 429.92311 | reach_loss 11621411.28750 | mean_bound_loss 1.61612 | entropy 2.1772 | gamma_reach 0.999257 | ent_coef 0.00087 | elapsed 28.91s
iter 00028 | success 0.107 | cost 97.1 | energy 361.5 | actor_loss 0.32901 | energy_loss 173.19466 | reach_loss 21551566.72500 | mean_bound_loss 1.37893 | entropy 2.1774 | gamma_reach 0.999267 | ent_coef 0.00087 | elapsed 28.07s
iter 00029 | success 0.088 | cost 97.8 | energy 366.4 | actor_loss 0.32095 | energy_loss 2189.31262 | reach_loss 25960979.60000 | mean_bound_loss 1.31995 | entropy 2.1774 | gamma_reach 0.999277 | ent_coef 0.00086 | elapsed 28.65s
iter 00030 | success 0.111 | cost 95.8 | energy 373.6 | actor_loss 0.32259 | energy_loss 915.00041 | reach_loss 31114926.17500 | mean_bound_loss 1.78363 | entropy 2.1774 | gamma_reach 0.999287 | ent_coef 0.00086 | elapsed 28.55s
debug 00030 | std_mean 0.5000 | std_min 0.5000 | std_max 0.5000 | done_mean 0.9084 | energy_min_ratio 0.4851 | energy_neg_ratio 0.7692 | e_cons [5.825e+00, 8.000e+00] | first_emin_step 103.49 | act_clip_ratio 0.6072 | act_abs [2.843e+00, 2.531e+01] | act_mean_abs [2.792e+00, 2.517e+01] | act_mean_clip_ratio 0.5466 | clipped_act_abs [7.945e-01, 1.000e+00] | init_energy [-3.998e+02, 2.022e+02, 7.998e+02] | v_reach [-2.344e+04, 2.592e+03] | t_reach [-4.997e+03, 1.143e+03] | reach_clip_ratio 0.4113 | open_ratio 0.0916 | t_done [-3.000e+02, 1.143e+03] | t_open [-4.997e+03, 7.939e+02] | v_open [-2.231e+04, 2.418e+03] | tmin_src done 0 t 199 v -1.739e+04 next_v -5.000e+03 g -3.000e+02 h -3.000e+02 energy -4.000e+02 | adv_total_std 6.680e+02 | adv_open_std 3.392e+02
iter 00031 | success 0.118 | cost 96.1 | energy 353.9 | actor_loss 0.31942 | energy_loss 583.82501 | reach_loss 34713736.45000 | mean_bound_loss 1.58494 | entropy 2.1774 | gamma_reach 0.999297 | ent_coef 0.00085 | elapsed 28.53s
iter 00032 | success 0.127 | cost 98.2 | energy 372.0 | actor_loss 0.31909 | energy_loss 579.98961 | reach_loss 36488075.45000 | mean_bound_loss 1.79101 | entropy 2.1774 | gamma_reach 0.999307 | ent_coef 0.00085 | elapsed 28.72s
iter 00033 | success 0.170 | cost 99.9 | energy 398.9 | actor_loss 0.32133 | energy_loss 608.58190 | reach_loss 36562103.75000 | mean_bound_loss 1.40022 | entropy 2.1774 | gamma_reach 0.999317 | ent_coef 0.00084 | elapsed 28.15s
iter 00034 | success 0.182 | cost 96.1 | energy 375.0 | actor_loss 0.33366 | energy_loss 717.49166 | reach_loss 33028467.95000 | mean_bound_loss 1.05523 | entropy 2.1772 | gamma_reach 0.999327 | ent_coef 0.00084 | elapsed 28.07s
iter 00035 | success 0.202 | cost 91.6 | energy 367.7 | actor_loss 0.32171 | energy_loss 765.89065 | reach_loss 35386497.60000 | mean_bound_loss 0.98908 | entropy 2.1765 | gamma_reach 0.999337 | ent_coef 0.00083 | elapsed 28.32s
iter 00036 | success 0.163 | cost 80.0 | energy 342.8 | actor_loss 0.34215 | energy_loss 1584.12173 | reach_loss 34186427.30000 | mean_bound_loss 1.31753 | entropy 2.1756 | gamma_reach 0.999347 | ent_coef 0.00082 | elapsed 28.40s
iter 00037 | success 0.157 | cost 80.8 | energy 350.4 | actor_loss 0.32381 | energy_loss 1283.01749 | reach_loss 33404495.25000 | mean_bound_loss 0.56673 | entropy 2.1771 | gamma_reach 0.999356 | ent_coef 0.00082 | elapsed 28.92s
iter 00038 | success 0.188 | cost 81.9 | energy 365.9 | actor_loss 0.31916 | energy_loss 529.24668 | reach_loss 35119357.75000 | mean_bound_loss 1.52034 | entropy 2.1771 | gamma_reach 0.999366 | ent_coef 0.00082 | elapsed 29.49s
iter 00039 | success 0.174 | cost 80.8 | energy 361.6 | actor_loss 0.32983 | energy_loss 459.39827 | reach_loss 35840523.65000 | mean_bound_loss 1.31027 | entropy 2.1772 | gamma_reach 0.999376 | ent_coef 0.00081 | elapsed 28.48s
iter 00040 | success 0.150 | cost 80.3 | energy 373.7 | actor_loss 0.35545 | energy_loss 170.79309 | reach_loss 29279130.35000 | mean_bound_loss 2.36708 | entropy 2.1774 | gamma_reach 0.999386 | ent_coef 0.00081 | elapsed 28.18s
debug 00040 | std_mean 0.5000 | std_min 0.5000 | std_max 0.5000 | done_mean 0.9650 | energy_min_ratio 0.4759 | energy_neg_ratio 0.7604 | e_cons [5.867e+00, 8.000e+00] | first_emin_step 105.35 | act_clip_ratio 0.6281 | act_abs [3.049e+00, 1.519e+01] | act_mean_abs [2.982e+00, 1.414e+01] | act_mean_clip_ratio 0.6057 | clipped_act_abs [7.960e-01, 1.000e+00] | init_energy [-3.999e+02, 2.009e+02, 7.997e+02] | v_reach [-3.144e+04, 2.667e+03] | t_reach [-4.997e+03, 1.703e+03] | reach_clip_ratio 0.2969 | open_ratio 0.0350 | t_done [-3.000e+02, 1.703e+03] | t_open [-4.997e+03, 7.913e+02] | v_open [-2.502e+04, 2.420e+03] | tmin_src done 0 t 199 v -1.049e+04 next_v -5.000e+03 g -3.000e+02 h -3.000e+02 energy -4.000e+02 | adv_total_std 6.231e+02 | adv_open_std 4.787e+02
iter 00041 | success 0.150 | cost 79.3 | energy 363.6 | actor_loss 0.34431 | energy_loss 189.38711 | reach_loss 20992137.07500 | mean_bound_loss 2.55767 | entropy 2.1767 | gamma_reach 0.999396 | ent_coef 0.00080 | elapsed 28.36s
iter 00042 | success 0.203 | cost 87.6 | energy 376.1 | actor_loss 0.34367 | energy_loss 391.22887 | reach_loss 19400263.17500 | mean_bound_loss 3.08173 | entropy 2.1771 | gamma_reach 0.999406 | ent_coef 0.00080 | elapsed 28.40s
iter 00043 | success 0.183 | cost 88.3 | energy 381.0 | actor_loss 0.34699 | energy_loss 321.81401 | reach_loss 19736049.70000 | mean_bound_loss 3.29780 | entropy 2.1774 | gamma_reach 0.999416 | ent_coef 0.00079 | elapsed 28.39s
iter 00044 | success 0.186 | cost 91.0 | energy 396.6 | actor_loss 0.34509 | energy_loss 520.05651 | reach_loss 20221515.02500 | mean_bound_loss 2.91165 | entropy 2.1774 | gamma_reach 0.999426 | ent_coef 0.00078 | elapsed 28.45s
iter 00045 | success 0.195 | cost 93.1 | energy 388.8 | actor_loss 0.49280 | energy_loss 560.90433 | reach_loss 20023214.25000 | mean_bound_loss 3.54377 | entropy 2.1774 | gamma_reach 0.999436 | ent_coef 0.00078 | elapsed 28.84s
iter 00046 | success 0.170 | cost 90.9 | energy 393.8 | actor_loss 0.34436 | energy_loss 659.85627 | reach_loss 21618756.50000 | mean_bound_loss 1.93260 | entropy 2.1774 | gamma_reach 0.999445 | ent_coef 0.00077 | elapsed 28.14s
iter 00047 | success 0.221 | cost 84.4 | energy 376.6 | actor_loss 0.34905 | energy_loss 274.79303 | reach_loss 23254575.65000 | mean_bound_loss 1.38450 | entropy 2.1774 | gamma_reach 0.999455 | ent_coef 0.00077 | elapsed 28.33s
iter 00048 | success 0.172 | cost 81.4 | energy 377.5 | actor_loss 0.33899 | energy_loss 432.36224 | reach_loss 23682039.75000 | mean_bound_loss 1.33394 | entropy 2.1774 | gamma_reach 0.999465 | ent_coef 0.00076 | elapsed 28.46s
iter 00049 | success 0.150 | cost 82.6 | energy 373.0 | actor_loss 0.33428 | energy_loss 372.90778 | reach_loss 48617706.45000 | mean_bound_loss 1.74442 | entropy 2.1774 | gamma_reach 0.999475 | ent_coef 0.00076 | elapsed 28.46s
iter 00050 | success 0.159 | cost 95.9 | energy 409.5 | actor_loss 0.33910 | energy_loss 359.74759 | reach_loss 54607364.30000 | mean_bound_loss 1.83560 | entropy 2.1771 | gamma_reach 0.999485 | ent_coef 0.00076 | elapsed 28.38s
debug 00050 | std_mean 0.4999 | std_min 0.4997 | std_max 0.5000 | done_mean 0.9205 | energy_min_ratio 0.5000 | energy_neg_ratio 0.7735 | e_cons [6.031e+00, 8.000e+00] | first_emin_step 100.50 | act_clip_ratio 0.6572 | act_abs [4.367e+00, 2.077e+01] | act_mean_abs [4.309e+00, 1.957e+01] | act_mean_clip_ratio 0.6274 | clipped_act_abs [8.117e-01, 1.000e+00] | init_energy [-3.999e+02, 2.021e+02, 7.994e+02] | v_reach [-3.169e+04, 4.048e+03] | t_reach [-4.998e+03, 1.321e+03] | reach_clip_ratio 0.5029 | open_ratio 0.0795 | t_done [-3.000e+02, 1.321e+03] | t_open [-4.998e+03, 7.891e+02] | v_open [-3.085e+04, 3.981e+03] | tmin_src done 0 t 199 v -1.848e+04 next_v -5.000e+03 g -3.000e+02 h -3.000e+02 energy -4.000e+02 | adv_total_std 8.313e+02 | adv_open_std 6.201e+02
iter 00051 | success 0.125 | cost 98.1 | energy 415.8 | actor_loss 0.33067 | energy_loss 499.19624 | reach_loss 54656984.75000 | mean_bound_loss 2.03342 | entropy 2.1769 | gamma_reach 0.999495 | ent_coef 0.00075 | elapsed 27.94s
iter 00052 | success 0.028 | cost 33.6 | energy 212.0 | actor_loss 0.33863 | energy_loss 395.69485 | reach_loss 39578939.95000 | mean_bound_loss 2.26835 | entropy 2.1768 | gamma_reach 0.999505 | ent_coef 0.00075 | elapsed 28.33s
iter 00053 | success 0.048 | cost 59.0 | energy 342.8 | actor_loss 0.36355 | energy_loss 504.83379 | reach_loss 44929273.70000 | mean_bound_loss 3.64314 | entropy 2.1763 | gamma_reach 0.999515 | ent_coef 0.00074 | elapsed 28.49s
iter 00054 | success 0.030 | cost 26.1 | energy 166.7 | actor_loss 0.35315 | energy_loss 425.70175 | reach_loss 34844248.35000 | mean_bound_loss 3.57047 | entropy 2.1770 | gamma_reach 0.999525 | ent_coef 0.00073 | elapsed 28.66s
iter 00055 | success 0.019 | cost 15.5 | energy 97.4 | actor_loss 0.35483 | energy_loss 661.68792 | reach_loss 44370637.25000 | mean_bound_loss 3.08391 | entropy 2.1773 | gamma_reach 0.999535 | ent_coef 0.00073 | elapsed 28.66s
iter 00056 | success 0.037 | cost 69.2 | energy 287.0 | actor_loss 0.35732 | energy_loss 592.29388 | reach_loss 55624922.30000 | mean_bound_loss 2.07545 | entropy 2.1767 | gamma_reach 0.999545 | ent_coef 0.00072 | elapsed 28.23s
iter 00057 | success 0.050 | cost 69.3 | energy 289.1 | actor_loss 0.34975 | energy_loss 603.85959 | reach_loss 46595670.05000 | mean_bound_loss 1.48708 | entropy 2.1771 | gamma_reach 0.999554 | ent_coef 0.00072 | elapsed 27.91s
iter 00058 | success 0.083 | cost 71.6 | energy 296.2 | actor_loss 0.33603 | energy_loss 513.72736 | reach_loss 48576737.20000 | mean_bound_loss 1.41478 | entropy 2.1774 | gamma_reach 0.999564 | ent_coef 0.00072 | elapsed 28.25s
iter 00059 | success 0.143 | cost 71.0 | energy 305.8 | actor_loss 0.36096 | energy_loss 354.80531 | reach_loss 34454794.60000 | mean_bound_loss 1.65508 | entropy 2.1774 | gamma_reach 0.999574 | ent_coef 0.00071 | elapsed 28.46s
iter 00060 | success 0.143 | cost 68.6 | energy 295.3 | actor_loss 0.35156 | energy_loss 174.62617 | reach_loss 35308861.95000 | mean_bound_loss 1.62279 | entropy 2.1774 | gamma_reach 0.999584 | ent_coef 0.00071 | elapsed 28.48s
debug 00060 | std_mean 0.5000 | std_min 0.5000 | std_max 0.5000 | done_mean 0.9619 | energy_min_ratio 0.4939 | energy_neg_ratio 0.7735 | e_cons [5.889e+00, 8.000e+00] | first_emin_step 101.73 | act_clip_ratio 0.6378 | act_abs [3.368e+00, 1.817e+01] | act_mean_abs [3.302e+00, 1.690e+01] | act_mean_clip_ratio 0.6022 | clipped_act_abs [7.972e-01, 1.000e+00] | init_energy [-4.000e+02, 2.052e+02, 7.999e+02] | v_reach [-2.830e+04, 4.971e+03] | t_reach [-4.998e+03, 1.687e+03] | reach_clip_ratio 0.3029 | open_ratio 0.0381 | t_done [-3.000e+02, 1.687e+03] | t_open [-4.998e+03, 7.915e+02] | v_open [-2.781e+04, 4.734e+03] | tmin_src done 0 t 199 v -2.232e+04 next_v -5.000e+03 g -3.000e+02 h -3.000e+02 energy -2.264e+02 | adv_total_std 1.019e+03 | adv_open_std 8.614e+02
iter 00061 | success 0.142 | cost 70.5 | energy 289.2 | actor_loss 0.35653 | energy_loss 213.11417 | reach_loss 30846968.65000 | mean_bound_loss 1.16583 | entropy 2.1774 | gamma_reach 0.999594 | ent_coef 0.00070 | elapsed 28.72s
iter 00062 | success 0.164 | cost 78.4 | energy 324.7 | actor_loss 0.37520 | energy_loss 296.20947 | reach_loss 26770505.67500 | mean_bound_loss 2.53324 | entropy 2.1773 | gamma_reach 0.999604 | ent_coef 0.00070 | elapsed 28.46s
iter 00063 | success 0.138 | cost 92.4 | energy 379.0 | actor_loss 0.37234 | energy_loss 315.33911 | reach_loss 29667529.90000 | mean_bound_loss 1.43355 | entropy 2.1767 | gamma_reach 0.999614 | ent_coef 0.00069 | elapsed 28.34s
iter 00064 | success 0.053 | cost 98.3 | energy 462.9 | actor_loss 0.37456 | energy_loss 717.53482 | reach_loss 22902912.70000 | mean_bound_loss 1.20594 | entropy 2.1773 | gamma_reach 0.999624 | ent_coef 0.00069 | elapsed 28.71s
iter 00065 | success 0.058 | cost 109.2 | energy 481.3 | actor_loss 0.37068 | energy_loss 823.96700 | reach_loss 26351540.75000 | mean_bound_loss 1.19864 | entropy 2.1772 | gamma_reach 0.999634 | ent_coef 0.00068 | elapsed 28.42s
iter 00066 | success 0.049 | cost 113.8 | energy 414.9 | actor_loss 0.37397 | energy_loss 543.78243 | reach_loss 21940688.55000 | mean_bound_loss 1.53244 | entropy 2.1766 | gamma_reach 0.999644 | ent_coef 0.00068 | elapsed 28.58s
iter 00067 | success 0.035 | cost 86.5 | energy 312.2 | actor_loss 0.34984 | energy_loss 292.49520 | reach_loss 37617333.20000 | mean_bound_loss 2.85818 | entropy 2.1765 | gamma_reach 0.999653 | ent_coef 0.00067 | elapsed 28.61s
iter 00068 | success 0.015 | cost 32.0 | energy 127.4 | actor_loss 0.34016 | energy_loss 499.37724 | reach_loss 39195632.10000 | mean_bound_loss 1.99248 | entropy 2.1774 | gamma_reach 0.999663 | ent_coef 0.00067 | elapsed 28.30s
iter 00069 | success 0.013 | cost 30.6 | energy 161.8 | actor_loss 0.35224 | energy_loss 389.96333 | reach_loss 42449265.65000 | mean_bound_loss 1.69948 | entropy 2.1774 | gamma_reach 0.999673 | ent_coef 0.00066 | elapsed 28.26s
iter 00070 | success 0.021 | cost 38.3 | energy 173.6 | actor_loss 0.34085 | energy_loss 486.81798 | reach_loss 36855777.35000 | mean_bound_loss 2.39903 | entropy 2.1774 | gamma_reach 0.999683 | ent_coef 0.00065 | elapsed 28.59s
debug 00070 | std_mean 0.5000 | std_min 0.5000 | std_max 0.5000 | done_mean 0.8445 | energy_min_ratio 0.3828 | energy_neg_ratio 0.7065 | e_cons [4.389e+00, 8.000e+00] | first_emin_step 124.06 | act_clip_ratio 0.3767 | act_abs [1.139e+00, 2.226e+01] | act_mean_abs [1.029e+00, 2.104e+01] | act_mean_clip_ratio 0.3186 | clipped_act_abs [6.538e-01, 1.000e+00] | init_energy [-4.000e+02, 1.935e+02, 7.996e+02] | v_reach [-3.686e+04, 3.457e+03] | t_reach [-4.998e+03, 1.005e+03] | reach_clip_ratio 0.2392 | open_ratio 0.1555 | t_done [-3.000e+02, 1.005e+03] | t_open [-4.998e+03, 7.912e+02] | v_open [-3.399e+04, 3.314e+03] | tmin_src done 0 t 199 v -2.865e+04 next_v -5.000e+03 g 1.187e+01 h -3.000e+02 energy 1.122e+02 | adv_total_std 7.080e+02 | adv_open_std 5.966e+02
iter 00071 | success 0.133 | cost 81.1 | energy 268.6 | actor_loss 0.33197 | energy_loss 247.71193 | reach_loss 26232890.20000 | mean_bound_loss 2.21909 | entropy 2.1774 | gamma_reach 0.999693 | ent_coef 0.00065 | elapsed 28.51s
iter 00072 | success 0.353 | cost 88.9 | energy 311.7 | actor_loss 0.33842 | energy_loss 494.49573 | reach_loss 2765980.18750 | mean_bound_loss 2.46499 | entropy 2.1774 | gamma_reach 0.999703 | ent_coef 0.00065 | elapsed 28.40s
iter 00073 | success 0.309 | cost 92.4 | energy 316.1 | actor_loss 0.32953 | energy_loss 3124.70245 | reach_loss 3935983.46875 | mean_bound_loss 2.13591 | entropy 2.1771 | gamma_reach 0.999713 | ent_coef 0.00064 | elapsed 28.28s
iter 00074 | success 0.325 | cost 88.4 | energy 317.5 | actor_loss 0.31980 | energy_loss 1647.11212 | reach_loss 14938905.40000 | mean_bound_loss 1.95548 | entropy 2.1771 | gamma_reach 0.999723 | ent_coef 0.00064 | elapsed 27.33s
iter 00075 | success 0.260 | cost 80.2 | energy 294.2 | actor_loss 0.31309 | energy_loss 2361.73607 | reach_loss 14068305.06250 | mean_bound_loss 3.16614 | entropy 2.1774 | gamma_reach 0.999733 | ent_coef 0.00063 | elapsed 28.21s
iter 00076 | success 0.249 | cost 85.4 | energy 324.0 | actor_loss 0.31870 | energy_loss 3042.67744 | reach_loss 6825989.41875 | mean_bound_loss 3.99190 | entropy 2.1767 | gamma_reach 0.999742 | ent_coef 0.00063 | elapsed 28.43s
iter 00077 | success 0.342 | cost 86.5 | energy 338.4 | actor_loss 0.32912 | energy_loss 2008.07806 | reach_loss 5532564.37500 | mean_bound_loss 4.99314 | entropy 2.1766 | gamma_reach 0.999752 | ent_coef 0.00062 | elapsed 28.47s
iter 00078 | success 0.236 | cost 93.4 | energy 345.6 | actor_loss 0.32844 | energy_loss 1945.94566 | reach_loss 3516873.29688 | mean_bound_loss 6.16337 | entropy 2.1773 | gamma_reach 0.999762 | ent_coef 0.00061 | elapsed 28.49s
iter 00079 | success 0.212 | cost 89.2 | energy 333.0 | actor_loss 0.33162 | energy_loss 2411.16387 | reach_loss 4326281.79375 | mean_bound_loss 7.70857 | entropy 2.1774 | gamma_reach 0.999772 | ent_coef 0.00061 | elapsed 27.98s
iter 00080 | success 0.264 | cost 87.0 | energy 335.1 | actor_loss 0.33696 | energy_loss 4280.62927 | reach_loss 5223590.92500 | mean_bound_loss 3.45232 | entropy 2.1774 | gamma_reach 0.999782 | ent_coef 0.00060 | elapsed 27.97s
debug 00080 | std_mean 0.5000 | std_min 0.5000 | std_max 0.5000 | done_mean 0.9120 | energy_min_ratio 0.4373 | energy_neg_ratio 0.7463 | e_cons [5.265e+00, 8.000e+00] | first_emin_step 113.10 | act_clip_ratio 0.5179 | act_abs [2.589e+00, 4.050e+01] | act_mean_abs [2.511e+00, 3.988e+01] | act_mean_clip_ratio 0.4687 | clipped_act_abs [7.395e-01, 1.000e+00] | init_energy [-3.994e+02, 1.992e+02, 7.998e+02] | v_reach [-9.399e+03, 2.808e+03] | t_reach [-4.999e+03, 1.186e+03] | reach_clip_ratio 0.1872 | open_ratio 0.0880 | t_done [-3.000e+02, 1.186e+03] | t_open [-4.999e+03, 7.901e+02] | v_open [-9.172e+03, 2.799e+03] | tmin_src done 0 t 199 v -4.348e+03 next_v -5.000e+03 g -3.000e+02 h -3.000e+02 energy -3.031e+02 | adv_total_std 6.953e+02 | adv_open_std 6.054e+02
iter 00081 | success 0.231 | cost 84.3 | energy 319.8 | actor_loss 0.33463 | energy_loss 5018.43776 | reach_loss 8017572.06250 | mean_bound_loss 2.85932 | entropy 2.1774 | gamma_reach 0.999792 | ent_coef 0.00060 | elapsed 28.48s
iter 00082 | success 0.192 | cost 87.2 | energy 342.1 | actor_loss 0.34865 | energy_loss 3086.34393 | reach_loss 9369775.38750 | mean_bound_loss 2.05235 | entropy 2.1772 | gamma_reach 0.999802 | ent_coef 0.00060 | elapsed 28.47s
iter 00083 | success 0.146 | cost 92.4 | energy 323.7 | actor_loss 0.34095 | energy_loss 3119.12191 | reach_loss 8527457.27500 | mean_bound_loss 2.04986 | entropy 2.1771 | gamma_reach 0.999812 | ent_coef 0.00059 | elapsed 28.51s
iter 00084 | success 0.096 | cost 104.0 | energy 311.2 | actor_loss 0.35371 | energy_loss 1742.22314 | reach_loss 2333240.28125 | mean_bound_loss 2.40748 | entropy 2.1767 | gamma_reach 0.999822 | ent_coef 0.00059 | elapsed 28.51s
iter 00085 | success 0.033 | cost 63.9 | energy 203.9 | actor_loss 0.34295 | energy_loss 2151.22819 | reach_loss 3023746.57500 | mean_bound_loss 2.30350 | entropy 2.1759 | gamma_reach 0.999832 | ent_coef 0.00058 | elapsed 28.16s
iter 00086 | success 0.020 | cost 24.2 | energy 111.4 | actor_loss 0.34530 | energy_loss 1768.59143 | reach_loss 3441408.21875 | mean_bound_loss 1.88500 | entropy 2.1757 | gamma_reach 0.999842 | ent_coef 0.00057 | elapsed 28.19s
iter 00087 | success 0.026 | cost 62.4 | energy 214.8 | actor_loss 0.34260 | energy_loss 3468.53389 | reach_loss 3204391.43438 | mean_bound_loss 1.68050 | entropy 2.1753 | gamma_reach 0.999851 | ent_coef 0.00057 | elapsed 28.69s
iter 00088 | success 0.022 | cost 45.1 | energy 206.9 | actor_loss 0.34282 | energy_loss 3757.20484 | reach_loss 3565435.02500 | mean_bound_loss 0.69964 | entropy 2.1764 | gamma_reach 0.999861 | ent_coef 0.00056 | elapsed 28.71s
iter 00089 | success 0.065 | cost 60.6 | energy 299.4 | actor_loss 0.37583 | energy_loss 3381.63538 | reach_loss 3752045.46875 | mean_bound_loss 1.63411 | entropy 2.1767 | gamma_reach 0.999871 | ent_coef 0.00056 | elapsed 28.76s
iter 00090 | success 0.095 | cost 66.3 | energy 312.1 | actor_loss 0.35852 | energy_loss 3756.57351 | reach_loss 3781320.82500 | mean_bound_loss 0.94974 | entropy 2.1762 | gamma_reach 0.999881 | ent_coef 0.00056 | elapsed 28.78s
debug 00090 | std_mean 0.4998 | std_min 0.4994 | std_max 0.5000 | done_mean 0.8969 | energy_min_ratio 0.5285 | energy_neg_ratio 0.7858 | e_cons [6.504e+00, 8.000e+00] | first_emin_step 94.77 | act_clip_ratio 0.7269 | act_abs [3.555e+00, 2.592e+01] | act_mean_abs [3.516e+00, 2.546e+01] | act_mean_clip_ratio 0.7170 | clipped_act_abs [8.588e-01, 1.000e+00] | init_energy [-3.987e+02, 2.019e+02, 7.998e+02] | v_reach [-1.213e+04, 3.419e+03] | t_reach [-4.999e+03, 1.177e+03] | reach_clip_ratio 0.0640 | open_ratio 0.1031 | t_done [-3.000e+02, 1.177e+03] | t_open [-4.999e+03, 7.897e+02] | v_open [-1.096e+04, 3.367e+03] | tmin_src done 0 t 199 v -9.252e+03 next_v -5.000e+03 g 6.549e+01 h -3.000e+02 energy -4.000e+02 | adv_total_std 9.729e+02 | adv_open_std 9.166e+02
iter 00091 | success 0.090 | cost 72.1 | energy 321.8 | actor_loss 0.36192 | energy_loss 3206.21177 | reach_loss 3540849.38125 | mean_bound_loss 1.00990 | entropy 2.1758 | gamma_reach 0.999891 | ent_coef 0.00055 | elapsed 28.08s
iter 00092 | success 0.085 | cost 76.0 | energy 320.9 | actor_loss 0.36077 | energy_loss 2999.50390 | reach_loss 3620283.04062 | mean_bound_loss 1.19997 | entropy 2.1747 | gamma_reach 0.999901 | ent_coef 0.00055 | elapsed 28.23s
iter 00093 | success 0.077 | cost 69.9 | energy 321.3 | actor_loss 0.36293 | energy_loss 5334.80060 | reach_loss 3735579.57812 | mean_bound_loss 1.70396 | entropy 2.1739 | gamma_reach 0.999911 | ent_coef 0.00054 | elapsed 28.85s
iter 00094 | success 0.069 | cost 72.2 | energy 349.0 | actor_loss 0.36297 | energy_loss 2468.81183 | reach_loss 3747250.34687 | mean_bound_loss 1.43385 | entropy 2.1735 | gamma_reach 0.999921 | ent_coef 0.00053 | elapsed 28.61s
iter 00095 | success 0.053 | cost 75.5 | energy 373.6 | actor_loss 0.36115 | energy_loss 2472.32766 | reach_loss 4017319.25625 | mean_bound_loss 1.36688 | entropy 2.1720 | gamma_reach 0.999931 | ent_coef 0.00053 | elapsed 28.58s
iter 00096 | success 0.039 | cost 58.7 | energy 311.3 | actor_loss 0.36180 | energy_loss 4250.03582 | reach_loss 4330590.82500 | mean_bound_loss 0.78468 | entropy 2.1736 | gamma_reach 0.999941 | ent_coef 0.00052 | elapsed 28.69s
iter 00097 | success 0.034 | cost 66.8 | energy 351.8 | actor_loss 0.36674 | energy_loss 3545.48577 | reach_loss 4338608.65625 | mean_bound_loss 1.10315 | entropy 2.1773 | gamma_reach 0.999950 | ent_coef 0.00052 | elapsed 28.33s
iter 00098 | success 0.024 | cost 46.5 | energy 253.6 | actor_loss 0.36284 | energy_loss 3568.95000 | reach_loss 4856016.95000 | mean_bound_loss 1.09578 | entropy 2.1774 | gamma_reach 0.999960 | ent_coef 0.00052 | elapsed 28.37s
iter 00099 | success 0.043 | cost 65.5 | energy 345.4 | actor_loss 0.36327 | energy_loss 3023.90326 | reach_loss 5030390.01250 | mean_bound_loss 1.49459 | entropy 2.1773 | gamma_reach 0.999970 | ent_coef 0.00051 | elapsed 28.61s
iter 00100 | success 0.029 | cost 42.9 | energy 223.8 | actor_loss 0.36166 | energy_loss 3761.74992 | reach_loss 5705990.95625 | mean_bound_loss 0.74564 | entropy 2.1773 | gamma_reach 0.999980 | ent_coef 0.00051 | elapsed 28.75s
debug 00100 | std_mean 0.5000 | std_min 0.5000 | std_max 0.5000 | done_mean 0.8873 | energy_min_ratio 0.5432 | energy_neg_ratio 0.7920 | e_cons [6.714e+00, 8.000e+00] | first_emin_step 91.81 | act_clip_ratio 0.7670 | act_abs [3.814e+00, 2.668e+01] | act_mean_abs [3.781e+00, 2.626e+01] | act_mean_clip_ratio 0.7570 | clipped_act_abs [8.782e-01, 1.000e+00] | init_energy [-3.987e+02, 2.022e+02, 7.997e+02] | v_reach [-1.429e+04, 3.256e+03] | t_reach [-5.000e+03, 1.200e+03] | reach_clip_ratio 0.0946 | open_ratio 0.1127 | t_done [-3.000e+02, 1.200e+03] | t_open [-5.000e+03, 7.688e+02] | v_open [-1.325e+04, 3.220e+03] | tmin_src done 0 t 199 v -1.036e+04 next_v -5.000e+03 g 9.704e+01 h -3.000e+02 energy -4.000e+02 | adv_total_std 9.448e+02 | adv_open_std 8.621e+02
iter 00101 | success 0.021 | cost 47.4 | energy 245.3 | actor_loss 0.36048 | energy_loss 3345.57151 | reach_loss 5877864.76250 | mean_bound_loss 1.03022 | entropy 2.1774 | gamma_reach 0.999990 | ent_coef 0.00050 | elapsed 30.51s
iter 00102 | success 0.019 | cost 37.8 | energy 204.4 | actor_loss 0.34854 | energy_loss 3920.44151 | reach_loss 5828991.89375 | mean_bound_loss 1.21908 | entropy 2.1773 | gamma_reach 0.999990 | ent_coef 0.00049 | elapsed 28.60s
iter 00103 | success 0.016 | cost 28.0 | energy 176.6 | actor_loss 0.33961 | energy_loss 2901.82823 | reach_loss 4549913.91875 | mean_bound_loss 1.02077 | entropy 2.1767 | gamma_reach 0.999990 | ent_coef 0.00049 | elapsed 28.67s
iter 00104 | success 0.020 | cost 26.8 | energy 161.4 | actor_loss 0.33322 | energy_loss 3846.47426 | reach_loss 3528047.90000 | mean_bound_loss 0.63707 | entropy 2.1769 | gamma_reach 0.999990 | ent_coef 0.00049 | elapsed 29.20s
iter 00105 | success 0.019 | cost 31.1 | energy 182.7 | actor_loss 0.33369 | energy_loss 1332.53799 | reach_loss 4145241.87500 | mean_bound_loss 0.67845 | entropy 2.1772 | gamma_reach 0.999990 | ent_coef 0.00048 | elapsed 28.80s
iter 00106 | success 0.025 | cost 39.3 | energy 247.7 | actor_loss 0.33852 | energy_loss 1133.28772 | reach_loss 4944188.73125 | mean_bound_loss 0.61449 | entropy 2.1774 | gamma_reach 0.999990 | ent_coef 0.00047 | elapsed 29.72s
iter 00107 | success 0.018 | cost 28.6 | energy 190.2 | actor_loss 0.33405 | energy_loss 880.86477 | reach_loss 5653712.48125 | mean_bound_loss 0.45378 | entropy 2.1774 | gamma_reach 0.999990 | ent_coef 0.00047 | elapsed 28.73s
iter 00108 | success 0.020 | cost 42.9 | energy 257.8 | actor_loss 0.33167 | energy_loss 921.46471 | reach_loss 6806607.66875 | mean_bound_loss 0.81959 | entropy 2.1774 | gamma_reach 0.999990 | ent_coef 0.00046 | elapsed 28.73s
iter 00109 | success 0.018 | cost 32.0 | energy 177.8 | actor_loss 0.34675 | energy_loss 3213.39502 | reach_loss 8653821.28750 | mean_bound_loss 2.37555 | entropy 2.1761 | gamma_reach 0.999990 | ent_coef 0.00046 | elapsed 28.57s
iter 00110 | success 0.025 | cost 52.9 | energy 272.7 | actor_loss 0.35995 | energy_loss 1788.81190 | reach_loss 12028831.75000 | mean_bound_loss 1.41166 | entropy 2.1744 | gamma_reach 0.999990 | ent_coef 0.00046 | elapsed 28.26s
debug 00110 | std_mean 0.4995 | std_min 0.4985 | std_max 0.5000 | done_mean 0.9385 | energy_min_ratio 0.5334 | energy_neg_ratio 0.7962 | e_cons [6.263e+00, 8.000e+00] | first_emin_step 93.78 | act_clip_ratio 0.6876 | act_abs [3.494e+00, 2.435e+01] | act_mean_abs [3.451e+00, 2.350e+01] | act_mean_clip_ratio 0.6600 | clipped_act_abs [8.355e-01, 1.000e+00] | init_energy [-3.999e+02, 1.890e+02, 7.997e+02] | v_reach [-3.089e+04, 2.465e+03] | t_reach [-5.000e+03, 1.058e+03] | reach_clip_ratio 0.1165 | open_ratio 0.0615 | t_done [-3.000e+02, 1.058e+03] | t_open [-5.000e+03, 7.955e+02] | v_open [-2.870e+04, 2.358e+03] | tmin_src done 0 t 199 v -2.437e+04 next_v -5.000e+03 g 1.059e+02 h -3.000e+02 energy -4.000e+02 | adv_total_std 6.534e+02 | adv_open_std 5.630e+02
iter 00111 | success 0.024 | cost 40.8 | energy 234.3 | actor_loss 0.35375 | energy_loss 1158.92003 | reach_loss 10471910.06250 | mean_bound_loss 1.19177 | entropy 2.1745 | gamma_reach 0.999990 | ent_coef 0.00045 | elapsed 28.64s
iter 00112 | success 0.029 | cost 43.2 | energy 264.1 | actor_loss 0.35385 | energy_loss 1117.66489 | reach_loss 10086163.87500 | mean_bound_loss 1.31602 | entropy 2.1756 | gamma_reach 0.999990 | ent_coef 0.00044 | elapsed 28.43s
iter 00113 | success 0.032 | cost 49.1 | energy 305.0 | actor_loss 0.35425 | energy_loss 617.52067 | reach_loss 10999884.10000 | mean_bound_loss 1.32441 | entropy 2.1764 | gamma_reach 0.999990 | ent_coef 0.00044 | elapsed 28.65s
iter 00114 | success 0.031 | cost 45.0 | energy 288.7 | actor_loss 0.35398 | energy_loss 1059.16655 | reach_loss 13341903.45000 | mean_bound_loss 1.80924 | entropy 2.1766 | gamma_reach 0.999990 | ent_coef 0.00044 | elapsed 28.76s
iter 00115 | success 0.031 | cost 48.3 | energy 287.2 | actor_loss 0.35242 | energy_loss 625.98117 | reach_loss 12772713.16250 | mean_bound_loss 1.54020 | entropy 2.1746 | gamma_reach 0.999990 | ent_coef 0.00043 | elapsed 28.59s
iter 00116 | success 0.023 | cost 40.9 | energy 262.1 | actor_loss 0.35022 | energy_loss 837.63539 | reach_loss 14184949.53750 | mean_bound_loss 1.24965 | entropy 2.1735 | gamma_reach 0.999990 | ent_coef 0.00043 | elapsed 28.35s
iter 00117 | success 0.024 | cost 31.9 | energy 203.3 | actor_loss 0.35137 | energy_loss 2404.05921 | reach_loss 14461666.57500 | mean_bound_loss 1.57621 | entropy 2.1733 | gamma_reach 0.999990 | ent_coef 0.00042 | elapsed 28.64s
iter 00118 | success 0.024 | cost 32.2 | energy 208.9 | actor_loss 0.34541 | energy_loss 1064.04771 | reach_loss 13898180.07500 | mean_bound_loss 1.49003 | entropy 2.1735 | gamma_reach 0.999990 | ent_coef 0.00042 | elapsed 28.63s
iter 00119 | success 0.034 | cost 41.5 | energy 289.0 | actor_loss 0.33558 | energy_loss 661.74468 | reach_loss 11348681.46250 | mean_bound_loss 0.73199 | entropy 2.1740 | gamma_reach 0.999990 | ent_coef 0.00041 | elapsed 28.66s
iter 00120 | success 0.067 | cost 64.5 | energy 429.5 | actor_loss 0.32659 | energy_loss 723.26891 | reach_loss 9954945.95000 | mean_bound_loss 0.82329 | entropy 2.1751 | gamma_reach 0.999990 | ent_coef 0.00041 | elapsed 28.75s
debug 00120 | std_mean 0.4997 | std_min 0.4991 | std_max 0.5000 | done_mean 0.9619 | energy_min_ratio 0.5264 | energy_neg_ratio 0.7791 | e_cons [6.514e+00, 8.000e+00] | first_emin_step 95.20 | act_clip_ratio 0.7309 | act_abs [3.072e+00, 1.523e+01] | act_mean_abs [3.032e+00, 1.439e+01] | act_mean_clip_ratio 0.7199 | clipped_act_abs [8.593e-01, 1.000e+00] | init_energy [-3.999e+02, 2.050e+02, 7.996e+02] | v_reach [-3.633e+04, 1.483e+03] | t_reach [-5.000e+03, 1.042e+03] | reach_clip_ratio 0.0929 | open_ratio 0.0381 | t_done [-3.000e+02, 1.042e+03] | t_open [-5.000e+03, 7.849e+02] | v_open [-3.570e+04, 1.313e+03] | tmin_src done 0 t 199 v -7.991e+03 next_v -5.000e+03 g 6.784e+01 h -3.000e+02 energy -4.000e+02 | adv_total_std 3.289e+02 | adv_open_std 2.583e+02
iter 00121 | success 0.086 | cost 75.8 | energy 497.4 | actor_loss 0.32319 | energy_loss 599.76484 | reach_loss 9724914.71250 | mean_bound_loss 0.69983 | entropy 2.1759 | gamma_reach 0.999990 | ent_coef 0.00040 | elapsed 28.80s
iter 00122 | success 0.119 | cost 93.2 | energy 481.9 | actor_loss 0.32140 | energy_loss 941.32495 | reach_loss 15809256.87500 | mean_bound_loss 1.06995 | entropy 2.1753 | gamma_reach 0.999990 | ent_coef 0.00040 | elapsed 28.30s
iter 00123 | success 0.011 | cost 28.9 | energy 139.3 | actor_loss 0.34082 | energy_loss 769.75821 | reach_loss 37495283.85000 | mean_bound_loss 0.90652 | entropy 2.1747 | gamma_reach 0.999990 | ent_coef 0.00039 | elapsed 28.67s
iter 00124 | success 0.016 | cost 65.3 | energy 316.9 | actor_loss 0.32010 | energy_loss 748.62283 | reach_loss 41450847.30000 | mean_bound_loss 0.35556 | entropy 2.1761 | gamma_reach 0.999990 | ent_coef 0.00038 | elapsed 28.71s
iter 00125 | success 0.010 | cost 13.1 | energy 67.1 | actor_loss 0.32355 | energy_loss 889.25843 | reach_loss 44356742.00000 | mean_bound_loss 0.81895 | entropy 2.1771 | gamma_reach 0.999990 | ent_coef 0.00038 | elapsed 28.74s
iter 00126 | success 0.006 | cost 2.9 | energy 21.7 | actor_loss 0.31770 | energy_loss 1185.26082 | reach_loss 41888983.15000 | mean_bound_loss 1.08174 | entropy 2.1771 | gamma_reach 0.999990 | ent_coef 0.00038 | elapsed 28.62s
iter 00127 | success 0.009 | cost 3.8 | energy 27.0 | actor_loss 0.28501 | energy_loss 1052.70857 | reach_loss 63249948.30000 | mean_bound_loss 1.88107 | entropy 2.1765 | gamma_reach 0.999990 | ent_coef 0.00037 | elapsed 28.41s
iter 00128 | success 0.008 | cost 3.6 | energy 29.8 | actor_loss 0.33015 | energy_loss 1121.55851 | reach_loss 95803393.50000 | mean_bound_loss 2.12608 | entropy 2.1742 | gamma_reach 0.999990 | ent_coef 0.00036 | elapsed 28.03s
iter 00129 | success 0.008 | cost 4.1 | energy 29.5 | actor_loss 0.33811 | energy_loss 1091.45923 | reach_loss 121436185.60000 | mean_bound_loss 2.34976 | entropy 2.1693 | gamma_reach 0.999990 | ent_coef 0.00036 | elapsed 28.45s
iter 00130 | success 0.007 | cost 7.1 | energy 37.7 | actor_loss 0.31238 | energy_loss 1002.67490 | reach_loss 105651255.90000 | mean_bound_loss 2.31149 | entropy 2.1633 | gamma_reach 0.999990 | ent_coef 0.00036 | elapsed 28.32s
debug 00130 | std_mean 0.4973 | std_min 0.4941 | std_max 0.4992 | done_mean 0.9462 | energy_min_ratio 0.4611 | energy_neg_ratio 0.7600 | e_cons [5.569e+00, 8.000e+00] | first_emin_step 108.31 | act_clip_ratio 0.5670 | act_abs [2.835e+00, 2.183e+01] | act_mean_abs [2.770e+00, 2.133e+01] | act_mean_clip_ratio 0.5302 | clipped_act_abs [7.691e-01, 1.000e+00] | init_energy [-3.999e+02, 2.036e+02, 7.995e+02] | v_reach [-5.303e+04, 1.212e+03] | t_reach [-5.000e+03, 1.206e+03] | reach_clip_ratio 0.3780 | open_ratio 0.0538 | t_done [-3.000e+02, 1.206e+03] | t_open [-5.000e+03, 7.927e+02] | v_open [-3.559e+04, 1.098e+03] | tmin_src done 0 t 199 v -3.163e+04 next_v -5.000e+03 g 6.813e+01 h -3.000e+02 energy -4.000e+02 | adv_total_std 3.364e+02 | adv_open_std 3.029e+02
iter 00131 | success 0.010 | cost 33.0 | energy 145.0 | actor_loss 0.35970 | energy_loss 1054.91359 | reach_loss 150304740.00000 | mean_bound_loss 1.84098 | entropy 2.1594 | gamma_reach 0.999990 | ent_coef 0.00035 | elapsed 28.37s
iter 00132 | success 0.034 | cost 109.6 | energy 531.8 | actor_loss 0.29983 | energy_loss 931.39605 | reach_loss 207615066.20000 | mean_bound_loss 2.08901 | entropy 2.1569 | gamma_reach 0.999990 | ent_coef 0.00035 | elapsed 28.36s
iter 00133 | success 0.013 | cost 81.1 | energy 348.8 | actor_loss 0.33948 | energy_loss 1083.93591 | reach_loss 161604299.80000 | mean_bound_loss 3.09104 | entropy 2.1563 | gamma_reach 0.999990 | ent_coef 0.00034 | elapsed 27.87s
iter 00134 | success 0.018 | cost 96.3 | energy 402.4 | actor_loss 0.34701 | energy_loss 1600.23570 | reach_loss 250552054.80000 | mean_bound_loss 3.25235 | entropy 2.1575 | gamma_reach 0.999990 | ent_coef 0.00034 | elapsed 27.76s
iter 00135 | success 0.044 | cost 113.8 | energy 453.2 | actor_loss 0.33747 | energy_loss 1753.61066 | reach_loss 246607515.40000 | mean_bound_loss 1.95786 | entropy 2.1580 | gamma_reach 0.999990 | ent_coef 0.00033 | elapsed 28.27s
iter 00136 | success 0.111 | cost 116.5 | energy 521.9 | actor_loss 0.31588 | energy_loss 2513.06792 | reach_loss 222127388.40000 | mean_bound_loss 1.46095 | entropy 2.1553 | gamma_reach 0.999990 | ent_coef 0.00032 | elapsed 28.70s
iter 00137 | success 0.099 | cost 115.7 | energy 493.9 | actor_loss 0.30383 | energy_loss 3803.14678 | reach_loss 171682792.40000 | mean_bound_loss 1.31060 | entropy 2.1528 | gamma_reach 0.999990 | ent_coef 0.00032 | elapsed 28.79s
iter 00138 | success 0.064 | cost 82.0 | energy 541.9 | actor_loss 0.32559 | energy_loss 1654.83015 | reach_loss 85638015.50000 | mean_bound_loss 0.95234 | entropy 2.1542 | gamma_reach 0.999990 | ent_coef 0.00032 | elapsed 28.56s
iter 00139 | success 0.056 | cost 62.3 | energy 387.1 | actor_loss 0.30476 | energy_loss 1019.74385 | reach_loss 42739138.30000 | mean_bound_loss 0.32872 | entropy 2.1565 | gamma_reach 0.999990 | ent_coef 0.00031 | elapsed 28.18s
iter 00140 | success 0.040 | cost 61.3 | energy 373.7 | actor_loss 0.31038 | energy_loss 1494.89594 | reach_loss 37240403.65000 | mean_bound_loss 0.24286 | entropy 2.1592 | gamma_reach 0.999990 | ent_coef 0.00030 | elapsed 28.03s
debug 00140 | std_mean 0.4971 | std_min 0.4914 | std_max 0.5000 | done_mean 0.8949 | energy_min_ratio 0.4867 | energy_neg_ratio 0.7717 | e_cons [5.805e+00, 8.000e+00] | first_emin_step 103.18 | act_clip_ratio 0.6080 | act_abs [2.431e+00, 1.519e+01] | act_mean_abs [2.372e+00, 1.430e+01] | act_mean_clip_ratio 0.5805 | clipped_act_abs [7.916e-01, 1.000e+00] | init_energy [-3.984e+02, 1.979e+02, 7.993e+02] | v_reach [-6.178e+04, 1.538e+03] | t_reach [-5.000e+03, 1.203e+03] | reach_clip_ratio 0.1667 | open_ratio 0.1051 | t_done [-3.000e+02, 1.203e+03] | t_open [-5.000e+03, 7.906e+02] | v_open [-4.967e+04, 1.470e+03] | tmin_src done 0 t 199 v -2.439e+04 next_v -5.000e+03 g -3.000e+02 h -3.000e+02 energy -4.000e+02 | adv_total_std 3.413e+02 | adv_open_std 2.210e+02
iter 00141 | success 0.057 | cost 64.8 | energy 391.0 | actor_loss 0.28023 | energy_loss 518.60924 | reach_loss 37583259.95000 | mean_bound_loss 0.43792 | entropy 2.1612 | gamma_reach 0.999990 | ent_coef 0.00030 | elapsed 28.70s
iter 00142 | success 0.030 | cost 55.2 | energy 333.0 | actor_loss 0.26767 | energy_loss 842.45510 | reach_loss 37617973.90000 | mean_bound_loss 0.71223 | entropy 2.1629 | gamma_reach 0.999990 | ent_coef 0.00030 | elapsed 28.66s
iter 00143 | success 0.028 | cost 55.4 | energy 376.0 | actor_loss 0.26752 | energy_loss 990.67504 | reach_loss 49932338.20000 | mean_bound_loss 0.54568 | entropy 2.1635 | gamma_reach 0.999990 | ent_coef 0.00029 | elapsed 28.97s
iter 00144 | success 0.090 | cost 100.7 | energy 527.8 | actor_loss 0.27069 | energy_loss 2353.51909 | reach_loss 138395538.00000 | mean_bound_loss 0.72128 | entropy 2.1659 | gamma_reach 0.999990 | ent_coef 0.00028 | elapsed 29.63s
iter 00145 | success 0.016 | cost 46.8 | energy 170.9 | actor_loss 0.28299 | energy_loss 1527.15407 | reach_loss 170744394.80000 | mean_bound_loss 0.63805 | entropy 2.1695 | gamma_reach 0.999990 | ent_coef 0.00028 | elapsed 29.15s
iter 00146 | success 0.011 | cost 26.8 | energy 140.8 | actor_loss 0.27362 | energy_loss 1548.89358 | reach_loss 153764147.60000 | mean_bound_loss 1.11598 | entropy 2.1764 | gamma_reach 0.999990 | ent_coef 0.00028 | elapsed 29.03s
iter 00147 | success 0.008 | cost 25.1 | energy 138.8 | actor_loss 0.26385 | energy_loss 1107.95464 | reach_loss 136410198.80000 | mean_bound_loss 1.18265 | entropy 2.1774 | gamma_reach 0.999990 | ent_coef 0.00027 | elapsed 29.54s
iter 00148 | success 0.010 | cost 35.2 | energy 155.0 | actor_loss 0.26845 | energy_loss 1752.94346 | reach_loss 144977990.60000 | mean_bound_loss 1.53478 | entropy 2.1774 | gamma_reach 0.999990 | ent_coef 0.00026 | elapsed 29.50s
iter 00149 | success 0.009 | cost 11.7 | energy 83.1 | actor_loss 0.29032 | energy_loss 1435.02008 | reach_loss 84350182.30000 | mean_bound_loss 1.06151 | entropy 2.1774 | gamma_reach 0.999990 | ent_coef 0.00026 | elapsed 30.91s
iter 00150 | success 0.011 | cost 13.2 | energy 82.7 | actor_loss 0.28111 | energy_loss 1324.12348 | reach_loss 60251659.95000 | mean_bound_loss 0.60930 | entropy 2.1774 | gamma_reach 0.999990 | ent_coef 0.00026 | elapsed 29.50s
debug 00150 | std_mean 0.5000 | std_min 0.5000 | std_max 0.5000 | done_mean 0.8949 | energy_min_ratio 0.5215 | energy_neg_ratio 0.7849 | e_cons [6.217e+00, 8.000e+00] | first_emin_step 96.19 | act_clip_ratio 0.6822 | act_abs [3.831e+00, 2.566e+01] | act_mean_abs [3.784e+00, 2.504e+01] | act_mean_clip_ratio 0.6539 | clipped_act_abs [8.308e-01, 1.000e+00] | init_energy [-4.000e+02, 2.056e+02, 7.983e+02] | v_reach [-7.130e+04, 1.341e+03] | t_reach [-5.000e+03, 9.951e+02] | reach_clip_ratio 0.4803 | open_ratio 0.1051 | t_done [-3.000e+02, 9.951e+02] | t_open [-5.000e+03, 7.894e+02] | v_open [-6.103e+04, 1.193e+03] | tmin_src done 0 t 199 v -1.091e+04 next_v -5.000e+03 g 1.999e+02 h -3.000e+02 energy -4.000e+02 | adv_total_std 3.108e+02 | adv_open_std 1.871e+02
iter 00151 | success 0.011 | cost 18.4 | energy 109.3 | actor_loss 0.27158 | energy_loss 1926.92050 | reach_loss 211088115.40000 | mean_bound_loss 0.36081 | entropy 2.1774 | gamma_reach 0.999990 | ent_coef 0.00025 | elapsed 29.21s
iter 00152 | success 0.010 | cost 15.8 | energy 75.7 | actor_loss 0.27826 | energy_loss 1500.55966 | reach_loss 122305947.80000 | mean_bound_loss 0.78885 | entropy 2.1774 | gamma_reach 0.999990 | ent_coef 0.00024 | elapsed 29.40s
iter 00153 | success 0.010 | cost 15.3 | energy 79.7 | actor_loss 0.26314 | energy_loss 410.30611 | reach_loss 109439272.00000 | mean_bound_loss 0.83256 | entropy 2.1774 | gamma_reach 0.999990 | ent_coef 0.00024 | elapsed 30.09s
iter 00154 | success 0.016 | cost 18.8 | energy 95.0 | actor_loss 0.26887 | energy_loss 2012.41496 | reach_loss 302519369.20000 | mean_bound_loss 0.52109 | entropy 2.1774 | gamma_reach 0.999990 | ent_coef 0.00023 | elapsed 30.00s
iter 00155 | success 0.015 | cost 18.8 | energy 88.9 | actor_loss 0.26908 | energy_loss 1128.28689 | reach_loss 286315432.40000 | mean_bound_loss 0.59084 | entropy 2.1774 | gamma_reach 0.999990 | ent_coef 0.00023 | elapsed 30.09s
iter 00156 | success 0.012 | cost 16.6 | energy 84.2 | actor_loss 0.26148 | energy_loss 438.00956 | reach_loss 305053952.00000 | mean_bound_loss 0.60478 | entropy 2.1774 | gamma_reach 0.999990 | ent_coef 0.00022 | elapsed 30.58s
iter 00157 | success 0.014 | cost 17.7 | energy 81.6 | actor_loss 0.26687 | energy_loss 873.26575 | reach_loss 269196930.60000 | mean_bound_loss 0.50827 | entropy 2.1774 | gamma_reach 0.999990 | ent_coef 0.00022 | elapsed 30.70s
iter 00158 | success 0.014 | cost 13.8 | energy 71.1 | actor_loss 0.25692 | energy_loss 1007.55954 | reach_loss 314803825.20000 | mean_bound_loss 3.89564 | entropy 2.1774 | gamma_reach 0.999990 | ent_coef 0.00022 | elapsed 29.60s
iter 00159 | success 0.009 | cost 12.0 | energy 84.8 | actor_loss 0.25614 | energy_loss 680.68734 | reach_loss 302970549.60000 | mean_bound_loss 5.88243 | entropy 2.1774 | gamma_reach 0.999990 | ent_coef 0.00021 | elapsed 27.38s
iter 00160 | success 0.015 | cost 49.0 | energy 222.8 | actor_loss 0.25379 | energy_loss 911.65329 | reach_loss 330075940.00000 | mean_bound_loss 0.79555 | entropy 2.1774 | gamma_reach 0.999990 | ent_coef 0.00020 | elapsed 26.14s
debug 00160 | std_mean 0.5000 | std_min 0.5000 | std_max 0.5000 | done_mean 0.9112 | energy_min_ratio 0.5853 | energy_neg_ratio 0.8169 | e_cons [7.268e+00, 8.000e+00] | first_emin_step 83.36 | act_clip_ratio 0.8650 | act_abs [7.933e+00, 3.600e+01] | act_mean_abs [7.914e+00, 3.549e+01] | act_mean_clip_ratio 0.8626 | clipped_act_abs [9.310e-01, 1.000e+00] | init_energy [-3.999e+02, 2.002e+02, 8.000e+02] | v_reach [-7.110e+04, 1.649e+03] | t_reach [-5.000e+03, 1.394e+03] | reach_clip_ratio 0.6889 | open_ratio 0.0888 | t_done [-3.000e+02, 1.394e+03] | t_open [-5.000e+03, 7.201e+02] | v_open [-6.862e+04, 1.534e+03] | tmin_src done 0 t 199 v -4.968e+04 next_v -5.000e+03 g 2.218e+01 h -3.000e+02 energy -4.000e+02 | adv_total_std 3.641e+02 | adv_open_std 1.902e+02
iter 00161 | success 0.016 | cost 44.4 | energy 148.1 | actor_loss 0.25677 | energy_loss 919.53344 | reach_loss 296427479.20000 | mean_bound_loss 0.29018 | entropy 2.1774 | gamma_reach 0.999990 | ent_coef 0.00020 | elapsed 28.15s
iter 00162 | success 0.016 | cost 50.7 | energy 262.8 | actor_loss 0.26124 | energy_loss 1236.52496 | reach_loss 279632288.00000 | mean_bound_loss 0.52732 | entropy 2.1771 | gamma_reach 0.999990 | ent_coef 0.00019 | elapsed 28.48s
iter 00163 | success 0.015 | cost 56.9 | energy 188.8 | actor_loss 0.26924 | energy_loss 1109.42870 | reach_loss 254290270.60000 | mean_bound_loss 0.21996 | entropy 2.1764 | gamma_reach 0.999990 | ent_coef 0.00019 | elapsed 28.72s
iter 00164 | success 0.009 | cost 62.4 | energy 261.7 | actor_loss 0.25872 | energy_loss 938.99269 | reach_loss 241736496.60000 | mean_bound_loss 0.25210 | entropy 2.1760 | gamma_reach 0.999990 | ent_coef 0.00018 | elapsed 28.64s
iter 00165 | success 0.008 | cost 64.8 | energy 286.0 | actor_loss 0.26551 | energy_loss 1180.04632 | reach_loss 237552827.20000 | mean_bound_loss 0.34618 | entropy 2.1758 | gamma_reach 0.999990 | ent_coef 0.00018 | elapsed 28.19s
iter 00166 | success 0.008 | cost 0.9 | energy 14.3 | actor_loss 0.33156 | energy_loss 562.29354 | reach_loss 102779444.40000 | mean_bound_loss 0.38655 | entropy 2.1766 | gamma_reach 0.999990 | ent_coef 0.00018 | elapsed 28.39s
iter 00167 | success 0.007 | cost 18.2 | energy 71.3 | actor_loss 0.29169 | energy_loss 1341.92180 | reach_loss 163081001.40000 | mean_bound_loss 1.90553 | entropy 2.1773 | gamma_reach 0.999990 | ent_coef 0.00017 | elapsed 28.52s
iter 00168 | success 0.010 | cost 44.3 | energy 231.1 | actor_loss 0.29879 | energy_loss 1205.03142 | reach_loss 160711602.60000 | mean_bound_loss 0.70205 | entropy 2.1774 | gamma_reach 0.999990 | ent_coef 0.00016 | elapsed 28.63s
iter 00169 | success 0.037 | cost 92.8 | energy 414.3 | actor_loss 0.28808 | energy_loss 1330.37837 | reach_loss 179038661.80000 | mean_bound_loss 0.55889 | entropy 2.1749 | gamma_reach 0.999990 | ent_coef 0.00016 | elapsed 28.74s
iter 00170 | success 0.032 | cost 88.6 | energy 326.1 | actor_loss 0.29959 | energy_loss 1282.88491 | reach_loss 164830417.00000 | mean_bound_loss 0.60423 | entropy 2.1722 | gamma_reach 0.999990 | ent_coef 0.00015 | elapsed 28.90s
debug 00170 | std_mean 0.4989 | std_min 0.4967 | std_max 0.5000 | done_mean 0.9165 | energy_min_ratio 0.5814 | energy_neg_ratio 0.8173 | e_cons [7.090e+00, 8.000e+00] | first_emin_step 84.14 | act_clip_ratio 0.8312 | act_abs [4.466e+00, 2.622e+01] | act_mean_abs [4.444e+00, 2.588e+01] | act_mean_clip_ratio 0.8267 | clipped_act_abs [9.144e-01, 1.000e+00] | init_energy [-3.987e+02, 1.912e+02, 7.997e+02] | v_reach [-7.041e+04, 1.510e+03] | t_reach [-5.000e+03, 9.942e+02] | reach_clip_ratio 0.5259 | open_ratio 0.0835 | t_done [-3.000e+02, 9.942e+02] | t_open [-5.000e+03, 6.749e+02] | v_open [-6.518e+04, 1.317e+03] | tmin_src done 0 t 199 v -3.189e+04 next_v -5.000e+03 g 2.304e+01 h -3.000e+02 energy -4.000e+02 | adv_total_std 3.474e+02 | adv_open_std 2.256e+02
iter 00171 | success 0.028 | cost 69.0 | energy 287.3 | actor_loss 0.29969 | energy_loss 1024.41012 | reach_loss 130648691.80000 | mean_bound_loss 0.30024 | entropy 2.1710 | gamma_reach 0.999990 | ent_coef 0.00015 | elapsed 27.07s
iter 00172 | success 0.025 | cost 77.5 | energy 294.0 | actor_loss 0.28790 | energy_loss 680.54408 | reach_loss 104289725.40000 | mean_bound_loss 0.50938 | entropy 2.1709 | gamma_reach 0.999990 | ent_coef 0.00015 | elapsed 28.30s
iter 00173 | success 0.034 | cost 81.1 | energy 343.9 | actor_loss 0.27186 | energy_loss 921.91875 | reach_loss 57991613.85000 | mean_bound_loss 0.58921 | entropy 2.1704 | gamma_reach 0.999990 | ent_coef 0.00014 | elapsed 28.25s
iter 00174 | success 0.016 | cost 56.2 | energy 204.6 | actor_loss 0.28107 | energy_loss 1278.58481 | reach_loss 49956671.85000 | mean_bound_loss 1.07885 | entropy 2.1698 | gamma_reach 0.999990 | ent_coef 0.00014 | elapsed 28.23s
iter 00175 | success 0.021 | cost 76.6 | energy 313.7 | actor_loss 0.27441 | energy_loss 821.86468 | reach_loss 52022201.90000 | mean_bound_loss 0.44439 | entropy 2.1690 | gamma_reach 0.999990 | ent_coef 0.00013 | elapsed 28.38s
iter 00176 | success 0.046 | cost 84.5 | energy 358.8 | actor_loss 0.28354 | energy_loss 491.00582 | reach_loss 61243400.70000 | mean_bound_loss 0.60665 | entropy 2.1684 | gamma_reach 0.999990 | ent_coef 0.00013 | elapsed 28.03s
iter 00177 | success 0.037 | cost 84.0 | energy 353.5 | actor_loss 0.27065 | energy_loss 560.74904 | reach_loss 52169749.95000 | mean_bound_loss 0.43819 | entropy 2.1672 | gamma_reach 0.999990 | ent_coef 0.00012 | elapsed 28.23s
iter 00178 | success 0.060 | cost 96.0 | energy 396.1 | actor_loss 0.26675 | energy_loss 347.88282 | reach_loss 68053460.00000 | mean_bound_loss 0.45613 | entropy 2.1660 | gamma_reach 0.999990 | ent_coef 0.00012 | elapsed 28.75s
iter 00179 | success 0.040 | cost 90.0 | energy 346.2 | actor_loss 0.26037 | energy_loss 427.48438 | reach_loss 54247354.05000 | mean_bound_loss 0.47014 | entropy 2.1641 | gamma_reach 0.999990 | ent_coef 0.00011 | elapsed 28.91s
iter 00180 | success 0.027 | cost 75.4 | energy 309.8 | actor_loss 0.26276 | energy_loss 436.31135 | reach_loss 51723613.10000 | mean_bound_loss 0.26318 | entropy 2.1633 | gamma_reach 0.999990 | ent_coef 0.00011 | elapsed 29.69s
debug 00180 | std_mean 0.4977 | std_min 0.4931 | std_max 0.5000 | done_mean 0.9158 | energy_min_ratio 0.5904 | energy_neg_ratio 0.8209 | e_cons [7.269e+00, 8.000e+00] | first_emin_step 82.32 | act_clip_ratio 0.8625 | act_abs [4.816e+00, 3.122e+01] | act_mean_abs [4.799e+00, 3.096e+01] | act_mean_clip_ratio 0.8628 | clipped_act_abs [9.315e-01, 1.000e+00] | init_energy [-3.997e+02, 1.957e+02, 7.988e+02] | v_reach [-5.026e+04, 1.598e+03] | t_reach [-5.000e+03, 9.280e+02] | reach_clip_ratio 0.5469 | open_ratio 0.0842 | t_done [-3.000e+02, 9.280e+02] | t_open [-5.000e+03, 7.589e+02] | v_open [-2.724e+04, 1.499e+03] | tmin_src done 0 t 199 v -1.658e+04 next_v -5.000e+03 g 1.033e+02 h -3.000e+02 energy -4.000e+02 | adv_total_std 3.264e+02 | adv_open_std 2.404e+02
iter 00181 | success 0.012 | cost 15.3 | energy 105.8 | actor_loss 0.25842 | energy_loss 506.88773 | reach_loss 40432058.25000 | mean_bound_loss 0.31310 | entropy 2.1628 | gamma_reach 0.999990 | ent_coef 0.00010 | elapsed 29.55s
iter 00182 | success 0.013 | cost 16.8 | energy 72.9 | actor_loss 0.27622 | energy_loss 414.91924 | reach_loss 36679032.75000 | mean_bound_loss 0.17192 | entropy 2.1615 | gamma_reach 0.999990 | ent_coef 0.00009 | elapsed 28.04s
iter 00183 | success 0.018 | cost 28.5 | energy 133.3 | actor_loss 0.27572 | energy_loss 538.75667 | reach_loss 32160173.70000 | mean_bound_loss 0.29836 | entropy 2.1608 | gamma_reach 0.999990 | ent_coef 0.00009 | elapsed 28.15s
iter 00184 | success 0.023 | cost 54.0 | energy 218.6 | actor_loss 0.27014 | energy_loss 439.37353 | reach_loss 28421387.35000 | mean_bound_loss 0.22509 | entropy 2.1585 | gamma_reach 0.999990 | ent_coef 0.00009 | elapsed 28.71s
iter 00185 | success 0.021 | cost 79.1 | energy 303.2 | actor_loss 0.29257 | energy_loss 356.55072 | reach_loss 27856045.45000 | mean_bound_loss 0.26379 | entropy 2.1561 | gamma_reach 0.999990 | ent_coef 0.00008 | elapsed 28.39s
iter 00186 | success 0.012 | cost 21.6 | energy 61.1 | actor_loss 0.31596 | energy_loss 296.72353 | reach_loss 28451246.47500 | mean_bound_loss 0.33503 | entropy 2.1547 | gamma_reach 0.999990 | ent_coef 0.00007 | elapsed 28.40s
iter 00187 | success 0.016 | cost 21.8 | energy 113.0 | actor_loss 0.32545 | energy_loss 263.27654 | reach_loss 25353536.25000 | mean_bound_loss 0.55394 | entropy 2.1534 | gamma_reach 0.999990 | ent_coef 0.00007 | elapsed 28.50s
iter 00188 | success 0.016 | cost 17.1 | energy 105.0 | actor_loss 0.33397 | energy_loss 274.85678 | reach_loss 23563557.67500 | mean_bound_loss 0.40626 | entropy 2.1506 | gamma_reach 0.999990 | ent_coef 0.00007 | elapsed 28.11s
iter 00189 | success 0.021 | cost 46.9 | energy 242.4 | actor_loss 0.29393 | energy_loss 420.40799 | reach_loss 29169655.10000 | mean_bound_loss 0.37478 | entropy 2.1511 | gamma_reach 0.999990 | ent_coef 0.00006 | elapsed 28.55s
iter 00190 | success 0.015 | cost 31.6 | energy 173.0 | actor_loss 0.30168 | energy_loss 666.79130 | reach_loss 33833511.47500 | mean_bound_loss 0.82986 | entropy 2.1531 | gamma_reach 0.999990 | ent_coef 0.00005 | elapsed 28.84s
debug 00190 | std_mean 0.4961 | std_min 0.4898 | std_max 0.5000 | done_mean 0.8764 | energy_min_ratio 0.5540 | energy_neg_ratio 0.8036 | e_cons [6.638e+00, 8.000e+00] | first_emin_step 89.65 | act_clip_ratio 0.7464 | act_abs [3.181e+00, 2.528e+01] | act_mean_abs [3.150e+00, 2.458e+01] | act_mean_clip_ratio 0.7447 | clipped_act_abs [8.720e-01, 1.000e+00] | init_energy [-3.999e+02, 1.995e+02, 7.998e+02] | v_reach [-4.535e+04, 1.221e+03] | t_reach [-5.000e+03, 9.103e+02] | reach_clip_ratio 0.2881 | open_ratio 0.1236 | t_done [-3.000e+02, 9.103e+02] | t_open [-5.000e+03, 7.313e+02] | v_open [-3.212e+04, 1.148e+03] | tmin_src done 0 t 199 v -2.517e+03 next_v -5.000e+03 g 2.114e+02 h -3.000e+02 energy -4.000e+02 | adv_total_std 3.312e+02 | adv_open_std 2.447e+02
iter 00191 | success 0.022 | cost 64.1 | energy 279.8 | actor_loss 0.33036 | energy_loss 840.79337 | reach_loss 22258868.70000 | mean_bound_loss 0.54031 | entropy 2.1526 | gamma_reach 0.999990 | ent_coef 0.00005 | elapsed 28.70s
iter 00192 | success 0.024 | cost 77.6 | energy 348.5 | actor_loss 0.33644 | energy_loss 660.80840 | reach_loss 12524137.75000 | mean_bound_loss 0.73349 | entropy 2.1489 | gamma_reach 0.999990 | ent_coef 0.00005 | elapsed 27.91s
iter 00193 | success 0.040 | cost 85.6 | energy 421.2 | actor_loss 0.33779 | energy_loss 691.21615 | reach_loss 9414088.28750 | mean_bound_loss 0.62436 | entropy 2.1467 | gamma_reach 0.999990 | ent_coef 0.00004 | elapsed 28.69s
iter 00194 | success 0.051 | cost 98.5 | energy 414.2 | actor_loss 0.32600 | energy_loss 622.14109 | reach_loss 2911755.48125 | mean_bound_loss 0.33604 | entropy 2.1454 | gamma_reach 0.999990 | ent_coef 0.00004 | elapsed 28.47s
iter 00195 | success 0.056 | cost 91.6 | energy 426.9 | actor_loss 0.31824 | energy_loss 576.76647 | reach_loss 3997865.58125 | mean_bound_loss 0.49186 | entropy 2.1464 | gamma_reach 0.999990 | ent_coef 0.00003 | elapsed 28.46s
iter 00196 | success 0.068 | cost 103.5 | energy 449.8 | actor_loss 0.31286 | energy_loss 874.19862 | reach_loss 3571790.24375 | mean_bound_loss 0.60800 | entropy 2.1460 | gamma_reach 0.999990 | ent_coef 0.00003 | elapsed 28.92s
iter 00197 | success 0.050 | cost 74.7 | energy 345.2 | actor_loss 0.30142 | energy_loss 814.93735 | reach_loss 5177896.55000 | mean_bound_loss 0.79389 | entropy 2.1448 | gamma_reach 0.999990 | ent_coef 0.00002 | elapsed 28.95s
iter 00198 | success 0.040 | cost 58.8 | energy 333.1 | actor_loss 0.28788 | energy_loss 657.32192 | reach_loss 5658777.74375 | mean_bound_loss 0.46962 | entropy 2.1424 | gamma_reach 0.999990 | ent_coef 0.00002 | elapsed 28.82s
iter 00199 | success 0.058 | cost 69.6 | energy 332.9 | actor_loss 0.28298 | energy_loss 594.03976 | reach_loss 5532916.91875 | mean_bound_loss 0.82235 | entropy 2.1428 | gamma_reach 0.999990 | ent_coef 0.00001 | elapsed 29.04s
iter 00200 | success 0.028 | cost 56.4 | energy 259.5 | actor_loss 0.25695 | energy_loss 744.87721 | reach_loss 6159484.27500 | mean_bound_loss 0.88721 | entropy 2.1450 | gamma_reach 0.999990 | ent_coef 0.00001 | elapsed 28.54s
debug 00200 | std_mean 0.4951 | std_min 0.4942 | std_max 0.4964 | done_mean 0.9011 | energy_min_ratio 0.5599 | energy_neg_ratio 0.8044 | e_cons [6.784e+00, 8.000e+00] | first_emin_step 88.45 | act_clip_ratio 0.7710 | act_abs [3.223e+00, 2.587e+01] | act_mean_abs [3.195e+00, 2.511e+01] | act_mean_clip_ratio 0.7748 | clipped_act_abs [8.861e-01, 1.000e+00] | init_energy [-3.999e+02, 2.033e+02, 7.998e+02] | v_reach [-1.286e+04, 1.928e+03] | t_reach [-5.000e+03, 9.200e+02] | reach_clip_ratio 0.1805 | open_ratio 0.0989 | t_done [-3.000e+02, 9.200e+02] | t_open [-5.000e+03, 7.468e+02] | v_open [-1.097e+04, 1.787e+03] | tmin_src done 0 t 199 v -7.862e+03 next_v -5.000e+03 g 1.676e+02 h -3.000e+02 energy -4.000e+02 | adv_total_std 3.380e+02 | adv_open_std 2.443e+02
