iter 00001 | success 0.011 | cost 43.9 | energy 69.9 | actor_loss 0.14577 | energy_loss 90.48900 | reach_loss 70877.43232 | entropy 2.1773 | gamma_reach 0.999000 | ent_coef 0.00100 | elapsed 25.02s
iter 00002 | success 0.010 | cost 66.9 | energy 115.1 | actor_loss 0.02393 | energy_loss 1.01156 | reach_loss 70402.23887 | entropy 2.1693 | gamma_reach 0.999013 | ent_coef 0.00099 | elapsed 26.41s
iter 00003 | success 0.011 | cost 55.7 | energy 94.4 | actor_loss 0.01565 | energy_loss 0.82267 | reach_loss 69563.42656 | entropy 2.1414 | gamma_reach 0.999026 | ent_coef 0.00099 | elapsed 26.86s
iter 00004 | success 0.023 | cost 57.1 | energy 111.9 | actor_loss 0.08941 | energy_loss 1.06658 | reach_loss 92139.74873 | entropy 2.1363 | gamma_reach 0.999040 | ent_coef 0.00098 | elapsed 26.89s
iter 00005 | success 0.028 | cost 43.1 | energy 169.6 | actor_loss 0.21282 | energy_loss 2.96580 | reach_loss 367803.25625 | entropy 2.1350 | gamma_reach 0.999053 | ent_coef 0.00097 | elapsed 27.42s
iter 00006 | success 0.034 | cost 31.7 | energy 177.3 | actor_loss 0.25366 | energy_loss 54.18946 | reach_loss 1401193.41875 | entropy 2.1238 | gamma_reach 0.999066 | ent_coef 0.00097 | elapsed 27.92s
iter 00007 | success 0.031 | cost 35.3 | energy 201.1 | actor_loss 0.23151 | energy_loss 56.59112 | reach_loss 1984879.63125 | entropy 2.0999 | gamma_reach 0.999079 | ent_coef 0.00096 | elapsed 27.97s
iter 00008 | success 0.039 | cost 29.5 | energy 187.5 | actor_loss 0.24752 | energy_loss 31.07993 | reach_loss 2657695.55938 | entropy 2.0843 | gamma_reach 0.999092 | ent_coef 0.00095 | elapsed 27.87s
iter 00009 | success 0.030 | cost 25.6 | energy 170.2 | actor_loss 0.26855 | energy_loss 28.14970 | reach_loss 4122868.10625 | entropy 2.0903 | gamma_reach 0.999106 | ent_coef 0.00095 | elapsed 27.84s
iter 00010 | success 0.023 | cost 29.3 | energy 163.4 | actor_loss 0.22059 | energy_loss 13.86490 | reach_loss 5635063.51250 | entropy 2.0975 | gamma_reach 0.999119 | ent_coef 0.00094 | elapsed 28.27s
debug 00010 | std_mean 0.4878 | std_min 0.4634 | std_max 0.5000 | done_mean 0.9202 | energy_min_ratio 0.5904 | energy_neg_ratio 0.8199 | e_cons [7.220e+00, 8.000e+00] | first_emin_step 82.32 | act_clip_ratio 0.8297 | act_abs [6.500e+00, 3.125e+01] | act_mean_abs [6.490e+00, 3.131e+01] | act_mean_clip_ratio 0.8861 | clipped_act_abs [9.301e-01, 1.000e+00] | init_energy [-3.994e+02, 1.921e+02, 7.999e+02] | v_reach [-1.851e+04, 1.053e+03] | t_reach [-4.995e+03, 9.532e+02] | reach_clip_ratio 0.1112 | open_ratio 0.0798 | t_done [-3.000e+02, 9.532e+02] | t_open [-4.995e+03, 7.717e+02] | v_open [-1.436e+04, 9.760e+02] | tmin_src done 0 t 199 v -8.731e+03 next_v -5.000e+03 g 2.779e+02 h -3.000e+02 energy -4.000e+02 | adv_total_std 2.158e+02 | adv_open_std 1.004e+02
iter 00011 | success 0.020 | cost 11.0 | energy 70.4 | actor_loss 0.22104 | energy_loss 1.73243 | reach_loss 5424298.55000 | entropy 2.1023 | gamma_reach 0.999132 | ent_coef 0.00093 | elapsed 28.39s
iter 00012 | success 0.015 | cost 11.4 | energy 86.9 | actor_loss 0.19018 | energy_loss 1.78108 | reach_loss 6934341.57500 | entropy 2.1011 | gamma_reach 0.999145 | ent_coef 0.00093 | elapsed 28.48s
iter 00013 | success 0.015 | cost 8.4 | energy 69.6 | actor_loss 0.21624 | energy_loss 82.71855 | reach_loss 5144066.53125 | entropy 2.1094 | gamma_reach 0.999158 | ent_coef 0.00092 | elapsed 28.55s
iter 00014 | success 0.015 | cost 7.4 | energy 55.3 | actor_loss 0.23189 | energy_loss 41.83895 | reach_loss 6094514.08125 | entropy 2.1271 | gamma_reach 0.999172 | ent_coef 0.00091 | elapsed 28.66s
iter 00015 | success 0.015 | cost 25.1 | energy 156.2 | actor_loss 0.26273 | energy_loss 95.43625 | reach_loss 8199276.91875 | entropy 2.1445 | gamma_reach 0.999185 | ent_coef 0.00091 | elapsed 28.60s
iter 00016 | success 0.021 | cost 45.9 | energy 220.1 | actor_loss 0.28291 | energy_loss 117.00292 | reach_loss 10405196.32500 | entropy 2.1689 | gamma_reach 0.999198 | ent_coef 0.00090 | elapsed 28.55s
iter 00017 | success 0.064 | cost 86.3 | energy 392.3 | actor_loss 0.24734 | energy_loss 109.61662 | reach_loss 27270332.52500 | entropy 2.1774 | gamma_reach 0.999211 | ent_coef 0.00089 | elapsed 28.57s
iter 00018 | success 0.041 | cost 88.6 | energy 342.6 | actor_loss 0.23108 | energy_loss 125.59267 | reach_loss 25082108.35000 | entropy 2.1774 | gamma_reach 0.999224 | ent_coef 0.00089 | elapsed 28.71s
iter 00019 | success 0.017 | cost 32.7 | energy 147.9 | actor_loss 0.24430 | energy_loss 140.47790 | reach_loss 11637465.73750 | entropy 2.1774 | gamma_reach 0.999238 | ent_coef 0.00088 | elapsed 28.53s
iter 00020 | success 0.017 | cost 23.2 | energy 132.7 | actor_loss 0.23764 | energy_loss 101.94783 | reach_loss 8966283.72500 | entropy 2.1774 | gamma_reach 0.999251 | ent_coef 0.00087 | elapsed 28.52s
debug 00020 | std_mean 0.5000 | std_min 0.5000 | std_max 0.5000 | done_mean 0.9439 | energy_min_ratio 0.5643 | energy_neg_ratio 0.8066 | e_cons [6.903e+00, 8.000e+00] | first_emin_step 87.57 | act_clip_ratio 0.7819 | act_abs [1.245e+01, 1.099e+02] | act_mean_abs [1.244e+01, 1.093e+02] | act_mean_clip_ratio 0.7810 | clipped_act_abs [8.992e-01, 1.000e+00] | init_energy [-3.999e+02, 2.075e+02, 7.998e+02] | v_reach [-3.782e+04, 2.886e+03] | t_reach [-4.996e+03, 1.243e+03] | reach_clip_ratio 0.0704 | open_ratio 0.0561 | t_done [-3.000e+02, 1.243e+03] | t_open [-4.996e+03, 7.940e+02] | v_open [-2.408e+04, 2.297e+03] | tmin_src done 0 t 199 v -9.599e+03 next_v -5.000e+03 g 5.254e+02 h -3.000e+02 energy -4.000e+02 | adv_total_std 3.300e+02 | adv_open_std 2.278e+02
iter 00021 | success 0.028 | cost 47.4 | energy 252.7 | actor_loss 0.20322 | energy_loss 100.14256 | reach_loss 10140673.48750 | entropy 2.1763 | gamma_reach 0.999264 | ent_coef 0.00087 | elapsed 28.36s
iter 00022 | success 0.070 | cost 79.1 | energy 363.5 | actor_loss 0.19188 | energy_loss 120.44622 | reach_loss 15878433.15000 | entropy 2.1762 | gamma_reach 0.999277 | ent_coef 0.00086 | elapsed 28.46s
iter 00023 | success 0.128 | cost 105.7 | energy 458.7 | actor_loss 0.21023 | energy_loss 188.22402 | reach_loss 21059157.62500 | entropy 2.1765 | gamma_reach 0.999290 | ent_coef 0.00085 | elapsed 28.51s
iter 00024 | success 0.139 | cost 111.2 | energy 492.0 | actor_loss 0.23447 | energy_loss 197.04811 | reach_loss 20150526.12500 | entropy 2.1760 | gamma_reach 0.999304 | ent_coef 0.00085 | elapsed 28.47s
iter 00025 | success 0.157 | cost 118.4 | energy 491.9 | actor_loss 0.22638 | energy_loss 198.44385 | reach_loss 19028650.47500 | entropy 2.1773 | gamma_reach 0.999317 | ent_coef 0.00084 | elapsed 28.49s
iter 00026 | success 0.186 | cost 118.5 | energy 500.0 | actor_loss 0.23089 | energy_loss 212.07428 | reach_loss 18943592.22500 | entropy 2.1773 | gamma_reach 0.999330 | ent_coef 0.00083 | elapsed 28.40s
iter 00027 | success 0.185 | cost 113.9 | energy 486.1 | actor_loss 0.25211 | energy_loss 269.25721 | reach_loss 15871162.42500 | entropy 2.1754 | gamma_reach 0.999343 | ent_coef 0.00083 | elapsed 28.37s
iter 00028 | success 0.168 | cost 114.5 | energy 512.8 | actor_loss 0.25646 | energy_loss 239.80091 | reach_loss 18093440.82500 | entropy 2.1741 | gamma_reach 0.999356 | ent_coef 0.00082 | elapsed 28.37s
iter 00029 | success 0.158 | cost 106.0 | energy 478.6 | actor_loss 0.25103 | energy_loss 296.32836 | reach_loss 19900834.20000 | entropy 2.1766 | gamma_reach 0.999370 | ent_coef 0.00081 | elapsed 28.34s
iter 00030 | success 0.065 | cost 93.0 | energy 423.0 | actor_loss 0.27311 | energy_loss 460.95140 | reach_loss 16672106.22500 | entropy 2.1774 | gamma_reach 0.999383 | ent_coef 0.00081 | elapsed 28.23s
debug 00030 | std_mean 0.5000 | std_min 0.5000 | std_max 0.5000 | done_mean 0.9442 | energy_min_ratio 0.5798 | energy_neg_ratio 0.8169 | e_cons [6.995e+00, 8.000e+00] | first_emin_step 84.47 | act_clip_ratio 0.8182 | act_abs [1.523e+01, 1.090e+02] | act_mean_abs [1.521e+01, 1.085e+02] | act_mean_clip_ratio 0.8082 | clipped_act_abs [9.049e-01, 1.000e+00] | init_energy [-3.999e+02, 1.898e+02, 8.000e+02] | v_reach [-2.573e+04, 4.210e+03] | t_reach [-4.997e+03, 1.227e+03] | reach_clip_ratio 0.3618 | open_ratio 0.0558 | t_done [-3.000e+02, 1.227e+03] | t_open [-4.997e+03, 7.938e+02] | v_open [-2.545e+04, 4.112e+03] | tmin_src done 0 t 199 v -1.432e+04 next_v -5.000e+03 g -3.000e+02 h -3.000e+02 energy -4.000e+02 | adv_total_std 6.893e+02 | adv_open_std 5.865e+02
iter 00031 | success 0.076 | cost 92.1 | energy 417.8 | actor_loss 0.26200 | energy_loss 371.62379 | reach_loss 27604900.42500 | entropy 2.1774 | gamma_reach 0.999396 | ent_coef 0.00080 | elapsed 28.26s
iter 00032 | success 0.039 | cost 72.4 | energy 299.7 | actor_loss 0.28726 | energy_loss 374.81181 | reach_loss 26694121.95000 | entropy 2.1774 | gamma_reach 0.999409 | ent_coef 0.00079 | elapsed 28.06s
iter 00033 | success 0.082 | cost 74.8 | energy 373.1 | actor_loss 0.36335 | energy_loss 586.30464 | reach_loss 32872021.90000 | entropy 2.1774 | gamma_reach 0.999422 | ent_coef 0.00079 | elapsed 28.33s
iter 00034 | success 0.014 | cost 18.9 | energy 127.7 | actor_loss 0.31199 | energy_loss 847.68850 | reach_loss 119643574.70000 | entropy 2.1774 | gamma_reach 0.999436 | ent_coef 0.00078 | elapsed 28.57s
iter 00035 | success 0.015 | cost 27.6 | energy 142.7 | actor_loss 0.29560 | energy_loss 580.71015 | reach_loss 123544183.60000 | entropy 2.1774 | gamma_reach 0.999449 | ent_coef 0.00077 | elapsed 28.57s
iter 00036 | success 0.016 | cost 27.2 | energy 142.5 | actor_loss 0.30114 | energy_loss 237.94090 | reach_loss 112735457.10000 | entropy 2.1774 | gamma_reach 0.999462 | ent_coef 0.00077 | elapsed 28.57s
iter 00037 | success 0.101 | cost 108.8 | energy 416.2 | actor_loss 0.35563 | energy_loss 151.10424 | reach_loss 83305905.60000 | entropy 2.1774 | gamma_reach 0.999475 | ent_coef 0.00076 | elapsed 28.55s
iter 00038 | success 0.105 | cost 109.8 | energy 408.7 | actor_loss 0.35295 | energy_loss 106.92310 | reach_loss 83254492.40000 | entropy 2.1774 | gamma_reach 0.999488 | ent_coef 0.00075 | elapsed 28.46s
iter 00039 | success 0.197 | cost 117.2 | energy 462.4 | actor_loss 0.35161 | energy_loss 151.75168 | reach_loss 122957188.70000 | entropy 2.1774 | gamma_reach 0.999502 | ent_coef 0.00075 | elapsed 28.54s
iter 00040 | success 0.186 | cost 114.4 | energy 453.7 | actor_loss 0.35009 | energy_loss 104.65756 | reach_loss 83486601.70000 | entropy 2.1774 | gamma_reach 0.999515 | ent_coef 0.00074 | elapsed 28.49s
debug 00040 | std_mean 0.5000 | std_min 0.5000 | std_max 0.5000 | done_mean 0.9180 | energy_min_ratio 0.5763 | energy_neg_ratio 0.8160 | e_cons [6.894e+00, 8.000e+00] | first_emin_step 85.17 | act_clip_ratio 0.7955 | act_abs [1.290e+01, 1.116e+02] | act_mean_abs [1.288e+01, 1.110e+02] | act_mean_clip_ratio 0.7860 | clipped_act_abs [8.960e-01, 1.000e+00] | init_energy [-3.994e+02, 1.919e+02, 7.999e+02] | v_reach [-3.552e+04, 5.833e+03] | t_reach [-4.998e+03, 9.548e+02] | reach_clip_ratio 0.3164 | open_ratio 0.0820 | t_done [-3.000e+02, 9.548e+02] | t_open [-4.998e+03, 7.926e+02] | v_open [-3.538e+04, 5.611e+03] | tmin_src done 0 t 199 v -3.415e+04 next_v -5.000e+03 g -3.000e+02 h -3.000e+02 energy -4.000e+02 | adv_total_std 1.251e+03 | adv_open_std 9.745e+02
iter 00041 | success 0.161 | cost 112.5 | energy 455.1 | actor_loss 0.35295 | energy_loss 173.46802 | reach_loss 83850445.50000 | entropy 2.1774 | gamma_reach 0.999528 | ent_coef 0.00073 | elapsed 28.61s
iter 00042 | success 0.176 | cost 112.0 | energy 448.7 | actor_loss 0.35429 | energy_loss 137.31270 | reach_loss 83529005.60000 | entropy 2.1774 | gamma_reach 0.999541 | ent_coef 0.00073 | elapsed 28.60s
iter 00043 | success 0.031 | cost 67.6 | energy 300.3 | actor_loss 0.36368 | energy_loss 313.28560 | reach_loss 46847468.90000 | entropy 2.1774 | gamma_reach 0.999554 | ent_coef 0.00072 | elapsed 28.63s
iter 00044 | success 0.036 | cost 59.0 | energy 277.5 | actor_loss 0.34830 | energy_loss 669.50866 | reach_loss 132993987.30000 | entropy 2.1774 | gamma_reach 0.999568 | ent_coef 0.00071 | elapsed 28.45s
iter 00045 | success 0.068 | cost 90.9 | energy 384.0 | actor_loss 0.34875 | energy_loss 1079.70191 | reach_loss 148759619.40000 | entropy 2.1774 | gamma_reach 0.999581 | ent_coef 0.00071 | elapsed 28.41s
iter 00046 | success 0.177 | cost 113.2 | energy 426.6 | actor_loss 0.33361 | energy_loss 1192.72517 | reach_loss 43568412.00000 | entropy 2.1774 | gamma_reach 0.999594 | ent_coef 0.00070 | elapsed 28.29s
iter 00047 | success 0.156 | cost 106.0 | energy 417.9 | actor_loss 0.34358 | energy_loss 935.28574 | reach_loss 54829488.95000 | entropy 2.1774 | gamma_reach 0.999607 | ent_coef 0.00069 | elapsed 28.18s
iter 00048 | success 0.174 | cost 109.1 | energy 449.6 | actor_loss 0.35095 | energy_loss 654.26992 | reach_loss 53615078.25000 | entropy 2.1774 | gamma_reach 0.999620 | ent_coef 0.00069 | elapsed 28.54s
iter 00049 | success 0.294 | cost 105.3 | energy 462.5 | actor_loss 0.35242 | energy_loss 711.65211 | reach_loss 60355494.50000 | entropy 2.1774 | gamma_reach 0.999634 | ent_coef 0.00068 | elapsed 29.52s
iter 00050 | success 0.187 | cost 110.5 | energy 447.7 | actor_loss 0.33435 | energy_loss 594.17889 | reach_loss 35536903.90000 | entropy 2.1774 | gamma_reach 0.999647 | ent_coef 0.00067 | elapsed 29.38s
debug 00050 | std_mean 0.5000 | std_min 0.5000 | std_max 0.5000 | done_mean 0.9079 | energy_min_ratio 0.5798 | energy_neg_ratio 0.8163 | e_cons [7.006e+00, 8.000e+00] | first_emin_step 84.47 | act_clip_ratio 0.8160 | act_abs [1.195e+01, 1.636e+02] | act_mean_abs [1.193e+01, 1.635e+02] | act_mean_clip_ratio 0.8124 | clipped_act_abs [9.065e-01, 1.000e+00] | init_energy [-4.000e+02, 1.961e+02, 7.999e+02] | v_reach [-1.877e+04, 4.492e+03] | t_reach [-4.998e+03, 9.507e+02] | reach_clip_ratio 0.5497 | open_ratio 0.0921 | t_done [-3.000e+02, 9.507e+02] | t_open [-4.998e+03, 7.875e+02] | v_open [-1.868e+04, 4.473e+03] | tmin_src done 0 t 199 v -1.573e+04 next_v -5.000e+03 g -3.000e+02 h -3.000e+02 energy -4.000e+02 | adv_total_std 7.339e+02 | adv_open_std 3.952e+02
iter 00051 | success 0.273 | cost 102.5 | energy 462.2 | actor_loss 0.33297 | energy_loss 416.02022 | reach_loss 72767840.20000 | entropy 2.1774 | gamma_reach 0.999660 | ent_coef 0.00067 | elapsed 29.19s
iter 00052 | success 0.250 | cost 78.8 | energy 394.2 | actor_loss 0.25769 | energy_loss 1690.15484 | reach_loss 42729627.75000 | entropy 2.1774 | gamma_reach 0.999673 | ent_coef 0.00066 | elapsed 29.20s
iter 00053 | success 0.243 | cost 80.2 | energy 391.5 | actor_loss 0.29012 | energy_loss 1288.76612 | reach_loss 54446341.10000 | entropy 2.1774 | gamma_reach 0.999686 | ent_coef 0.00065 | elapsed 29.28s
iter 00054 | success 0.245 | cost 110.7 | energy 490.6 | actor_loss 0.30363 | energy_loss 1744.81273 | reach_loss 40257219.60000 | entropy 2.1774 | gamma_reach 0.999700 | ent_coef 0.00065 | elapsed 29.64s
iter 00055 | success 0.252 | cost 116.8 | energy 479.0 | actor_loss 0.30582 | energy_loss 1535.69462 | reach_loss 23376787.22500 | entropy 2.1774 | gamma_reach 0.999713 | ent_coef 0.00064 | elapsed 31.14s
iter 00056 | success 0.264 | cost 105.8 | energy 470.3 | actor_loss 0.31258 | energy_loss 1770.90567 | reach_loss 18860213.82500 | entropy 2.1774 | gamma_reach 0.999726 | ent_coef 0.00063 | elapsed 29.95s
iter 00057 | success 0.035 | cost 72.1 | energy 352.1 | actor_loss 0.30319 | energy_loss 1388.36043 | reach_loss 8171638.59375 | entropy 2.1774 | gamma_reach 0.999739 | ent_coef 0.00063 | elapsed 28.82s
iter 00058 | success 0.267 | cost 123.5 | energy 472.9 | actor_loss 0.29791 | energy_loss 1293.43600 | reach_loss 7073069.71875 | entropy 2.1774 | gamma_reach 0.999752 | ent_coef 0.00062 | elapsed 27.89s
iter 00059 | success 0.292 | cost 65.7 | energy 338.9 | actor_loss 0.32920 | energy_loss 1923.80827 | reach_loss 10896945.42500 | entropy 2.1774 | gamma_reach 0.999766 | ent_coef 0.00061 | elapsed 28.25s
iter 00060 | success 0.266 | cost 63.7 | energy 332.6 | actor_loss 0.34830 | energy_loss 1912.14970 | reach_loss 24895084.62500 | entropy 2.1774 | gamma_reach 0.999779 | ent_coef 0.00061 | elapsed 28.41s
debug 00060 | std_mean 0.5000 | std_min 0.5000 | std_max 0.5000 | done_mean 0.9840 | energy_min_ratio 0.5821 | energy_neg_ratio 0.8122 | e_cons [7.393e+00, 8.000e+00] | first_emin_step 83.99 | act_clip_ratio 0.8894 | act_abs [1.192e+01, 8.831e+01] | act_mean_abs [1.191e+01, 8.801e+01] | act_mean_clip_ratio 0.8856 | clipped_act_abs [9.426e-01, 1.000e+00] | init_energy [-3.997e+02, 2.049e+02, 8.000e+02] | v_reach [-1.782e+04, 8.162e+03] | t_reach [-4.999e+03, 1.493e+03] | reach_clip_ratio 0.4759 | open_ratio 0.0160 | t_done [-3.000e+02, 1.493e+03] | t_open [-4.999e+03, 7.950e+02] | v_open [-1.667e+04, 7.851e+03] | tmin_src done 0 t 199 v -1.194e+04 next_v -5.000e+03 g -3.000e+02 h -3.000e+02 energy -4.000e+02 | adv_total_std 9.717e+02 | adv_open_std 7.245e+02
iter 00061 | success 0.272 | cost 61.8 | energy 319.6 | actor_loss 0.32886 | energy_loss 1295.54040 | reach_loss 33928133.65000 | entropy 2.1774 | gamma_reach 0.999792 | ent_coef 0.00060 | elapsed 28.37s
iter 00062 | success 0.250 | cost 60.7 | energy 313.3 | actor_loss 0.32233 | energy_loss 1185.51092 | reach_loss 13420074.08750 | entropy 2.1774 | gamma_reach 0.999805 | ent_coef 0.00059 | elapsed 26.17s
iter 00063 | success 0.257 | cost 58.2 | energy 308.0 | actor_loss 0.25194 | energy_loss 1188.43860 | reach_loss 17808263.00000 | entropy 2.1774 | gamma_reach 0.999818 | ent_coef 0.00059 | elapsed 27.43s
iter 00064 | success 0.236 | cost 60.0 | energy 315.4 | actor_loss 0.27811 | energy_loss 1388.23167 | reach_loss 36667176.95000 | entropy 2.1774 | gamma_reach 0.999832 | ent_coef 0.00058 | elapsed 29.66s
iter 00065 | success 0.234 | cost 62.8 | energy 325.1 | actor_loss 0.27562 | energy_loss 1854.81926 | reach_loss 23807965.92500 | entropy 2.1774 | gamma_reach 0.999845 | ent_coef 0.00057 | elapsed 27.68s
iter 00066 | success 0.255 | cost 60.4 | energy 312.2 | actor_loss 0.28191 | energy_loss 1851.58798 | reach_loss 21889766.17500 | entropy 2.1774 | gamma_reach 0.999858 | ent_coef 0.00057 | elapsed 26.10s
iter 00067 | success 0.242 | cost 60.8 | energy 309.0 | actor_loss 0.29061 | energy_loss 959.74353 | reach_loss 26252857.67500 | entropy 2.1774 | gamma_reach 0.999871 | ent_coef 0.00056 | elapsed 25.84s
iter 00068 | success 0.240 | cost 58.4 | energy 304.2 | actor_loss 0.29438 | energy_loss 913.05309 | reach_loss 19781107.12500 | entropy 2.1774 | gamma_reach 0.999884 | ent_coef 0.00055 | elapsed 26.58s
iter 00069 | success 0.224 | cost 64.1 | energy 328.6 | actor_loss 0.29877 | energy_loss 1016.05715 | reach_loss 23135092.32500 | entropy 2.1774 | gamma_reach 0.999898 | ent_coef 0.00055 | elapsed 27.56s
iter 00070 | success 0.243 | cost 59.9 | energy 313.9 | actor_loss 0.30879 | energy_loss 1070.03617 | reach_loss 19170154.27500 | entropy 2.1774 | gamma_reach 0.999911 | ent_coef 0.00054 | elapsed 28.86s
debug 00070 | std_mean 0.5000 | std_min 0.5000 | std_max 0.5000 | done_mean 0.9623 | energy_min_ratio 0.5897 | energy_neg_ratio 0.8160 | e_cons [7.533e+00, 8.000e+00] | first_emin_step 82.48 | act_clip_ratio 0.9182 | act_abs [1.713e+01, 1.688e+02] | act_mean_abs [1.711e+01, 1.682e+02] | act_mean_clip_ratio 0.9154 | clipped_act_abs [9.553e-01, 1.000e+00] | init_energy [-3.998e+02, 2.017e+02, 7.998e+02] | v_reach [-1.514e+04, 7.220e+03] | t_reach [-5.000e+03, 1.053e+03] | reach_clip_ratio 0.4755 | open_ratio 0.0377 | t_done [-3.000e+02, 1.053e+03] | t_open [-5.000e+03, 7.912e+02] | v_open [-1.278e+04, 6.847e+03] | tmin_src done 0 t 199 v -7.305e+03 next_v -5.000e+03 g -3.000e+02 h -3.000e+02 energy -4.000e+02 | adv_total_std 8.755e+02 | adv_open_std 5.695e+02
iter 00071 | success 0.252 | cost 59.5 | energy 311.0 | actor_loss 0.30522 | energy_loss 1155.35987 | reach_loss 17978676.77500 | entropy 2.1774 | gamma_reach 0.999924 | ent_coef 0.00053 | elapsed 28.42s
iter 00072 | success 0.258 | cost 63.2 | energy 329.9 | actor_loss 0.30840 | energy_loss 1088.42569 | reach_loss 14593339.65000 | entropy 2.1774 | gamma_reach 0.999937 | ent_coef 0.00053 | elapsed 22.52s
iter 00073 | success 0.215 | cost 65.6 | energy 326.9 | actor_loss 0.31468 | energy_loss 1768.21604 | reach_loss 13778868.32500 | entropy 2.1774 | gamma_reach 0.999950 | ent_coef 0.00052 | elapsed 24.99s
iter 00074 | success 0.247 | cost 61.5 | energy 336.1 | actor_loss 0.33236 | energy_loss 2907.13555 | reach_loss 19994018.62500 | entropy 2.1774 | gamma_reach 0.999964 | ent_coef 0.00051 | elapsed 27.16s
iter 00075 | success 0.239 | cost 61.6 | energy 316.8 | actor_loss 0.31866 | energy_loss 3878.35874 | reach_loss 10586561.87500 | entropy 2.1774 | gamma_reach 0.999977 | ent_coef 0.00051 | elapsed 29.37s
iter 00076 | success 0.228 | cost 62.9 | energy 327.8 | actor_loss 0.31585 | energy_loss 3241.43784 | reach_loss 10817304.43750 | entropy 2.1774 | gamma_reach 0.999990 | ent_coef 0.00050 | elapsed 26.57s
iter 00077 | success 0.237 | cost 59.6 | energy 308.0 | actor_loss 0.32047 | energy_loss 3644.51766 | reach_loss 14696730.58750 | entropy 2.1774 | gamma_reach 0.999990 | ent_coef 0.00049 | elapsed 28.51s
iter 00078 | success 0.239 | cost 58.8 | energy 309.2 | actor_loss 0.31868 | energy_loss 4082.93183 | reach_loss 12491676.13750 | entropy 2.1774 | gamma_reach 0.999990 | ent_coef 0.00049 | elapsed 25.02s
iter 00079 | success 0.240 | cost 60.2 | energy 328.1 | actor_loss 0.32980 | energy_loss 2059.43319 | reach_loss 12990878.73750 | entropy 2.1774 | gamma_reach 0.999990 | ent_coef 0.00048 | elapsed 24.63s
iter 00080 | success 0.246 | cost 63.1 | energy 328.5 | actor_loss 0.33446 | energy_loss 1972.44367 | reach_loss 11485535.22500 | entropy 2.1774 | gamma_reach 0.999990 | ent_coef 0.00047 | elapsed 25.94s
debug 00080 | std_mean 0.5000 | std_min 0.5000 | std_max 0.5000 | done_mean 0.9606 | energy_min_ratio 0.5926 | energy_neg_ratio 0.8160 | e_cons [7.565e+00, 8.000e+00] | first_emin_step 81.88 | act_clip_ratio 0.9227 | act_abs [1.597e+01, 1.282e+02] | act_mean_abs [1.596e+01, 1.280e+02] | act_mean_clip_ratio 0.9203 | clipped_act_abs [9.586e-01, 1.000e+00] | init_energy [-3.997e+02, 1.987e+02, 7.998e+02] | v_reach [-1.575e+04, 7.640e+03] | t_reach [-5.000e+03, 1.014e+03] | reach_clip_ratio 0.3380 | open_ratio 0.0394 | t_done [-3.000e+02, 1.014e+03] | t_open [-5.000e+03, 7.932e+02] | v_open [-1.233e+04, 7.524e+03] | tmin_src done 0 t 199 v -6.880e+03 next_v -5.000e+03 g -3.000e+02 h -3.000e+02 energy -4.000e+02 | adv_total_std 1.015e+03 | adv_open_std 7.971e+02
iter 00081 | success 0.188 | cost 61.5 | energy 328.5 | actor_loss 0.32965 | energy_loss 2318.69563 | reach_loss 10179658.72500 | entropy 2.1774 | gamma_reach 0.999990 | ent_coef 0.00047 | elapsed 27.59s
iter 00082 | success 0.232 | cost 62.6 | energy 327.2 | actor_loss 0.34040 | energy_loss 2490.78109 | reach_loss 14871205.28750 | entropy 2.1774 | gamma_reach 0.999990 | ent_coef 0.00046 | elapsed 27.10s
iter 00083 | success 0.247 | cost 61.3 | energy 328.6 | actor_loss 0.34247 | energy_loss 2321.85519 | reach_loss 12090408.71250 | entropy 2.1774 | gamma_reach 0.999990 | ent_coef 0.00045 | elapsed 26.75s
iter 00084 | success 0.253 | cost 63.5 | energy 356.0 | actor_loss 0.35554 | energy_loss 2001.59144 | reach_loss 9449425.51250 | entropy 2.1774 | gamma_reach 0.999990 | ent_coef 0.00045 | elapsed 30.91s
iter 00085 | success 0.255 | cost 61.4 | energy 343.4 | actor_loss 0.35701 | energy_loss 1858.93509 | reach_loss 9068331.20000 | entropy 2.1774 | gamma_reach 0.999990 | ent_coef 0.00044 | elapsed 27.67s
iter 00086 | success 0.254 | cost 61.7 | energy 335.1 | actor_loss 0.35448 | energy_loss 1686.51581 | reach_loss 9412324.85000 | entropy 2.1774 | gamma_reach 0.999990 | ent_coef 0.00043 | elapsed 25.97s
iter 00087 | success 0.249 | cost 60.4 | energy 337.6 | actor_loss 0.35259 | energy_loss 1466.95550 | reach_loss 8251758.23125 | entropy 2.1774 | gamma_reach 0.999990 | ent_coef 0.00043 | elapsed 25.77s
iter 00088 | success 0.263 | cost 60.8 | energy 348.6 | actor_loss 0.35177 | energy_loss 1477.50749 | reach_loss 6683223.45000 | entropy 2.1774 | gamma_reach 0.999990 | ent_coef 0.00042 | elapsed 25.98s
iter 00089 | success 0.235 | cost 61.1 | energy 328.3 | actor_loss 0.34874 | energy_loss 1695.56167 | reach_loss 5649750.06250 | entropy 2.1774 | gamma_reach 0.999990 | ent_coef 0.00041 | elapsed 22.73s
iter 00090 | success 0.258 | cost 60.6 | energy 349.2 | actor_loss 0.35747 | energy_loss 1019.42964 | reach_loss 6103332.19375 | entropy 2.1774 | gamma_reach 0.999990 | ent_coef 0.00041 | elapsed 24.21s
debug 00090 | std_mean 0.5000 | std_min 0.5000 | std_max 0.5000 | done_mean 0.9588 | energy_min_ratio 0.6066 | energy_neg_ratio 0.8241 | e_cons [7.717e+00, 8.000e+00] | first_emin_step 79.08 | act_clip_ratio 0.9460 | act_abs [1.313e+01, 1.755e+02] | act_mean_abs [1.312e+01, 1.750e+02] | act_mean_clip_ratio 0.9473 | clipped_act_abs [9.736e-01, 1.000e+00] | init_energy [-3.996e+02, 1.999e+02, 7.994e+02] | v_reach [-1.074e+04, 7.245e+03] | t_reach [-5.000e+03, 1.024e+03] | reach_clip_ratio 0.1636 | open_ratio 0.0412 | t_done [-3.000e+02, 1.024e+03] | t_open [-5.000e+03, 7.937e+02] | v_open [-9.837e+03, 6.806e+03] | tmin_src done 0 t 199 v -5.477e+03 next_v -5.000e+03 g 2.123e+01 h -3.000e+02 energy -4.000e+02 | adv_total_std 1.101e+03 | adv_open_std 9.661e+02
iter 00091 | success 0.262 | cost 61.2 | energy 341.1 | actor_loss 0.35635 | energy_loss 1411.49549 | reach_loss 6495167.29375 | entropy 2.1774 | gamma_reach 0.999990 | ent_coef 0.00040 | elapsed 26.07s
iter 00092 | success 0.253 | cost 59.6 | energy 354.0 | actor_loss 0.35482 | energy_loss 967.63603 | reach_loss 4841781.78750 | entropy 2.1774 | gamma_reach 0.999990 | ent_coef 0.00039 | elapsed 23.10s
iter 00093 | success 0.249 | cost 60.9 | energy 339.8 | actor_loss 0.35652 | energy_loss 947.95286 | reach_loss 3096373.69375 | entropy 2.1774 | gamma_reach 0.999990 | ent_coef 0.00039 | elapsed 24.97s
iter 00094 | success 0.265 | cost 61.2 | energy 353.9 | actor_loss 0.35446 | energy_loss 643.37498 | reach_loss 3345451.40937 | entropy 2.1774 | gamma_reach 0.999990 | ent_coef 0.00038 | elapsed 24.83s
iter 00095 | success 0.253 | cost 59.2 | energy 342.5 | actor_loss 0.35445 | energy_loss 809.95687 | reach_loss 3692067.23438 | entropy 2.1774 | gamma_reach 0.999990 | ent_coef 0.00037 | elapsed 25.98s
iter 00096 | success 0.261 | cost 60.2 | energy 341.1 | actor_loss 0.35163 | energy_loss 891.35963 | reach_loss 2511071.70938 | entropy 2.1774 | gamma_reach 0.999990 | ent_coef 0.00037 | elapsed 21.07s
iter 00097 | success 0.250 | cost 58.9 | energy 337.8 | actor_loss 0.35422 | energy_loss 897.06853 | reach_loss 2323900.17188 | entropy 2.1774 | gamma_reach 0.999990 | ent_coef 0.00036 | elapsed 28.77s
iter 00098 | success 0.251 | cost 62.0 | energy 342.4 | actor_loss 0.35241 | energy_loss 995.69487 | reach_loss 2058325.09531 | entropy 2.1774 | gamma_reach 0.999990 | ent_coef 0.00035 | elapsed 23.74s
iter 00099 | success 0.249 | cost 59.0 | energy 330.2 | actor_loss 0.35277 | energy_loss 765.58033 | reach_loss 1764910.79844 | entropy 2.1774 | gamma_reach 0.999990 | ent_coef 0.00035 | elapsed 22.00s
iter 00100 | success 0.218 | cost 61.7 | energy 330.9 | actor_loss 0.34611 | energy_loss 873.66688 | reach_loss 1451086.11563 | entropy 2.1774 | gamma_reach 0.999990 | ent_coef 0.00034 | elapsed 24.06s
debug 00100 | std_mean 0.5000 | std_min 0.5000 | std_max 0.5000 | done_mean 0.9531 | energy_min_ratio 0.5933 | energy_neg_ratio 0.8167 | e_cons [7.568e+00, 8.000e+00] | first_emin_step 81.75 | act_clip_ratio 0.9222 | act_abs [1.861e+01, 2.093e+02] | act_mean_abs [1.860e+01, 2.091e+02] | act_mean_clip_ratio 0.9178 | clipped_act_abs [9.590e-01, 1.000e+00] | init_energy [-3.998e+02, 2.009e+02, 7.998e+02] | v_reach [-1.004e+04, 4.285e+03] | t_reach [-5.000e+03, 1.075e+03] | reach_clip_ratio 0.0079 | open_ratio 0.0469 | t_done [-3.000e+02, 1.075e+03] | t_open [-5.000e+03, 7.939e+02] | v_open [-8.315e+03, 3.827e+03] | tmin_src done 0 t 199 v -2.783e+03 next_v -5.000e+03 g 2.557e+02 h -3.000e+02 energy -4.000e+02 | adv_total_std 7.873e+02 | adv_open_std 7.003e+02
iter 00101 | success 0.259 | cost 63.2 | energy 350.8 | actor_loss 0.35293 | energy_loss 935.43681 | reach_loss 1220657.73125 | entropy 2.1774 | gamma_reach 0.999990 | ent_coef 0.00033 | elapsed 28.00s
iter 00102 | success 0.197 | cost 64.0 | energy 323.1 | actor_loss 0.36534 | energy_loss 982.34162 | reach_loss 916475.34375 | entropy 2.1774 | gamma_reach 0.999990 | ent_coef 0.00033 | elapsed 23.10s
iter 00103 | success 0.150 | cost 55.6 | energy 302.8 | actor_loss 0.36210 | energy_loss 1759.75278 | reach_loss 991971.02969 | entropy 2.1774 | gamma_reach 0.999990 | ent_coef 0.00032 | elapsed 26.19s
iter 00104 | success 0.175 | cost 60.3 | energy 317.9 | actor_loss 0.36323 | energy_loss 1707.60327 | reach_loss 817589.89609 | entropy 2.1774 | gamma_reach 0.999990 | ent_coef 0.00031 | elapsed 24.27s
iter 00105 | success 0.116 | cost 53.3 | energy 296.5 | actor_loss 0.35737 | energy_loss 1462.53826 | reach_loss 754623.46016 | entropy 2.1774 | gamma_reach 0.999990 | ent_coef 0.00031 | elapsed 24.66s
iter 00106 | success 0.238 | cost 62.9 | energy 336.8 | actor_loss 0.34436 | energy_loss 1489.39079 | reach_loss 927278.62266 | entropy 2.1774 | gamma_reach 0.999990 | ent_coef 0.00030 | elapsed 26.10s
iter 00107 | success 0.031 | cost 19.6 | energy 129.7 | actor_loss 0.34512 | energy_loss 994.95407 | reach_loss 669428.43750 | entropy 2.1774 | gamma_reach 0.999990 | ent_coef 0.00029 | elapsed 26.26s
iter 00108 | success 0.028 | cost 18.3 | energy 125.4 | actor_loss 0.33965 | energy_loss 70798.11133 | reach_loss 530458.83672 | entropy 2.1774 | gamma_reach 0.999990 | ent_coef 0.00029 | elapsed 26.44s
iter 00109 | success 0.034 | cost 26.4 | energy 156.9 | actor_loss 0.32875 | energy_loss 57259.92842 | reach_loss 570908.88828 | entropy 2.1774 | gamma_reach 0.999990 | ent_coef 0.00028 | elapsed 25.61s
iter 00110 | success 0.033 | cost 19.5 | energy 126.0 | actor_loss 0.32057 | energy_loss 54738.72051 | reach_loss 615812.20312 | entropy 2.1774 | gamma_reach 0.999990 | ent_coef 0.00027 | elapsed 26.52s
debug 00110 | std_mean 0.5000 | std_min 0.5000 | std_max 0.5000 | done_mean 0.9457 | energy_min_ratio 0.6034 | energy_neg_ratio 0.8197 | e_cons [7.717e+00, 8.000e+00] | first_emin_step 79.73 | act_clip_ratio 0.9492 | act_abs [2.163e+01, 1.764e+02] | act_mean_abs [2.162e+01, 1.760e+02] | act_mean_clip_ratio 0.9478 | clipped_act_abs [9.732e-01, 1.000e+00] | init_energy [-3.997e+02, 2.069e+02, 7.996e+02] | v_reach [-5.068e+03, 2.431e+03] | t_reach [-2.592e+03, 9.689e+02] | reach_clip_ratio 0.0000 | open_ratio 0.0543 | t_done [-3.000e+02, 9.689e+02] | t_open [-2.592e+03, 7.940e+02] | v_open [-3.729e+03, 2.336e+03] | tmin_src done 0 t 197 v -2.358e+03 next_v -2.561e+03 g 1.980e+02 h 3.000e+02 energy -4.000e+02 | adv_total_std 5.469e+02 | adv_open_std 5.359e+02
iter 00111 | success 0.027 | cost 18.1 | energy 117.7 | actor_loss 0.33008 | energy_loss 79023.13320 | reach_loss 942771.17578 | entropy 2.1774 | gamma_reach 0.999990 | ent_coef 0.00027 | elapsed 23.62s
iter 00112 | success 0.028 | cost 28.9 | energy 146.7 | actor_loss 0.32903 | energy_loss 91877.21797 | reach_loss 1262959.37656 | entropy 2.1774 | gamma_reach 0.999990 | ent_coef 0.00026 | elapsed 25.65s
iter 00113 | success 0.032 | cost 25.9 | energy 159.0 | actor_loss 0.32440 | energy_loss 84639.33320 | reach_loss 1932595.45156 | entropy 2.1774 | gamma_reach 0.999990 | ent_coef 0.00025 | elapsed 27.68s
iter 00114 | success 0.037 | cost 34.0 | energy 184.5 | actor_loss 0.32698 | energy_loss 89705.00869 | reach_loss 2205532.46563 | entropy 2.1774 | gamma_reach 0.999990 | ent_coef 0.00025 | elapsed 24.08s
iter 00115 | success 0.033 | cost 48.7 | energy 240.0 | actor_loss 0.32787 | energy_loss 73636.67891 | reach_loss 1817244.74531 | entropy 2.1774 | gamma_reach 0.999990 | ent_coef 0.00024 | elapsed 26.41s
iter 00116 | success 0.035 | cost 35.5 | energy 204.9 | actor_loss 0.33266 | energy_loss 58884.90010 | reach_loss 1720206.90781 | entropy 2.1774 | gamma_reach 0.999990 | ent_coef 0.00023 | elapsed 24.79s
iter 00117 | success 0.038 | cost 50.8 | energy 224.8 | actor_loss 0.33246 | energy_loss 59414.31011 | reach_loss 1200813.70469 | entropy 2.1774 | gamma_reach 0.999990 | ent_coef 0.00023 | elapsed 26.76s
iter 00118 | success 0.040 | cost 38.5 | energy 202.1 | actor_loss 0.33875 | energy_loss 25429.97463 | reach_loss 771001.42812 | entropy 2.1774 | gamma_reach 0.999990 | ent_coef 0.00022 | elapsed 24.49s
iter 00119 | success 0.042 | cost 50.1 | energy 235.7 | actor_loss 0.33188 | energy_loss 29087.82229 | reach_loss 572977.15312 | entropy 2.1774 | gamma_reach 0.999990 | ent_coef 0.00021 | elapsed 28.32s
iter 00120 | success 0.035 | cost 52.1 | energy 246.3 | actor_loss 0.33268 | energy_loss 29872.93542 | reach_loss 735924.98281 | entropy 2.1774 | gamma_reach 0.999990 | ent_coef 0.00021 | elapsed 23.53s
debug 00120 | std_mean 0.5000 | std_min 0.5000 | std_max 0.5000 | done_mean 0.9518 | energy_min_ratio 0.6139 | energy_neg_ratio 0.8284 | e_cons [7.791e+00, 8.000e+00] | first_emin_step 77.60 | act_clip_ratio 0.9626 | act_abs [5.754e+01, 4.421e+02] | act_mean_abs [5.754e+01, 4.417e+02] | act_mean_clip_ratio 0.9615 | clipped_act_abs [9.802e-01, 1.000e+00] | init_energy [-3.999e+02, 1.968e+02, 7.994e+02] | v_reach [-3.797e+03, 2.443e+03] | t_reach [-2.461e+03, 1.044e+03] | reach_clip_ratio 0.0000 | open_ratio 0.0482 | t_done [-3.000e+02, 1.044e+03] | t_open [-2.461e+03, 7.925e+02] | v_open [-3.052e+03, 2.360e+03] | tmin_src done 0 t 199 v -2.287e+03 next_v -2.461e+03 g 1.837e+02 h 3.000e+02 energy -4.000e+02 | adv_total_std 5.777e+02 | adv_open_std 5.333e+02
iter 00121 | success 0.042 | cost 60.0 | energy 292.6 | actor_loss 0.33267 | energy_loss 23932.76174 | reach_loss 1201339.10625 | entropy 2.1774 | gamma_reach 0.999990 | ent_coef 0.00020 | elapsed 20.95s
iter 00122 | success 0.043 | cost 58.0 | energy 263.9 | actor_loss 0.32606 | energy_loss 16720.24070 | reach_loss 1272105.44687 | entropy 2.1774 | gamma_reach 0.999990 | ent_coef 0.00019 | elapsed 24.12s
iter 00123 | success 0.050 | cost 55.0 | energy 263.6 | actor_loss 0.32431 | energy_loss 14690.56354 | reach_loss 1272100.59688 | entropy 2.1774 | gamma_reach 0.999990 | ent_coef 0.00019 | elapsed 24.51s
iter 00124 | success 0.046 | cost 52.0 | energy 245.9 | actor_loss 0.32332 | energy_loss 16705.71465 | reach_loss 1910890.01406 | entropy 2.1774 | gamma_reach 0.999990 | ent_coef 0.00018 | elapsed 25.56s
iter 00125 | success 0.048 | cost 62.5 | energy 291.7 | actor_loss 0.32023 | energy_loss 20357.45959 | reach_loss 3379938.06250 | entropy 2.1774 | gamma_reach 0.999990 | ent_coef 0.00017 | elapsed 27.75s
iter 00126 | success 0.054 | cost 64.2 | energy 290.9 | actor_loss 0.31560 | energy_loss 18515.14395 | reach_loss 6516166.89375 | entropy 2.1774 | gamma_reach 0.999990 | ent_coef 0.00017 | elapsed 22.35s
iter 00127 | success 0.047 | cost 57.4 | energy 277.5 | actor_loss 0.31716 | energy_loss 20626.44341 | reach_loss 5539509.18125 | entropy 2.1774 | gamma_reach 0.999990 | ent_coef 0.00016 | elapsed 29.35s
iter 00128 | success 0.054 | cost 62.2 | energy 302.3 | actor_loss 0.31546 | energy_loss 20194.47703 | reach_loss 4186464.35625 | entropy 2.1774 | gamma_reach 0.999990 | ent_coef 0.00015 | elapsed 22.88s
iter 00129 | success 0.059 | cost 60.8 | energy 269.2 | actor_loss 0.31073 | energy_loss 20190.51946 | reach_loss 3441746.84063 | entropy 2.1774 | gamma_reach 0.999990 | ent_coef 0.00015 | elapsed 27.14s
iter 00130 | success 0.053 | cost 70.8 | energy 321.2 | actor_loss 0.31045 | energy_loss 21977.63672 | reach_loss 2048683.85781 | entropy 2.1774 | gamma_reach 0.999990 | ent_coef 0.00014 | elapsed 22.55s
debug 00130 | std_mean 0.5000 | std_min 0.5000 | std_max 0.5000 | done_mean 0.9542 | energy_min_ratio 0.6137 | energy_neg_ratio 0.8285 | e_cons [7.793e+00, 8.000e+00] | first_emin_step 77.65 | act_clip_ratio 0.9629 | act_abs [5.882e+01, 4.296e+02] | act_mean_abs [5.881e+01, 4.298e+02] | act_mean_clip_ratio 0.9619 | clipped_act_abs [9.803e-01, 1.000e+00] | init_energy [-3.993e+02, 1.978e+02, 7.999e+02] | v_reach [-1.291e+04, 1.878e+03] | t_reach [-5.000e+03, 1.028e+03] | reach_clip_ratio 0.0282 | open_ratio 0.0458 | t_done [-3.000e+02, 1.028e+03] | t_open [-5.000e+03, 7.958e+02] | v_open [-1.136e+04, 1.842e+03] | tmin_src done 0 t 199 v -6.594e+03 next_v -5.000e+03 g 2.999e+02 h -3.000e+02 energy -4.000e+02 | adv_total_std 4.684e+02 | adv_open_std 4.023e+02
iter 00131 | success 0.054 | cost 62.4 | energy 286.1 | actor_loss 0.31034 | energy_loss 19496.60151 | reach_loss 2951455.80313 | entropy 2.1774 | gamma_reach 0.999990 | ent_coef 0.00013 | elapsed 23.88s
iter 00132 | success 0.058 | cost 61.7 | energy 292.2 | actor_loss 0.31020 | energy_loss 25080.85540 | reach_loss 2781130.60000 | entropy 2.1774 | gamma_reach 0.999990 | ent_coef 0.00013 | elapsed 23.30s
iter 00133 | success 0.064 | cost 64.3 | energy 313.1 | actor_loss 0.29764 | energy_loss 29120.80872 | reach_loss 1970694.98125 | entropy 2.1774 | gamma_reach 0.999990 | ent_coef 0.00012 | elapsed 25.75s
iter 00134 | success 0.052 | cost 67.1 | energy 311.9 | actor_loss 0.32072 | energy_loss 28136.04495 | reach_loss 2562249.72500 | entropy 2.1774 | gamma_reach 0.999990 | ent_coef 0.00011 | elapsed 22.88s
iter 00135 | success 0.062 | cost 65.0 | energy 293.6 | actor_loss 0.32084 | energy_loss 26214.00693 | reach_loss 3288888.77500 | entropy 2.1774 | gamma_reach 0.999990 | ent_coef 0.00011 | elapsed 20.75s
iter 00136 | success 0.054 | cost 59.2 | energy 280.8 | actor_loss 0.31777 | energy_loss 26742.37754 | reach_loss 8455055.60000 | entropy 2.1774 | gamma_reach 0.999990 | ent_coef 0.00010 | elapsed 23.38s
iter 00137 | success 0.064 | cost 63.4 | energy 311.3 | actor_loss 0.31496 | energy_loss 30506.80059 | reach_loss 9970965.27500 | entropy 2.1774 | gamma_reach 0.999990 | ent_coef 0.00009 | elapsed 24.87s
iter 00138 | success 0.059 | cost 70.9 | energy 342.9 | actor_loss 0.32021 | energy_loss 30010.35151 | reach_loss 5364702.11875 | entropy 2.1774 | gamma_reach 0.999990 | ent_coef 0.00009 | elapsed 26.01s
iter 00139 | success 0.062 | cost 68.8 | energy 331.1 | actor_loss 0.32700 | energy_loss 27853.21292 | reach_loss 1294798.29062 | entropy 2.1774 | gamma_reach 0.999990 | ent_coef 0.00008 | elapsed 21.75s
iter 00140 | success 0.068 | cost 73.5 | energy 336.8 | actor_loss 0.32392 | energy_loss 21885.19106 | reach_loss 1786894.72344 | entropy 2.1774 | gamma_reach 0.999990 | ent_coef 0.00007 | elapsed 29.45s
debug 00140 | std_mean 0.5000 | std_min 0.5000 | std_max 0.5000 | done_mean 0.9531 | energy_min_ratio 0.6147 | energy_neg_ratio 0.8272 | e_cons [7.795e+00, 8.000e+00] | first_emin_step 77.44 | act_clip_ratio 0.9632 | act_abs [5.960e+01, 4.261e+02] | act_mean_abs [5.959e+01, 4.257e+02] | act_mean_clip_ratio 0.9622 | clipped_act_abs [9.805e-01, 1.000e+00] | init_energy [-4.000e+02, 1.969e+02, 7.994e+02] | v_reach [-1.332e+04, 2.630e+03] | t_reach [-5.000e+03, 1.056e+03] | reach_clip_ratio 0.0323 | open_ratio 0.0469 | t_done [-3.000e+02, 1.056e+03] | t_open [-5.000e+03, 7.935e+02] | v_open [-1.296e+04, 2.545e+03] | tmin_src done 0 t 199 v -6.675e+03 next_v -5.000e+03 g 2.682e+02 h 3.000e+02 energy -4.000e+02 | adv_total_std 5.891e+02 | adv_open_std 5.381e+02
iter 00141 | success 0.052 | cost 75.2 | energy 353.8 | actor_loss 0.32600 | energy_loss 25542.80657 | reach_loss 2695266.40937 | entropy 2.1774 | gamma_reach 0.999990 | ent_coef 0.00007 | elapsed 23.40s
iter 00142 | success 0.062 | cost 77.2 | energy 363.7 | actor_loss 0.32055 | energy_loss 16513.99520 | reach_loss 2627790.29688 | entropy 2.1774 | gamma_reach 0.999990 | ent_coef 0.00006 | elapsed 27.83s
iter 00143 | success 0.064 | cost 63.5 | energy 325.1 | actor_loss 0.32286 | energy_loss 20972.72178 | reach_loss 2211727.47812 | entropy 2.1774 | gamma_reach 0.999990 | ent_coef 0.00005 | elapsed 28.28s
iter 00144 | success 0.076 | cost 69.1 | energy 334.0 | actor_loss 0.32481 | energy_loss 12749.24120 | reach_loss 2361362.91250 | entropy 2.1774 | gamma_reach 0.999990 | ent_coef 0.00005 | elapsed 24.90s
iter 00145 | success 0.068 | cost 71.5 | energy 331.4 | actor_loss 0.32228 | energy_loss 16742.44312 | reach_loss 3346441.77500 | entropy 2.1774 | gamma_reach 0.999990 | ent_coef 0.00004 | elapsed 24.58s
iter 00146 | success 0.066 | cost 73.9 | energy 342.1 | actor_loss 0.32790 | energy_loss 15892.21731 | reach_loss 3771323.72187 | entropy 2.1774 | gamma_reach 0.999990 | ent_coef 0.00003 | elapsed 22.47s
iter 00147 | success 0.065 | cost 75.1 | energy 361.1 | actor_loss 0.33324 | energy_loss 15199.81536 | reach_loss 3692709.77188 | entropy 2.1774 | gamma_reach 0.999990 | ent_coef 0.00003 | elapsed 24.04s
iter 00148 | success 0.069 | cost 68.9 | energy 355.2 | actor_loss 0.33192 | energy_loss 16111.58301 | reach_loss 4430560.36875 | entropy 2.1774 | gamma_reach 0.999990 | ent_coef 0.00002 | elapsed 28.61s
iter 00149 | success 0.072 | cost 75.9 | energy 363.6 | actor_loss 0.33065 | energy_loss 19308.40032 | reach_loss 2872976.55625 | entropy 2.1774 | gamma_reach 0.999990 | ent_coef 0.00001 | elapsed 28.57s
iter 00150 | success 0.082 | cost 68.1 | energy 344.0 | actor_loss 0.33909 | energy_loss 41570.96299 | reach_loss 2973213.71250 | entropy 2.1774 | gamma_reach 0.999990 | ent_coef 0.00001 | elapsed 28.53s
debug 00150 | std_mean 0.5000 | std_min 0.5000 | std_max 0.5000 | done_mean 0.9565 | energy_min_ratio 0.6073 | energy_neg_ratio 0.8222 | e_cons [7.785e+00, 8.000e+00] | first_emin_step 78.93 | act_clip_ratio 0.9610 | act_abs [5.600e+01, 4.136e+02] | act_mean_abs [5.600e+01, 4.138e+02] | act_mean_clip_ratio 0.9602 | clipped_act_abs [9.796e-01, 1.000e+00] | init_energy [-3.999e+02, 2.071e+02, 7.999e+02] | v_reach [-1.812e+04, 2.702e+03] | t_reach [-5.000e+03, 1.049e+03] | reach_clip_ratio 0.0383 | open_ratio 0.0435 | t_done [-3.000e+02, 1.049e+03] | t_open [-5.000e+03, 7.961e+02] | v_open [-1.780e+04, 2.544e+03] | tmin_src done 0 t 199 v -1.150e+04 next_v -5.000e+03 g 2.165e+02 h -3.000e+02 energy -4.000e+02 | adv_total_std 6.386e+02 | adv_open_std 5.761e+02
