iter 00001 | success 0.011 | cost 43.9 | energy 69.9 | actor_loss 0.01973 | energy_loss 90.48900 | reach_loss 70965.86719 | entropy 2.1770 | gamma_reach 0.999000 | ent_coef 0.00100 | elapsed 24.34s
iter 00002 | success 0.009 | cost 60.7 | energy 86.2 | actor_loss 0.00054 | energy_loss 0.94776 | reach_loss 70625.42393 | entropy 2.1754 | gamma_reach 0.999013 | ent_coef 0.00099 | elapsed 26.01s
iter 00003 | success 0.013 | cost 67.8 | energy 114.9 | actor_loss 0.00076 | energy_loss 1.02205 | reach_loss 74207.00117 | entropy 2.1687 | gamma_reach 0.999026 | ent_coef 0.00099 | elapsed 26.51s
iter 00004 | success 0.013 | cost 52.9 | energy 89.1 | actor_loss 0.00972 | energy_loss 3.47352 | reach_loss 74285.53525 | entropy 2.1590 | gamma_reach 0.999040 | ent_coef 0.00098 | elapsed 26.65s
iter 00005 | success 0.021 | cost 59.2 | energy 113.1 | actor_loss 0.11021 | energy_loss 3.77883 | reach_loss 102278.04834 | entropy 2.1560 | gamma_reach 0.999053 | ent_coef 0.00097 | elapsed 26.84s
iter 00006 | success 0.038 | cost 61.7 | energy 148.9 | actor_loss 0.22411 | energy_loss 1.68608 | reach_loss 185163.88027 | entropy 2.1649 | gamma_reach 0.999066 | ent_coef 0.00097 | elapsed 27.12s
iter 00007 | success 0.026 | cost 56.2 | energy 175.9 | actor_loss 0.21668 | energy_loss 26.15995 | reach_loss 236840.22305 | entropy 2.1666 | gamma_reach 0.999079 | ent_coef 0.00096 | elapsed 27.40s
iter 00008 | success 0.027 | cost 54.5 | energy 189.5 | actor_loss 0.25577 | energy_loss 204.82607 | reach_loss 246531.72500 | entropy 2.1562 | gamma_reach 0.999092 | ent_coef 0.00095 | elapsed 27.42s
iter 00009 | success 0.039 | cost 55.2 | energy 192.5 | actor_loss 0.31749 | energy_loss 81.76599 | reach_loss 210806.67188 | entropy 2.1546 | gamma_reach 0.999106 | ent_coef 0.00095 | elapsed 27.32s
iter 00010 | success 0.049 | cost 68.7 | energy 233.1 | actor_loss 0.26715 | energy_loss 41.49378 | reach_loss 177382.38027 | entropy 2.1622 | gamma_reach 0.999119 | ent_coef 0.00094 | elapsed 27.46s
debug 00010 | std_mean 0.4978 | std_min 0.4941 | std_max 0.5000 | done_mean 0.9619 | energy_min_ratio 0.3774 | energy_neg_ratio 0.7013 | e_cons [4.470e+00, 8.000e+00] | first_emin_step 125.14 | act_clip_ratio 0.4169 | act_abs [1.421e+00, 8.424e+00] | act_mean_abs [1.281e+00, 7.205e+00] | act_mean_clip_ratio 0.3924 | clipped_act_abs [6.567e-01, 1.000e+00] | init_energy [-3.994e+02, 1.985e+02, 7.998e+02] | v_reach [-1.681e+03, 9.835e+02] | t_reach [-1.563e+03, 1.705e+03] | reach_clip_ratio 0.0000 | open_ratio 0.0381 | t_done [-3.000e+02, 1.705e+03] | t_open [-1.563e+03, 7.834e+02] | v_open [-1.667e+03, 9.414e+02] | tmin_src done 0 t 199 v -1.556e+03 next_v -1.564e+03 g 2.357e+01 h -3.000e+02 energy -2.242e+02 | adv_total_std 2.530e+02 | adv_open_std 1.837e+02
iter 00011 | success 0.065 | cost 60.3 | energy 221.5 | actor_loss 0.23815 | energy_loss 75.98104 | reach_loss 261157.82910 | entropy 2.1648 | gamma_reach 0.999132 | ent_coef 0.00093 | elapsed 27.54s
iter 00012 | success 0.061 | cost 62.4 | energy 249.6 | actor_loss 0.28863 | energy_loss 61.97921 | reach_loss 385716.30078 | entropy 2.1657 | gamma_reach 0.999145 | ent_coef 0.00093 | elapsed 27.40s
iter 00013 | success 0.036 | cost 58.3 | energy 237.7 | actor_loss 0.36728 | energy_loss 25.74914 | reach_loss 475884.48047 | entropy 2.1692 | gamma_reach 0.999158 | ent_coef 0.00092 | elapsed 27.49s
iter 00014 | success 0.028 | cost 36.7 | energy 166.6 | actor_loss 0.34164 | energy_loss 39.21609 | reach_loss 468401.60352 | entropy 2.1751 | gamma_reach 0.999172 | ent_coef 0.00091 | elapsed 27.19s
iter 00015 | success 0.026 | cost 41.9 | energy 227.9 | actor_loss 0.33422 | energy_loss 40.24123 | reach_loss 463329.67656 | entropy 2.1774 | gamma_reach 0.999185 | ent_coef 0.00091 | elapsed 27.13s
iter 00016 | success 0.028 | cost 42.4 | energy 228.9 | actor_loss 0.32762 | energy_loss 78.82213 | reach_loss 515441.69961 | entropy 2.1774 | gamma_reach 0.999198 | ent_coef 0.00090 | elapsed 27.31s
iter 00017 | success 0.023 | cost 42.6 | energy 210.4 | actor_loss 0.32358 | energy_loss 217.04228 | reach_loss 509614.12266 | entropy 2.1774 | gamma_reach 0.999211 | ent_coef 0.00089 | elapsed 27.67s
iter 00018 | success 0.028 | cost 44.4 | energy 234.9 | actor_loss 0.32383 | energy_loss 376.85905 | reach_loss 540422.19531 | entropy 2.1774 | gamma_reach 0.999224 | ent_coef 0.00089 | elapsed 27.70s
iter 00019 | success 0.028 | cost 57.6 | energy 271.7 | actor_loss 0.31812 | energy_loss 270.97195 | reach_loss 554186.50078 | entropy 2.1774 | gamma_reach 0.999238 | ent_coef 0.00088 | elapsed 27.74s
iter 00020 | success 0.028 | cost 55.4 | energy 284.0 | actor_loss 0.31758 | energy_loss 197.74084 | reach_loss 557462.77109 | entropy 2.1774 | gamma_reach 0.999251 | ent_coef 0.00087 | elapsed 27.65s
debug 00020 | std_mean 0.5000 | std_min 0.5000 | std_max 0.5000 | done_mean 0.9228 | energy_min_ratio 0.4585 | energy_neg_ratio 0.7543 | e_cons [5.422e+00, 8.000e+00] | first_emin_step 108.84 | act_clip_ratio 0.5518 | act_abs [2.415e+00, 2.371e+01] | act_mean_abs [2.337e+00, 2.233e+01] | act_mean_clip_ratio 0.5165 | clipped_act_abs [7.532e-01, 1.000e+00] | init_energy [-3.998e+02, 1.991e+02, 7.998e+02] | v_reach [-2.821e+03, 1.889e+03] | t_reach [-2.580e+03, 1.754e+03] | reach_clip_ratio 0.0000 | open_ratio 0.0772 | t_done [-3.000e+02, 1.754e+03] | t_open [-2.580e+03, 7.928e+02] | v_open [-2.703e+03, 1.860e+03] | tmin_src done 0 t 199 v -2.580e+03 next_v -2.582e+03 g 7.402e+01 h -3.000e+02 energy -4.000e+02 | adv_total_std 4.303e+02 | adv_open_std 2.636e+02
iter 00021 | success 0.041 | cost 72.2 | energy 306.3 | actor_loss 0.30969 | energy_loss 289.64821 | reach_loss 594596.87578 | entropy 2.1774 | gamma_reach 0.999264 | ent_coef 0.00087 | elapsed 27.47s
iter 00022 | success 0.037 | cost 53.8 | energy 221.2 | actor_loss 0.32508 | energy_loss 391.92669 | reach_loss 600310.77969 | entropy 2.1774 | gamma_reach 0.999277 | ent_coef 0.00086 | elapsed 27.55s
iter 00023 | success 0.072 | cost 79.5 | energy 293.7 | actor_loss 0.32340 | energy_loss 385.53919 | reach_loss 743940.30547 | entropy 2.1774 | gamma_reach 0.999290 | ent_coef 0.00085 | elapsed 27.67s
iter 00024 | success 0.083 | cost 79.1 | energy 309.0 | actor_loss 0.33895 | energy_loss 71.13819 | reach_loss 1144227.80937 | entropy 2.1774 | gamma_reach 0.999304 | ent_coef 0.00085 | elapsed 27.70s
iter 00025 | success 0.074 | cost 72.4 | energy 282.1 | actor_loss 0.34516 | energy_loss 57.49076 | reach_loss 1237902.39375 | entropy 2.1774 | gamma_reach 0.999317 | ent_coef 0.00084 | elapsed 27.68s
iter 00026 | success 0.087 | cost 81.2 | energy 348.4 | actor_loss 0.34286 | energy_loss 72.47492 | reach_loss 1452271.23281 | entropy 2.1774 | gamma_reach 0.999330 | ent_coef 0.00083 | elapsed 27.33s
iter 00027 | success 0.132 | cost 76.9 | energy 289.8 | actor_loss 0.34152 | energy_loss 431.12182 | reach_loss 2466974.23438 | entropy 2.1774 | gamma_reach 0.999343 | ent_coef 0.00083 | elapsed 27.42s
iter 00028 | success 0.132 | cost 81.7 | energy 334.0 | actor_loss 0.34574 | energy_loss 376.96648 | reach_loss 3373132.85312 | entropy 2.1774 | gamma_reach 0.999356 | ent_coef 0.00082 | elapsed 27.59s
iter 00029 | success 0.123 | cost 82.5 | energy 347.6 | actor_loss 0.35241 | energy_loss 140.67136 | reach_loss 5062844.89375 | entropy 2.1774 | gamma_reach 0.999370 | ent_coef 0.00081 | elapsed 27.75s
iter 00030 | success 0.125 | cost 88.8 | energy 318.2 | actor_loss 0.35461 | energy_loss 380.64961 | reach_loss 6972765.65625 | entropy 2.1774 | gamma_reach 0.999383 | ent_coef 0.00081 | elapsed 27.74s
debug 00030 | std_mean 0.5000 | std_min 0.5000 | std_max 0.5000 | done_mean 0.9662 | energy_min_ratio 0.4751 | energy_neg_ratio 0.7769 | e_cons [5.733e+00, 8.000e+00] | first_emin_step 105.50 | act_clip_ratio 0.5968 | act_abs [2.570e+00, 2.331e+01] | act_mean_abs [2.505e+00, 2.219e+01] | act_mean_clip_ratio 0.5790 | clipped_act_abs [7.843e-01, 1.000e+00] | init_energy [-3.981e+02, 2.000e+02, 7.998e+02] | v_reach [-9.966e+03, 2.838e+03] | t_reach [-4.997e+03, 2.009e+03] | reach_clip_ratio 0.2090 | open_ratio 0.0338 | t_done [-3.000e+02, 2.009e+03] | t_open [-4.997e+03, 7.912e+02] | v_open [-9.940e+03, 2.750e+03] | tmin_src done 0 t 199 v -5.299e+03 next_v -5.000e+03 g -3.000e+02 h -3.000e+02 energy -4.000e+02 | adv_total_std 6.660e+02 | adv_open_std 3.726e+02
iter 00031 | success 0.063 | cost 72.0 | energy 350.2 | actor_loss 0.34714 | energy_loss 667.55781 | reach_loss 7449682.45000 | entropy 2.1774 | gamma_reach 0.999396 | ent_coef 0.00080 | elapsed 27.75s
iter 00032 | success 0.121 | cost 90.0 | energy 375.5 | actor_loss 0.35576 | energy_loss 578.72586 | reach_loss 8202892.88125 | entropy 2.1774 | gamma_reach 0.999409 | ent_coef 0.00079 | elapsed 27.55s
iter 00033 | success 0.106 | cost 76.4 | energy 305.1 | actor_loss 0.36321 | energy_loss 598.72611 | reach_loss 10333290.83750 | entropy 2.1774 | gamma_reach 0.999422 | ent_coef 0.00079 | elapsed 27.45s
iter 00034 | success 0.100 | cost 77.5 | energy 316.4 | actor_loss 0.36158 | energy_loss 767.42124 | reach_loss 10222293.73750 | entropy 2.1774 | gamma_reach 0.999436 | ent_coef 0.00078 | elapsed 27.53s
iter 00035 | success 0.105 | cost 96.0 | energy 364.3 | actor_loss 0.35301 | energy_loss 1155.81462 | reach_loss 12937769.37500 | entropy 2.1774 | gamma_reach 0.999449 | ent_coef 0.00077 | elapsed 27.67s
iter 00036 | success 0.074 | cost 57.1 | energy 243.3 | actor_loss 0.35478 | energy_loss 851.04201 | reach_loss 12226664.48750 | entropy 2.1774 | gamma_reach 0.999462 | ent_coef 0.00077 | elapsed 27.66s
iter 00037 | success 0.088 | cost 82.4 | energy 323.9 | actor_loss 0.35434 | energy_loss 741.37341 | reach_loss 9827518.03750 | entropy 2.1774 | gamma_reach 0.999475 | ent_coef 0.00076 | elapsed 27.29s
iter 00038 | success 0.113 | cost 76.0 | energy 309.1 | actor_loss 0.35358 | energy_loss 780.25975 | reach_loss 8077442.74375 | entropy 2.1774 | gamma_reach 0.999488 | ent_coef 0.00075 | elapsed 27.35s
iter 00039 | success 0.142 | cost 86.2 | energy 370.9 | actor_loss 0.35441 | energy_loss 1028.88294 | reach_loss 9068441.36250 | entropy 2.1774 | gamma_reach 0.999502 | ent_coef 0.00075 | elapsed 27.48s
iter 00040 | success 0.119 | cost 84.1 | energy 377.7 | actor_loss 0.35492 | energy_loss 1185.57296 | reach_loss 11697834.86250 | entropy 2.1774 | gamma_reach 0.999515 | ent_coef 0.00074 | elapsed 27.50s
debug 00040 | std_mean 0.5000 | std_min 0.5000 | std_max 0.5000 | done_mean 0.9522 | energy_min_ratio 0.5571 | energy_neg_ratio 0.8086 | e_cons [6.690e+00, 8.000e+00] | first_emin_step 89.02 | act_clip_ratio 0.7531 | act_abs [3.981e+00, 3.556e+01] | act_mean_abs [3.951e+00, 3.475e+01] | act_mean_clip_ratio 0.7606 | clipped_act_abs [8.773e-01, 1.000e+00] | init_energy [-3.999e+02, 2.011e+02, 7.997e+02] | v_reach [-1.790e+04, 3.036e+03] | t_reach [-4.998e+03, 1.409e+03] | reach_clip_ratio 0.2322 | open_ratio 0.0478 | t_done [-3.000e+02, 1.409e+03] | t_open [-4.998e+03, 7.922e+02] | v_open [-1.733e+04, 2.947e+03] | tmin_src done 0 t 199 v -1.028e+04 next_v -5.000e+03 g -3.000e+02 h -3.000e+02 energy -4.000e+02 | adv_total_std 7.764e+02 | adv_open_std 6.593e+02
iter 00041 | success 0.111 | cost 77.9 | energy 348.0 | actor_loss 0.35219 | energy_loss 1117.15727 | reach_loss 10719578.43750 | entropy 2.1774 | gamma_reach 0.999528 | ent_coef 0.00073 | elapsed 27.47s
iter 00042 | success 0.088 | cost 73.8 | energy 349.2 | actor_loss 0.35222 | energy_loss 1015.70758 | reach_loss 10868880.56250 | entropy 2.1774 | gamma_reach 0.999541 | ent_coef 0.00073 | elapsed 27.59s
iter 00043 | success 0.072 | cost 65.1 | energy 317.5 | actor_loss 0.35185 | energy_loss 1176.65972 | reach_loss 10140899.05000 | entropy 2.1774 | gamma_reach 0.999554 | ent_coef 0.00072 | elapsed 27.74s
iter 00044 | success 0.067 | cost 65.9 | energy 280.4 | actor_loss 0.35173 | energy_loss 1087.46691 | reach_loss 9237030.97500 | entropy 2.1774 | gamma_reach 0.999568 | ent_coef 0.00071 | elapsed 27.37s
iter 00045 | success 0.057 | cost 59.0 | energy 286.3 | actor_loss 0.34983 | energy_loss 1459.13571 | reach_loss 8190894.26875 | entropy 2.1774 | gamma_reach 0.999581 | ent_coef 0.00071 | elapsed 27.66s
iter 00046 | success 0.049 | cost 49.9 | energy 275.3 | actor_loss 0.35268 | energy_loss 1336.30082 | reach_loss 7666872.51875 | entropy 2.1774 | gamma_reach 0.999594 | ent_coef 0.00070 | elapsed 27.64s
iter 00047 | success 0.045 | cost 49.2 | energy 251.5 | actor_loss 0.35255 | energy_loss 706.39544 | reach_loss 6852025.75625 | entropy 2.1774 | gamma_reach 0.999607 | ent_coef 0.00069 | elapsed 27.60s
iter 00048 | success 0.052 | cost 59.0 | energy 275.5 | actor_loss 0.35326 | energy_loss 867.35814 | reach_loss 7874293.02500 | entropy 2.1774 | gamma_reach 0.999620 | ent_coef 0.00069 | elapsed 27.69s
iter 00049 | success 0.043 | cost 41.8 | energy 217.6 | actor_loss 0.35179 | energy_loss 533.59604 | reach_loss 7282964.20625 | entropy 2.1774 | gamma_reach 0.999634 | ent_coef 0.00068 | elapsed 27.77s
iter 00050 | success 0.053 | cost 59.1 | energy 288.3 | actor_loss 0.35391 | energy_loss 792.53619 | reach_loss 6884030.26250 | entropy 2.1774 | gamma_reach 0.999647 | ent_coef 0.00067 | elapsed 27.67s
debug 00050 | std_mean 0.5000 | std_min 0.5000 | std_max 0.5000 | done_mean 0.9502 | energy_min_ratio 0.5612 | energy_neg_ratio 0.8118 | e_cons [6.634e+00, 8.000e+00] | first_emin_step 88.20 | act_clip_ratio 0.7458 | act_abs [4.395e+00, 3.930e+01] | act_mean_abs [4.362e+00, 3.835e+01] | act_mean_clip_ratio 0.7434 | clipped_act_abs [8.717e-01, 1.000e+00] | init_energy [-3.995e+02, 1.953e+02, 7.999e+02] | v_reach [-1.494e+04, 1.892e+03] | t_reach [-4.998e+03, 1.477e+03] | reach_clip_ratio 0.1468 | open_ratio 0.0498 | t_done [-3.000e+02, 1.477e+03] | t_open [-4.998e+03, 7.934e+02] | v_open [-1.402e+04, 1.872e+03] | tmin_src done 0 t 199 v -8.632e+03 next_v -5.000e+03 g 3.018e+02 h -3.000e+02 energy -4.000e+02 | adv_total_std 5.647e+02 | adv_open_std 4.877e+02
iter 00051 | success 0.057 | cost 56.6 | energy 300.3 | actor_loss 0.35493 | energy_loss 632.07780 | reach_loss 5966339.87500 | entropy 2.1774 | gamma_reach 0.999660 | ent_coef 0.00067 | elapsed 27.76s
iter 00052 | success 0.050 | cost 47.2 | energy 262.1 | actor_loss 0.35142 | energy_loss 760.97962 | reach_loss 4465734.43750 | entropy 2.1774 | gamma_reach 0.999673 | ent_coef 0.00066 | elapsed 27.57s
iter 00053 | success 0.044 | cost 39.9 | energy 226.5 | actor_loss 0.35031 | energy_loss 642.05473 | reach_loss 4113669.26562 | entropy 2.1774 | gamma_reach 0.999686 | ent_coef 0.00065 | elapsed 27.75s
iter 00054 | success 0.044 | cost 43.9 | energy 252.9 | actor_loss 0.35423 | energy_loss 474.37156 | reach_loss 4628523.50625 | entropy 2.1774 | gamma_reach 0.999700 | ent_coef 0.00065 | elapsed 27.63s
iter 00055 | success 0.060 | cost 53.0 | energy 284.6 | actor_loss 0.35175 | energy_loss 553.38894 | reach_loss 4544230.72500 | entropy 2.1774 | gamma_reach 0.999713 | ent_coef 0.00064 | elapsed 27.28s
iter 00056 | success 0.065 | cost 63.4 | energy 354.5 | actor_loss 0.35333 | energy_loss 227.58946 | reach_loss 4542074.27500 | entropy 2.1774 | gamma_reach 0.999726 | ent_coef 0.00063 | elapsed 27.28s
iter 00057 | success 0.067 | cost 62.0 | energy 335.6 | actor_loss 0.35354 | energy_loss 2859.54793 | reach_loss 4292653.50000 | entropy 2.1774 | gamma_reach 0.999739 | ent_coef 0.00063 | elapsed 27.30s
iter 00058 | success 0.068 | cost 52.2 | energy 297.7 | actor_loss 0.35525 | energy_loss 1934.31855 | reach_loss 4339597.22500 | entropy 2.1774 | gamma_reach 0.999752 | ent_coef 0.00062 | elapsed 26.89s
iter 00059 | success 0.055 | cost 46.9 | energy 253.6 | actor_loss 0.35565 | energy_loss 1901.38433 | reach_loss 4012636.97187 | entropy 2.1774 | gamma_reach 0.999766 | ent_coef 0.00061 | elapsed 27.56s
iter 00060 | success 0.060 | cost 54.7 | energy 280.6 | actor_loss 0.35482 | energy_loss 1724.06231 | reach_loss 2729936.25625 | entropy 2.1774 | gamma_reach 0.999779 | ent_coef 0.00061 | elapsed 27.63s
debug 00060 | std_mean 0.5000 | std_min 0.5000 | std_max 0.5000 | done_mean 0.9342 | energy_min_ratio 0.5388 | energy_neg_ratio 0.8035 | e_cons [6.302e+00, 8.000e+00] | first_emin_step 92.69 | act_clip_ratio 0.7137 | act_abs [4.716e+00, 3.601e+01] | act_mean_abs [4.658e+00, 3.528e+01] | act_mean_clip_ratio 0.6940 | clipped_act_abs [8.360e-01, 1.000e+00] | init_energy [-3.997e+02, 2.037e+02, 8.000e+02] | v_reach [-9.071e+03, 2.048e+03] | t_reach [-4.999e+03, 1.438e+03] | reach_clip_ratio 0.0576 | open_ratio 0.0658 | t_done [-3.000e+02, 1.438e+03] | t_open [-4.999e+03, 7.891e+02] | v_open [-8.872e+03, 1.974e+03] | tmin_src done 0 t 199 v -7.075e+03 next_v -5.000e+03 g 1.586e+02 h 3.000e+02 energy -4.000e+02 | adv_total_std 5.734e+02 | adv_open_std 5.129e+02
iter 00061 | success 0.060 | cost 49.6 | energy 273.5 | actor_loss 0.35518 | energy_loss 1676.24853 | reach_loss 3499869.58750 | entropy 2.1774 | gamma_reach 0.999792 | ent_coef 0.00060 | elapsed 27.59s
iter 00062 | success 0.055 | cost 53.6 | energy 291.4 | actor_loss 0.35814 | energy_loss 1572.86308 | reach_loss 3998717.29062 | entropy 2.1774 | gamma_reach 0.999805 | ent_coef 0.00059 | elapsed 27.57s
iter 00063 | success 0.054 | cost 57.5 | energy 311.3 | actor_loss 0.35633 | energy_loss 1450.90189 | reach_loss 4937436.68750 | entropy 2.1774 | gamma_reach 0.999818 | ent_coef 0.00059 | elapsed 27.43s
iter 00064 | success 0.041 | cost 47.4 | energy 252.4 | actor_loss 0.36033 | energy_loss 1683.88896 | reach_loss 5572517.67500 | entropy 2.1774 | gamma_reach 0.999832 | ent_coef 0.00058 | elapsed 27.43s
iter 00065 | success 0.045 | cost 41.5 | energy 247.2 | actor_loss 0.36156 | energy_loss 1613.89030 | reach_loss 7283277.53750 | entropy 2.1774 | gamma_reach 0.999845 | ent_coef 0.00057 | elapsed 27.47s
iter 00066 | success 0.052 | cost 53.5 | energy 295.6 | actor_loss 0.36210 | energy_loss 1637.67478 | reach_loss 6254722.43750 | entropy 2.1774 | gamma_reach 0.999858 | ent_coef 0.00057 | elapsed 27.20s
iter 00067 | success 0.039 | cost 43.6 | energy 262.9 | actor_loss 0.35995 | energy_loss 1702.34504 | reach_loss 5452084.15625 | entropy 2.1774 | gamma_reach 0.999871 | ent_coef 0.00056 | elapsed 25.98s
iter 00068 | success 0.038 | cost 47.1 | energy 263.1 | actor_loss 0.35942 | energy_loss 1988.05050 | reach_loss 5477121.80625 | entropy 2.1774 | gamma_reach 0.999884 | ent_coef 0.00055 | elapsed 27.52s
iter 00069 | success 0.030 | cost 34.7 | energy 173.7 | actor_loss 0.36033 | energy_loss 1672.55193 | reach_loss 6217668.81250 | entropy 2.1774 | gamma_reach 0.999898 | ent_coef 0.00055 | elapsed 27.31s
iter 00070 | success 0.041 | cost 47.8 | energy 241.1 | actor_loss 0.36163 | energy_loss 1575.48269 | reach_loss 7543856.51250 | entropy 2.1774 | gamma_reach 0.999911 | ent_coef 0.00054 | elapsed 27.39s
debug 00070 | std_mean 0.5000 | std_min 0.5000 | std_max 0.5000 | done_mean 0.9339 | energy_min_ratio 0.5770 | energy_neg_ratio 0.8173 | e_cons [6.924e+00, 8.000e+00] | first_emin_step 85.03 | act_clip_ratio 0.8021 | act_abs [5.232e+00, 3.420e+01] | act_mean_abs [5.205e+00, 3.397e+01] | act_mean_clip_ratio 0.7929 | clipped_act_abs [8.987e-01, 1.000e+00] | init_energy [-3.998e+02, 1.985e+02, 8.000e+02] | v_reach [-1.835e+04, 2.225e+03] | t_reach [-5.000e+03, 1.168e+03] | reach_clip_ratio 0.1936 | open_ratio 0.0661 | t_done [-3.000e+02, 1.168e+03] | t_open [-5.000e+03, 7.942e+02] | v_open [-1.547e+04, 2.135e+03] | tmin_src done 0 t 199 v -8.442e+03 next_v -5.000e+03 g 2.200e+02 h -3.000e+02 energy -4.000e+02 | adv_total_std 6.245e+02 | adv_open_std 5.670e+02
iter 00071 | success 0.063 | cost 48.8 | energy 224.1 | actor_loss 0.35850 | energy_loss 1668.00941 | reach_loss 10985932.17500 | entropy 2.1774 | gamma_reach 0.999924 | ent_coef 0.00053 | elapsed 27.35s
iter 00072 | success 0.084 | cost 66.3 | energy 299.7 | actor_loss 0.35688 | energy_loss 1999.34801 | reach_loss 13274067.58750 | entropy 2.1774 | gamma_reach 0.999937 | ent_coef 0.00053 | elapsed 27.51s
iter 00073 | success 0.101 | cost 63.3 | energy 365.5 | actor_loss 0.36029 | energy_loss 1445.88365 | reach_loss 5136675.08750 | entropy 2.1774 | gamma_reach 0.999950 | ent_coef 0.00052 | elapsed 27.71s
iter 00074 | success 0.148 | cost 68.1 | energy 362.6 | actor_loss 0.35545 | energy_loss 1751.56028 | reach_loss 4592507.99375 | entropy 2.1774 | gamma_reach 0.999964 | ent_coef 0.00051 | elapsed 27.03s
iter 00075 | success 0.141 | cost 69.4 | energy 377.3 | actor_loss 0.35224 | energy_loss 1268.24188 | reach_loss 2221319.22812 | entropy 2.1774 | gamma_reach 0.999977 | ent_coef 0.00051 | elapsed 28.16s
iter 00076 | success 0.131 | cost 70.0 | energy 390.5 | actor_loss 0.35530 | energy_loss 1341.42268 | reach_loss 1238124.77656 | entropy 2.1774 | gamma_reach 0.999990 | ent_coef 0.00050 | elapsed 27.97s
iter 00077 | success 0.111 | cost 62.5 | energy 370.6 | actor_loss 0.35718 | energy_loss 1553.01052 | reach_loss 1155917.75625 | entropy 2.1774 | gamma_reach 0.999990 | ent_coef 0.00049 | elapsed 27.98s
iter 00078 | success 0.105 | cost 70.0 | energy 386.1 | actor_loss 0.35740 | energy_loss 1541.11451 | reach_loss 833878.03359 | entropy 2.1774 | gamma_reach 0.999990 | ent_coef 0.00049 | elapsed 27.92s
iter 00079 | success 0.071 | cost 59.6 | energy 391.7 | actor_loss 0.35736 | energy_loss 2042.23964 | reach_loss 534765.82031 | entropy 2.1774 | gamma_reach 0.999990 | ent_coef 0.00048 | elapsed 27.89s
iter 00080 | success 0.037 | cost 47.3 | energy 316.1 | actor_loss 0.35602 | energy_loss 1407.34987 | reach_loss 413426.45508 | entropy 2.1774 | gamma_reach 0.999990 | ent_coef 0.00047 | elapsed 28.07s
debug 00080 | std_mean 0.5000 | std_min 0.5000 | std_max 0.5000 | done_mean 0.9148 | energy_min_ratio 0.5532 | energy_neg_ratio 0.8072 | e_cons [6.626e+00, 8.000e+00] | first_emin_step 89.80 | act_clip_ratio 0.7481 | act_abs [4.516e+00, 2.758e+01] | act_mean_abs [4.483e+00, 2.722e+01] | act_mean_clip_ratio 0.7324 | clipped_act_abs [8.705e-01, 1.000e+00] | init_energy [-4.000e+02, 1.903e+02, 8.000e+02] | v_reach [-2.203e+03, 2.270e+03] | t_reach [-1.280e+03, 1.746e+03] | reach_clip_ratio 0.0000 | open_ratio 0.0852 | t_done [-3.000e+02, 1.746e+03] | t_open [-1.280e+03, 7.908e+02] | v_open [-1.608e+03, 2.111e+03] | tmin_src done 0 t 199 v -1.268e+03 next_v -1.280e+03 g 3.567e+02 h 3.000e+02 energy -4.000e+02 | adv_total_std 5.850e+02 | adv_open_std 5.398e+02
iter 00081 | success 0.077 | cost 57.7 | energy 369.0 | actor_loss 0.35712 | energy_loss 812.53222 | reach_loss 510172.63516 | entropy 2.1774 | gamma_reach 0.999990 | ent_coef 0.00047 | elapsed 27.73s
iter 00082 | success 0.106 | cost 66.7 | energy 390.7 | actor_loss 0.35419 | energy_loss 1272.02012 | reach_loss 479414.41328 | entropy 2.1774 | gamma_reach 0.999990 | ent_coef 0.00046 | elapsed 27.84s
iter 00083 | success 0.114 | cost 68.2 | energy 382.1 | actor_loss 0.34856 | energy_loss 977.71640 | reach_loss 472429.59609 | entropy 2.1774 | gamma_reach 0.999990 | ent_coef 0.00045 | elapsed 27.60s
iter 00084 | success 0.121 | cost 72.2 | energy 373.4 | actor_loss 0.34684 | energy_loss 854.00274 | reach_loss 486221.80312 | entropy 2.1774 | gamma_reach 0.999990 | ent_coef 0.00045 | elapsed 27.53s
iter 00085 | success 0.035 | cost 90.3 | energy 329.2 | actor_loss 0.35215 | energy_loss 1015.61251 | reach_loss 819662.56172 | entropy 2.1774 | gamma_reach 0.999990 | ent_coef 0.00044 | elapsed 27.64s
iter 00086 | success 0.023 | cost 70.2 | energy 247.5 | actor_loss 0.35147 | energy_loss 870.92713 | reach_loss 2740288.17500 | entropy 2.1774 | gamma_reach 0.999990 | ent_coef 0.00043 | elapsed 27.81s
iter 00087 | success 0.010 | cost 7.5 | energy 57.6 | actor_loss 0.34875 | energy_loss 1563.37780 | reach_loss 10883097.47500 | entropy 2.1774 | gamma_reach 0.999990 | ent_coef 0.00043 | elapsed 24.95s
iter 00088 | success 0.013 | cost 12.1 | energy 85.5 | actor_loss 0.30993 | energy_loss 1185.85392 | reach_loss 24487448.97500 | entropy 2.1774 | gamma_reach 0.999990 | ent_coef 0.00042 | elapsed 23.52s
iter 00089 | success 0.017 | cost 15.0 | energy 107.0 | actor_loss 0.28136 | energy_loss 1265.95980 | reach_loss 27657590.37500 | entropy 2.1774 | gamma_reach 0.999990 | ent_coef 0.00041 | elapsed 22.88s
iter 00090 | success 0.015 | cost 17.8 | energy 125.1 | actor_loss 0.29489 | energy_loss 1914.58512 | reach_loss 25845051.52500 | entropy 2.1774 | gamma_reach 0.999990 | ent_coef 0.00041 | elapsed 23.34s
debug 00090 | std_mean 0.5000 | std_min 0.5000 | std_max 0.5000 | done_mean 0.8930 | energy_min_ratio 0.5132 | energy_neg_ratio 0.7839 | e_cons [6.219e+00, 8.000e+00] | first_emin_step 97.84 | act_clip_ratio 0.6793 | act_abs [4.129e+00, 3.537e+01] | act_mean_abs [4.081e+00, 3.504e+01] | act_mean_clip_ratio 0.6641 | clipped_act_abs [8.312e-01, 1.000e+00] | init_energy [-3.999e+02, 1.937e+02, 7.998e+02] | v_reach [-5.104e+04, 2.136e+03] | t_reach [-5.000e+03, 1.648e+03] | reach_clip_ratio 0.2559 | open_ratio 0.1070 | t_done [-3.000e+02, 1.648e+03] | t_open [-5.000e+03, 7.928e+02] | v_open [-3.542e+04, 1.939e+03] | tmin_src done 0 t 199 v -7.880e+03 next_v -5.000e+03 g 3.878e+01 h -3.000e+02 energy -5.126e+01 | adv_total_std 5.063e+02 | adv_open_std 4.587e+02
iter 00091 | success 0.014 | cost 15.0 | energy 100.0 | actor_loss 0.31217 | energy_loss 1312.39331 | reach_loss 25654931.87500 | entropy 2.1773 | gamma_reach 0.999990 | ent_coef 0.00040 | elapsed 23.57s
iter 00092 | success 0.016 | cost 12.8 | energy 95.2 | actor_loss 0.28171 | energy_loss 920.42208 | reach_loss 22511848.40000 | entropy 2.1774 | gamma_reach 0.999990 | ent_coef 0.00039 | elapsed 26.63s
iter 00093 | success 0.019 | cost 13.7 | energy 100.0 | actor_loss 0.29251 | energy_loss 1301.14260 | reach_loss 21250839.20000 | entropy 2.1774 | gamma_reach 0.999990 | ent_coef 0.00039 | elapsed 27.65s
iter 00094 | success 0.022 | cost 16.5 | energy 120.7 | actor_loss 0.30462 | energy_loss 1208.33358 | reach_loss 18281254.25000 | entropy 2.1773 | gamma_reach 0.999990 | ent_coef 0.00038 | elapsed 27.77s
iter 00095 | success 0.024 | cost 23.6 | energy 169.0 | actor_loss 0.29563 | energy_loss 1060.82785 | reach_loss 15024631.13750 | entropy 2.1773 | gamma_reach 0.999990 | ent_coef 0.00037 | elapsed 27.72s
iter 00096 | success 0.025 | cost 20.1 | energy 142.8 | actor_loss 0.45811 | energy_loss 1141.27115 | reach_loss 10566361.40000 | entropy 2.1774 | gamma_reach 0.999990 | ent_coef 0.00037 | elapsed 27.80s
iter 00097 | success 0.128 | cost 62.1 | energy 355.7 | actor_loss 0.34390 | energy_loss 1784.27560 | reach_loss 16920189.08750 | entropy 2.1774 | gamma_reach 0.999990 | ent_coef 0.00036 | elapsed 28.01s
iter 00098 | success 0.099 | cost 55.9 | energy 335.1 | actor_loss 0.34197 | energy_loss 1416.12359 | reach_loss 2012032.08750 | entropy 2.1774 | gamma_reach 0.999990 | ent_coef 0.00035 | elapsed 28.06s
iter 00099 | success 0.073 | cost 45.9 | energy 299.6 | actor_loss 0.34311 | energy_loss 1146.31385 | reach_loss 1993309.47500 | entropy 2.1774 | gamma_reach 0.999990 | ent_coef 0.00035 | elapsed 27.83s
iter 00100 | success 0.117 | cost 61.1 | energy 320.7 | actor_loss 0.34946 | energy_loss 1582.55045 | reach_loss 2113661.11406 | entropy 2.1774 | gamma_reach 0.999990 | ent_coef 0.00034 | elapsed 27.63s
debug 00100 | std_mean 0.5000 | std_min 0.5000 | std_max 0.5000 | done_mean 0.9093 | energy_min_ratio 0.5780 | energy_neg_ratio 0.8117 | e_cons [7.147e+00, 8.000e+00] | first_emin_step 84.82 | act_clip_ratio 0.8483 | act_abs [8.575e+00, 6.035e+01] | act_mean_abs [8.552e+00, 5.980e+01] | act_mean_clip_ratio 0.8385 | clipped_act_abs [9.189e-01, 1.000e+00] | init_energy [-3.996e+02, 2.087e+02, 7.997e+02] | v_reach [-1.541e+04, 2.533e+03] | t_reach [-5.000e+03, 1.225e+03] | reach_clip_ratio 0.0215 | open_ratio 0.0907 | t_done [-3.000e+02, 1.225e+03] | t_open [-5.000e+03, 7.920e+02] | v_open [-1.495e+04, 2.273e+03] | tmin_src done 0 t 199 v 1.938e+01 next_v -5.000e+03 g -3.000e+02 h -3.000e+02 energy -4.000e+02 | adv_total_std 6.212e+02 | adv_open_std 5.935e+02
iter 00101 | success 0.098 | cost 65.9 | energy 313.0 | actor_loss 0.37046 | energy_loss 3091.42720 | reach_loss 2096512.53438 | entropy 2.1774 | gamma_reach 0.999990 | ent_coef 0.00033 | elapsed 29.50s
iter 00102 | success 0.111 | cost 64.8 | energy 309.7 | actor_loss 0.37148 | energy_loss 2035.99229 | reach_loss 2602658.79062 | entropy 2.1774 | gamma_reach 0.999990 | ent_coef 0.00033 | elapsed 27.69s
iter 00103 | success 0.112 | cost 63.6 | energy 305.5 | actor_loss 0.37183 | energy_loss 2277.89364 | reach_loss 2720831.92813 | entropy 2.1774 | gamma_reach 0.999990 | ent_coef 0.00032 | elapsed 27.53s
iter 00104 | success 0.104 | cost 60.9 | energy 324.1 | actor_loss 0.37261 | energy_loss 3104.13983 | reach_loss 2393908.77813 | entropy 2.1774 | gamma_reach 0.999990 | ent_coef 0.00031 | elapsed 27.56s
iter 00105 | success 0.102 | cost 60.1 | energy 296.3 | actor_loss 0.37244 | energy_loss 2815.69987 | reach_loss 2454898.05313 | entropy 2.1774 | gamma_reach 0.999990 | ent_coef 0.00031 | elapsed 27.56s
iter 00106 | success 0.090 | cost 64.4 | energy 333.2 | actor_loss 0.37207 | energy_loss 2626.02054 | reach_loss 2121893.40313 | entropy 2.1774 | gamma_reach 0.999990 | ent_coef 0.00030 | elapsed 27.54s
iter 00107 | success 0.134 | cost 68.6 | energy 349.4 | actor_loss 0.36829 | energy_loss 2343.15392 | reach_loss 2969159.45938 | entropy 2.1774 | gamma_reach 0.999990 | ent_coef 0.00029 | elapsed 27.83s
iter 00108 | success 0.083 | cost 63.9 | energy 312.7 | actor_loss 0.37223 | energy_loss 4027.10978 | reach_loss 2259190.44375 | entropy 2.1774 | gamma_reach 0.999990 | ent_coef 0.00029 | elapsed 27.20s
iter 00109 | success 0.078 | cost 53.0 | energy 273.5 | actor_loss 0.37160 | energy_loss 3651.58391 | reach_loss 2298453.78125 | entropy 2.1774 | gamma_reach 0.999990 | ent_coef 0.00028 | elapsed 27.61s
iter 00110 | success 0.095 | cost 60.2 | energy 290.2 | actor_loss 0.37144 | energy_loss 3156.25645 | reach_loss 2448815.63750 | entropy 2.1774 | gamma_reach 0.999990 | ent_coef 0.00027 | elapsed 27.66s
debug 00110 | std_mean 0.5000 | std_min 0.5000 | std_max 0.5000 | done_mean 0.9388 | energy_min_ratio 0.5827 | energy_neg_ratio 0.8136 | e_cons [7.267e+00, 8.000e+00] | first_emin_step 83.87 | act_clip_ratio 0.8727 | act_abs [2.039e+01, 1.119e+02] | act_mean_abs [2.036e+01, 1.122e+02] | act_mean_clip_ratio 0.8675 | clipped_act_abs [9.298e-01, 1.000e+00] | init_energy [-4.000e+02, 1.990e+02, 8.000e+02] | v_reach [-1.098e+04, 3.168e+03] | t_reach [-5.000e+03, 1.773e+03] | reach_clip_ratio 0.0278 | open_ratio 0.0612 | t_done [-3.000e+02, 1.773e+03] | t_open [-5.000e+03, 7.923e+02] | v_open [-1.013e+04, 2.820e+03] | tmin_src done 0 t 199 v -5.546e+03 next_v -5.000e+03 g -3.000e+02 h -3.000e+02 energy -4.000e+02 | adv_total_std 9.196e+02 | adv_open_std 8.495e+02
iter 00111 | success 0.094 | cost 59.0 | energy 308.9 | actor_loss 0.37239 | energy_loss 4040.36243 | reach_loss 2318236.53437 | entropy 2.1774 | gamma_reach 0.999990 | ent_coef 0.00027 | elapsed 25.13s
iter 00112 | success 0.119 | cost 62.0 | energy 314.7 | actor_loss 0.36998 | energy_loss 3370.24598 | reach_loss 3440340.12500 | entropy 2.1774 | gamma_reach 0.999990 | ent_coef 0.00026 | elapsed 24.39s
iter 00113 | success 0.051 | cost 36.7 | energy 248.7 | actor_loss 0.37071 | energy_loss 4925.89989 | reach_loss 2600371.59375 | entropy 2.1774 | gamma_reach 0.999990 | ent_coef 0.00025 | elapsed 23.37s
iter 00114 | success 0.091 | cost 59.4 | energy 312.5 | actor_loss 0.36984 | energy_loss 3170.11500 | reach_loss 4024098.45938 | entropy 2.1774 | gamma_reach 0.999990 | ent_coef 0.00025 | elapsed 24.63s
iter 00115 | success 0.085 | cost 58.7 | energy 291.9 | actor_loss 0.37118 | energy_loss 2340.52389 | reach_loss 4314737.56250 | entropy 2.1774 | gamma_reach 0.999990 | ent_coef 0.00024 | elapsed 28.98s
iter 00116 | success 0.072 | cost 51.7 | energy 259.6 | actor_loss 0.37003 | energy_loss 2062.09857 | reach_loss 4552505.75625 | entropy 2.1774 | gamma_reach 0.999990 | ent_coef 0.00023 | elapsed 27.83s
iter 00117 | success 0.074 | cost 54.6 | energy 282.4 | actor_loss 0.36963 | energy_loss 1954.56974 | reach_loss 4323536.93750 | entropy 2.1774 | gamma_reach 0.999990 | ent_coef 0.00023 | elapsed 25.98s
iter 00118 | success 0.067 | cost 51.0 | energy 248.0 | actor_loss 0.36600 | energy_loss 2036.68606 | reach_loss 2788801.09687 | entropy 2.1774 | gamma_reach 0.999990 | ent_coef 0.00022 | elapsed 25.48s
iter 00119 | success 0.063 | cost 56.8 | energy 286.4 | actor_loss 0.36378 | energy_loss 4514.79537 | reach_loss 2472535.25625 | entropy 2.1774 | gamma_reach 0.999990 | ent_coef 0.00021 | elapsed 23.74s
iter 00120 | success 0.116 | cost 70.1 | energy 308.2 | actor_loss 0.36975 | energy_loss 1810.23100 | reach_loss 3419037.06875 | entropy 2.1774 | gamma_reach 0.999990 | ent_coef 0.00021 | elapsed 24.63s
debug 00120 | std_mean 0.5000 | std_min 0.5000 | std_max 0.5000 | done_mean 0.9354 | energy_min_ratio 0.5994 | energy_neg_ratio 0.8262 | e_cons [7.445e+00, 8.000e+00] | first_emin_step 80.51 | act_clip_ratio 0.8986 | act_abs [2.057e+01, 1.330e+02] | act_mean_abs [2.056e+01, 1.324e+02] | act_mean_clip_ratio 0.8948 | clipped_act_abs [9.475e-01, 1.000e+00] | init_energy [-3.999e+02, 1.901e+02, 7.996e+02] | v_reach [-1.223e+04, 2.892e+03] | t_reach [-5.000e+03, 1.564e+03] | reach_clip_ratio 0.0717 | open_ratio 0.0646 | t_done [-3.000e+02, 1.564e+03] | t_open [-5.000e+03, 7.930e+02] | v_open [-1.120e+04, 2.565e+03] | tmin_src done 0 t 199 v -3.468e+03 next_v -5.000e+03 g -3.000e+02 h -3.000e+02 energy -4.000e+02 | adv_total_std 7.917e+02 | adv_open_std 7.152e+02
iter 00121 | success 0.087 | cost 64.9 | energy 307.4 | actor_loss 0.36986 | energy_loss 2069.62053 | reach_loss 5287338.98125 | entropy 2.1774 | gamma_reach 0.999990 | ent_coef 0.00020 | elapsed 25.17s
iter 00122 | success 0.090 | cost 63.7 | energy 304.9 | actor_loss 0.37041 | energy_loss 1836.84658 | reach_loss 2817086.27500 | entropy 2.1774 | gamma_reach 0.999990 | ent_coef 0.00019 | elapsed 25.79s
iter 00123 | success 0.071 | cost 55.3 | energy 297.0 | actor_loss 0.36805 | energy_loss 2037.28533 | reach_loss 3713981.77813 | entropy 2.1774 | gamma_reach 0.999990 | ent_coef 0.00019 | elapsed 25.89s
iter 00124 | success 0.072 | cost 59.8 | energy 337.7 | actor_loss 0.36830 | energy_loss 2113.41790 | reach_loss 3588263.22500 | entropy 2.1774 | gamma_reach 0.999990 | ent_coef 0.00018 | elapsed 27.78s
iter 00125 | success 0.084 | cost 56.8 | energy 307.5 | actor_loss 0.36892 | energy_loss 2123.14906 | reach_loss 3381469.82500 | entropy 2.1774 | gamma_reach 0.999990 | ent_coef 0.00017 | elapsed 27.74s
iter 00126 | success 0.080 | cost 52.6 | energy 288.4 | actor_loss 0.36776 | energy_loss 2421.64189 | reach_loss 3515844.94375 | entropy 2.1774 | gamma_reach 0.999990 | ent_coef 0.00017 | elapsed 27.57s
iter 00127 | success 0.075 | cost 57.2 | energy 301.4 | actor_loss 0.36714 | energy_loss 2634.02103 | reach_loss 3842572.60000 | entropy 2.1774 | gamma_reach 0.999990 | ent_coef 0.00016 | elapsed 27.69s
iter 00128 | success 0.083 | cost 63.1 | energy 328.3 | actor_loss 0.36757 | energy_loss 3072.38958 | reach_loss 4463591.23750 | entropy 2.1774 | gamma_reach 0.999990 | ent_coef 0.00015 | elapsed 27.85s
iter 00129 | success 0.066 | cost 51.4 | energy 288.6 | actor_loss 0.36512 | energy_loss 3622.79409 | reach_loss 4034663.79688 | entropy 2.1774 | gamma_reach 0.999990 | ent_coef 0.00015 | elapsed 27.14s
iter 00130 | success 0.123 | cost 75.4 | energy 328.7 | actor_loss 0.37087 | energy_loss 3536.63715 | reach_loss 4959037.48750 | entropy 2.1774 | gamma_reach 0.999990 | ent_coef 0.00014 | elapsed 24.32s
debug 00130 | std_mean 0.5000 | std_min 0.5000 | std_max 0.5000 | done_mean 0.9406 | energy_min_ratio 0.6014 | energy_neg_ratio 0.8234 | e_cons [7.484e+00, 8.000e+00] | first_emin_step 80.11 | act_clip_ratio 0.9056 | act_abs [2.673e+01, 1.504e+02] | act_mean_abs [2.672e+01, 1.506e+02] | act_mean_clip_ratio 0.9010 | clipped_act_abs [9.513e-01, 1.000e+00] | init_energy [-4.000e+02, 1.933e+02, 7.993e+02] | v_reach [-1.291e+04, 3.218e+03] | t_reach [-5.000e+03, 1.678e+03] | reach_clip_ratio 0.1039 | open_ratio 0.0594 | t_done [-3.000e+02, 1.678e+03] | t_open [-5.000e+03, 7.896e+02] | v_open [-1.061e+04, 2.855e+03] | tmin_src done 0 t 199 v -8.156e+03 next_v -5.000e+03 g -3.000e+02 h -3.000e+02 energy -4.000e+02 | adv_total_std 9.267e+02 | adv_open_std 8.511e+02
iter 00131 | success 0.170 | cost 74.8 | energy 367.2 | actor_loss 0.34820 | energy_loss 2385.30240 | reach_loss 10116101.18750 | entropy 2.1774 | gamma_reach 0.999990 | ent_coef 0.00013 | elapsed 25.59s
iter 00132 | success 0.151 | cost 75.7 | energy 359.0 | actor_loss 0.33826 | energy_loss 3757.31986 | reach_loss 11410878.55000 | entropy 2.1774 | gamma_reach 0.999990 | ent_coef 0.00013 | elapsed 25.53s
iter 00133 | success 0.149 | cost 82.5 | energy 370.9 | actor_loss 0.33895 | energy_loss 4474.68715 | reach_loss 6239829.56250 | entropy 2.1774 | gamma_reach 0.999990 | ent_coef 0.00012 | elapsed 26.59s
iter 00134 | success 0.148 | cost 79.8 | energy 363.8 | actor_loss 0.34133 | energy_loss 4621.64296 | reach_loss 6495548.06875 | entropy 2.1774 | gamma_reach 0.999990 | ent_coef 0.00011 | elapsed 26.71s
iter 00135 | success 0.146 | cost 80.1 | energy 370.7 | actor_loss 0.35011 | energy_loss 4194.87368 | reach_loss 5538142.73750 | entropy 2.1774 | gamma_reach 0.999990 | ent_coef 0.00011 | elapsed 26.25s
iter 00136 | success 0.150 | cost 77.3 | energy 365.8 | actor_loss 0.34234 | energy_loss 4385.36224 | reach_loss 4509748.50000 | entropy 2.1774 | gamma_reach 0.999990 | ent_coef 0.00010 | elapsed 26.81s
iter 00137 | success 0.148 | cost 78.2 | energy 386.1 | actor_loss 0.35371 | energy_loss 4224.62245 | reach_loss 3494695.72500 | entropy 2.1774 | gamma_reach 0.999990 | ent_coef 0.00009 | elapsed 26.50s
iter 00138 | success 0.128 | cost 71.2 | energy 365.4 | actor_loss 0.35734 | energy_loss 4560.47517 | reach_loss 3993800.57187 | entropy 2.1774 | gamma_reach 0.999990 | ent_coef 0.00009 | elapsed 26.56s
iter 00139 | success 0.117 | cost 65.0 | energy 325.9 | actor_loss 0.36131 | energy_loss 5257.70372 | reach_loss 2873731.05938 | entropy 2.1774 | gamma_reach 0.999990 | ent_coef 0.00008 | elapsed 26.81s
iter 00140 | success 0.177 | cost 72.8 | energy 374.5 | actor_loss 0.33712 | energy_loss 3869.81949 | reach_loss 5971250.08750 | entropy 2.1774 | gamma_reach 0.999990 | ent_coef 0.00007 | elapsed 27.10s
debug 00140 | std_mean 0.5000 | std_min 0.5000 | std_max 0.5000 | done_mean 0.9402 | energy_min_ratio 0.5953 | energy_neg_ratio 0.8206 | e_cons [7.369e+00, 8.000e+00] | first_emin_step 81.35 | act_clip_ratio 0.8830 | act_abs [2.521e+01, 1.745e+02] | act_mean_abs [2.520e+01, 1.740e+02] | act_mean_clip_ratio 0.8796 | clipped_act_abs [9.407e-01, 1.000e+00] | init_energy [-3.996e+02, 1.990e+02, 7.999e+02] | v_reach [-1.334e+04, 2.898e+03] | t_reach [-5.000e+03, 1.634e+03] | reach_clip_ratio 0.1158 | open_ratio 0.0598 | t_done [-3.000e+02, 1.634e+03] | t_open [-5.000e+03, 7.874e+02] | v_open [-1.334e+04, 2.611e+03] | tmin_src done 0 t 199 v -1.178e+04 next_v -5.000e+03 g -3.000e+02 h -3.000e+02 energy -4.000e+02 | adv_total_std 8.255e+02 | adv_open_std 7.680e+02
iter 00141 | success 0.161 | cost 77.6 | energy 395.7 | actor_loss 0.34720 | energy_loss 4405.13154 | reach_loss 2718534.56875 | entropy 2.1774 | gamma_reach 0.999990 | ent_coef 0.00007 | elapsed 27.09s
iter 00142 | success 0.151 | cost 89.4 | energy 407.9 | actor_loss 0.34119 | energy_loss 4011.05319 | reach_loss 5225848.56250 | entropy 2.1774 | gamma_reach 0.999990 | ent_coef 0.00006 | elapsed 27.77s
iter 00143 | success 0.155 | cost 92.1 | energy 409.0 | actor_loss 0.34085 | energy_loss 3867.50111 | reach_loss 4521366.95625 | entropy 2.1774 | gamma_reach 0.999990 | ent_coef 0.00005 | elapsed 27.06s
iter 00144 | success 0.144 | cost 94.2 | energy 431.3 | actor_loss 0.34168 | energy_loss 3979.29775 | reach_loss 4430659.14375 | entropy 2.1774 | gamma_reach 0.999990 | ent_coef 0.00005 | elapsed 26.77s
iter 00145 | success 0.145 | cost 90.7 | energy 394.0 | actor_loss 0.34319 | energy_loss 4184.08494 | reach_loss 3710594.51562 | entropy 2.1774 | gamma_reach 0.999990 | ent_coef 0.00004 | elapsed 26.21s
iter 00146 | success 0.147 | cost 97.4 | energy 415.4 | actor_loss 0.34100 | energy_loss 3625.87630 | reach_loss 3841196.29688 | entropy 2.1774 | gamma_reach 0.999990 | ent_coef 0.00003 | elapsed 27.09s
iter 00147 | success 0.149 | cost 95.4 | energy 429.2 | actor_loss 0.34298 | energy_loss 3809.58136 | reach_loss 5039096.10625 | entropy 2.1774 | gamma_reach 0.999990 | ent_coef 0.00003 | elapsed 26.87s
iter 00148 | success 0.143 | cost 98.3 | energy 418.9 | actor_loss 0.34020 | energy_loss 3393.45276 | reach_loss 9228428.56250 | entropy 2.1774 | gamma_reach 0.999990 | ent_coef 0.00002 | elapsed 27.17s
iter 00149 | success 0.119 | cost 99.7 | energy 419.7 | actor_loss 0.34025 | energy_loss 2727.76245 | reach_loss 12226404.32500 | entropy 2.1774 | gamma_reach 0.999990 | ent_coef 0.00001 | elapsed 26.71s
iter 00150 | success 0.110 | cost 97.8 | energy 418.1 | actor_loss 0.34347 | energy_loss 5226.90300 | reach_loss 13030738.81250 | entropy 2.1774 | gamma_reach 0.999990 | ent_coef 0.00001 | elapsed 26.90s
debug 00150 | std_mean 0.5000 | std_min 0.5000 | std_max 0.5000 | done_mean 0.9296 | energy_min_ratio 0.6022 | energy_neg_ratio 0.8246 | e_cons [7.518e+00, 8.000e+00] | first_emin_step 79.96 | act_clip_ratio 0.9104 | act_abs [2.860e+01, 1.981e+02] | act_mean_abs [2.859e+01, 1.978e+02] | act_mean_clip_ratio 0.9093 | clipped_act_abs [9.547e-01, 1.000e+00] | init_energy [-3.989e+02, 1.992e+02, 7.992e+02] | v_reach [-1.499e+04, 2.588e+03] | t_reach [-5.000e+03, 1.158e+03] | reach_clip_ratio 0.2976 | open_ratio 0.0704 | t_done [-3.000e+02, 1.158e+03] | t_open [-5.000e+03, 7.941e+02] | v_open [-1.471e+04, 2.358e+03] | tmin_src done 0 t 199 v -1.306e+04 next_v -5.000e+03 g -3.000e+02 h -3.000e+02 energy -4.000e+02 | adv_total_std 7.488e+02 | adv_open_std 6.930e+02
