iter 00151 | success 0.114 | cost 107.4 | energy 436.9 | actor_loss 0.34472 | energy_loss 5843.82792 | reach_loss 15743486.93750 | entropy 2.1774 | gamma_reach 0.999594 | ent_coef 0.00070 | elapsed 25.05s
iter 00152 | success 0.106 | cost 115.0 | energy 458.3 | actor_loss 0.35328 | energy_loss 6621.52357 | reach_loss 17534059.55000 | entropy 2.1774 | gamma_reach 0.999598 | ent_coef 0.00070 | elapsed 27.09s
iter 00153 | success 0.108 | cost 115.0 | energy 463.7 | actor_loss 0.34452 | energy_loss 5392.83934 | reach_loss 20678369.52500 | entropy 2.1774 | gamma_reach 0.999602 | ent_coef 0.00070 | elapsed 25.14s
iter 00154 | success 0.100 | cost 117.9 | energy 473.7 | actor_loss 0.35831 | energy_loss 4457.71000 | reach_loss 20215572.90000 | entropy 2.1774 | gamma_reach 0.999606 | ent_coef 0.00069 | elapsed 27.48s
iter 00155 | success 0.108 | cost 115.7 | energy 494.0 | actor_loss 0.35658 | energy_loss 4103.84515 | reach_loss 24128994.87500 | entropy 2.1774 | gamma_reach 0.999610 | ent_coef 0.00069 | elapsed 25.53s
iter 00156 | success 0.111 | cost 115.3 | energy 472.4 | actor_loss 0.35826 | energy_loss 4439.74611 | reach_loss 19803510.12500 | entropy 2.1774 | gamma_reach 0.999614 | ent_coef 0.00069 | elapsed 26.02s
iter 00157 | success 0.108 | cost 116.7 | energy 468.2 | actor_loss 0.36101 | energy_loss 5242.38655 | reach_loss 22404658.67500 | entropy 2.1774 | gamma_reach 0.999618 | ent_coef 0.00069 | elapsed 26.77s
iter 00158 | success 0.071 | cost 110.0 | energy 394.3 | actor_loss 0.36246 | energy_loss 6140.34674 | reach_loss 22219405.57500 | entropy 2.1774 | gamma_reach 0.999622 | ent_coef 0.00069 | elapsed 25.97s
iter 00159 | success 0.056 | cost 111.9 | energy 410.0 | actor_loss 0.36175 | energy_loss 5736.97135 | reach_loss 21704486.10000 | entropy 2.1774 | gamma_reach 0.999626 | ent_coef 0.00068 | elapsed 27.41s
iter 00160 | success 0.042 | cost 102.1 | energy 325.1 | actor_loss 0.36380 | energy_loss 5258.91688 | reach_loss 20706140.22500 | entropy 2.1774 | gamma_reach 0.999630 | ent_coef 0.00068 | elapsed 25.61s
debug 00160 | std_mean 0.5000 | std_min 0.5000 | std_max 0.5000 | done_mean 0.9276 | energy_min_ratio 0.5935 | energy_neg_ratio 0.8217 | e_cons [7.414e+00, 8.000e+00] | first_emin_step 81.70 | act_clip_ratio 0.8936 | act_abs [3.441e+01, 2.222e+02] | act_mean_abs [3.440e+01, 2.224e+02] | act_mean_clip_ratio 0.8892 | clipped_act_abs [9.446e-01, 1.000e+00] | init_energy [-3.996e+02, 2.018e+02, 7.997e+02] | v_reach [-2.455e+04, 2.837e+03] | t_reach [-4.998e+03, 1.141e+03] | reach_clip_ratio 0.3592 | open_ratio 0.0724 | t_done [-3.000e+02, 1.141e+03] | t_open [-4.998e+03, 7.931e+02] | v_open [-2.391e+04, 2.697e+03] | tmin_src done 0 t 199 v -1.266e+04 next_v -5.000e+03 g -3.000e+02 h -3.000e+02 energy -4.000e+02 | adv_total_std 9.097e+02 | adv_open_std 8.614e+02
iter 00161 | success 0.059 | cost 116.5 | energy 378.1 | actor_loss 0.35922 | energy_loss 6265.00583 | reach_loss 27163229.37500 | entropy 2.1774 | gamma_reach 0.999634 | ent_coef 0.00068 | elapsed 25.47s
iter 00162 | success 0.052 | cost 117.1 | energy 396.0 | actor_loss 0.36213 | energy_loss 4277.50573 | reach_loss 22889548.82500 | entropy 2.1774 | gamma_reach 0.999638 | ent_coef 0.00068 | elapsed 25.28s
iter 00163 | success 0.047 | cost 117.7 | energy 421.5 | actor_loss 0.36309 | energy_loss 6270.23481 | reach_loss 19782587.25000 | entropy 2.1774 | gamma_reach 0.999642 | ent_coef 0.00068 | elapsed 26.08s
iter 00164 | success 0.082 | cost 107.8 | energy 497.5 | actor_loss 0.35977 | energy_loss 5029.40125 | reach_loss 25603787.20000 | entropy 2.1774 | gamma_reach 0.999645 | ent_coef 0.00067 | elapsed 22.75s
iter 00165 | success 0.108 | cost 107.6 | energy 511.6 | actor_loss 0.36144 | energy_loss 5627.26140 | reach_loss 28324325.07500 | entropy 2.1774 | gamma_reach 0.999649 | ent_coef 0.00067 | elapsed 26.82s
iter 00166 | success 0.092 | cost 109.0 | energy 477.1 | actor_loss 0.36598 | energy_loss 5691.07257 | reach_loss 23021868.67500 | entropy 2.1774 | gamma_reach 0.999653 | ent_coef 0.00067 | elapsed 25.05s
iter 00167 | success 0.037 | cost 80.1 | energy 323.3 | actor_loss 0.37368 | energy_loss 5801.73002 | reach_loss 17645753.12500 | entropy 2.1774 | gamma_reach 0.999657 | ent_coef 0.00067 | elapsed 27.32s
iter 00168 | success 0.028 | cost 64.4 | energy 272.9 | actor_loss 0.37564 | energy_loss 4925.00917 | reach_loss 14860822.56250 | entropy 2.1774 | gamma_reach 0.999661 | ent_coef 0.00067 | elapsed 25.09s
iter 00169 | success 0.057 | cost 98.4 | energy 397.6 | actor_loss 0.36876 | energy_loss 5282.29318 | reach_loss 17648389.95000 | entropy 2.1774 | gamma_reach 0.999665 | ent_coef 0.00066 | elapsed 25.91s
iter 00170 | success 0.038 | cost 72.8 | energy 334.4 | actor_loss 0.37393 | energy_loss 6080.88575 | reach_loss 14620158.86250 | entropy 2.1774 | gamma_reach 0.999669 | ent_coef 0.00066 | elapsed 24.85s
debug 00170 | std_mean 0.5000 | std_min 0.5000 | std_max 0.5000 | done_mean 0.9371 | energy_min_ratio 0.6083 | energy_neg_ratio 0.8274 | e_cons [7.646e+00, 8.000e+00] | first_emin_step 78.73 | act_clip_ratio 0.9374 | act_abs [5.756e+01, 2.734e+02] | act_mean_abs [5.755e+01, 2.731e+02] | act_mean_clip_ratio 0.9329 | clipped_act_abs [9.663e-01, 1.000e+00] | init_energy [-3.997e+02, 1.942e+02, 7.993e+02] | v_reach [-2.456e+04, 3.000e+03] | t_reach [-4.998e+03, 1.291e+03] | reach_clip_ratio 0.2634 | open_ratio 0.0629 | t_done [-3.000e+02, 1.291e+03] | t_open [-4.998e+03, 7.918e+02] | v_open [-2.332e+04, 2.939e+03] | tmin_src done 0 t 199 v -7.832e+03 next_v -5.000e+03 g -3.000e+02 h -3.000e+02 energy -4.000e+02 | adv_total_std 9.924e+02 | adv_open_std 9.754e+02
iter 00171 | success 0.043 | cost 80.6 | energy 344.3 | actor_loss 0.37420 | energy_loss 5284.37559 | reach_loss 14568727.50000 | entropy 2.1774 | gamma_reach 0.999673 | ent_coef 0.00066 | elapsed 25.62s
iter 00172 | success 0.050 | cost 75.5 | energy 372.8 | actor_loss 0.37449 | energy_loss 4221.27914 | reach_loss 13780589.12500 | entropy 2.1774 | gamma_reach 0.999677 | ent_coef 0.00066 | elapsed 26.05s
iter 00173 | success 0.045 | cost 66.8 | energy 303.0 | actor_loss 0.37411 | energy_loss 4446.86061 | reach_loss 16212443.96250 | entropy 2.1774 | gamma_reach 0.999681 | ent_coef 0.00066 | elapsed 25.88s
iter 00174 | success 0.064 | cost 72.1 | energy 383.1 | actor_loss 0.37317 | energy_loss 4065.42069 | reach_loss 16718390.17500 | entropy 2.1774 | gamma_reach 0.999685 | ent_coef 0.00065 | elapsed 24.58s
iter 00175 | success 0.038 | cost 50.9 | energy 283.4 | actor_loss 0.37101 | energy_loss 3699.25918 | reach_loss 8657396.23750 | entropy 2.1774 | gamma_reach 0.999689 | ent_coef 0.00065 | elapsed 26.20s
iter 00176 | success 0.049 | cost 62.4 | energy 348.2 | actor_loss 0.37192 | energy_loss 4396.76412 | reach_loss 12757604.01250 | entropy 2.1774 | gamma_reach 0.999693 | ent_coef 0.00065 | elapsed 25.07s
iter 00177 | success 0.098 | cost 87.8 | energy 459.0 | actor_loss 0.36729 | energy_loss 2804.10354 | reach_loss 17441327.12500 | entropy 2.1774 | gamma_reach 0.999697 | ent_coef 0.00065 | elapsed 22.89s
iter 00178 | success 0.146 | cost 98.8 | energy 505.0 | actor_loss 0.35783 | energy_loss 3275.61181 | reach_loss 18208393.97500 | entropy 2.1774 | gamma_reach 0.999701 | ent_coef 0.00065 | elapsed 25.69s
iter 00179 | success 0.168 | cost 104.2 | energy 506.6 | actor_loss 0.35477 | energy_loss 4101.02200 | reach_loss 11970590.75000 | entropy 2.1774 | gamma_reach 0.999705 | ent_coef 0.00064 | elapsed 26.57s
iter 00180 | success 0.168 | cost 101.7 | energy 514.0 | actor_loss 0.35060 | energy_loss 6218.67922 | reach_loss 12531756.21250 | entropy 2.1774 | gamma_reach 0.999709 | ent_coef 0.00064 | elapsed 24.51s
debug 00180 | std_mean 0.5000 | std_min 0.5000 | std_max 0.5000 | done_mean 0.9228 | energy_min_ratio 0.6073 | energy_neg_ratio 0.8247 | e_cons [7.740e+00, 8.000e+00] | first_emin_step 78.94 | act_clip_ratio 0.9511 | act_abs [4.552e+01, 2.631e+02] | act_mean_abs [4.551e+01, 2.628e+02] | act_mean_clip_ratio 0.9494 | clipped_act_abs [9.757e-01, 1.000e+00] | init_energy [-4.000e+02, 2.076e+02, 8.000e+02] | v_reach [-2.246e+04, 2.238e+03] | t_reach [-4.999e+03, 1.644e+03] | reach_clip_ratio 0.2176 | open_ratio 0.0772 | t_done [-3.000e+02, 1.644e+03] | t_open [-4.999e+03, 7.942e+02] | v_open [-2.165e+04, 2.227e+03] | tmin_src done 0 t 199 v -1.433e+04 next_v -5.000e+03 g -3.000e+02 h -3.000e+02 energy -4.000e+02 | adv_total_std 6.470e+02 | adv_open_std 6.582e+02
iter 00181 | success 0.186 | cost 101.1 | energy 493.6 | actor_loss 0.35120 | energy_loss 5703.46774 | reach_loss 10470951.60000 | entropy 2.1774 | gamma_reach 0.999713 | ent_coef 0.00064 | elapsed 27.78s
iter 00182 | success 0.156 | cost 97.7 | energy 483.0 | actor_loss 0.35920 | energy_loss 5814.80017 | reach_loss 14512044.32500 | entropy 2.1774 | gamma_reach 0.999717 | ent_coef 0.00064 | elapsed 26.44s
iter 00183 | success 0.100 | cost 89.6 | energy 484.3 | actor_loss 0.36782 | energy_loss 8589.44242 | reach_loss 14499052.98750 | entropy 2.1774 | gamma_reach 0.999721 | ent_coef 0.00064 | elapsed 26.66s
iter 00184 | success 0.073 | cost 88.9 | energy 455.8 | actor_loss 0.37130 | energy_loss 6408.53584 | reach_loss 14784031.01250 | entropy 2.1774 | gamma_reach 0.999725 | ent_coef 0.00063 | elapsed 23.20s
iter 00185 | success 0.063 | cost 74.9 | energy 430.1 | actor_loss 0.36924 | energy_loss 5024.38600 | reach_loss 11215026.50000 | entropy 2.1774 | gamma_reach 0.999729 | ent_coef 0.00063 | elapsed 25.37s
iter 00186 | success 0.045 | cost 70.1 | energy 406.5 | actor_loss 0.37006 | energy_loss 5381.13444 | reach_loss 9005793.66250 | entropy 2.1774 | gamma_reach 0.999733 | ent_coef 0.00063 | elapsed 25.80s
iter 00187 | success 0.043 | cost 63.6 | energy 346.2 | actor_loss 0.36388 | energy_loss 4982.68215 | reach_loss 8709054.95000 | entropy 2.1774 | gamma_reach 0.999737 | ent_coef 0.00063 | elapsed 25.94s
iter 00188 | success 0.053 | cost 65.3 | energy 379.9 | actor_loss 0.37194 | energy_loss 5252.99039 | reach_loss 9411195.37500 | entropy 2.1774 | gamma_reach 0.999741 | ent_coef 0.00063 | elapsed 25.81s
iter 00189 | success 0.054 | cost 79.0 | energy 420.6 | actor_loss 0.37589 | energy_loss 4724.13010 | reach_loss 7224316.83750 | entropy 2.1774 | gamma_reach 0.999744 | ent_coef 0.00062 | elapsed 26.24s
iter 00190 | success 0.115 | cost 94.7 | energy 496.2 | actor_loss 0.36037 | energy_loss 5438.10048 | reach_loss 10612977.17500 | entropy 2.1774 | gamma_reach 0.999748 | ent_coef 0.00062 | elapsed 26.19s
debug 00190 | std_mean 0.5000 | std_min 0.5000 | std_max 0.5000 | done_mean 0.9313 | energy_min_ratio 0.5953 | energy_neg_ratio 0.8197 | e_cons [7.560e+00, 8.000e+00] | first_emin_step 81.34 | act_clip_ratio 0.9236 | act_abs [5.324e+01, 2.887e+02] | act_mean_abs [5.323e+01, 2.890e+02] | act_mean_clip_ratio 0.9181 | clipped_act_abs [9.578e-01, 1.000e+00] | init_energy [-3.999e+02, 2.054e+02, 7.995e+02] | v_reach [-2.033e+04, 2.566e+03] | t_reach [-4.999e+03, 1.739e+03] | reach_clip_ratio 0.2143 | open_ratio 0.0687 | t_done [-3.000e+02, 1.739e+03] | t_open [-4.999e+03, 7.935e+02] | v_open [-1.929e+04, 2.448e+03] | tmin_src done 0 t 199 v -9.045e+03 next_v -5.000e+03 g -3.000e+02 h -3.000e+02 energy -4.000e+02 | adv_total_std 7.485e+02 | adv_open_std 7.481e+02
iter 00191 | success 0.119 | cost 100.7 | energy 499.7 | actor_loss 0.35482 | energy_loss 6812.27548 | reach_loss 10017545.56250 | entropy 2.1774 | gamma_reach 0.999752 | ent_coef 0.00062 | elapsed 25.92s
iter 00192 | success 0.088 | cost 97.3 | energy 471.0 | actor_loss 0.36686 | energy_loss 6813.46917 | reach_loss 9827125.61250 | entropy 2.1774 | gamma_reach 0.999756 | ent_coef 0.00062 | elapsed 26.27s
iter 00193 | success 0.032 | cost 46.0 | energy 241.0 | actor_loss 0.36378 | energy_loss 9716.98997 | reach_loss 9700306.77500 | entropy 2.1774 | gamma_reach 0.999760 | ent_coef 0.00062 | elapsed 25.35s
iter 00194 | success 0.027 | cost 44.1 | energy 220.7 | actor_loss 0.34379 | energy_loss 7417.66890 | reach_loss 8066219.10625 | entropy 2.1774 | gamma_reach 0.999764 | ent_coef 0.00061 | elapsed 26.24s
iter 00195 | success 0.030 | cost 37.7 | energy 181.4 | actor_loss 0.34984 | energy_loss 5038.59630 | reach_loss 8056157.80000 | entropy 2.1774 | gamma_reach 0.999768 | ent_coef 0.00061 | elapsed 26.06s
iter 00196 | success 0.065 | cost 66.8 | energy 276.3 | actor_loss 0.36067 | energy_loss 4403.27590 | reach_loss 11697516.46250 | entropy 2.1774 | gamma_reach 0.999772 | ent_coef 0.00061 | elapsed 25.42s
iter 00197 | success 0.062 | cost 64.2 | energy 273.9 | actor_loss 0.35537 | energy_loss 3752.07956 | reach_loss 22363926.27500 | entropy 2.1774 | gamma_reach 0.999776 | ent_coef 0.00061 | elapsed 26.33s
iter 00198 | success 0.053 | cost 63.8 | energy 275.0 | actor_loss 0.35859 | energy_loss 3845.78747 | reach_loss 13217849.28750 | entropy 2.1774 | gamma_reach 0.999780 | ent_coef 0.00061 | elapsed 21.19s
iter 00199 | success 0.037 | cost 55.1 | energy 252.6 | actor_loss 0.35157 | energy_loss 3617.80747 | reach_loss 12910878.46250 | entropy 2.1774 | gamma_reach 0.999784 | ent_coef 0.00060 | elapsed 26.20s
iter 00200 | success 0.035 | cost 59.4 | energy 323.1 | actor_loss 0.35481 | energy_loss 3319.89332 | reach_loss 12909014.13750 | entropy 2.1774 | gamma_reach 0.999788 | ent_coef 0.00060 | elapsed 24.66s
debug 00200 | std_mean 0.5000 | std_min 0.5000 | std_max 0.5000 | done_mean 0.9074 | energy_min_ratio 0.5658 | energy_neg_ratio 0.8087 | e_cons [6.955e+00, 8.000e+00] | first_emin_step 87.27 | act_clip_ratio 0.8103 | act_abs [3.429e+01, 3.045e+02] | act_mean_abs [3.426e+01, 3.053e+02] | act_mean_clip_ratio 0.8026 | clipped_act_abs [9.011e-01, 1.000e+00] | init_energy [-3.999e+02, 2.062e+02, 8.000e+02] | v_reach [-2.398e+04, 2.222e+03] | t_reach [-4.999e+03, 1.665e+03] | reach_clip_ratio 0.2198 | open_ratio 0.0926 | t_done [-3.000e+02, 1.665e+03] | t_open [-4.999e+03, 7.917e+02] | v_open [-1.748e+04, 2.034e+03] | tmin_src done 0 t 199 v -1.013e+04 next_v -5.000e+03 g 1.222e+02 h -3.000e+02 energy -4.000e+02 | adv_total_std 6.031e+02 | adv_open_std 5.659e+02
iter 00201 | success 0.044 | cost 77.7 | energy 309.7 | actor_loss 0.32914 | energy_loss 3840.23625 | reach_loss 12777197.43750 | entropy 2.1774 | gamma_reach 0.999792 | ent_coef 0.00060 | elapsed 27.52s
iter 00202 | success 0.077 | cost 104.9 | energy 433.0 | actor_loss 0.33226 | energy_loss 3611.18689 | reach_loss 9250113.23750 | entropy 2.1774 | gamma_reach 0.999796 | ent_coef 0.00060 | elapsed 25.04s
iter 00203 | success 0.064 | cost 80.8 | energy 368.7 | actor_loss 0.33101 | energy_loss 3277.19883 | reach_loss 7342866.97500 | entropy 2.1774 | gamma_reach 0.999800 | ent_coef 0.00060 | elapsed 26.16s
iter 00204 | success 0.038 | cost 72.5 | energy 363.8 | actor_loss 0.34366 | energy_loss 2632.71628 | reach_loss 6088378.38125 | entropy 2.1774 | gamma_reach 0.999804 | ent_coef 0.00059 | elapsed 24.70s
iter 00205 | success 0.043 | cost 78.6 | energy 363.9 | actor_loss 0.35563 | energy_loss 2677.59924 | reach_loss 5346004.13125 | entropy 2.1774 | gamma_reach 0.999808 | ent_coef 0.00059 | elapsed 26.58s
iter 00206 | success 0.065 | cost 94.8 | energy 383.1 | actor_loss 0.36028 | energy_loss 3534.47738 | reach_loss 8627327.90000 | entropy 2.1774 | gamma_reach 0.999812 | ent_coef 0.00059 | elapsed 24.67s
iter 00207 | success 0.072 | cost 91.2 | energy 421.5 | actor_loss 0.36073 | energy_loss 3838.94316 | reach_loss 10234626.86250 | entropy 2.1774 | gamma_reach 0.999816 | ent_coef 0.00059 | elapsed 27.42s
iter 00208 | success 0.058 | cost 62.9 | energy 327.8 | actor_loss 0.36346 | energy_loss 4375.75100 | reach_loss 6674460.63125 | entropy 2.1774 | gamma_reach 0.999820 | ent_coef 0.00059 | elapsed 26.00s
iter 00209 | success 0.087 | cost 96.6 | energy 441.4 | actor_loss 0.35791 | energy_loss 5306.18904 | reach_loss 8145854.91250 | entropy 2.1774 | gamma_reach 0.999824 | ent_coef 0.00058 | elapsed 27.08s
iter 00210 | success 0.063 | cost 76.4 | energy 349.2 | actor_loss 0.36039 | energy_loss 5718.26124 | reach_loss 7427285.73125 | entropy 2.1774 | gamma_reach 0.999828 | ent_coef 0.00058 | elapsed 26.13s
debug 00210 | std_mean 0.5000 | std_min 0.5000 | std_max 0.5000 | done_mean 0.9259 | energy_min_ratio 0.5914 | energy_neg_ratio 0.8163 | e_cons [7.531e+00, 8.000e+00] | first_emin_step 82.12 | act_clip_ratio 0.9169 | act_abs [5.945e+01, 3.134e+02] | act_mean_abs [5.944e+01, 3.132e+02] | act_mean_clip_ratio 0.9090 | clipped_act_abs [9.553e-01, 1.000e+00] | init_energy [-4.000e+02, 2.050e+02, 7.999e+02] | v_reach [-1.523e+04, 2.601e+03] | t_reach [-4.999e+03, 1.278e+03] | reach_clip_ratio 0.1666 | open_ratio 0.0741 | t_done [-3.000e+02, 1.278e+03] | t_open [-4.999e+03, 7.915e+02] | v_open [-1.468e+04, 2.347e+03] | tmin_src done 0 t 199 v -9.030e+03 next_v -5.000e+03 g -3.000e+02 h -3.000e+02 energy -4.000e+02 | adv_total_std 7.106e+02 | adv_open_std 6.475e+02
iter 00211 | success 0.076 | cost 89.7 | energy 424.3 | actor_loss 0.35984 | energy_loss 5581.36555 | reach_loss 7112588.51250 | entropy 2.1774 | gamma_reach 0.999832 | ent_coef 0.00058 | elapsed 25.99s
iter 00212 | success 0.087 | cost 86.2 | energy 413.4 | actor_loss 0.35887 | energy_loss 6609.05880 | reach_loss 6935125.54375 | entropy 2.1774 | gamma_reach 0.999836 | ent_coef 0.00058 | elapsed 25.18s
iter 00213 | success 0.083 | cost 85.4 | energy 438.4 | actor_loss 0.35685 | energy_loss 8132.13904 | reach_loss 6092519.96875 | entropy 2.1774 | gamma_reach 0.999840 | ent_coef 0.00058 | elapsed 27.22s
iter 00214 | success 0.087 | cost 95.3 | energy 433.4 | actor_loss 0.35515 | energy_loss 8147.81948 | reach_loss 4922877.71875 | entropy 2.1774 | gamma_reach 0.999843 | ent_coef 0.00057 | elapsed 25.39s
iter 00215 | success 0.065 | cost 93.0 | energy 426.6 | actor_loss 0.35685 | energy_loss 8859.65734 | reach_loss 4824655.21250 | entropy 2.1774 | gamma_reach 0.999847 | ent_coef 0.00057 | elapsed 26.67s
iter 00216 | success 0.068 | cost 89.2 | energy 419.4 | actor_loss 0.35638 | energy_loss 10062.58848 | reach_loss 3650012.01562 | entropy 2.1774 | gamma_reach 0.999851 | ent_coef 0.00057 | elapsed 24.76s
iter 00217 | success 0.103 | cost 88.9 | energy 431.9 | actor_loss 0.35615 | energy_loss 8542.38936 | reach_loss 3580262.54688 | entropy 2.1774 | gamma_reach 0.999855 | ent_coef 0.00057 | elapsed 26.79s
iter 00218 | success 0.089 | cost 85.4 | energy 406.8 | actor_loss 0.35430 | energy_loss 7046.51388 | reach_loss 3938804.12188 | entropy 2.1774 | gamma_reach 0.999859 | ent_coef 0.00057 | elapsed 25.49s
iter 00219 | success 0.081 | cost 92.7 | energy 417.9 | actor_loss 0.35235 | energy_loss 8616.77022 | reach_loss 4114525.08125 | entropy 2.1774 | gamma_reach 0.999863 | ent_coef 0.00056 | elapsed 26.90s
iter 00220 | success 0.108 | cost 92.8 | energy 427.9 | actor_loss 0.34810 | energy_loss 10556.12200 | reach_loss 5298332.65625 | entropy 2.1774 | gamma_reach 0.999867 | ent_coef 0.00056 | elapsed 26.70s
debug 00220 | std_mean 0.5000 | std_min 0.5000 | std_max 0.5000 | done_mean 0.9291 | energy_min_ratio 0.5989 | energy_neg_ratio 0.8228 | e_cons [7.512e+00, 8.000e+00] | first_emin_step 80.63 | act_clip_ratio 0.9136 | act_abs [3.041e+01, 1.267e+02] | act_mean_abs [3.040e+01, 1.266e+02] | act_mean_clip_ratio 0.9085 | clipped_act_abs [9.536e-01, 1.000e+00] | init_energy [-3.997e+02, 1.937e+02, 8.000e+02] | v_reach [-1.288e+04, 2.482e+03] | t_reach [-4.999e+03, 1.690e+03] | reach_clip_ratio 0.1164 | open_ratio 0.0709 | t_done [-3.000e+02, 1.690e+03] | t_open [-4.999e+03, 7.920e+02] | v_open [-1.209e+04, 2.185e+03] | tmin_src done 0 t 199 v -8.486e+03 next_v -5.000e+03 g -3.000e+02 h -3.000e+02 energy -4.000e+02 | adv_total_std 6.236e+02 | adv_open_std 5.600e+02
iter 00221 | success 0.092 | cost 95.7 | energy 439.8 | actor_loss 0.35585 | energy_loss 10197.83235 | reach_loss 6357687.62500 | entropy 2.1774 | gamma_reach 0.999871 | ent_coef 0.00056 | elapsed 26.04s
iter 00222 | success 0.052 | cost 59.1 | energy 314.2 | actor_loss 0.35627 | energy_loss 11240.20021 | reach_loss 4588321.00000 | entropy 2.1774 | gamma_reach 0.999875 | ent_coef 0.00056 | elapsed 24.48s
iter 00223 | success 0.025 | cost 27.2 | energy 179.9 | actor_loss 0.36046 | energy_loss 15738.65724 | reach_loss 3566213.20938 | entropy 2.1774 | gamma_reach 0.999879 | ent_coef 0.00056 | elapsed 24.27s
iter 00224 | success 0.010 | cost 4.5 | energy 41.6 | actor_loss 0.35520 | energy_loss 13395.94906 | reach_loss 4980331.76250 | entropy 2.1774 | gamma_reach 0.999883 | ent_coef 0.00055 | elapsed 26.15s
iter 00225 | success 0.011 | cost 9.6 | energy 67.7 | actor_loss 0.36177 | energy_loss 15495.87272 | reach_loss 7834244.59375 | entropy 2.1774 | gamma_reach 0.999887 | ent_coef 0.00055 | elapsed 25.27s
iter 00226 | success 0.010 | cost 4.6 | energy 40.3 | actor_loss 0.35067 | energy_loss 11358.92350 | reach_loss 10131310.05000 | entropy 2.1774 | gamma_reach 0.999891 | ent_coef 0.00055 | elapsed 25.50s
iter 00227 | success 0.010 | cost 4.4 | energy 42.2 | actor_loss 0.36435 | energy_loss 12199.97064 | reach_loss 9187937.16250 | entropy 2.1774 | gamma_reach 0.999895 | ent_coef 0.00055 | elapsed 27.56s
iter 00228 | success 0.008 | cost 5.8 | energy 51.8 | actor_loss 0.36252 | energy_loss 14699.68605 | reach_loss 8568046.96250 | entropy 2.1774 | gamma_reach 0.999899 | ent_coef 0.00055 | elapsed 25.18s
iter 00229 | success 0.008 | cost 7.1 | energy 61.5 | actor_loss 0.35342 | energy_loss 14945.13741 | reach_loss 7273609.24375 | entropy 2.1774 | gamma_reach 0.999903 | ent_coef 0.00054 | elapsed 26.56s
iter 00230 | success 0.009 | cost 3.6 | energy 32.0 | actor_loss 0.34621 | energy_loss 13129.34213 | reach_loss 4920281.16250 | entropy 2.1774 | gamma_reach 0.999907 | ent_coef 0.00054 | elapsed 26.50s
debug 00230 | std_mean 0.5000 | std_min 0.5000 | std_max 0.5000 | done_mean 0.9168 | energy_min_ratio 0.5930 | energy_neg_ratio 0.8187 | e_cons [7.512e+00, 8.000e+00] | first_emin_step 81.80 | act_clip_ratio 0.9144 | act_abs [2.984e+01, 1.057e+02] | act_mean_abs [2.982e+01, 1.056e+02] | act_mean_clip_ratio 0.9077 | clipped_act_abs [9.535e-01, 1.000e+00] | init_energy [-3.991e+02, 1.980e+02, 7.999e+02] | v_reach [-1.324e+04, 6.427e+03] | t_reach [-5.000e+03, 1.751e+03] | reach_clip_ratio 0.1249 | open_ratio 0.0832 | t_done [-3.000e+02, 1.751e+03] | t_open [-5.000e+03, 7.932e+02] | v_open [-1.126e+04, 3.968e+03] | tmin_src done 0 t 199 v -5.783e+03 next_v -5.000e+03 g 2.538e+02 h 3.000e+02 energy -4.000e+02 | adv_total_std 7.489e+02 | adv_open_std 6.168e+02
iter 00231 | success 0.005 | cost 3.0 | energy 25.9 | actor_loss 0.34959 | energy_loss 14570.47635 | reach_loss 4906233.80000 | entropy 2.1774 | gamma_reach 0.999911 | ent_coef 0.00054 | elapsed 25.67s
iter 00232 | success 0.008 | cost 2.7 | energy 27.0 | actor_loss 0.35243 | energy_loss 14473.22329 | reach_loss 7068968.88125 | entropy 2.1774 | gamma_reach 0.999915 | ent_coef 0.00054 | elapsed 26.47s
iter 00233 | success 0.009 | cost 2.8 | energy 29.8 | actor_loss 0.35295 | energy_loss 14843.32566 | reach_loss 10830327.08750 | entropy 2.1774 | gamma_reach 0.999919 | ent_coef 0.00054 | elapsed 22.33s
iter 00234 | success 0.010 | cost 2.5 | energy 27.1 | actor_loss 0.35534 | energy_loss 14822.17111 | reach_loss 12000319.02500 | entropy 2.1774 | gamma_reach 0.999923 | ent_coef 0.00053 | elapsed 26.71s
iter 00235 | success 0.008 | cost 2.7 | energy 28.7 | actor_loss 0.35514 | energy_loss 14836.09463 | reach_loss 11473796.82500 | entropy 2.1774 | gamma_reach 0.999927 | ent_coef 0.00053 | elapsed 26.74s
iter 00236 | success 0.008 | cost 1.5 | energy 19.2 | actor_loss 0.35815 | energy_loss 16480.17897 | reach_loss 11376916.76250 | entropy 2.1774 | gamma_reach 0.999931 | ent_coef 0.00053 | elapsed 26.44s
iter 00237 | success 0.009 | cost 3.1 | energy 30.0 | actor_loss 0.34883 | energy_loss 20704.06304 | reach_loss 9534963.92500 | entropy 2.1774 | gamma_reach 0.999935 | ent_coef 0.00053 | elapsed 25.29s
iter 00238 | success 0.010 | cost 1.9 | energy 20.8 | actor_loss 0.35433 | energy_loss 17802.13848 | reach_loss 8029739.10000 | entropy 2.1774 | gamma_reach 0.999939 | ent_coef 0.00053 | elapsed 23.52s
iter 00239 | success 0.010 | cost 4.0 | energy 39.1 | actor_loss 0.35748 | energy_loss 17777.43132 | reach_loss 8867854.61250 | entropy 2.1774 | gamma_reach 0.999942 | ent_coef 0.00052 | elapsed 26.02s
iter 00240 | success 0.010 | cost 3.3 | energy 30.0 | actor_loss 0.35807 | energy_loss 17705.92336 | reach_loss 11401105.36250 | entropy 2.1774 | gamma_reach 0.999946 | ent_coef 0.00052 | elapsed 24.85s
debug 00240 | std_mean 0.5000 | std_min 0.5000 | std_max 0.5000 | done_mean 0.9159 | energy_min_ratio 0.5943 | energy_neg_ratio 0.8203 | e_cons [7.484e+00, 8.000e+00] | first_emin_step 81.54 | act_clip_ratio 0.9095 | act_abs [2.902e+01, 1.055e+02] | act_mean_abs [2.900e+01, 1.053e+02] | act_mean_clip_ratio 0.9020 | clipped_act_abs [9.507e-01, 1.000e+00] | init_energy [-3.999e+02, 1.942e+02, 7.998e+02] | v_reach [-1.692e+04, 4.856e+03] | t_reach [-5.000e+03, 1.783e+03] | reach_clip_ratio 0.2155 | open_ratio 0.0841 | t_done [-3.000e+02, 1.783e+03] | t_open [-5.000e+03, 7.914e+02] | v_open [-1.523e+04, 3.175e+03] | tmin_src done 0 t 199 v -1.046e+04 next_v -5.000e+03 g 2.997e+02 h -3.000e+02 energy -4.000e+02 | adv_total_std 9.542e+02 | adv_open_std 8.413e+02
iter 00241 | success 0.010 | cost 3.5 | energy 35.5 | actor_loss 0.35805 | energy_loss 24093.07896 | reach_loss 10872983.12500 | entropy 2.1774 | gamma_reach 0.999950 | ent_coef 0.00052 | elapsed 26.65s
iter 00242 | success 0.009 | cost 2.6 | energy 27.6 | actor_loss 0.35680 | energy_loss 30529.35356 | reach_loss 9892150.63750 | entropy 2.1774 | gamma_reach 0.999954 | ent_coef 0.00052 | elapsed 24.84s
iter 00243 | success 0.006 | cost 2.0 | energy 23.5 | actor_loss 0.35711 | energy_loss 24166.31885 | reach_loss 12121277.85000 | entropy 2.1774 | gamma_reach 0.999958 | ent_coef 0.00052 | elapsed 27.26s
iter 00244 | success 0.009 | cost 3.3 | energy 32.6 | actor_loss 0.35666 | energy_loss 24163.72390 | reach_loss 12504847.46250 | entropy 2.1774 | gamma_reach 0.999962 | ent_coef 0.00051 | elapsed 25.24s
iter 00245 | success 0.007 | cost 1.7 | energy 21.2 | actor_loss 0.35916 | energy_loss 26246.90229 | reach_loss 13370244.80000 | entropy 2.1774 | gamma_reach 0.999966 | ent_coef 0.00051 | elapsed 25.62s
iter 00246 | success 0.009 | cost 3.2 | energy 27.2 | actor_loss 0.35972 | energy_loss 28187.99009 | reach_loss 15991089.75000 | entropy 2.1774 | gamma_reach 0.999970 | ent_coef 0.00051 | elapsed 25.46s
iter 00247 | success 0.010 | cost 3.1 | energy 31.8 | actor_loss 0.35570 | energy_loss 28903.02642 | reach_loss 10221624.47500 | entropy 2.1774 | gamma_reach 0.999974 | ent_coef 0.00051 | elapsed 26.50s
iter 00248 | success 0.007 | cost 2.7 | energy 28.9 | actor_loss 0.35423 | energy_loss 32610.83333 | reach_loss 8051035.04375 | entropy 2.1774 | gamma_reach 0.999978 | ent_coef 0.00051 | elapsed 24.51s
iter 00249 | success 0.009 | cost 1.7 | energy 21.3 | actor_loss 0.35498 | energy_loss 27328.86096 | reach_loss 6943625.44375 | entropy 2.1774 | gamma_reach 0.999982 | ent_coef 0.00050 | elapsed 27.14s
iter 00250 | success 0.007 | cost 2.1 | energy 24.8 | actor_loss 0.35229 | energy_loss 27576.21296 | reach_loss 4365477.31875 | entropy 2.1774 | gamma_reach 0.999986 | ent_coef 0.00050 | elapsed 24.61s
debug 00250 | std_mean 0.5000 | std_min 0.5000 | std_max 0.5000 | done_mean 0.9082 | energy_min_ratio 0.5831 | energy_neg_ratio 0.8129 | e_cons [7.466e+00, 8.000e+00] | first_emin_step 83.81 | act_clip_ratio 0.9063 | act_abs [2.785e+01, 1.184e+02] | act_mean_abs [2.783e+01, 1.190e+02] | act_mean_clip_ratio 0.8981 | clipped_act_abs [9.490e-01, 1.000e+00] | init_energy [-3.999e+02, 2.084e+02, 7.999e+02] | v_reach [-1.385e+04, 3.369e+03] | t_reach [-5.000e+03, 1.706e+03] | reach_clip_ratio 0.0832 | open_ratio 0.0918 | t_done [-3.000e+02, 1.706e+03] | t_open [-5.000e+03, 7.937e+02] | v_open [-1.164e+04, 3.086e+03] | tmin_src done 0 t 199 v -5.335e+03 next_v -5.000e+03 g 3.898e+02 h -3.000e+02 energy -4.000e+02 | adv_total_std 9.203e+02 | adv_open_std 8.411e+02
iter 00251 | success 0.012 | cost 1.9 | energy 22.6 | actor_loss 0.34890 | energy_loss 25230.66311 | reach_loss 3583130.62188 | entropy 2.1774 | gamma_reach 0.999990 | ent_coef 0.00050 | elapsed 25.52s
iter 00252 | success 0.008 | cost 2.8 | energy 29.8 | actor_loss 0.35232 | energy_loss 32662.03459 | reach_loss 3334170.21875 | entropy 2.1774 | gamma_reach 0.999990 | ent_coef 0.00050 | elapsed 24.52s
iter 00253 | success 0.007 | cost 2.1 | energy 24.7 | actor_loss 0.35229 | energy_loss 20940.15076 | reach_loss 3350199.75000 | entropy 2.1774 | gamma_reach 0.999990 | ent_coef 0.00050 | elapsed 27.49s
iter 00254 | success 0.010 | cost 5.6 | energy 50.3 | actor_loss 0.35042 | energy_loss 17850.45298 | reach_loss 3256595.98750 | entropy 2.1774 | gamma_reach 0.999990 | ent_coef 0.00049 | elapsed 24.01s
iter 00255 | success 0.011 | cost 6.4 | energy 57.2 | actor_loss 0.35061 | energy_loss 14678.59279 | reach_loss 2972404.62188 | entropy 2.1774 | gamma_reach 0.999990 | ent_coef 0.00049 | elapsed 27.93s
iter 00256 | success 0.017 | cost 14.8 | energy 119.7 | actor_loss 0.35063 | energy_loss 13827.61167 | reach_loss 2681937.32812 | entropy 2.1774 | gamma_reach 0.999990 | ent_coef 0.00049 | elapsed 23.81s
iter 00257 | success 0.013 | cost 8.1 | energy 70.1 | actor_loss 0.35152 | energy_loss 14236.26735 | reach_loss 2979067.83750 | entropy 2.1774 | gamma_reach 0.999990 | ent_coef 0.00049 | elapsed 25.86s
iter 00258 | success 0.012 | cost 7.8 | energy 68.7 | actor_loss 0.35040 | energy_loss 11262.39648 | reach_loss 4971674.54375 | entropy 2.1774 | gamma_reach 0.999990 | ent_coef 0.00049 | elapsed 25.45s
iter 00259 | success 0.013 | cost 14.9 | energy 124.0 | actor_loss 0.34745 | energy_loss 12544.49049 | reach_loss 7957301.26250 | entropy 2.1774 | gamma_reach 0.999990 | ent_coef 0.00048 | elapsed 25.04s
iter 00260 | success 0.014 | cost 16.4 | energy 133.0 | actor_loss 0.34653 | energy_loss 12027.70859 | reach_loss 13136126.55000 | entropy 2.1774 | gamma_reach 0.999990 | ent_coef 0.00048 | elapsed 24.66s
debug 00260 | std_mean 0.5000 | std_min 0.5000 | std_max 0.5000 | done_mean 0.9199 | energy_min_ratio 0.5889 | energy_neg_ratio 0.8160 | e_cons [7.510e+00, 8.000e+00] | first_emin_step 82.64 | act_clip_ratio 0.9137 | act_abs [4.101e+01, 2.028e+02] | act_mean_abs [4.099e+01, 2.017e+02] | act_mean_clip_ratio 0.9054 | clipped_act_abs [9.533e-01, 1.000e+00] | init_energy [-4.000e+02, 2.042e+02, 8.000e+02] | v_reach [-1.674e+04, 3.738e+03] | t_reach [-5.000e+03, 1.696e+03] | reach_clip_ratio 0.2255 | open_ratio 0.0801 | t_done [-3.000e+02, 1.696e+03] | t_open [-5.000e+03, 7.953e+02] | v_open [-1.452e+04, 3.127e+03] | tmin_src done 0 t 199 v -1.104e+04 next_v -5.000e+03 g 2.170e+02 h -3.000e+02 energy -4.000e+02 | adv_total_std 9.731e+02 | adv_open_std 8.710e+02
iter 00261 | success 0.015 | cost 21.7 | energy 173.0 | actor_loss 0.34173 | energy_loss 10933.92203 | reach_loss 19072256.75000 | entropy 2.1774 | gamma_reach 0.999990 | ent_coef 0.00048 | elapsed 26.89s
iter 00262 | success 0.010 | cost 9.0 | energy 76.9 | actor_loss 0.34223 | energy_loss 14179.16093 | reach_loss 26407358.82500 | entropy 2.1774 | gamma_reach 0.999990 | ent_coef 0.00048 | elapsed 24.96s
iter 00263 | success 0.010 | cost 3.1 | energy 32.0 | actor_loss 0.34110 | energy_loss 11574.40171 | reach_loss 39603961.30000 | entropy 2.1774 | gamma_reach 0.999990 | ent_coef 0.00048 | elapsed 27.33s
iter 00264 | success 0.010 | cost 3.8 | energy 38.5 | actor_loss 0.34210 | energy_loss 11392.21501 | reach_loss 46823514.05000 | entropy 2.1774 | gamma_reach 0.999990 | ent_coef 0.00047 | elapsed 25.88s
iter 00265 | success 0.008 | cost 1.3 | energy 18.0 | actor_loss 0.33687 | energy_loss 12352.38888 | reach_loss 67654403.45000 | entropy 2.1774 | gamma_reach 0.999990 | ent_coef 0.00047 | elapsed 26.39s
iter 00266 | success 0.009 | cost 3.5 | energy 35.2 | actor_loss 0.32620 | energy_loss 16693.32836 | reach_loss 89832709.30000 | entropy 2.1774 | gamma_reach 0.999990 | ent_coef 0.00047 | elapsed 24.73s
iter 00267 | success 0.009 | cost 3.4 | energy 31.8 | actor_loss 0.32487 | energy_loss 12252.81678 | reach_loss 109590891.30000 | entropy 2.1774 | gamma_reach 0.999990 | ent_coef 0.00047 | elapsed 26.65s
iter 00268 | success 0.009 | cost 2.0 | energy 23.5 | actor_loss 0.33200 | energy_loss 11651.56993 | reach_loss 116031115.40000 | entropy 2.1774 | gamma_reach 0.999990 | ent_coef 0.00047 | elapsed 24.06s
iter 00269 | success 0.009 | cost 2.9 | energy 28.6 | actor_loss 0.33049 | energy_loss 12075.10234 | reach_loss 138335815.40000 | entropy 2.1774 | gamma_reach 0.999990 | ent_coef 0.00046 | elapsed 27.42s
iter 00270 | success 0.011 | cost 3.2 | energy 29.4 | actor_loss 0.33742 | energy_loss 9972.29255 | reach_loss 140834997.60000 | entropy 2.1774 | gamma_reach 0.999990 | ent_coef 0.00046 | elapsed 25.09s
debug 00270 | std_mean 0.5000 | std_min 0.5000 | std_max 0.5000 | done_mean 0.9170 | energy_min_ratio 0.5826 | energy_neg_ratio 0.8131 | e_cons [7.402e+00, 8.000e+00] | first_emin_step 83.89 | act_clip_ratio 0.8966 | act_abs [4.523e+01, 2.599e+02] | act_mean_abs [4.522e+01, 2.606e+02] | act_mean_clip_ratio 0.8871 | clipped_act_abs [9.427e-01, 1.000e+00] | init_energy [-3.998e+02, 2.064e+02, 8.000e+02] | v_reach [-7.694e+04, 4.522e+03] | t_reach [-5.000e+03, 1.721e+03] | reach_clip_ratio 0.5217 | open_ratio 0.0830 | t_done [-3.000e+02, 1.721e+03] | t_open [-5.000e+03, 7.941e+02] | v_open [-5.768e+04, 4.073e+03] | tmin_src done 0 t 199 v -4.790e+04 next_v -5.000e+03 g 2.684e+02 h 3.000e+02 energy -4.000e+02 | adv_total_std 1.087e+03 | adv_open_std 9.801e+02
iter 00271 | success 0.009 | cost 2.8 | energy 29.1 | actor_loss 0.33581 | energy_loss 10281.72144 | reach_loss 156921970.80000 | entropy 2.1774 | gamma_reach 0.999990 | ent_coef 0.00046 | elapsed 27.49s
iter 00272 | success 0.010 | cost 3.5 | energy 35.2 | actor_loss 0.34085 | energy_loss 9121.56227 | reach_loss 165126405.80000 | entropy 2.1774 | gamma_reach 0.999990 | ent_coef 0.00046 | elapsed 25.05s
iter 00273 | success 0.010 | cost 4.4 | energy 39.0 | actor_loss 0.34309 | energy_loss 10571.69685 | reach_loss 165380627.60000 | entropy 2.1774 | gamma_reach 0.999990 | ent_coef 0.00046 | elapsed 26.26s
iter 00274 | success 0.009 | cost 3.6 | energy 36.5 | actor_loss 0.34386 | energy_loss 8807.75486 | reach_loss 173514582.80000 | entropy 2.1774 | gamma_reach 0.999990 | ent_coef 0.00045 | elapsed 24.47s
iter 00275 | success 0.007 | cost 3.7 | energy 37.0 | actor_loss 0.34255 | energy_loss 9848.04209 | reach_loss 174261734.80000 | entropy 2.1774 | gamma_reach 0.999990 | ent_coef 0.00045 | elapsed 25.80s
iter 00276 | success 0.073 | cost 74.9 | energy 468.1 | actor_loss 0.33478 | energy_loss 9693.10657 | reach_loss 141895377.20000 | entropy 2.1774 | gamma_reach 0.999990 | ent_coef 0.00045 | elapsed 25.27s
iter 00277 | success 0.101 | cost 104.1 | energy 516.3 | actor_loss 0.32532 | energy_loss 9521.78159 | reach_loss 57898278.40000 | entropy 2.1774 | gamma_reach 0.999990 | ent_coef 0.00045 | elapsed 26.55s
iter 00278 | success 0.102 | cost 111.4 | energy 436.3 | actor_loss 0.32923 | energy_loss 8063.47703 | reach_loss 45996369.20000 | entropy 2.1774 | gamma_reach 0.999990 | ent_coef 0.00045 | elapsed 24.42s
iter 00279 | success 0.079 | cost 122.4 | energy 418.8 | actor_loss 0.32697 | energy_loss 8728.50256 | reach_loss 31275767.65000 | entropy 2.1774 | gamma_reach 0.999990 | ent_coef 0.00044 | elapsed 27.55s
iter 00280 | success 0.091 | cost 117.9 | energy 475.3 | actor_loss 0.32937 | energy_loss 10124.28752 | reach_loss 30885099.20000 | entropy 2.1774 | gamma_reach 0.999990 | ent_coef 0.00044 | elapsed 24.96s
debug 00280 | std_mean 0.5000 | std_min 0.5000 | std_max 0.5000 | done_mean 0.9333 | energy_min_ratio 0.5998 | energy_neg_ratio 0.8202 | e_cons [7.607e+00, 8.000e+00] | first_emin_step 80.44 | act_clip_ratio 0.9320 | act_abs [6.760e+01, 4.473e+02] | act_mean_abs [6.759e+01, 4.476e+02] | act_mean_clip_ratio 0.9274 | clipped_act_abs [9.624e-01, 1.000e+00] | init_energy [-3.998e+02, 1.987e+02, 7.998e+02] | v_reach [-2.937e+04, 4.899e+03] | t_reach [-5.000e+03, 1.478e+03] | reach_clip_ratio 0.5149 | open_ratio 0.0667 | t_done [-3.000e+02, 1.478e+03] | t_open [-5.000e+03, 7.922e+02] | v_open [-2.013e+04, 4.238e+03] | tmin_src done 0 t 199 v -6.258e+03 next_v -5.000e+03 g -3.000e+02 h -3.000e+02 energy -4.000e+02 | adv_total_std 1.092e+03 | adv_open_std 1.005e+03
iter 00281 | success 0.096 | cost 100.4 | energy 496.1 | actor_loss 0.32838 | energy_loss 8985.78016 | reach_loss 25780843.25000 | entropy 2.1774 | gamma_reach 0.999990 | ent_coef 0.00044 | elapsed 27.43s
iter 00282 | success 0.082 | cost 110.1 | energy 559.3 | actor_loss 0.33234 | energy_loss 10901.77839 | reach_loss 22092464.72500 | entropy 2.1774 | gamma_reach 0.999990 | ent_coef 0.00044 | elapsed 23.59s
iter 00283 | success 0.137 | cost 109.3 | energy 575.4 | actor_loss 0.32106 | energy_loss 13906.31943 | reach_loss 20224057.47500 | entropy 2.1774 | gamma_reach 0.999990 | ent_coef 0.00044 | elapsed 25.94s
iter 00284 | success 0.030 | cost 83.4 | energy 247.9 | actor_loss 0.31725 | energy_loss 11864.54005 | reach_loss 19439298.05000 | entropy 2.1774 | gamma_reach 0.999990 | ent_coef 0.00043 | elapsed 25.19s
iter 00285 | success 0.079 | cost 109.8 | energy 385.1 | actor_loss 0.32096 | energy_loss 10307.13046 | reach_loss 20230954.85000 | entropy 2.1774 | gamma_reach 0.999990 | ent_coef 0.00043 | elapsed 25.78s
iter 00286 | success 0.030 | cost 87.0 | energy 265.7 | actor_loss 0.31872 | energy_loss 12547.93765 | reach_loss 18318745.05000 | entropy 2.1774 | gamma_reach 0.999990 | ent_coef 0.00043 | elapsed 25.47s
iter 00287 | success 0.035 | cost 95.7 | energy 273.7 | actor_loss 0.32188 | energy_loss 9910.66533 | reach_loss 19521157.97500 | entropy 2.1774 | gamma_reach 0.999990 | ent_coef 0.00043 | elapsed 26.40s
iter 00288 | success 0.037 | cost 98.0 | energy 262.2 | actor_loss 0.32488 | energy_loss 6390.64553 | reach_loss 19670404.22500 | entropy 2.1774 | gamma_reach 0.999990 | ent_coef 0.00043 | elapsed 27.01s
iter 00289 | success 0.015 | cost 38.8 | energy 165.3 | actor_loss 0.32161 | energy_loss 9236.42393 | reach_loss 19283492.15000 | entropy 2.1774 | gamma_reach 0.999990 | ent_coef 0.00042 | elapsed 25.73s
iter 00290 | success 0.016 | cost 24.9 | energy 170.7 | actor_loss 0.28585 | energy_loss 11270.48781 | reach_loss 14622629.77500 | entropy 2.1774 | gamma_reach 0.999990 | ent_coef 0.00042 | elapsed 26.12s
debug 00290 | std_mean 0.5000 | std_min 0.5000 | std_max 0.5000 | done_mean 0.9026 | energy_min_ratio 0.6060 | energy_neg_ratio 0.8254 | e_cons [7.619e+00, 8.000e+00] | first_emin_step 79.19 | act_clip_ratio 0.9302 | act_abs [4.842e+01, 3.301e+02] | act_mean_abs [4.842e+01, 3.302e+02] | act_mean_clip_ratio 0.9281 | clipped_act_abs [9.641e-01, 1.000e+00] | init_energy [-3.998e+02, 1.997e+02, 7.997e+02] | v_reach [-1.832e+04, 5.234e+03] | t_reach [-5.000e+03, 1.134e+03] | reach_clip_ratio 0.3035 | open_ratio 0.0974 | t_done [-3.000e+02, 1.134e+03] | t_open [-5.000e+03, 7.920e+02] | v_open [-1.403e+04, 3.978e+03] | tmin_src done 0 t 199 v -8.491e+03 next_v -5.000e+03 g 4.137e+02 h -3.000e+02 energy -4.000e+02 | adv_total_std 9.264e+02 | adv_open_std 7.580e+02
iter 00291 | success 0.017 | cost 21.3 | energy 145.4 | actor_loss 0.28447 | energy_loss 10764.42321 | reach_loss 15267229.41250 | entropy 2.1774 | gamma_reach 0.999990 | ent_coef 0.00042 | elapsed 25.46s
iter 00292 | success 0.016 | cost 22.1 | energy 133.6 | actor_loss 0.27321 | energy_loss 10753.36138 | reach_loss 15066654.52500 | entropy 2.1774 | gamma_reach 0.999990 | ent_coef 0.00042 | elapsed 25.53s
iter 00293 | success 0.015 | cost 18.5 | energy 132.8 | actor_loss 0.25488 | energy_loss 13031.93322 | reach_loss 14858757.05000 | entropy 2.1774 | gamma_reach 0.999990 | ent_coef 0.00042 | elapsed 25.28s
iter 00294 | success 0.018 | cost 26.2 | energy 167.9 | actor_loss 0.26271 | energy_loss 13965.51528 | reach_loss 15300551.01250 | entropy 2.1774 | gamma_reach 0.999990 | ent_coef 0.00041 | elapsed 28.34s
iter 00295 | success 0.018 | cost 22.5 | energy 157.5 | actor_loss 0.26080 | energy_loss 16239.41108 | reach_loss 16401574.58750 | entropy 2.1774 | gamma_reach 0.999990 | ent_coef 0.00041 | elapsed 27.64s
iter 00296 | success 0.017 | cost 16.6 | energy 100.4 | actor_loss 0.26177 | energy_loss 17048.45615 | reach_loss 17064227.50000 | entropy 2.1774 | gamma_reach 0.999990 | ent_coef 0.00041 | elapsed 27.32s
iter 00297 | success 0.015 | cost 22.3 | energy 139.8 | actor_loss 0.26651 | energy_loss 18893.26890 | reach_loss 17903977.85000 | entropy 2.1774 | gamma_reach 0.999990 | ent_coef 0.00041 | elapsed 26.48s
iter 00298 | success 0.019 | cost 20.5 | energy 147.3 | actor_loss 0.25873 | energy_loss 17861.55652 | reach_loss 18047609.60000 | entropy 2.1774 | gamma_reach 0.999990 | ent_coef 0.00041 | elapsed 24.43s
iter 00299 | success 0.014 | cost 26.2 | energy 178.1 | actor_loss 0.27520 | energy_loss 19294.24954 | reach_loss 19032778.20000 | entropy 2.1774 | gamma_reach 0.999990 | ent_coef 0.00040 | elapsed 26.61s
iter 00300 | success 0.015 | cost 29.0 | energy 160.9 | actor_loss 0.27860 | energy_loss 23188.07395 | reach_loss 18906657.07500 | entropy 2.1774 | gamma_reach 0.999990 | ent_coef 0.00040 | elapsed 25.61s
debug 00300 | std_mean 0.5000 | std_min 0.5000 | std_max 0.5000 | done_mean 0.8986 | energy_min_ratio 0.6089 | energy_neg_ratio 0.8267 | e_cons [7.679e+00, 8.000e+00] | first_emin_step 78.61 | act_clip_ratio 0.9397 | act_abs [4.926e+01, 3.452e+02] | act_mean_abs [4.925e+01, 3.454e+02] | act_mean_clip_ratio 0.9403 | clipped_act_abs [9.700e-01, 1.000e+00] | init_energy [-3.996e+02, 2.008e+02, 7.997e+02] | v_reach [-1.886e+04, 8.270e+03] | t_reach [-5.000e+03, 9.638e+02] | reach_clip_ratio 0.3334 | open_ratio 0.1014 | t_done [-3.000e+02, 9.638e+02] | t_open [-5.000e+03, 7.908e+02] | v_open [-1.867e+04, 8.270e+03] | tmin_src done 0 t 199 v -4.978e+03 next_v -5.000e+03 g 4.049e+02 h 3.000e+02 energy -4.000e+02 | adv_total_std 9.923e+02 | adv_open_std 8.446e+02
iter 00301 | success 0.016 | cost 17.2 | energy 128.6 | actor_loss 0.25330 | energy_loss 11996.32922 | reach_loss 16904231.52500 | entropy 2.1774 | gamma_reach 0.999990 | ent_coef 0.00040 | elapsed 28.36s
iter 00302 | success 0.017 | cost 19.0 | energy 117.8 | actor_loss 0.24438 | energy_loss 12530.68188 | reach_loss 16823974.61250 | entropy 2.1774 | gamma_reach 0.999990 | ent_coef 0.00040 | elapsed 25.97s
iter 00303 | success 0.012 | cost 29.4 | energy 216.4 | actor_loss 0.24350 | energy_loss 14461.84380 | reach_loss 17615030.70000 | entropy 2.1774 | gamma_reach 0.999990 | ent_coef 0.00040 | elapsed 25.79s
iter 00304 | success 0.016 | cost 21.9 | energy 135.0 | actor_loss 0.24070 | energy_loss 12136.21906 | reach_loss 20591683.17500 | entropy 2.1774 | gamma_reach 0.999990 | ent_coef 0.00039 | elapsed 25.70s
iter 00305 | success 0.020 | cost 18.9 | energy 128.6 | actor_loss 0.23163 | energy_loss 12269.95912 | reach_loss 25320139.40000 | entropy 2.1774 | gamma_reach 0.999990 | ent_coef 0.00039 | elapsed 27.48s
iter 00306 | success 0.019 | cost 24.0 | energy 153.7 | actor_loss 0.22524 | energy_loss 14014.57008 | reach_loss 34196615.65000 | entropy 2.1774 | gamma_reach 0.999990 | ent_coef 0.00039 | elapsed 23.98s
iter 00307 | success 0.017 | cost 27.5 | energy 182.2 | actor_loss 0.22171 | energy_loss 12776.12614 | reach_loss 47557689.45000 | entropy 2.1774 | gamma_reach 0.999990 | ent_coef 0.00039 | elapsed 24.41s
iter 00308 | success 0.021 | cost 21.0 | energy 126.9 | actor_loss 0.22422 | energy_loss 13481.14214 | reach_loss 60930723.60000 | entropy 2.1774 | gamma_reach 0.999990 | ent_coef 0.00039 | elapsed 24.44s
iter 00309 | success 0.017 | cost 16.7 | energy 123.4 | actor_loss 0.23007 | energy_loss 20335.37649 | reach_loss 60300580.25000 | entropy 2.1774 | gamma_reach 0.999990 | ent_coef 0.00038 | elapsed 26.79s
iter 00310 | success 0.015 | cost 23.5 | energy 134.7 | actor_loss 0.22470 | energy_loss 20051.80830 | reach_loss 69334075.30000 | entropy 2.1774 | gamma_reach 0.999990 | ent_coef 0.00038 | elapsed 26.86s
debug 00310 | std_mean 0.5000 | std_min 0.5000 | std_max 0.5000 | done_mean 0.8986 | energy_min_ratio 0.6215 | energy_neg_ratio 0.8350 | e_cons [7.746e+00, 8.000e+00] | first_emin_step 76.08 | act_clip_ratio 0.9507 | act_abs [4.012e+01, 2.957e+02] | act_mean_abs [4.011e+01, 2.957e+02] | act_mean_clip_ratio 0.9528 | clipped_act_abs [9.764e-01, 1.000e+00] | init_energy [-4.000e+02, 1.893e+02, 7.999e+02] | v_reach [-5.882e+04, 6.036e+03] | t_reach [-5.000e+03, 1.593e+03] | reach_clip_ratio 0.7389 | open_ratio 0.1014 | t_done [-3.000e+02, 1.593e+03] | t_open [-5.000e+03, 7.888e+02] | v_open [-3.558e+04, 5.371e+03] | tmin_src done 0 t 199 v -1.159e+04 next_v -5.000e+03 g 3.592e+02 h 3.000e+02 energy -4.000e+02 | adv_total_std 7.565e+02 | adv_open_std 6.827e+02
iter 00311 | success 0.018 | cost 21.9 | energy 136.3 | actor_loss 0.22676 | energy_loss 17915.92144 | reach_loss 76620672.90000 | entropy 2.1774 | gamma_reach 0.999990 | ent_coef 0.00038 | elapsed 28.05s
iter 00312 | success 0.014 | cost 24.3 | energy 176.4 | actor_loss 0.22782 | energy_loss 22305.69377 | reach_loss 66732797.10000 | entropy 2.1774 | gamma_reach 0.999990 | ent_coef 0.00038 | elapsed 25.92s
iter 00313 | success 0.021 | cost 23.9 | energy 154.8 | actor_loss 0.23289 | energy_loss 26802.77898 | reach_loss 65364689.05000 | entropy 2.1774 | gamma_reach 0.999990 | ent_coef 0.00038 | elapsed 26.71s
iter 00314 | success 0.016 | cost 24.2 | energy 163.3 | actor_loss 0.23874 | energy_loss 38441.48564 | reach_loss 58117367.90000 | entropy 2.1774 | gamma_reach 0.999990 | ent_coef 0.00037 | elapsed 25.03s
iter 00315 | success 0.015 | cost 28.2 | energy 187.5 | actor_loss 0.24863 | energy_loss 28060.04114 | reach_loss 61002758.75000 | entropy 2.1774 | gamma_reach 0.999990 | ent_coef 0.00037 | elapsed 27.35s
iter 00316 | success 0.013 | cost 15.6 | energy 115.0 | actor_loss 0.25793 | energy_loss 36009.20469 | reach_loss 63926754.15000 | entropy 2.1774 | gamma_reach 0.999990 | ent_coef 0.00037 | elapsed 25.72s
iter 00317 | success 0.018 | cost 24.4 | energy 151.6 | actor_loss 0.25171 | energy_loss 29412.26809 | reach_loss 63836499.00000 | entropy 2.1774 | gamma_reach 0.999990 | ent_coef 0.00037 | elapsed 27.26s
iter 00318 | success 0.017 | cost 27.2 | energy 179.7 | actor_loss 0.26311 | energy_loss 41107.81079 | reach_loss 67329829.55000 | entropy 2.1774 | gamma_reach 0.999990 | ent_coef 0.00037 | elapsed 26.26s
iter 00319 | success 0.019 | cost 21.8 | energy 148.5 | actor_loss 0.26688 | energy_loss 30284.27297 | reach_loss 64585684.40000 | entropy 2.1774 | gamma_reach 0.999990 | ent_coef 0.00036 | elapsed 26.24s
iter 00320 | success 0.013 | cost 20.9 | energy 150.9 | actor_loss 0.28327 | energy_loss 24001.13601 | reach_loss 70356260.50000 | entropy 2.1774 | gamma_reach 0.999990 | ent_coef 0.00036 | elapsed 25.95s
debug 00320 | std_mean 0.5000 | std_min 0.5000 | std_max 0.5000 | done_mean 0.8874 | energy_min_ratio 0.6132 | energy_neg_ratio 0.8299 | e_cons [7.583e+00, 8.000e+00] | first_emin_step 77.74 | act_clip_ratio 0.9199 | act_abs [5.140e+01, 4.849e+02] | act_mean_abs [5.139e+01, 4.845e+02] | act_mean_clip_ratio 0.9242 | clipped_act_abs [9.612e-01, 1.000e+00] | init_energy [-3.998e+02, 1.950e+02, 7.998e+02] | v_reach [-5.348e+04, 3.113e+03] | t_reach [-5.000e+03, 1.157e+03] | reach_clip_ratio 0.7588 | open_ratio 0.1126 | t_done [-3.000e+02, 1.157e+03] | t_open [-5.000e+03, 7.620e+02] | v_open [-3.458e+04, 2.934e+03] | tmin_src done 0 t 199 v -1.478e+04 next_v -5.000e+03 g 2.705e+02 h -3.000e+02 energy -4.000e+02 | adv_total_std 3.966e+02 | adv_open_std 3.144e+02
iter 00321 | success 0.015 | cost 29.3 | energy 197.5 | actor_loss 0.30180 | energy_loss 19904.88960 | reach_loss 80492078.90000 | entropy 2.1774 | gamma_reach 0.999990 | ent_coef 0.00036 | elapsed 26.94s
iter 00322 | success 0.015 | cost 24.8 | energy 175.3 | actor_loss 0.30578 | energy_loss 17123.36184 | reach_loss 80659137.60000 | entropy 2.1774 | gamma_reach 0.999990 | ent_coef 0.00036 | elapsed 24.74s
iter 00323 | success 0.015 | cost 21.7 | energy 148.9 | actor_loss 0.31544 | energy_loss 17866.76018 | reach_loss 81198921.10000 | entropy 2.1774 | gamma_reach 0.999990 | ent_coef 0.00036 | elapsed 28.18s
iter 00324 | success 0.017 | cost 28.7 | energy 125.4 | actor_loss 0.31704 | energy_loss 18252.08379 | reach_loss 77103651.50000 | entropy 2.1774 | gamma_reach 0.999990 | ent_coef 0.00035 | elapsed 26.28s
iter 00325 | success 0.017 | cost 22.8 | energy 160.2 | actor_loss 0.31553 | energy_loss 16540.93848 | reach_loss 76301818.90000 | entropy 2.1774 | gamma_reach 0.999990 | ent_coef 0.00035 | elapsed 28.74s
iter 00326 | success 0.017 | cost 19.7 | energy 145.6 | actor_loss 0.31462 | energy_loss 19030.51934 | reach_loss 76378403.00000 | entropy 2.1774 | gamma_reach 0.999990 | ent_coef 0.00035 | elapsed 25.75s
iter 00327 | success 0.021 | cost 23.4 | energy 151.3 | actor_loss 0.31327 | energy_loss 16204.59716 | reach_loss 84485626.70000 | entropy 2.1774 | gamma_reach 0.999990 | ent_coef 0.00035 | elapsed 27.53s
iter 00328 | success 0.020 | cost 18.1 | energy 127.2 | actor_loss 0.31243 | energy_loss 15743.38859 | reach_loss 92449814.20000 | entropy 2.1774 | gamma_reach 0.999990 | ent_coef 0.00035 | elapsed 27.20s
iter 00329 | success 0.017 | cost 21.5 | energy 152.9 | actor_loss 0.31465 | energy_loss 12777.52285 | reach_loss 93304510.90000 | entropy 2.1774 | gamma_reach 0.999990 | ent_coef 0.00034 | elapsed 27.15s
iter 00330 | success 0.018 | cost 20.4 | energy 146.9 | actor_loss 0.31554 | energy_loss 14129.68021 | reach_loss 97161350.90000 | entropy 2.1774 | gamma_reach 0.999990 | ent_coef 0.00034 | elapsed 24.06s
debug 00330 | std_mean 0.5000 | std_min 0.5000 | std_max 0.5000 | done_mean 0.8991 | energy_min_ratio 0.6261 | energy_neg_ratio 0.8358 | e_cons [7.852e+00, 8.000e+00] | first_emin_step 75.16 | act_clip_ratio 0.9722 | act_abs [5.260e+01, 4.983e+02] | act_mean_abs [5.259e+01, 4.992e+02] | act_mean_clip_ratio 0.9724 | clipped_act_abs [9.861e-01, 1.000e+00] | init_energy [-3.996e+02, 1.884e+02, 7.998e+02] | v_reach [-5.714e+04, 2.574e+03] | t_reach [-5.000e+03, 1.103e+03] | reach_clip_ratio 0.8787 | open_ratio 0.1009 | t_done [-3.000e+02, 1.103e+03] | t_open [-5.000e+03, 7.424e+02] | v_open [-4.700e+04, 2.505e+03] | tmin_src done 0 t 199 v -1.619e+04 next_v -5.000e+03 g 1.740e+02 h -3.000e+02 energy -4.000e+02 | adv_total_std 3.464e+02 | adv_open_std 1.992e+02
iter 00331 | success 0.018 | cost 19.1 | energy 128.0 | actor_loss 0.31757 | energy_loss 14028.93369 | reach_loss 93019146.60000 | entropy 2.1774 | gamma_reach 0.999990 | ent_coef 0.00034 | elapsed 27.64s
iter 00332 | success 0.018 | cost 23.8 | energy 173.7 | actor_loss 0.31950 | energy_loss 14356.76904 | reach_loss 91633031.10000 | entropy 2.1774 | gamma_reach 0.999990 | ent_coef 0.00034 | elapsed 25.37s
iter 00333 | success 0.018 | cost 28.0 | energy 170.2 | actor_loss 0.32019 | energy_loss 12480.34591 | reach_loss 97616192.20000 | entropy 2.1774 | gamma_reach 0.999990 | ent_coef 0.00034 | elapsed 27.67s
iter 00334 | success 0.019 | cost 20.5 | energy 122.6 | actor_loss 0.32011 | energy_loss 8668.00824 | reach_loss 98029642.90000 | entropy 2.1774 | gamma_reach 0.999990 | ent_coef 0.00033 | elapsed 24.64s
iter 00335 | success 0.018 | cost 24.3 | energy 157.0 | actor_loss 0.31991 | energy_loss 6105.52016 | reach_loss 98162180.50000 | entropy 2.1774 | gamma_reach 0.999990 | ent_coef 0.00033 | elapsed 28.00s
iter 00336 | success 0.017 | cost 21.5 | energy 138.4 | actor_loss 0.31536 | energy_loss 8181.07916 | reach_loss 99860779.50000 | entropy 2.1774 | gamma_reach 0.999990 | ent_coef 0.00033 | elapsed 25.84s
iter 00337 | success 0.019 | cost 17.0 | energy 120.9 | actor_loss 0.32071 | energy_loss 6519.94680 | reach_loss 104677206.10000 | entropy 2.1774 | gamma_reach 0.999990 | ent_coef 0.00033 | elapsed 28.30s
iter 00338 | success 0.014 | cost 18.7 | energy 135.1 | actor_loss 0.31684 | energy_loss 9492.03958 | reach_loss 99830713.20000 | entropy 2.1774 | gamma_reach 0.999990 | ent_coef 0.00033 | elapsed 27.44s
iter 00339 | success 0.016 | cost 30.0 | energy 162.4 | actor_loss 0.31663 | energy_loss 11719.38447 | reach_loss 102072866.70000 | entropy 2.1774 | gamma_reach 0.999990 | ent_coef 0.00032 | elapsed 25.72s
iter 00340 | success 0.016 | cost 27.4 | energy 178.6 | actor_loss 0.31767 | energy_loss 10215.73191 | reach_loss 96580869.50000 | entropy 2.1774 | gamma_reach 0.999990 | ent_coef 0.00032 | elapsed 27.51s
debug 00340 | std_mean 0.5000 | std_min 0.5000 | std_max 0.5000 | done_mean 0.9090 | energy_min_ratio 0.6124 | energy_neg_ratio 0.8251 | e_cons [7.860e+00, 8.000e+00] | first_emin_step 77.90 | act_clip_ratio 0.9739 | act_abs [5.127e+01, 4.611e+02] | act_mean_abs [5.126e+01, 4.612e+02] | act_mean_clip_ratio 0.9737 | clipped_act_abs [9.869e-01, 1.000e+00] | init_energy [-3.987e+02, 2.068e+02, 7.994e+02] | v_reach [-4.999e+04, 2.836e+03] | t_reach [-5.000e+03, 1.341e+03] | reach_clip_ratio 0.8916 | open_ratio 0.0910 | t_done [-3.000e+02, 1.341e+03] | t_open [-5.000e+03, 7.487e+02] | v_open [-4.246e+04, 2.621e+03] | tmin_src done 0 t 199 v -1.607e+04 next_v -5.000e+03 g 1.549e+02 h -3.000e+02 energy -4.000e+02 | adv_total_std 3.540e+02 | adv_open_std 1.695e+02
iter 00341 | success 0.013 | cost 19.9 | energy 108.9 | actor_loss 0.31776 | energy_loss 11261.80854 | reach_loss 93819970.30000 | entropy 2.1774 | gamma_reach 0.999990 | ent_coef 0.00032 | elapsed 25.47s
iter 00342 | success 0.016 | cost 21.4 | energy 128.7 | actor_loss 0.31768 | energy_loss 10698.24038 | reach_loss 94196573.20000 | entropy 2.1774 | gamma_reach 0.999990 | ent_coef 0.00032 | elapsed 28.43s
iter 00343 | success 0.013 | cost 15.9 | energy 109.2 | actor_loss 0.31625 | energy_loss 10605.94973 | reach_loss 99851323.50000 | entropy 2.1774 | gamma_reach 0.999990 | ent_coef 0.00032 | elapsed 25.32s
iter 00344 | success 0.018 | cost 19.1 | energy 121.3 | actor_loss 0.31597 | energy_loss 10679.72869 | reach_loss 103405368.10000 | entropy 2.1774 | gamma_reach 0.999990 | ent_coef 0.00031 | elapsed 28.72s
iter 00345 | success 0.017 | cost 25.4 | energy 152.6 | actor_loss 0.31764 | energy_loss 12129.72476 | reach_loss 104308352.90000 | entropy 2.1774 | gamma_reach 0.999990 | ent_coef 0.00031 | elapsed 29.82s
iter 00346 | success 0.017 | cost 28.3 | energy 181.1 | actor_loss 0.32072 | energy_loss 9510.76808 | reach_loss 103940188.50000 | entropy 2.1774 | gamma_reach 0.999990 | ent_coef 0.00031 | elapsed 29.77s
iter 00347 | success 0.015 | cost 21.1 | energy 144.4 | actor_loss 0.31972 | energy_loss 10434.96588 | reach_loss 114874147.80000 | entropy 2.1774 | gamma_reach 0.999990 | ent_coef 0.00031 | elapsed 27.52s
iter 00348 | success 0.012 | cost 21.3 | energy 147.9 | actor_loss 0.32035 | energy_loss 12194.19938 | reach_loss 113692420.30000 | entropy 2.1774 | gamma_reach 0.999990 | ent_coef 0.00031 | elapsed 26.71s
iter 00349 | success 0.014 | cost 20.4 | energy 145.5 | actor_loss 0.32009 | energy_loss 12938.75941 | reach_loss 115183493.80000 | entropy 2.1774 | gamma_reach 0.999990 | ent_coef 0.00030 | elapsed 26.17s
iter 00350 | success 0.015 | cost 18.4 | energy 139.4 | actor_loss 0.32049 | energy_loss 10633.12627 | reach_loss 115678406.70000 | entropy 2.1774 | gamma_reach 0.999990 | ent_coef 0.00030 | elapsed 25.20s
debug 00350 | std_mean 0.5000 | std_min 0.5000 | std_max 0.5000 | done_mean 0.9130 | energy_min_ratio 0.6111 | energy_neg_ratio 0.8266 | e_cons [7.811e+00, 8.000e+00] | first_emin_step 78.17 | act_clip_ratio 0.9648 | act_abs [4.477e+01, 4.516e+02] | act_mean_abs [4.477e+01, 4.521e+02] | act_mean_clip_ratio 0.9646 | clipped_act_abs [9.823e-01, 1.000e+00] | init_energy [-3.999e+02, 2.053e+02, 8.000e+02] | v_reach [-9.917e+04, 2.099e+03] | t_reach [-5.000e+03, 1.345e+03] | reach_clip_ratio 0.9145 | open_ratio 0.0870 | t_done [-3.000e+02, 1.345e+03] | t_open [-5.000e+03, 7.267e+02] | v_open [-6.858e+04, 9.064e+02] | tmin_src done 0 t 199 v -1.745e+04 next_v -5.000e+03 g 2.190e+02 h -3.000e+02 energy -4.000e+02 | adv_total_std 3.567e+02 | adv_open_std 1.617e+02
iter 00351 | success 0.013 | cost 21.6 | energy 158.2 | actor_loss 0.32101 | energy_loss 12249.48077 | reach_loss 129942320.60000 | entropy 2.1774 | gamma_reach 0.999990 | ent_coef 0.00030 | elapsed 25.64s
iter 00352 | success 0.018 | cost 24.8 | energy 156.0 | actor_loss 0.31965 | energy_loss 10790.91906 | reach_loss 140617289.40000 | entropy 2.1774 | gamma_reach 0.999990 | ent_coef 0.00030 | elapsed 25.81s
iter 00353 | success 0.015 | cost 20.3 | energy 124.1 | actor_loss 0.32060 | energy_loss 10623.86385 | reach_loss 142413179.40000 | entropy 2.1774 | gamma_reach 0.999990 | ent_coef 0.00030 | elapsed 26.95s
iter 00354 | success 0.016 | cost 31.3 | energy 196.4 | actor_loss 0.32137 | energy_loss 9455.80890 | reach_loss 141904577.00000 | entropy 2.1774 | gamma_reach 0.999990 | ent_coef 0.00029 | elapsed 27.17s
iter 00355 | success 0.016 | cost 18.1 | energy 123.1 | actor_loss 0.32127 | energy_loss 9537.30532 | reach_loss 143735225.60000 | entropy 2.1774 | gamma_reach 0.999990 | ent_coef 0.00029 | elapsed 25.22s
iter 00356 | success 0.020 | cost 29.3 | energy 203.1 | actor_loss 0.31676 | energy_loss 12247.21301 | reach_loss 165480115.00000 | entropy 2.1774 | gamma_reach 0.999990 | ent_coef 0.00029 | elapsed 27.41s
iter 00357 | success 0.017 | cost 24.0 | energy 155.3 | actor_loss 0.31560 | energy_loss 15139.02981 | reach_loss 139606078.60000 | entropy 2.1774 | gamma_reach 0.999990 | ent_coef 0.00029 | elapsed 25.94s
iter 00358 | success 0.017 | cost 30.4 | energy 159.0 | actor_loss 0.31805 | energy_loss 12242.48379 | reach_loss 131075655.00000 | entropy 2.1774 | gamma_reach 0.999990 | ent_coef 0.00029 | elapsed 25.65s
iter 00359 | success 0.024 | cost 27.7 | energy 167.2 | actor_loss 0.31444 | energy_loss 12845.36815 | reach_loss 131046735.30000 | entropy 2.1774 | gamma_reach 0.999990 | ent_coef 0.00028 | elapsed 27.26s
iter 00360 | success 0.018 | cost 27.3 | energy 169.3 | actor_loss 0.31604 | energy_loss 11454.25659 | reach_loss 129865755.70000 | entropy 2.1774 | gamma_reach 0.999990 | ent_coef 0.00028 | elapsed 26.56s
debug 00360 | std_mean 0.5000 | std_min 0.5000 | std_max 0.5000 | done_mean 0.9186 | energy_min_ratio 0.6214 | energy_neg_ratio 0.8334 | e_cons [7.842e+00, 8.000e+00] | first_emin_step 76.09 | act_clip_ratio 0.9704 | act_abs [4.406e+01, 4.829e+02] | act_mean_abs [4.406e+01, 4.831e+02] | act_mean_clip_ratio 0.9704 | clipped_act_abs [9.852e-01, 1.000e+00] | init_energy [-3.999e+02, 1.926e+02, 7.999e+02] | v_reach [-1.221e+05, 1.990e+03] | t_reach [-5.000e+03, 1.242e+03] | reach_clip_ratio 0.9467 | open_ratio 0.0814 | t_done [-3.000e+02, 1.242e+03] | t_open [-5.000e+03, 6.238e+02] | v_open [-8.501e+04, 5.666e+02] | tmin_src done 0 t 199 v -1.201e+04 next_v -5.000e+03 g 1.686e+02 h -3.000e+02 energy -4.000e+02 | adv_total_std 3.593e+02 | adv_open_std 1.496e+02
iter 00361 | success 0.021 | cost 36.2 | energy 190.6 | actor_loss 0.31099 | energy_loss 12283.71548 | reach_loss 132095470.50000 | entropy 2.1774 | gamma_reach 0.999990 | ent_coef 0.00028 | elapsed 26.01s
iter 00362 | success 0.026 | cost 23.0 | energy 136.0 | actor_loss 0.31038 | energy_loss 16144.33730 | reach_loss 119850274.80000 | entropy 2.1774 | gamma_reach 0.999990 | ent_coef 0.00028 | elapsed 27.30s
iter 00363 | success 0.021 | cost 25.7 | energy 165.0 | actor_loss 0.31214 | energy_loss 18097.33975 | reach_loss 119753039.40000 | entropy 2.1774 | gamma_reach 0.999990 | ent_coef 0.00028 | elapsed 25.72s
iter 00364 | success 0.021 | cost 32.3 | energy 195.7 | actor_loss 0.31450 | energy_loss 17783.71384 | reach_loss 115049421.70000 | entropy 2.1774 | gamma_reach 0.999990 | ent_coef 0.00027 | elapsed 27.61s
iter 00365 | success 0.021 | cost 27.9 | energy 201.4 | actor_loss 0.31322 | energy_loss 17932.79133 | reach_loss 111023537.70000 | entropy 2.1774 | gamma_reach 0.999990 | ent_coef 0.00027 | elapsed 24.85s
iter 00366 | success 0.022 | cost 29.0 | energy 171.8 | actor_loss 0.31345 | energy_loss 21152.58179 | reach_loss 115783176.30000 | entropy 2.1774 | gamma_reach 0.999990 | ent_coef 0.00027 | elapsed 24.50s
iter 00367 | success 0.021 | cost 30.3 | energy 187.2 | actor_loss 0.31693 | energy_loss 18517.66897 | reach_loss 122082784.60000 | entropy 2.1774 | gamma_reach 0.999990 | ent_coef 0.00027 | elapsed 26.61s
iter 00368 | success 0.027 | cost 24.7 | energy 163.7 | actor_loss 0.31956 | energy_loss 13959.99633 | reach_loss 135522175.80000 | entropy 2.1774 | gamma_reach 0.999990 | ent_coef 0.00027 | elapsed 25.26s
iter 00369 | success 0.026 | cost 24.1 | energy 156.4 | actor_loss 0.31850 | energy_loss 12851.43801 | reach_loss 153156706.20000 | entropy 2.1774 | gamma_reach 0.999990 | ent_coef 0.00026 | elapsed 26.30s
iter 00370 | success 0.014 | cost 37.3 | energy 223.9 | actor_loss 0.32054 | energy_loss 13142.76216 | reach_loss 160394223.00000 | entropy 2.1774 | gamma_reach 0.999990 | ent_coef 0.00026 | elapsed 25.87s
debug 00370 | std_mean 0.5000 | std_min 0.5000 | std_max 0.5000 | done_mean 0.9154 | energy_min_ratio 0.6166 | energy_neg_ratio 0.8308 | e_cons [7.769e+00, 8.000e+00] | first_emin_step 77.06 | act_clip_ratio 0.9572 | act_abs [5.043e+01, 6.263e+02] | act_mean_abs [5.042e+01, 6.264e+02] | act_mean_clip_ratio 0.9565 | clipped_act_abs [9.783e-01, 1.000e+00] | init_energy [-3.999e+02, 1.956e+02, 8.000e+02] | v_reach [-1.020e+05, 1.888e+03] | t_reach [-5.000e+03, 1.343e+03] | reach_clip_ratio 0.9563 | open_ratio 0.0846 | t_done [-3.000e+02, 1.343e+03] | t_open [-5.000e+03, 6.469e+02] | v_open [-6.947e+04, 6.588e+02] | tmin_src done 0 t 199 v -1.700e+04 next_v -5.000e+03 g 1.991e+02 h -3.000e+02 energy -4.000e+02 | adv_total_std 3.620e+02 | adv_open_std 1.737e+02
iter 00371 | success 0.015 | cost 15.3 | energy 120.8 | actor_loss 0.32172 | energy_loss 11385.45468 | reach_loss 150999252.00000 | entropy 2.1774 | gamma_reach 0.999990 | ent_coef 0.00026 | elapsed 26.71s
iter 00372 | success 0.017 | cost 28.5 | energy 200.6 | actor_loss 0.32376 | energy_loss 25362.76748 | reach_loss 149103163.00000 | entropy 2.1774 | gamma_reach 0.999990 | ent_coef 0.00026 | elapsed 24.98s
iter 00373 | success 0.018 | cost 24.0 | energy 171.0 | actor_loss 0.32401 | energy_loss 13861.51757 | reach_loss 148935118.00000 | entropy 2.1774 | gamma_reach 0.999990 | ent_coef 0.00026 | elapsed 24.78s
iter 00374 | success 0.017 | cost 22.5 | energy 155.2 | actor_loss 0.32341 | energy_loss 11662.51071 | reach_loss 157415448.60000 | entropy 2.1774 | gamma_reach 0.999990 | ent_coef 0.00025 | elapsed 26.53s
iter 00375 | success 0.018 | cost 24.1 | energy 166.4 | actor_loss 0.32214 | energy_loss 17820.31096 | reach_loss 153450725.80000 | entropy 2.1774 | gamma_reach 0.999990 | ent_coef 0.00025 | elapsed 26.91s
iter 00376 | success 0.022 | cost 58.8 | energy 257.5 | actor_loss 0.32669 | energy_loss 21890.83716 | reach_loss 186227235.20000 | entropy 2.1774 | gamma_reach 0.999990 | ent_coef 0.00025 | elapsed 26.31s
iter 00377 | success 0.017 | cost 50.1 | energy 228.5 | actor_loss 0.32302 | energy_loss 7816.02978 | reach_loss 173907134.00000 | entropy 2.1774 | gamma_reach 0.999990 | ent_coef 0.00025 | elapsed 27.39s
iter 00378 | success 0.032 | cost 84.5 | energy 341.5 | actor_loss 0.31922 | energy_loss 9981.24686 | reach_loss 179455582.00000 | entropy 2.1774 | gamma_reach 0.999990 | ent_coef 0.00025 | elapsed 27.06s
iter 00379 | success 0.087 | cost 120.2 | energy 468.4 | actor_loss 0.29836 | energy_loss 39672.96079 | reach_loss 214761280.80000 | entropy 2.1774 | gamma_reach 0.999990 | ent_coef 0.00024 | elapsed 26.54s
iter 00380 | success 0.177 | cost 122.6 | energy 479.7 | actor_loss 0.30709 | energy_loss 26270.62175 | reach_loss 207154035.40000 | entropy 2.1774 | gamma_reach 0.999990 | ent_coef 0.00024 | elapsed 26.35s
debug 00380 | std_mean 0.5000 | std_min 0.5000 | std_max 0.5000 | done_mean 0.9125 | energy_min_ratio 0.5756 | energy_neg_ratio 0.8153 | e_cons [7.121e+00, 8.000e+00] | first_emin_step 85.30 | act_clip_ratio 0.8452 | act_abs [6.954e+01, 6.598e+02] | act_mean_abs [6.951e+01, 6.604e+02] | act_mean_clip_ratio 0.8396 | clipped_act_abs [9.160e-01, 1.000e+00] | init_energy [-3.999e+02, 1.953e+02, 7.996e+02] | v_reach [-9.925e+04, 1.956e+03] | t_reach [-5.000e+03, 1.287e+03] | reach_clip_ratio 0.9689 | open_ratio 0.0875 | t_done [-3.000e+02, 1.287e+03] | t_open [-5.000e+03, 6.964e+02] | v_open [-9.473e+04, 4.496e+02] | tmin_src done 0 t 199 v -2.003e+04 next_v -5.000e+03 g -3.000e+02 h -3.000e+02 energy -4.000e+02 | adv_total_std 3.864e+02 | adv_open_std 2.982e+02
iter 00381 | success 0.198 | cost 128.2 | energy 485.4 | actor_loss 0.30480 | energy_loss 18930.56138 | reach_loss 184429458.80000 | entropy 2.1774 | gamma_reach 0.999990 | ent_coef 0.00024 | elapsed 25.58s
iter 00382 | success 0.088 | cost 125.5 | energy 457.0 | actor_loss 0.29791 | energy_loss 26007.27922 | reach_loss 132507691.70000 | entropy 2.1774 | gamma_reach 0.999990 | ent_coef 0.00024 | elapsed 26.39s
iter 00383 | success 0.131 | cost 130.8 | energy 495.2 | actor_loss 0.29038 | energy_loss 34774.40249 | reach_loss 101557625.80000 | entropy 2.1774 | gamma_reach 0.999990 | ent_coef 0.00024 | elapsed 26.63s
iter 00384 | success 0.112 | cost 124.9 | energy 477.3 | actor_loss 0.28443 | energy_loss 37065.70713 | reach_loss 132750892.70000 | entropy 2.1774 | gamma_reach 0.999990 | ent_coef 0.00023 | elapsed 25.65s
iter 00385 | success 0.082 | cost 123.5 | energy 492.4 | actor_loss 0.29437 | energy_loss 28489.95508 | reach_loss 119688089.30000 | entropy 2.1774 | gamma_reach 0.999990 | ent_coef 0.00023 | elapsed 25.08s
iter 00386 | success 0.049 | cost 93.3 | energy 365.6 | actor_loss 0.29631 | energy_loss 23523.31570 | reach_loss 115832991.60000 | entropy 2.1773 | gamma_reach 0.999990 | ent_coef 0.00023 | elapsed 23.90s
iter 00387 | success 0.040 | cost 92.6 | energy 391.0 | actor_loss 0.29898 | energy_loss 23267.99832 | reach_loss 113339862.40000 | entropy 2.1774 | gamma_reach 0.999990 | ent_coef 0.00023 | elapsed 25.33s
iter 00388 | success 0.056 | cost 103.1 | energy 449.0 | actor_loss 0.29652 | energy_loss 22507.47883 | reach_loss 115368920.80000 | entropy 2.1774 | gamma_reach 0.999990 | ent_coef 0.00023 | elapsed 25.96s
iter 00389 | success 0.061 | cost 113.1 | energy 477.5 | actor_loss 0.28574 | energy_loss 34754.06704 | reach_loss 114455902.20000 | entropy 2.1774 | gamma_reach 0.999990 | ent_coef 0.00022 | elapsed 26.43s
iter 00390 | success 0.062 | cost 111.9 | energy 463.1 | actor_loss 0.28850 | energy_loss 30965.64509 | reach_loss 120202751.10000 | entropy 2.1773 | gamma_reach 0.999990 | ent_coef 0.00022 | elapsed 25.57s
debug 00390 | std_mean 0.4999 | std_min 0.4997 | std_max 0.5000 | done_mean 0.9039 | energy_min_ratio 0.6051 | energy_neg_ratio 0.8233 | e_cons [7.762e+00, 8.000e+00] | first_emin_step 79.38 | act_clip_ratio 0.9572 | act_abs [7.563e+01, 8.818e+02] | act_mean_abs [7.563e+01, 8.813e+02] | act_mean_clip_ratio 0.9548 | clipped_act_abs [9.774e-01, 1.000e+00] | init_energy [-3.996e+02, 2.087e+02, 7.995e+02] | v_reach [-4.025e+04, 2.212e+03] | t_reach [-5.000e+03, 9.978e+02] | reach_clip_ratio 0.9344 | open_ratio 0.0961 | t_done [-3.000e+02, 9.978e+02] | t_open [-5.000e+03, 7.502e+02] | v_open [-3.165e+04, 1.422e+03] | tmin_src done 0 t 199 v -2.551e+04 next_v -5.000e+03 g -3.000e+02 h -3.000e+02 energy -4.000e+02 | adv_total_std 4.186e+02 | adv_open_std 2.166e+02
iter 00391 | success 0.085 | cost 114.6 | energy 479.2 | actor_loss 0.28896 | energy_loss 28132.86531 | reach_loss 127482746.30000 | entropy 2.1769 | gamma_reach 0.999990 | ent_coef 0.00022 | elapsed 24.34s
iter 00392 | success 0.101 | cost 120.7 | energy 491.4 | actor_loss 0.29681 | energy_loss 28794.83611 | reach_loss 126371480.20000 | entropy 2.1771 | gamma_reach 0.999990 | ent_coef 0.00022 | elapsed 25.49s
iter 00393 | success 0.125 | cost 117.7 | energy 489.7 | actor_loss 0.29657 | energy_loss 31314.09893 | reach_loss 131680623.40000 | entropy 2.1774 | gamma_reach 0.999990 | ent_coef 0.00022 | elapsed 23.58s
iter 00394 | success 0.117 | cost 120.7 | energy 516.9 | actor_loss 0.29877 | energy_loss 30099.66677 | reach_loss 131669995.10000 | entropy 2.1774 | gamma_reach 0.999990 | ent_coef 0.00021 | elapsed 23.73s
iter 00395 | success 0.127 | cost 118.4 | energy 488.4 | actor_loss 0.30022 | energy_loss 27516.94011 | reach_loss 140799421.40000 | entropy 2.1774 | gamma_reach 0.999990 | ent_coef 0.00021 | elapsed 25.81s
iter 00396 | success 0.112 | cost 115.3 | energy 506.7 | actor_loss 0.30069 | energy_loss 29265.93191 | reach_loss 142182708.40000 | entropy 2.1774 | gamma_reach 0.999990 | ent_coef 0.00021 | elapsed 26.86s
iter 00397 | success 0.148 | cost 116.0 | energy 539.0 | actor_loss 0.30597 | energy_loss 23447.35098 | reach_loss 128871516.60000 | entropy 2.1774 | gamma_reach 0.999990 | ent_coef 0.00021 | elapsed 27.42s
iter 00398 | success 0.139 | cost 122.4 | energy 516.6 | actor_loss 0.31026 | energy_loss 20703.56196 | reach_loss 112229549.60000 | entropy 2.1774 | gamma_reach 0.999990 | ent_coef 0.00021 | elapsed 26.57s
iter 00399 | success 0.144 | cost 124.2 | energy 510.3 | actor_loss 0.30284 | energy_loss 27724.31980 | reach_loss 110383342.80000 | entropy 2.1774 | gamma_reach 0.999990 | ent_coef 0.00020 | elapsed 26.35s
iter 00400 | success 0.130 | cost 122.6 | energy 511.8 | actor_loss 0.30603 | energy_loss 21062.82996 | reach_loss 107399251.40000 | entropy 2.1774 | gamma_reach 0.999990 | ent_coef 0.00020 | elapsed 26.70s
debug 00400 | std_mean 0.5000 | std_min 0.5000 | std_max 0.5000 | done_mean 0.8909 | energy_min_ratio 0.6087 | energy_neg_ratio 0.8274 | e_cons [7.701e+00, 8.000e+00] | first_emin_step 78.65 | act_clip_ratio 0.9458 | act_abs [1.139e+02, 1.592e+03] | act_mean_abs [1.139e+02, 1.592e+03] | act_mean_clip_ratio 0.9429 | clipped_act_abs [9.717e-01, 1.000e+00] | init_energy [-3.999e+02, 2.007e+02, 7.997e+02] | v_reach [-3.676e+04, 1.664e+03] | t_reach [-5.000e+03, 1.223e+03] | reach_clip_ratio 0.9469 | open_ratio 0.1091 | t_done [-3.000e+02, 1.223e+03] | t_open [-5.000e+03, 7.127e+02] | v_open [-3.183e+04, 6.285e+02] | tmin_src done 0 t 199 v -1.585e+04 next_v -5.000e+03 g -3.000e+02 h -3.000e+02 energy -4.000e+02 | adv_total_std 3.887e+02 | adv_open_std 1.809e+02
iter 00401 | success 0.135 | cost 114.0 | energy 491.2 | actor_loss 0.30594 | energy_loss 22937.80913 | reach_loss 89849840.30000 | entropy 2.1774 | gamma_reach 0.999990 | ent_coef 0.00020 | elapsed 27.74s
iter 00402 | success 0.091 | cost 120.2 | energy 491.4 | actor_loss 0.31762 | energy_loss 17689.63372 | reach_loss 109771324.00000 | entropy 2.1774 | gamma_reach 0.999990 | ent_coef 0.00020 | elapsed 27.61s
iter 00403 | success 0.109 | cost 119.9 | energy 470.9 | actor_loss 0.29955 | energy_loss 22935.14111 | reach_loss 119316877.60000 | entropy 2.1774 | gamma_reach 0.999990 | ent_coef 0.00020 | elapsed 24.81s
iter 00404 | success 0.077 | cost 106.5 | energy 438.9 | actor_loss 0.29212 | energy_loss 29489.82185 | reach_loss 111784928.10000 | entropy 2.1774 | gamma_reach 0.999990 | ent_coef 0.00019 | elapsed 27.02s
iter 00405 | success 0.033 | cost 94.6 | energy 390.7 | actor_loss 0.29271 | energy_loss 28110.48579 | reach_loss 109802172.40000 | entropy 2.1774 | gamma_reach 0.999990 | ent_coef 0.00019 | elapsed 26.18s
iter 00406 | success 0.040 | cost 89.5 | energy 325.4 | actor_loss 0.28426 | energy_loss 28639.00339 | reach_loss 96812943.00000 | entropy 2.1762 | gamma_reach 0.999990 | ent_coef 0.00019 | elapsed 27.98s
iter 00407 | success 0.044 | cost 101.3 | energy 374.9 | actor_loss 0.27144 | energy_loss 34113.35361 | reach_loss 108695303.40000 | entropy 2.1755 | gamma_reach 0.999990 | ent_coef 0.00019 | elapsed 25.99s
iter 00408 | success 0.043 | cost 94.2 | energy 384.9 | actor_loss 0.27369 | energy_loss 37519.26450 | reach_loss 87326740.00000 | entropy 2.1771 | gamma_reach 0.999990 | ent_coef 0.00019 | elapsed 25.38s
iter 00409 | success 0.036 | cost 96.4 | energy 381.9 | actor_loss 0.27504 | energy_loss 40272.91055 | reach_loss 100147603.00000 | entropy 2.1774 | gamma_reach 0.999990 | ent_coef 0.00018 | elapsed 25.02s
iter 00410 | success 0.050 | cost 105.2 | energy 416.3 | actor_loss 0.27530 | energy_loss 38637.33975 | reach_loss 94715893.20000 | entropy 2.1771 | gamma_reach 0.999990 | ent_coef 0.00018 | elapsed 26.60s
debug 00410 | std_mean 0.4998 | std_min 0.4995 | std_max 0.5000 | done_mean 0.8968 | energy_min_ratio 0.6062 | energy_neg_ratio 0.8268 | e_cons [7.647e+00, 8.000e+00] | first_emin_step 79.16 | act_clip_ratio 0.9363 | act_abs [1.179e+02, 1.612e+03] | act_mean_abs [1.179e+02, 1.611e+03] | act_mean_clip_ratio 0.9320 | clipped_act_abs [9.666e-01, 1.000e+00] | init_energy [-3.992e+02, 1.988e+02, 7.997e+02] | v_reach [-3.469e+04, 2.004e+03] | t_reach [-5.000e+03, 1.159e+03] | reach_clip_ratio 0.8900 | open_ratio 0.1032 | t_done [-3.000e+02, 1.159e+03] | t_open [-5.000e+03, 7.075e+02] | v_open [-2.574e+04, 1.332e+03] | tmin_src done 0 t 199 v -1.789e+04 next_v -5.000e+03 g 1.655e+01 h -3.000e+02 energy -4.000e+02 | adv_total_std 4.462e+02 | adv_open_std 2.772e+02
iter 00411 | success 0.075 | cost 109.6 | energy 456.5 | actor_loss 0.27544 | energy_loss 35008.36228 | reach_loss 81370521.30000 | entropy 2.1764 | gamma_reach 0.999990 | ent_coef 0.00018 | elapsed 26.49s
iter 00412 | success 0.074 | cost 108.6 | energy 416.4 | actor_loss 0.27831 | energy_loss 31049.58228 | reach_loss 72809499.80000 | entropy 2.1741 | gamma_reach 0.999990 | ent_coef 0.00018 | elapsed 25.52s
iter 00413 | success 0.071 | cost 113.5 | energy 493.4 | actor_loss 0.27169 | energy_loss 46895.34604 | reach_loss 72228700.00000 | entropy 2.1716 | gamma_reach 0.999990 | ent_coef 0.00018 | elapsed 26.47s
iter 00414 | success 0.082 | cost 116.8 | energy 492.9 | actor_loss 0.27340 | energy_loss 39576.41343 | reach_loss 85480869.30000 | entropy 2.1729 | gamma_reach 0.999990 | ent_coef 0.00017 | elapsed 24.83s
iter 00415 | success 0.094 | cost 107.0 | energy 481.6 | actor_loss 0.27920 | energy_loss 30757.62688 | reach_loss 75724400.10000 | entropy 2.1732 | gamma_reach 0.999990 | ent_coef 0.00017 | elapsed 26.43s
iter 00416 | success 0.095 | cost 119.5 | energy 461.0 | actor_loss 0.26593 | energy_loss 32276.70857 | reach_loss 68810012.90000 | entropy 2.1734 | gamma_reach 0.999990 | ent_coef 0.00017 | elapsed 27.93s
iter 00417 | success 0.089 | cost 113.6 | energy 479.9 | actor_loss 0.26071 | energy_loss 31067.92957 | reach_loss 64010767.35000 | entropy 2.1743 | gamma_reach 0.999990 | ent_coef 0.00017 | elapsed 26.82s
iter 00418 | success 0.116 | cost 111.9 | energy 489.2 | actor_loss 0.25551 | energy_loss 33088.35190 | reach_loss 69464541.30000 | entropy 2.1763 | gamma_reach 0.999990 | ent_coef 0.00017 | elapsed 26.95s
iter 00419 | success 0.107 | cost 111.9 | energy 450.6 | actor_loss 0.26295 | energy_loss 38447.07588 | reach_loss 54431017.15000 | entropy 2.1772 | gamma_reach 0.999990 | ent_coef 0.00016 | elapsed 25.89s
iter 00420 | success 0.116 | cost 117.3 | energy 474.3 | actor_loss 0.27276 | energy_loss 41485.62856 | reach_loss 60432377.30000 | entropy 2.1773 | gamma_reach 0.999990 | ent_coef 0.00016 | elapsed 26.87s
debug 00420 | std_mean 0.5000 | std_min 0.5000 | std_max 0.5000 | done_mean 0.9097 | energy_min_ratio 0.6104 | energy_neg_ratio 0.8268 | e_cons [7.688e+00, 8.000e+00] | first_emin_step 78.31 | act_clip_ratio 0.9410 | act_abs [1.296e+02, 1.823e+03] | act_mean_abs [1.296e+02, 1.823e+03] | act_mean_clip_ratio 0.9439 | clipped_act_abs [9.708e-01, 1.000e+00] | init_energy [-3.995e+02, 1.993e+02, 7.999e+02] | v_reach [-2.460e+04, 2.319e+03] | t_reach [-5.000e+03, 1.212e+03] | reach_clip_ratio 0.8149 | open_ratio 0.0903 | t_done [-3.000e+02, 1.212e+03] | t_open [-5.000e+03, 6.937e+02] | v_open [-2.443e+04, 1.419e+03] | tmin_src done 0 t 199 v -1.213e+04 next_v -5.000e+03 g -3.000e+02 h -3.000e+02 energy -4.000e+02 | adv_total_std 4.180e+02 | adv_open_std 2.868e+02
iter 00421 | success 0.124 | cost 109.7 | energy 467.4 | actor_loss 0.27551 | energy_loss 36612.12773 | reach_loss 59004462.10000 | entropy 2.1773 | gamma_reach 0.999990 | ent_coef 0.00016 | elapsed 25.65s
iter 00422 | success 0.133 | cost 108.7 | energy 484.0 | actor_loss 0.25979 | energy_loss 74608.68105 | reach_loss 62797783.40000 | entropy 2.1774 | gamma_reach 0.999990 | ent_coef 0.00016 | elapsed 26.27s
iter 00423 | success 0.122 | cost 115.8 | energy 496.4 | actor_loss 0.26815 | energy_loss 68281.05347 | reach_loss 52022126.60000 | entropy 2.1774 | gamma_reach 0.999990 | ent_coef 0.00016 | elapsed 24.57s
iter 00424 | success 0.113 | cost 115.6 | energy 501.8 | actor_loss 0.26246 | energy_loss 80187.23467 | reach_loss 59303428.05000 | entropy 2.1774 | gamma_reach 0.999990 | ent_coef 0.00015 | elapsed 24.94s
iter 00425 | success 0.100 | cost 110.1 | energy 469.6 | actor_loss 0.27283 | energy_loss 71713.44883 | reach_loss 63796376.30000 | entropy 2.1774 | gamma_reach 0.999990 | ent_coef 0.00015 | elapsed 26.99s
iter 00426 | success 0.099 | cost 114.6 | energy 495.3 | actor_loss 0.24958 | energy_loss 123017.22832 | reach_loss 62786206.70000 | entropy 2.1774 | gamma_reach 0.999990 | ent_coef 0.00015 | elapsed 24.42s
iter 00427 | success 0.088 | cost 116.5 | energy 498.4 | actor_loss 0.24581 | energy_loss 127277.82686 | reach_loss 58773619.85000 | entropy 2.1774 | gamma_reach 0.999990 | ent_coef 0.00015 | elapsed 27.27s
iter 00428 | success 0.097 | cost 110.1 | energy 478.4 | actor_loss 0.25090 | energy_loss 127182.01836 | reach_loss 59019646.75000 | entropy 2.1774 | gamma_reach 0.999990 | ent_coef 0.00015 | elapsed 25.13s
iter 00429 | success 0.116 | cost 118.5 | energy 506.9 | actor_loss 0.24703 | energy_loss 135033.62109 | reach_loss 58357460.15000 | entropy 2.1774 | gamma_reach 0.999990 | ent_coef 0.00014 | elapsed 28.27s
iter 00430 | success 0.128 | cost 123.6 | energy 500.0 | actor_loss 0.25914 | energy_loss 81264.07412 | reach_loss 61860778.10000 | entropy 2.1774 | gamma_reach 0.999990 | ent_coef 0.00014 | elapsed 26.05s
debug 00430 | std_mean 0.5000 | std_min 0.5000 | std_max 0.5000 | done_mean 0.9127 | energy_min_ratio 0.6125 | energy_neg_ratio 0.8274 | e_cons [7.830e+00, 8.000e+00] | first_emin_step 77.88 | act_clip_ratio 0.9685 | act_abs [1.561e+02, 1.933e+03] | act_mean_abs [1.561e+02, 1.933e+03] | act_mean_clip_ratio 0.9674 | clipped_act_abs [9.841e-01, 1.000e+00] | init_energy [-3.999e+02, 2.037e+02, 7.996e+02] | v_reach [-2.794e+04, 1.807e+03] | t_reach [-5.000e+03, 9.406e+02] | reach_clip_ratio 0.8454 | open_ratio 0.0873 | t_done [-3.000e+02, 9.406e+02] | t_open [-5.000e+03, 6.886e+02] | v_open [-2.794e+04, 1.683e+03] | tmin_src done 0 t 199 v -1.051e+04 next_v -5.000e+03 g -3.000e+02 h -3.000e+02 energy -4.000e+02 | adv_total_std 4.869e+02 | adv_open_std 4.633e+02
iter 00431 | success 0.134 | cost 122.5 | energy 508.7 | actor_loss 0.26376 | energy_loss 76921.93887 | reach_loss 65031565.50000 | entropy 2.1774 | gamma_reach 0.999990 | ent_coef 0.00014 | elapsed 27.36s
iter 00432 | success 0.150 | cost 125.5 | energy 520.2 | actor_loss 0.26119 | energy_loss 85318.78574 | reach_loss 66063021.65000 | entropy 2.1774 | gamma_reach 0.999990 | ent_coef 0.00014 | elapsed 25.32s
iter 00433 | success 0.142 | cost 122.7 | energy 508.4 | actor_loss 0.26488 | energy_loss 69099.34453 | reach_loss 63293240.15000 | entropy 2.1774 | gamma_reach 0.999990 | ent_coef 0.00014 | elapsed 28.17s
iter 00434 | success 0.138 | cost 123.7 | energy 521.0 | actor_loss 0.27074 | energy_loss 67333.81704 | reach_loss 59201819.15000 | entropy 2.1772 | gamma_reach 0.999990 | ent_coef 0.00013 | elapsed 23.56s
iter 00435 | success 0.110 | cost 125.3 | energy 500.7 | actor_loss 0.27691 | energy_loss 61976.47139 | reach_loss 61830112.05000 | entropy 2.1767 | gamma_reach 0.999990 | ent_coef 0.00013 | elapsed 27.16s
iter 00436 | success 0.142 | cost 129.6 | energy 522.4 | actor_loss 0.26756 | energy_loss 78182.54746 | reach_loss 63251841.35000 | entropy 2.1771 | gamma_reach 0.999990 | ent_coef 0.00013 | elapsed 25.22s
iter 00437 | success 0.071 | cost 114.9 | energy 473.6 | actor_loss 0.27692 | energy_loss 59729.55933 | reach_loss 66920572.95000 | entropy 2.1774 | gamma_reach 0.999990 | ent_coef 0.00013 | elapsed 25.00s
iter 00438 | success 0.095 | cost 120.2 | energy 492.6 | actor_loss 0.26927 | energy_loss 57202.39009 | reach_loss 63104279.65000 | entropy 2.1774 | gamma_reach 0.999990 | ent_coef 0.00013 | elapsed 27.89s
iter 00439 | success 0.111 | cost 122.9 | energy 500.5 | actor_loss 0.27885 | energy_loss 43238.77187 | reach_loss 62811389.10000 | entropy 2.1774 | gamma_reach 0.999990 | ent_coef 0.00012 | elapsed 25.36s
iter 00440 | success 0.119 | cost 128.5 | energy 507.1 | actor_loss 0.28873 | energy_loss 37554.49883 | reach_loss 67876177.30000 | entropy 2.1774 | gamma_reach 0.999990 | ent_coef 0.00012 | elapsed 26.98s
debug 00440 | std_mean 0.5000 | std_min 0.5000 | std_max 0.5000 | done_mean 0.9288 | energy_min_ratio 0.6085 | energy_neg_ratio 0.8256 | e_cons [7.780e+00, 8.000e+00] | first_emin_step 78.68 | act_clip_ratio 0.9597 | act_abs [1.664e+02, 2.063e+03] | act_mean_abs [1.664e+02, 2.063e+03] | act_mean_clip_ratio 0.9581 | clipped_act_abs [9.792e-01, 1.000e+00] | init_energy [-3.999e+02, 2.050e+02, 7.998e+02] | v_reach [-3.363e+04, 2.105e+03] | t_reach [-5.000e+03, 1.085e+03] | reach_clip_ratio 0.8653 | open_ratio 0.0712 | t_done [-3.000e+02, 1.085e+03] | t_open [-5.000e+03, 6.062e+02] | v_open [-3.028e+04, 2.033e+03] | tmin_src done 0 t 199 v -1.036e+04 next_v -5.000e+03 g -3.000e+02 h -3.000e+02 energy -4.000e+02 | adv_total_std 4.420e+02 | adv_open_std 3.097e+02
iter 00441 | success 0.115 | cost 125.2 | energy 501.7 | actor_loss 0.28533 | energy_loss 31626.18176 | reach_loss 69297596.20000 | entropy 2.1774 | gamma_reach 0.999990 | ent_coef 0.00012 | elapsed 24.29s
iter 00442 | success 0.065 | cost 116.1 | energy 449.4 | actor_loss 0.28350 | energy_loss 48494.83003 | reach_loss 67350321.20000 | entropy 2.1774 | gamma_reach 0.999990 | ent_coef 0.00012 | elapsed 24.54s
iter 00443 | success 0.063 | cost 116.1 | energy 492.6 | actor_loss 0.28612 | energy_loss 47590.04941 | reach_loss 74752387.20000 | entropy 2.1774 | gamma_reach 0.999990 | ent_coef 0.00012 | elapsed 25.42s
iter 00444 | success 0.102 | cost 121.0 | energy 488.5 | actor_loss 0.27871 | energy_loss 34812.15049 | reach_loss 78127595.50000 | entropy 2.1774 | gamma_reach 0.999990 | ent_coef 0.00011 | elapsed 27.49s
iter 00445 | success 0.104 | cost 94.9 | energy 418.4 | actor_loss 0.26396 | energy_loss 55344.59663 | reach_loss 73992699.90000 | entropy 2.1774 | gamma_reach 0.999990 | ent_coef 0.00011 | elapsed 25.07s
iter 00446 | success 0.060 | cost 95.2 | energy 400.1 | actor_loss 0.26868 | energy_loss 46134.15156 | reach_loss 68003664.40000 | entropy 2.1774 | gamma_reach 0.999990 | ent_coef 0.00011 | elapsed 27.05s
iter 00447 | success 0.064 | cost 112.0 | energy 430.8 | actor_loss 0.26483 | energy_loss 64937.09082 | reach_loss 72467921.50000 | entropy 2.1774 | gamma_reach 0.999990 | ent_coef 0.00011 | elapsed 26.60s
iter 00448 | success 0.058 | cost 91.5 | energy 372.9 | actor_loss 0.26814 | energy_loss 53944.32319 | reach_loss 82973639.70000 | entropy 2.1774 | gamma_reach 0.999990 | ent_coef 0.00011 | elapsed 29.54s
iter 00449 | success 0.071 | cost 70.8 | energy 340.2 | actor_loss 0.26326 | energy_loss 63827.35576 | reach_loss 89458641.90000 | entropy 2.1774 | gamma_reach 0.999990 | ent_coef 0.00010 | elapsed 27.46s
iter 00450 | success 0.065 | cost 60.7 | energy 302.4 | actor_loss 0.25787 | energy_loss 72634.00498 | reach_loss 84529156.10000 | entropy 2.1774 | gamma_reach 0.999990 | ent_coef 0.00010 | elapsed 28.08s
debug 00450 | std_mean 0.5000 | std_min 0.5000 | std_max 0.5000 | done_mean 0.9266 | energy_min_ratio 0.6157 | energy_neg_ratio 0.8298 | e_cons [7.773e+00, 8.000e+00] | first_emin_step 77.25 | act_clip_ratio 0.9581 | act_abs [1.267e+02, 1.598e+03] | act_mean_abs [1.267e+02, 1.598e+03] | act_mean_clip_ratio 0.9572 | clipped_act_abs [9.786e-01, 1.000e+00] | init_energy [-4.000e+02, 1.951e+02, 7.996e+02] | v_reach [-3.422e+04, 3.119e+03] | t_reach [-5.000e+03, 1.271e+03] | reach_clip_ratio 0.6504 | open_ratio 0.0734 | t_done [-3.000e+02, 1.271e+03] | t_open [-5.000e+03, 6.418e+02] | v_open [-3.422e+04, 3.062e+03] | tmin_src done 0 t 199 v -6.114e+03 next_v -5.000e+03 g -3.000e+02 h -3.000e+02 energy -4.000e+02 | adv_total_std 6.125e+02 | adv_open_std 4.967e+02
iter 00451 | success 0.070 | cost 57.5 | energy 275.3 | actor_loss 0.25391 | energy_loss 91549.08818 | reach_loss 91377970.00000 | entropy 2.1774 | gamma_reach 0.999990 | ent_coef 0.00010 | elapsed 26.67s
iter 00452 | success 0.078 | cost 89.0 | energy 377.3 | actor_loss 0.26581 | energy_loss 64183.28252 | reach_loss 84515175.80000 | entropy 2.1774 | gamma_reach 0.999990 | ent_coef 0.00010 | elapsed 27.51s
iter 00453 | success 0.066 | cost 108.3 | energy 442.2 | actor_loss 0.26661 | energy_loss 49958.83086 | reach_loss 87456106.90000 | entropy 2.1774 | gamma_reach 0.999990 | ent_coef 0.00010 | elapsed 26.96s
iter 00454 | success 0.056 | cost 99.6 | energy 401.1 | actor_loss 0.26582 | energy_loss 48988.93521 | reach_loss 93644748.70000 | entropy 2.1774 | gamma_reach 0.999990 | ent_coef 0.00009 | elapsed 26.37s
iter 00455 | success 0.057 | cost 110.0 | energy 438.9 | actor_loss 0.25816 | energy_loss 71411.37451 | reach_loss 91174547.40000 | entropy 2.1774 | gamma_reach 0.999990 | ent_coef 0.00009 | elapsed 25.17s
iter 00456 | success 0.029 | cost 60.7 | energy 276.1 | actor_loss 0.26008 | energy_loss 89362.25469 | reach_loss 98475844.40000 | entropy 2.1774 | gamma_reach 0.999990 | ent_coef 0.00009 | elapsed 27.63s
iter 00457 | success 0.038 | cost 76.9 | energy 296.6 | actor_loss 0.25273 | energy_loss 83361.04922 | reach_loss 95019043.90000 | entropy 2.1774 | gamma_reach 0.999990 | ent_coef 0.00009 | elapsed 25.03s
iter 00458 | success 0.036 | cost 85.7 | energy 361.2 | actor_loss 0.25363 | energy_loss 68746.07920 | reach_loss 98893835.10000 | entropy 2.1774 | gamma_reach 0.999990 | ent_coef 0.00009 | elapsed 23.46s
iter 00459 | success 0.044 | cost 90.5 | energy 385.3 | actor_loss 0.25218 | energy_loss 97457.94883 | reach_loss 102550214.10000 | entropy 2.1774 | gamma_reach 0.999990 | ent_coef 0.00008 | elapsed 25.94s
iter 00460 | success 0.045 | cost 79.7 | energy 373.0 | actor_loss 0.25620 | energy_loss 98983.55078 | reach_loss 102012126.50000 | entropy 2.1773 | gamma_reach 0.999990 | ent_coef 0.00008 | elapsed 26.25s
debug 00460 | std_mean 0.5000 | std_min 0.5000 | std_max 0.5000 | done_mean 0.9272 | energy_min_ratio 0.6165 | energy_neg_ratio 0.8283 | e_cons [7.872e+00, 8.000e+00] | first_emin_step 77.08 | act_clip_ratio 0.9760 | act_abs [1.576e+02, 1.441e+03] | act_mean_abs [1.576e+02, 1.441e+03] | act_mean_clip_ratio 0.9759 | clipped_act_abs [9.879e-01, 1.000e+00] | init_energy [-3.999e+02, 2.018e+02, 7.998e+02] | v_reach [-4.230e+04, 5.770e+03] | t_reach [-5.000e+03, 1.373e+03] | reach_clip_ratio 0.5774 | open_ratio 0.0728 | t_done [-3.000e+02, 1.373e+03] | t_open [-5.000e+03, 6.568e+02] | v_open [-4.196e+04, 4.940e+03] | tmin_src done 0 t 199 v -3.718e+03 next_v -5.000e+03 g -3.000e+02 h -3.000e+02 energy -4.000e+02 | adv_total_std 8.631e+02 | adv_open_std 7.095e+02
iter 00461 | success 0.043 | cost 56.6 | energy 292.1 | actor_loss 0.26098 | energy_loss 107791.54141 | reach_loss 100976264.70000 | entropy 2.1774 | gamma_reach 0.999990 | ent_coef 0.00008 | elapsed 25.76s
iter 00462 | success 0.041 | cost 48.4 | energy 262.7 | actor_loss 0.26497 | energy_loss 63698.48062 | reach_loss 97159604.10000 | entropy 2.1774 | gamma_reach 0.999990 | ent_coef 0.00008 | elapsed 26.99s
iter 00463 | success 0.037 | cost 42.4 | energy 226.4 | actor_loss 0.26555 | energy_loss 67157.61318 | reach_loss 95180803.70000 | entropy 2.1774 | gamma_reach 0.999990 | ent_coef 0.00008 | elapsed 26.44s
iter 00464 | success 0.033 | cost 57.2 | energy 262.7 | actor_loss 0.26559 | energy_loss 72128.75859 | reach_loss 95996401.10000 | entropy 2.1774 | gamma_reach 0.999990 | ent_coef 0.00007 | elapsed 27.24s
iter 00465 | success 0.038 | cost 50.7 | energy 259.5 | actor_loss 0.26967 | energy_loss 64831.06499 | reach_loss 88110477.60000 | entropy 2.1774 | gamma_reach 0.999990 | ent_coef 0.00007 | elapsed 23.27s
iter 00466 | success 0.075 | cost 56.4 | energy 292.1 | actor_loss 0.26397 | energy_loss 56793.89277 | reach_loss 77400856.00000 | entropy 2.1774 | gamma_reach 0.999990 | ent_coef 0.00007 | elapsed 24.40s
iter 00467 | success 0.077 | cost 64.0 | energy 333.1 | actor_loss 0.27157 | energy_loss 85041.06699 | reach_loss 68498425.50000 | entropy 2.1774 | gamma_reach 0.999990 | ent_coef 0.00007 | elapsed 26.17s
iter 00468 | success 0.054 | cost 65.2 | energy 303.4 | actor_loss 0.27633 | energy_loss 65362.59653 | reach_loss 67103481.75000 | entropy 2.1774 | gamma_reach 0.999990 | ent_coef 0.00007 | elapsed 25.82s
iter 00469 | success 0.039 | cost 54.3 | energy 268.4 | actor_loss 0.28027 | energy_loss 75433.81328 | reach_loss 67461856.50000 | entropy 2.1774 | gamma_reach 0.999990 | ent_coef 0.00006 | elapsed 25.75s
iter 00470 | success 0.021 | cost 50.8 | energy 265.0 | actor_loss 0.27392 | energy_loss 71092.32686 | reach_loss 71332423.50000 | entropy 2.1774 | gamma_reach 0.999990 | ent_coef 0.00006 | elapsed 24.54s
debug 00470 | std_mean 0.5000 | std_min 0.5000 | std_max 0.5000 | done_mean 0.9275 | energy_min_ratio 0.6156 | energy_neg_ratio 0.8277 | e_cons [7.830e+00, 8.000e+00] | first_emin_step 77.26 | act_clip_ratio 0.9687 | act_abs [1.627e+02, 1.504e+03] | act_mean_abs [1.627e+02, 1.504e+03] | act_mean_clip_ratio 0.9679 | clipped_act_abs [9.840e-01, 1.000e+00] | init_energy [-3.998e+02, 2.002e+02, 7.997e+02] | v_reach [-4.108e+04, 3.691e+03] | t_reach [-5.000e+03, 1.141e+03] | reach_clip_ratio 0.5020 | open_ratio 0.0725 | t_done [-3.000e+02, 1.141e+03] | t_open [-5.000e+03, 6.698e+02] | v_open [-3.964e+04, 3.691e+03] | tmin_src done 0 t 199 v -4.089e+03 next_v -5.000e+03 g 7.065e+01 h -3.000e+02 energy -4.000e+02 | adv_total_std 6.835e+02 | adv_open_std 5.778e+02
iter 00471 | success 0.024 | cost 47.1 | energy 283.9 | actor_loss 0.27046 | energy_loss 82878.65020 | reach_loss 73748403.20000 | entropy 2.1774 | gamma_reach 0.999990 | ent_coef 0.00006 | elapsed 25.64s
iter 00472 | success 0.017 | cost 42.1 | energy 243.5 | actor_loss 0.26619 | energy_loss 97061.91338 | reach_loss 79868396.50000 | entropy 2.1774 | gamma_reach 0.999990 | ent_coef 0.00006 | elapsed 26.27s
iter 00473 | success 0.016 | cost 21.4 | energy 168.7 | actor_loss 0.27498 | energy_loss 90682.99248 | reach_loss 88082273.00000 | entropy 2.1774 | gamma_reach 0.999990 | ent_coef 0.00006 | elapsed 26.74s
iter 00474 | success 0.019 | cost 23.7 | energy 173.4 | actor_loss 0.28035 | energy_loss 32864.80779 | reach_loss 87289805.20000 | entropy 2.1774 | gamma_reach 0.999990 | ent_coef 0.00005 | elapsed 27.19s
iter 00475 | success 0.021 | cost 29.1 | energy 197.7 | actor_loss 0.28140 | energy_loss 39159.55874 | reach_loss 74284184.70000 | entropy 2.1774 | gamma_reach 0.999990 | ent_coef 0.00005 | elapsed 26.78s
iter 00476 | success 0.021 | cost 20.1 | energy 150.6 | actor_loss 0.28220 | energy_loss 45256.72324 | reach_loss 62215956.90000 | entropy 2.1774 | gamma_reach 0.999990 | ent_coef 0.00005 | elapsed 27.97s
iter 00477 | success 0.013 | cost 17.3 | energy 136.7 | actor_loss 0.29019 | energy_loss 63786.08042 | reach_loss 58696750.75000 | entropy 2.1774 | gamma_reach 0.999990 | ent_coef 0.00005 | elapsed 24.82s
iter 00478 | success 0.015 | cost 28.4 | energy 202.9 | actor_loss 0.27712 | energy_loss 61655.54243 | reach_loss 61006485.15000 | entropy 2.1774 | gamma_reach 0.999990 | ent_coef 0.00005 | elapsed 25.44s
iter 00479 | success 0.017 | cost 24.6 | energy 166.8 | actor_loss 0.27665 | energy_loss 71602.24053 | reach_loss 67672122.95000 | entropy 2.1774 | gamma_reach 0.999990 | ent_coef 0.00004 | elapsed 27.54s
iter 00480 | success 0.019 | cost 29.0 | energy 161.6 | actor_loss 0.26822 | energy_loss 91571.06563 | reach_loss 64281341.70000 | entropy 2.1774 | gamma_reach 0.999990 | ent_coef 0.00004 | elapsed 24.81s
debug 00480 | std_mean 0.5000 | std_min 0.5000 | std_max 0.5000 | done_mean 0.9205 | energy_min_ratio 0.6202 | energy_neg_ratio 0.8306 | e_cons [7.858e+00, 8.000e+00] | first_emin_step 76.34 | act_clip_ratio 0.9734 | act_abs [1.571e+02, 1.778e+03] | act_mean_abs [1.571e+02, 1.777e+03] | act_mean_clip_ratio 0.9736 | clipped_act_abs [9.867e-01, 1.000e+00] | init_energy [-3.998e+02, 1.976e+02, 8.000e+02] | v_reach [-4.556e+04, 4.973e+03] | t_reach [-5.000e+03, 9.391e+02] | reach_clip_ratio 0.4300 | open_ratio 0.0795 | t_done [-3.000e+02, 9.391e+02] | t_open [-5.000e+03, 7.028e+02] | v_open [-4.556e+04, 4.000e+03] | tmin_src done 0 t 199 v -3.725e+03 next_v -5.000e+03 g 1.634e+02 h -3.000e+02 energy -4.000e+02 | adv_total_std 6.954e+02 | adv_open_std 6.257e+02
iter 00481 | success 0.019 | cost 26.9 | energy 179.3 | actor_loss 0.26796 | energy_loss 120288.19346 | reach_loss 64709767.70000 | entropy 2.1774 | gamma_reach 0.999990 | ent_coef 0.00004 | elapsed 27.46s
iter 00482 | success 0.022 | cost 26.5 | energy 190.1 | actor_loss 0.26794 | energy_loss 119596.52480 | reach_loss 60954554.25000 | entropy 2.1774 | gamma_reach 0.999990 | ent_coef 0.00004 | elapsed 28.16s
iter 00483 | success 0.020 | cost 25.7 | energy 170.8 | actor_loss 0.27391 | energy_loss 113950.35381 | reach_loss 59801078.65000 | entropy 2.1774 | gamma_reach 0.999990 | ent_coef 0.00004 | elapsed 27.30s
iter 00484 | success 0.022 | cost 29.7 | energy 186.8 | actor_loss 0.25737 | energy_loss 83934.89766 | reach_loss 78657266.10000 | entropy 2.1774 | gamma_reach 0.999990 | ent_coef 0.00003 | elapsed 27.56s
iter 00485 | success 0.023 | cost 29.1 | energy 195.8 | actor_loss 0.26653 | energy_loss 83571.13945 | reach_loss 76407346.40000 | entropy 2.1774 | gamma_reach 0.999990 | ent_coef 0.00003 | elapsed 27.87s
iter 00486 | success 0.022 | cost 34.7 | energy 230.7 | actor_loss 0.26121 | energy_loss 82572.89980 | reach_loss 71886347.00000 | entropy 2.1774 | gamma_reach 0.999990 | ent_coef 0.00003 | elapsed 26.21s
iter 00487 | success 0.018 | cost 32.9 | energy 201.5 | actor_loss 0.25553 | energy_loss 89672.91221 | reach_loss 87617583.50000 | entropy 2.1774 | gamma_reach 0.999990 | ent_coef 0.00003 | elapsed 28.68s
iter 00488 | success 0.025 | cost 35.8 | energy 212.9 | actor_loss 0.25922 | energy_loss 86654.57285 | reach_loss 90415813.40000 | entropy 2.1774 | gamma_reach 0.999990 | ent_coef 0.00003 | elapsed 24.67s
iter 00489 | success 0.020 | cost 32.7 | energy 206.9 | actor_loss 0.25768 | energy_loss 86911.81289 | reach_loss 87113731.20000 | entropy 2.1774 | gamma_reach 0.999990 | ent_coef 0.00002 | elapsed 26.30s
iter 00490 | success 0.022 | cost 33.5 | energy 212.1 | actor_loss 0.26683 | energy_loss 75304.14531 | reach_loss 73306877.50000 | entropy 2.1774 | gamma_reach 0.999990 | ent_coef 0.00002 | elapsed 27.56s
debug 00490 | std_mean 0.5000 | std_min 0.5000 | std_max 0.5000 | done_mean 0.9160 | energy_min_ratio 0.6168 | energy_neg_ratio 0.8305 | e_cons [7.831e+00, 8.000e+00] | first_emin_step 77.03 | act_clip_ratio 0.9684 | act_abs [1.597e+02, 1.711e+03] | act_mean_abs [1.597e+02, 1.710e+03] | act_mean_clip_ratio 0.9680 | clipped_act_abs [9.841e-01, 1.000e+00] | init_energy [-3.997e+02, 2.015e+02, 8.000e+02] | v_reach [-4.793e+04, 5.794e+03] | t_reach [-5.000e+03, 9.439e+02] | reach_clip_ratio 0.4510 | open_ratio 0.0840 | t_done [-3.000e+02, 9.439e+02] | t_open [-5.000e+03, 6.874e+02] | v_open [-4.663e+04, 4.464e+03] | tmin_src done 0 t 199 v -7.890e+03 next_v -5.000e+03 g 1.622e+02 h -3.000e+02 energy -4.000e+02 | adv_total_std 6.504e+02 | adv_open_std 6.246e+02
iter 00491 | success 0.024 | cost 41.1 | energy 251.2 | actor_loss 0.26146 | energy_loss 106537.29258 | reach_loss 68088326.55000 | entropy 2.1774 | gamma_reach 0.999990 | ent_coef 0.00002 | elapsed 26.16s
iter 00492 | success 0.029 | cost 41.1 | energy 251.8 | actor_loss 0.26663 | energy_loss 82242.86865 | reach_loss 54945766.25000 | entropy 2.1774 | gamma_reach 0.999990 | ent_coef 0.00002 | elapsed 27.55s
iter 00493 | success 0.036 | cost 52.7 | energy 297.5 | actor_loss 0.26123 | energy_loss 74936.18154 | reach_loss 47774124.60000 | entropy 2.1774 | gamma_reach 0.999990 | ent_coef 0.00002 | elapsed 24.89s
iter 00494 | success 0.027 | cost 49.4 | energy 269.6 | actor_loss 0.26338 | energy_loss 105508.87412 | reach_loss 51097450.00000 | entropy 2.1774 | gamma_reach 0.999990 | ent_coef 0.00001 | elapsed 26.36s
iter 00495 | success 0.029 | cost 47.7 | energy 254.2 | actor_loss 0.26212 | energy_loss 73686.95811 | reach_loss 47878400.05000 | entropy 2.1774 | gamma_reach 0.999990 | ent_coef 0.00001 | elapsed 24.76s
iter 00496 | success 0.035 | cost 60.2 | energy 302.4 | actor_loss 0.25742 | energy_loss 75011.63857 | reach_loss 43532342.65000 | entropy 2.1773 | gamma_reach 0.999990 | ent_coef 0.00001 | elapsed 25.02s
iter 00497 | success 0.044 | cost 75.0 | energy 403.3 | actor_loss 0.26803 | energy_loss 67141.16382 | reach_loss 41261029.90000 | entropy 2.1774 | gamma_reach 0.999990 | ent_coef 0.00001 | elapsed 25.72s
iter 00498 | success 0.048 | cost 73.3 | energy 359.7 | actor_loss 0.26406 | energy_loss 73950.52822 | reach_loss 37056351.20000 | entropy 2.1774 | gamma_reach 0.999990 | ent_coef 0.00001 | elapsed 24.67s
iter 00499 | success 0.052 | cost 71.5 | energy 382.9 | actor_loss 0.26405 | energy_loss 63507.67607 | reach_loss 38191677.80000 | entropy 2.1774 | gamma_reach 0.999990 | ent_coef 0.00000 | elapsed 27.27s
iter 00500 | success 0.052 | cost 75.8 | energy 396.1 | actor_loss 0.26455 | energy_loss 72409.36172 | reach_loss 38553932.10000 | entropy 2.1773 | gamma_reach 0.999990 | ent_coef 0.00000 | elapsed 28.73s
debug 00500 | std_mean 0.4999 | std_min 0.4998 | std_max 0.5000 | done_mean 0.9221 | energy_min_ratio 0.6234 | energy_neg_ratio 0.8341 | e_cons [7.886e+00, 8.000e+00] | first_emin_step 75.70 | act_clip_ratio 0.9787 | act_abs [2.165e+02, 1.637e+03] | act_mean_abs [2.165e+02, 1.637e+03] | act_mean_clip_ratio 0.9781 | clipped_act_abs [9.893e-01, 1.000e+00] | init_energy [-3.996e+02, 1.932e+02, 7.998e+02] | v_reach [-3.405e+04, 5.840e+03] | t_reach [-5.000e+03, 1.057e+03] | reach_clip_ratio 0.3952 | open_ratio 0.0779 | t_done [-3.000e+02, 1.057e+03] | t_open [-5.000e+03, 6.649e+02] | v_open [-3.332e+04, 4.295e+03] | tmin_src done 0 t 199 v -4.761e+03 next_v -5.000e+03 g 1.216e+02 h -3.000e+02 energy -4.000e+02 | adv_total_std 9.120e+02 | adv_open_std 8.212e+02
