iter 00001 | success 0.011 | cost 43.9 | energy 69.9 | actor_loss 0.10675 | energy_loss 90.48900 | reach_loss 70877.43232 | entropy 2.1648 | gamma_reach 0.999000 | ent_coef 0.00100 | elapsed 38.39s
iter 00002 | success 0.004 | cost 28.8 | energy 52.8 | actor_loss 0.14173 | energy_loss 1.06054 | reach_loss 93473.98408 | entropy 2.1272 | gamma_reach 0.999013 | ent_coef 0.00099 | elapsed 39.11s
iter 00003 | success 0.005 | cost 3.3 | energy 8.3 | actor_loss 0.16660 | energy_loss 1.02478 | reach_loss 106880.66484 | entropy 2.1171 | gamma_reach 0.999026 | ent_coef 0.00099 | elapsed 40.76s
iter 00004 | success 0.006 | cost 0.2 | energy 4.6 | actor_loss 0.24724 | energy_loss 1.99325 | reach_loss 110156.36416 | entropy 2.1644 | gamma_reach 0.999040 | ent_coef 0.00098 | elapsed 41.41s
iter 00005 | success 0.005 | cost 0.1 | energy 4.6 | actor_loss 0.23359 | energy_loss 2.64123 | reach_loss 158363.01426 | entropy 2.1745 | gamma_reach 0.999053 | ent_coef 0.00097 | elapsed 41.66s
iter 00006 | success 0.008 | cost 18.3 | energy 101.5 | actor_loss 0.28021 | energy_loss 2.58090 | reach_loss 228416.21094 | entropy 2.1773 | gamma_reach 0.999066 | ent_coef 0.00097 | elapsed 41.68s
iter 00007 | success 0.004 | cost 26.8 | energy 137.5 | actor_loss 0.27674 | energy_loss 4.03050 | reach_loss 327550.71211 | entropy 2.1774 | gamma_reach 0.999079 | ent_coef 0.00096 | elapsed 41.69s
iter 00008 | success 0.021 | cost 25.8 | energy 155.2 | actor_loss 0.33712 | energy_loss 2.45289 | reach_loss 514124.59844 | entropy 2.1774 | gamma_reach 0.999092 | ent_coef 0.00095 | elapsed 41.45s
iter 00009 | success 0.008 | cost 11.5 | energy 49.1 | actor_loss 0.31410 | energy_loss 2.84974 | reach_loss 385896.38945 | entropy 2.1774 | gamma_reach 0.999106 | ent_coef 0.00095 | elapsed 41.70s
iter 00010 | success 0.007 | cost 0.5 | energy 11.8 | actor_loss 0.31243 | energy_loss 9.75214 | reach_loss 423843.22617 | entropy 2.1774 | gamma_reach 0.999119 | ent_coef 0.00094 | elapsed 41.60s
debug 00010 | std_mean 0.5000 | std_min 0.5000 | std_max 0.5000 | done_mean 0.9822 | energy_min_ratio 0.6132 | energy_neg_ratio 0.8297 | e_cons [7.640e+00, 8.000e+00] | first_emin_step 77.75 | act_clip_ratio 0.9346 | act_abs [2.405e+01, 1.973e+02] | act_mean_abs [2.404e+01, 1.982e+02] | act_mean_clip_ratio 0.9327 | clipped_act_abs [9.659e-01, 1.000e+00] | init_energy [-3.986e+02, 1.949e+02, 7.994e+02] | v_reach [-3.805e+03, 2.346e+01] | t_reach [-3.175e+02, 1.277e+03] | reach_clip_ratio 0.0000 | open_ratio 0.0178 | t_done [-3.000e+02, 1.277e+03] | t_open [-3.175e+02, 7.516e+02] | v_open [-1.832e+03, 2.340e+01] | tmin_src done 0 t 108 v 2.198e+01 next_v 1.712e+01 g 4.639e+02 h -3.000e+02 energy -6.018e+01 | adv_total_std 1.971e+02 | adv_open_std 8.598e+01
iter 00011 | success 0.006 | cost 13.0 | energy 52.9 | actor_loss 0.29650 | energy_loss 20.16942 | reach_loss 497209.84180 | entropy 2.1774 | gamma_reach 0.999132 | ent_coef 0.00093 | elapsed 41.54s
iter 00012 | success 0.007 | cost 2.5 | energy 16.0 | actor_loss 0.34544 | energy_loss 42.24915 | reach_loss 629946.41172 | entropy 2.1770 | gamma_reach 0.999145 | ent_coef 0.00093 | elapsed 41.75s
iter 00013 | success 0.006 | cost 2.7 | energy 27.2 | actor_loss 0.31400 | energy_loss 25.40773 | reach_loss 820714.24844 | entropy 2.1774 | gamma_reach 0.999158 | ent_coef 0.00092 | elapsed 41.74s
iter 00014 | success 0.037 | cost 34.7 | energy 217.7 | actor_loss 0.31931 | energy_loss 250.50859 | reach_loss 1316013.74063 | entropy 2.1774 | gamma_reach 0.999172 | ent_coef 0.00091 | elapsed 41.56s
iter 00015 | success 0.109 | cost 107.6 | energy 454.1 | actor_loss 0.27310 | energy_loss 570.44666 | reach_loss 2642376.41562 | entropy 2.1774 | gamma_reach 0.999185 | ent_coef 0.00091 | elapsed 41.53s
iter 00016 | success 0.024 | cost 32.4 | energy 182.3 | actor_loss 0.27684 | energy_loss 508.51803 | reach_loss 10902727.16250 | entropy 2.1774 | gamma_reach 0.999198 | ent_coef 0.00090 | elapsed 41.88s
iter 00017 | success 0.039 | cost 102.3 | energy 391.3 | actor_loss 0.27026 | energy_loss 382.29655 | reach_loss 30895935.57500 | entropy 2.1774 | gamma_reach 0.999211 | ent_coef 0.00089 | elapsed 41.65s
iter 00018 | success 0.041 | cost 102.0 | energy 357.3 | actor_loss 0.27653 | energy_loss 302.15064 | reach_loss 21158949.55000 | entropy 2.1774 | gamma_reach 0.999224 | ent_coef 0.00089 | elapsed 41.67s
iter 00019 | success 0.025 | cost 78.0 | energy 316.0 | actor_loss 0.28973 | energy_loss 219.49230 | reach_loss 13908747.27500 | entropy 2.1774 | gamma_reach 0.999238 | ent_coef 0.00088 | elapsed 41.86s
iter 00020 | success 0.111 | cost 94.5 | energy 414.1 | actor_loss 0.29642 | energy_loss 179.75386 | reach_loss 17010715.27500 | entropy 2.1774 | gamma_reach 0.999251 | ent_coef 0.00087 | elapsed 41.90s
debug 00020 | std_mean 0.5000 | std_min 0.5000 | std_max 0.5000 | done_mean 0.9236 | energy_min_ratio 0.5886 | energy_neg_ratio 0.8187 | e_cons [7.211e+00, 8.000e+00] | first_emin_step 82.68 | act_clip_ratio 0.8488 | act_abs [1.302e+01, 5.852e+02] | act_mean_abs [1.300e+01, 5.848e+02] | act_mean_clip_ratio 0.8479 | clipped_act_abs [9.265e-01, 1.000e+00] | init_energy [-3.991e+02, 1.957e+02, 8.000e+02] | v_reach [-2.391e+04, 1.201e+02] | t_reach [-4.996e+03, 1.554e+03] | reach_clip_ratio 0.2975 | open_ratio 0.0764 | t_done [-3.000e+02, 1.554e+03] | t_open [-4.996e+03, 7.536e+02] | v_open [-2.212e+04, 9.994e+01] | tmin_src done 0 t 199 v -4.357e+03 next_v -5.000e+03 g -3.000e+02 h -3.000e+02 energy -4.000e+02 | adv_total_std 2.354e+02 | adv_open_std 8.035e+01
iter 00021 | success 0.075 | cost 107.2 | energy 438.4 | actor_loss 0.29673 | energy_loss 148.21155 | reach_loss 16753069.50000 | entropy 2.1774 | gamma_reach 0.999264 | ent_coef 0.00087 | elapsed 41.78s
iter 00022 | success 0.038 | cost 100.7 | energy 404.7 | actor_loss 0.28680 | energy_loss 74.34364 | reach_loss 19639797.35000 | entropy 2.1774 | gamma_reach 0.999277 | ent_coef 0.00086 | elapsed 41.87s
iter 00023 | success 0.010 | cost 48.5 | energy 204.5 | actor_loss 0.29480 | energy_loss 53.46114 | reach_loss 24782944.37500 | entropy 2.1774 | gamma_reach 0.999290 | ent_coef 0.00085 | elapsed 33.83s
iter 00024 | success 0.130 | cost 95.2 | energy 450.3 | actor_loss 0.31540 | energy_loss 65.15309 | reach_loss 21518514.00000 | entropy 2.1774 | gamma_reach 0.999304 | ent_coef 0.00085 | elapsed 28.22s
iter 00025 | success 0.081 | cost 85.8 | energy 432.6 | actor_loss 0.28308 | energy_loss 51.14804 | reach_loss 20218670.47500 | entropy 2.1774 | gamma_reach 0.999317 | ent_coef 0.00084 | elapsed 27.82s
iter 00026 | success 0.071 | cost 83.3 | energy 389.3 | actor_loss 0.29235 | energy_loss 21.93426 | reach_loss 21548081.75000 | entropy 2.1774 | gamma_reach 0.999330 | ent_coef 0.00083 | elapsed 28.15s
iter 00027 | success 0.070 | cost 81.2 | energy 422.9 | actor_loss 0.29785 | energy_loss 47.76727 | reach_loss 18433424.12500 | entropy 2.1774 | gamma_reach 0.999343 | ent_coef 0.00083 | elapsed 28.16s
iter 00028 | success 0.063 | cost 60.7 | energy 350.9 | actor_loss 0.25680 | energy_loss 47.85832 | reach_loss 19003088.90000 | entropy 2.1774 | gamma_reach 0.999356 | ent_coef 0.00082 | elapsed 28.40s
iter 00029 | success 0.061 | cost 55.2 | energy 339.5 | actor_loss 0.26356 | energy_loss 93.36370 | reach_loss 20925349.37500 | entropy 2.1774 | gamma_reach 0.999370 | ent_coef 0.00081 | elapsed 28.41s
iter 00030 | success 0.059 | cost 59.3 | energy 328.0 | actor_loss 0.24833 | energy_loss 54.64382 | reach_loss 26459145.57500 | entropy 2.1774 | gamma_reach 0.999383 | ent_coef 0.00081 | elapsed 28.39s
debug 00030 | std_mean 0.5000 | std_min 0.5000 | std_max 0.5000 | done_mean 0.9370 | energy_min_ratio 0.6176 | energy_neg_ratio 0.8298 | e_cons [7.811e+00, 8.000e+00] | first_emin_step 76.86 | act_clip_ratio 0.9628 | act_abs [7.688e+01, 1.002e+03] | act_mean_abs [7.688e+01, 1.002e+03] | act_mean_clip_ratio 0.9661 | clipped_act_abs [9.825e-01, 1.000e+00] | init_energy [-4.000e+02, 1.951e+02, 7.997e+02] | v_reach [-3.292e+04, 2.977e+03] | t_reach [-4.997e+03, 1.673e+03] | reach_clip_ratio 0.2113 | open_ratio 0.0630 | t_done [-3.000e+02, 1.673e+03] | t_open [-4.997e+03, 7.946e+02] | v_open [-3.029e+04, 2.385e+03] | tmin_src done 0 t 199 v -2.759e+04 next_v -5.000e+03 g 5.254e+01 h -3.000e+02 energy -4.000e+02 | adv_total_std 4.866e+02 | adv_open_std 4.013e+02
iter 00031 | success 0.043 | cost 53.7 | energy 314.5 | actor_loss 0.25474 | energy_loss 112.48335 | reach_loss 27482384.12500 | entropy 2.1773 | gamma_reach 0.999396 | ent_coef 0.00080 | elapsed 28.22s
iter 00032 | success 0.045 | cost 60.3 | energy 358.0 | actor_loss 0.24880 | energy_loss 97.42862 | reach_loss 31255061.90000 | entropy 2.1774 | gamma_reach 0.999409 | ent_coef 0.00079 | elapsed 28.98s
iter 00033 | success 0.052 | cost 60.4 | energy 328.0 | actor_loss 0.25637 | energy_loss 114.35122 | reach_loss 33982461.85000 | entropy 2.1770 | gamma_reach 0.999422 | ent_coef 0.00079 | elapsed 29.22s
iter 00034 | success 0.045 | cost 67.8 | energy 357.0 | actor_loss 0.26786 | energy_loss 109.97260 | reach_loss 36573256.10000 | entropy 2.1769 | gamma_reach 0.999436 | ent_coef 0.00078 | elapsed 28.90s
iter 00035 | success 0.035 | cost 74.3 | energy 405.9 | actor_loss 0.26042 | energy_loss 124.13742 | reach_loss 36997690.50000 | entropy 2.1768 | gamma_reach 0.999449 | ent_coef 0.00077 | elapsed 28.55s
iter 00036 | success 0.031 | cost 74.5 | energy 389.7 | actor_loss 0.25336 | energy_loss 163.35836 | reach_loss 44988565.55000 | entropy 2.1657 | gamma_reach 0.999462 | ent_coef 0.00077 | elapsed 28.39s
iter 00037 | success 0.034 | cost 68.2 | energy 339.7 | actor_loss 0.27424 | energy_loss 172.91129 | reach_loss 48576718.20000 | entropy 2.1686 | gamma_reach 0.999475 | ent_coef 0.00076 | elapsed 28.33s
iter 00038 | success 0.028 | cost 61.1 | energy 335.0 | actor_loss 0.27159 | energy_loss 174.62420 | reach_loss 47592613.25000 | entropy 2.1590 | gamma_reach 0.999488 | ent_coef 0.00075 | elapsed 28.12s
iter 00039 | success 0.038 | cost 68.6 | energy 330.2 | actor_loss 0.28333 | energy_loss 175.78382 | reach_loss 52292161.45000 | entropy 2.1556 | gamma_reach 0.999502 | ent_coef 0.00075 | elapsed 28.25s
iter 00040 | success 0.040 | cost 67.1 | energy 375.1 | actor_loss 0.29024 | energy_loss 144.93906 | reach_loss 47089398.85000 | entropy 2.1675 | gamma_reach 0.999515 | ent_coef 0.00074 | elapsed 28.49s
debug 00040 | std_mean 0.5000 | std_min 0.5000 | std_max 0.5000 | done_mean 0.9443 | energy_min_ratio 0.5915 | energy_neg_ratio 0.8176 | e_cons [7.323e+00, 8.000e+00] | first_emin_step 82.10 | act_clip_ratio 0.8798 | act_abs [5.404e+01, 1.096e+03] | act_mean_abs [5.402e+01, 1.096e+03] | act_mean_clip_ratio 0.8725 | clipped_act_abs [9.356e-01, 1.000e+00] | init_energy [-3.998e+02, 2.028e+02, 7.996e+02] | v_reach [-4.635e+04, 3.878e+03] | t_reach [-4.997e+03, 1.727e+03] | reach_clip_ratio 0.2594 | open_ratio 0.0557 | t_done [-3.000e+02, 1.727e+03] | t_open [-4.997e+03, 7.939e+02] | v_open [-3.212e+04, 2.907e+03] | tmin_src done 0 t 199 v -1.496e+04 next_v -5.000e+03 g 3.671e+02 h -3.000e+02 energy -4.000e+02 | adv_total_std 5.243e+02 | adv_open_std 4.521e+02
iter 00041 | success 0.036 | cost 73.6 | energy 384.1 | actor_loss 0.30400 | energy_loss 207.60336 | reach_loss 48407813.00000 | entropy 2.1774 | gamma_reach 0.999528 | ent_coef 0.00073 | elapsed 27.92s
iter 00042 | success 0.019 | cost 48.4 | energy 239.8 | actor_loss 0.31330 | energy_loss 178.57256 | reach_loss 45853869.65000 | entropy 2.1774 | gamma_reach 0.999541 | ent_coef 0.00073 | elapsed 27.85s
iter 00043 | success 0.022 | cost 52.1 | energy 248.8 | actor_loss 0.32220 | energy_loss 192.45523 | reach_loss 54002676.45000 | entropy 2.1774 | gamma_reach 0.999554 | ent_coef 0.00072 | elapsed 28.05s
iter 00044 | success 0.016 | cost 55.4 | energy 313.9 | actor_loss 0.30699 | energy_loss 119.86718 | reach_loss 41624732.35000 | entropy 2.1774 | gamma_reach 0.999568 | ent_coef 0.00071 | elapsed 28.14s
iter 00045 | success 0.018 | cost 53.6 | energy 297.8 | actor_loss 0.30770 | energy_loss 148.51559 | reach_loss 70055604.20000 | entropy 2.1774 | gamma_reach 0.999581 | ent_coef 0.00071 | elapsed 28.14s
iter 00046 | success 0.016 | cost 17.3 | energy 100.0 | actor_loss 0.31699 | energy_loss 109.00998 | reach_loss 51407406.95000 | entropy 2.1771 | gamma_reach 0.999594 | ent_coef 0.00070 | elapsed 28.21s
iter 00047 | success 0.274 | cost 77.8 | energy 392.4 | actor_loss 0.32973 | energy_loss 371.84945 | reach_loss 106452830.00000 | entropy 2.1774 | gamma_reach 0.999607 | ent_coef 0.00069 | elapsed 28.13s
iter 00048 | success 0.230 | cost 69.4 | energy 381.3 | actor_loss 0.30780 | energy_loss 84.93143 | reach_loss 11729771.77500 | entropy 2.1774 | gamma_reach 0.999620 | ent_coef 0.00069 | elapsed 28.64s
iter 00049 | success 0.206 | cost 63.9 | energy 376.2 | actor_loss 0.30961 | energy_loss 55.87340 | reach_loss 2532638.18438 | entropy 2.1774 | gamma_reach 0.999634 | ent_coef 0.00068 | elapsed 28.78s
iter 00050 | success 0.312 | cost 72.6 | energy 393.0 | actor_loss 0.29468 | energy_loss 60.89879 | reach_loss 3634197.44375 | entropy 2.1774 | gamma_reach 0.999647 | ent_coef 0.00067 | elapsed 28.46s
debug 00050 | std_mean 0.5000 | std_min 0.5000 | std_max 0.5000 | done_mean 0.9638 | energy_min_ratio 0.6133 | energy_neg_ratio 0.8294 | e_cons [7.651e+00, 8.000e+00] | first_emin_step 77.73 | act_clip_ratio 0.9352 | act_abs [5.209e+01, 1.016e+03] | act_mean_abs [5.208e+01, 1.016e+03] | act_mean_clip_ratio 0.9341 | clipped_act_abs [9.673e-01, 1.000e+00] | init_energy [-4.000e+02, 1.929e+02, 7.995e+02] | v_reach [-9.857e+03, 5.853e+03] | t_reach [-4.998e+03, 1.178e+03] | reach_clip_ratio 0.0812 | open_ratio 0.0362 | t_done [-3.000e+02, 1.178e+03] | t_open [-4.998e+03, 7.897e+02] | v_open [-9.058e+03, 5.252e+03] | tmin_src done 0 t 199 v -5.418e+03 next_v -5.000e+03 g 2.432e+01 h -3.000e+02 energy -4.000e+02 | adv_total_std 7.683e+02 | adv_open_std 2.531e+02
iter 00051 | success 0.314 | cost 73.6 | energy 408.4 | actor_loss 0.29296 | energy_loss 56.07268 | reach_loss 5263137.87500 | entropy 2.1774 | gamma_reach 0.999660 | ent_coef 0.00067 | elapsed 28.40s
iter 00052 | success 0.260 | cost 99.3 | energy 468.5 | actor_loss 0.30265 | energy_loss 79.66623 | reach_loss 6107368.89375 | entropy 2.1774 | gamma_reach 0.999673 | ent_coef 0.00066 | elapsed 28.35s
iter 00053 | success 0.122 | cost 80.8 | energy 420.6 | actor_loss 0.29115 | energy_loss 62.07949 | reach_loss 44796535.55000 | entropy 2.1774 | gamma_reach 0.999686 | ent_coef 0.00065 | elapsed 28.29s
iter 00054 | success 0.099 | cost 50.6 | energy 302.4 | actor_loss 0.30110 | energy_loss 86.48738 | reach_loss 24002425.35000 | entropy 2.1773 | gamma_reach 0.999700 | ent_coef 0.00065 | elapsed 28.12s
iter 00055 | success 0.117 | cost 80.1 | energy 387.6 | actor_loss 0.26110 | energy_loss 97.28959 | reach_loss 79283445.00000 | entropy 2.1774 | gamma_reach 0.999713 | ent_coef 0.00064 | elapsed 28.29s
iter 00056 | success 0.008 | cost 28.4 | energy 168.8 | actor_loss 0.22213 | energy_loss 184.61270 | reach_loss 98281096.90000 | entropy 2.1774 | gamma_reach 0.999726 | ent_coef 0.00063 | elapsed 28.43s
iter 00057 | success 0.007 | cost 1.4 | energy 18.5 | actor_loss 0.24919 | energy_loss 356.82882 | reach_loss 50151746.05000 | entropy 2.1774 | gamma_reach 0.999739 | ent_coef 0.00063 | elapsed 28.43s
iter 00058 | success 0.010 | cost 32.8 | energy 138.8 | actor_loss 0.27556 | energy_loss 258.55584 | reach_loss 103821830.20000 | entropy 2.1774 | gamma_reach 0.999752 | ent_coef 0.00062 | elapsed 28.72s
iter 00059 | success 0.018 | cost 41.2 | energy 246.3 | actor_loss 0.26079 | energy_loss 242.10760 | reach_loss 109442066.00000 | entropy 2.1774 | gamma_reach 0.999766 | ent_coef 0.00061 | elapsed 28.68s
iter 00060 | success 0.010 | cost 18.7 | energy 98.0 | actor_loss 0.28543 | energy_loss 196.54502 | reach_loss 27854086.47500 | entropy 2.1766 | gamma_reach 0.999779 | ent_coef 0.00061 | elapsed 28.75s
debug 00060 | std_mean 0.4989 | std_min 0.4966 | std_max 0.5000 | done_mean 0.9027 | energy_min_ratio 0.5939 | energy_neg_ratio 0.8193 | e_cons [7.420e+00, 8.000e+00] | first_emin_step 81.62 | act_clip_ratio 0.8921 | act_abs [2.773e+01, 8.321e+02] | act_mean_abs [2.772e+01, 8.331e+02] | act_mean_clip_ratio 0.8903 | clipped_act_abs [9.455e-01, 1.000e+00] | init_energy [-3.996e+02, 2.041e+02, 7.996e+02] | v_reach [-3.758e+04, 7.863e+03] | t_reach [-4.999e+03, 1.879e+03] | reach_clip_ratio 0.4478 | open_ratio 0.0973 | t_done [-3.000e+02, 1.879e+03] | t_open [-4.999e+03, 7.811e+02] | v_open [-1.697e+04, 5.092e+03] | tmin_src done 0 t 199 v -1.321e+04 next_v -5.000e+03 g 2.597e+02 h -3.000e+02 energy -4.000e+02 | adv_total_std 1.089e+03 | adv_open_std 6.050e+02
iter 00061 | success 0.018 | cost 30.6 | energy 191.6 | actor_loss 0.25629 | energy_loss 246.22672 | reach_loss 38718855.50000 | entropy 2.1762 | gamma_reach 0.999792 | ent_coef 0.00060 | elapsed 28.53s
iter 00062 | success 0.029 | cost 50.8 | energy 285.1 | actor_loss 0.30732 | energy_loss 316.38191 | reach_loss 34496029.15000 | entropy 2.1774 | gamma_reach 0.999805 | ent_coef 0.00059 | elapsed 28.48s
iter 00063 | success 0.037 | cost 59.1 | energy 319.2 | actor_loss 0.28657 | energy_loss 750.95685 | reach_loss 51572315.50000 | entropy 2.1774 | gamma_reach 0.999818 | ent_coef 0.00059 | elapsed 28.69s
iter 00064 | success 0.024 | cost 26.1 | energy 181.2 | actor_loss 0.28118 | energy_loss 1091.81833 | reach_loss 55298681.70000 | entropy 2.1774 | gamma_reach 0.999832 | ent_coef 0.00058 | elapsed 28.69s
iter 00065 | success 0.145 | cost 100.2 | energy 459.6 | actor_loss 0.27864 | energy_loss 2633.65452 | reach_loss 41661634.05000 | entropy 2.1774 | gamma_reach 0.999845 | ent_coef 0.00057 | elapsed 28.33s
iter 00066 | success 0.159 | cost 102.7 | energy 465.9 | actor_loss 0.26582 | energy_loss 2293.83135 | reach_loss 16265450.12500 | entropy 2.1774 | gamma_reach 0.999858 | ent_coef 0.00057 | elapsed 28.43s
iter 00067 | success 0.085 | cost 100.7 | energy 454.9 | actor_loss 0.29267 | energy_loss 2879.76761 | reach_loss 18474827.32500 | entropy 2.1774 | gamma_reach 0.999871 | ent_coef 0.00056 | elapsed 29.07s
iter 00068 | success 0.167 | cost 69.5 | energy 387.2 | actor_loss 0.29915 | energy_loss 4111.33800 | reach_loss 52245203.75000 | entropy 2.1774 | gamma_reach 0.999884 | ent_coef 0.00055 | elapsed 29.94s
iter 00069 | success 0.187 | cost 69.9 | energy 395.6 | actor_loss 0.30524 | energy_loss 4196.85825 | reach_loss 56952624.55000 | entropy 2.1774 | gamma_reach 0.999898 | ent_coef 0.00055 | elapsed 30.14s
iter 00070 | success 0.192 | cost 69.1 | energy 382.6 | actor_loss 0.30983 | energy_loss 4734.51712 | reach_loss 74263506.60000 | entropy 2.1774 | gamma_reach 0.999911 | ent_coef 0.00054 | elapsed 29.69s
debug 00070 | std_mean 0.5000 | std_min 0.5000 | std_max 0.5000 | done_mean 0.9293 | energy_min_ratio 0.6133 | energy_neg_ratio 0.8265 | e_cons [7.793e+00, 8.000e+00] | first_emin_step 77.72 | act_clip_ratio 0.9613 | act_abs [1.310e+02, 1.369e+03] | act_mean_abs [1.310e+02, 1.369e+03] | act_mean_clip_ratio 0.9613 | clipped_act_abs [9.806e-01, 1.000e+00] | init_energy [-3.998e+02, 2.038e+02, 7.996e+02] | v_reach [-3.643e+04, 6.502e+03] | t_reach [-5.000e+03, 1.673e+03] | reach_clip_ratio 0.4337 | open_ratio 0.0707 | t_done [-3.000e+02, 1.673e+03] | t_open [-5.000e+03, 7.896e+02] | v_open [-3.462e+04, 6.497e+03] | tmin_src done 0 t 199 v -2.832e+02 next_v -5.000e+03 g -3.000e+02 h -3.000e+02 energy -4.000e+02 | adv_total_std 1.381e+03 | adv_open_std 1.133e+03
iter 00071 | success 0.179 | cost 74.5 | energy 401.0 | actor_loss 0.31152 | energy_loss 5926.67035 | reach_loss 38850227.30000 | entropy 2.1774 | gamma_reach 0.999924 | ent_coef 0.00053 | elapsed 29.90s
iter 00072 | success 0.160 | cost 67.4 | energy 384.8 | actor_loss 0.31085 | energy_loss 5897.74899 | reach_loss 42146636.95000 | entropy 2.1774 | gamma_reach 0.999937 | ent_coef 0.00053 | elapsed 30.54s
iter 00073 | success 0.163 | cost 66.3 | energy 377.1 | actor_loss 0.30985 | energy_loss 6874.33685 | reach_loss 31993112.87500 | entropy 2.1774 | gamma_reach 0.999950 | ent_coef 0.00052 | elapsed 30.95s
iter 00074 | success 0.150 | cost 59.7 | energy 353.4 | actor_loss 0.30728 | energy_loss 7942.61526 | reach_loss 18412867.17500 | entropy 2.1774 | gamma_reach 0.999964 | ent_coef 0.00051 | elapsed 31.15s
iter 00075 | success 0.124 | cost 54.2 | energy 344.2 | actor_loss 0.30082 | energy_loss 7896.47362 | reach_loss 17042339.42500 | entropy 2.1774 | gamma_reach 0.999977 | ent_coef 0.00051 | elapsed 29.01s
iter 00076 | success 0.111 | cost 60.7 | energy 349.2 | actor_loss 0.30958 | energy_loss 7375.57032 | reach_loss 10585695.81250 | entropy 2.1774 | gamma_reach 0.999990 | ent_coef 0.00050 | elapsed 28.99s
iter 00077 | success 0.076 | cost 41.4 | energy 264.4 | actor_loss 0.28732 | energy_loss 8197.50364 | reach_loss 12519049.88750 | entropy 2.1774 | gamma_reach 0.999990 | ent_coef 0.00049 | elapsed 29.04s
iter 00078 | success 0.031 | cost 29.6 | energy 169.7 | actor_loss 0.31619 | energy_loss 8866.94082 | reach_loss 9035888.16250 | entropy 2.1774 | gamma_reach 0.999990 | ent_coef 0.00049 | elapsed 28.39s
iter 00079 | success 0.020 | cost 15.6 | energy 107.6 | actor_loss 0.31433 | energy_loss 9106.43038 | reach_loss 6392489.25000 | entropy 2.1774 | gamma_reach 0.999990 | ent_coef 0.00048 | elapsed 28.08s
iter 00080 | success 0.012 | cost 33.4 | energy 115.9 | actor_loss 0.33341 | energy_loss 11866.71632 | reach_loss 4466637.66875 | entropy 2.1774 | gamma_reach 0.999990 | ent_coef 0.00047 | elapsed 28.45s
debug 00080 | std_mean 0.5000 | std_min 0.5000 | std_max 0.5000 | done_mean 0.9190 | energy_min_ratio 0.6271 | energy_neg_ratio 0.8378 | e_cons [7.813e+00, 8.000e+00] | first_emin_step 74.95 | act_clip_ratio 0.9645 | act_abs [1.763e+02, 1.142e+03] | act_mean_abs [1.763e+02, 1.143e+03] | act_mean_clip_ratio 0.9655 | clipped_act_abs [9.825e-01, 1.000e+00] | init_energy [-3.997e+02, 1.819e+02, 8.000e+02] | v_reach [-1.551e+04, 7.812e+03] | t_reach [-5.000e+03, 1.654e+03] | reach_clip_ratio 0.0859 | open_ratio 0.0810 | t_done [-3.000e+02, 1.654e+03] | t_open [-5.000e+03, 7.912e+02] | v_open [-1.480e+04, 6.370e+03] | tmin_src done 0 t 199 v -3.805e+03 next_v -5.000e+03 g 3.947e+02 h -3.000e+02 energy -4.000e+02 | adv_total_std 1.387e+03 | adv_open_std 1.553e+03
iter 00081 | success 0.017 | cost 76.9 | energy 373.0 | actor_loss 0.33697 | energy_loss 17501.52749 | reach_loss 7993700.47500 | entropy 2.1774 | gamma_reach 0.999990 | ent_coef 0.00047 | elapsed 28.54s
iter 00082 | success 0.034 | cost 82.9 | energy 378.7 | actor_loss 0.33786 | energy_loss 18737.23872 | reach_loss 12117306.41250 | entropy 2.1774 | gamma_reach 0.999990 | ent_coef 0.00046 | elapsed 28.19s
iter 00083 | success 0.020 | cost 54.5 | energy 288.6 | actor_loss 0.33541 | energy_loss 35448.90137 | reach_loss 9659629.98750 | entropy 2.1774 | gamma_reach 0.999990 | ent_coef 0.00045 | elapsed 28.19s
iter 00084 | success 0.025 | cost 50.5 | energy 283.2 | actor_loss 0.31957 | energy_loss 35246.56582 | reach_loss 10576127.40000 | entropy 2.1774 | gamma_reach 0.999990 | ent_coef 0.00045 | elapsed 28.18s
iter 00085 | success 0.023 | cost 34.1 | energy 214.1 | actor_loss 0.32415 | energy_loss 26299.09683 | reach_loss 7674660.44375 | entropy 2.1774 | gamma_reach 0.999990 | ent_coef 0.00044 | elapsed 28.39s
iter 00086 | success 0.216 | cost 105.5 | energy 468.5 | actor_loss 0.30185 | energy_loss 23381.26155 | reach_loss 5656542.74375 | entropy 2.1774 | gamma_reach 0.999990 | ent_coef 0.00043 | elapsed 28.40s
iter 00087 | success 0.211 | cost 106.2 | energy 469.1 | actor_loss 0.30629 | energy_loss 26427.60159 | reach_loss 2622062.50625 | entropy 2.1774 | gamma_reach 0.999990 | ent_coef 0.00043 | elapsed 28.63s
iter 00088 | success 0.215 | cost 105.7 | energy 493.2 | actor_loss 0.30437 | energy_loss 23743.42468 | reach_loss 3002303.88125 | entropy 2.1774 | gamma_reach 0.999990 | ent_coef 0.00042 | elapsed 28.48s
iter 00089 | success 0.184 | cost 103.1 | energy 470.7 | actor_loss 0.31065 | energy_loss 32272.37844 | reach_loss 2879317.70625 | entropy 2.1774 | gamma_reach 0.999990 | ent_coef 0.00041 | elapsed 28.36s
iter 00090 | success 0.255 | cost 92.7 | energy 443.9 | actor_loss 0.28522 | energy_loss 21660.84431 | reach_loss 2104796.74063 | entropy 2.1774 | gamma_reach 0.999990 | ent_coef 0.00041 | elapsed 28.28s
debug 00090 | std_mean 0.5000 | std_min 0.5000 | std_max 0.5000 | done_mean 0.9350 | energy_min_ratio 0.6234 | energy_neg_ratio 0.8342 | e_cons [7.879e+00, 8.000e+00] | first_emin_step 75.70 | act_clip_ratio 0.9772 | act_abs [8.006e+02, 9.310e+03] | act_mean_abs [8.005e+02, 9.310e+03] | act_mean_clip_ratio 0.9774 | clipped_act_abs [9.887e-01, 1.000e+00] | init_energy [-4.000e+02, 1.929e+02, 7.999e+02] | v_reach [-1.188e+04, 6.973e+03] | t_reach [-5.000e+03, 9.610e+02] | reach_clip_ratio 0.0311 | open_ratio 0.0650 | t_done [-3.000e+02, 9.610e+02] | t_open [-5.000e+03, 7.930e+02] | v_open [-1.119e+04, 6.883e+03] | tmin_src done 0 t 199 v -8.496e+03 next_v -5.000e+03 g -3.000e+02 h -3.000e+02 energy -4.000e+02 | adv_total_std 1.058e+03 | adv_open_std 1.146e+03
iter 00091 | success 0.239 | cost 92.3 | energy 431.0 | actor_loss 0.29179 | energy_loss 27074.01287 | reach_loss 1889578.50469 | entropy 2.1774 | gamma_reach 0.999990 | ent_coef 0.00040 | elapsed 28.15s
iter 00092 | success 0.231 | cost 90.6 | energy 432.6 | actor_loss 0.29019 | energy_loss 31354.55481 | reach_loss 1908405.45625 | entropy 2.1774 | gamma_reach 0.999990 | ent_coef 0.00039 | elapsed 28.32s
iter 00093 | success 0.129 | cost 104.5 | energy 454.3 | actor_loss 0.32213 | energy_loss 61407.50918 | reach_loss 2741339.35312 | entropy 2.1774 | gamma_reach 0.999990 | ent_coef 0.00039 | elapsed 28.65s
iter 00094 | success 0.110 | cost 96.3 | energy 442.7 | actor_loss 0.32352 | energy_loss 63645.61616 | reach_loss 3087454.23438 | entropy 2.1774 | gamma_reach 0.999990 | ent_coef 0.00038 | elapsed 29.24s
iter 00095 | success 0.177 | cost 83.8 | energy 402.7 | actor_loss 0.30878 | energy_loss 36435.27202 | reach_loss 3532633.08750 | entropy 2.1774 | gamma_reach 0.999990 | ent_coef 0.00037 | elapsed 29.26s
iter 00096 | success 0.167 | cost 85.9 | energy 413.3 | actor_loss 0.32020 | energy_loss 44731.68989 | reach_loss 5710314.48125 | entropy 2.1774 | gamma_reach 0.999990 | ent_coef 0.00037 | elapsed 29.17s
iter 00097 | success 0.151 | cost 91.5 | energy 420.5 | actor_loss 0.32610 | energy_loss 43205.92603 | reach_loss 6515839.16250 | entropy 2.1774 | gamma_reach 0.999990 | ent_coef 0.00036 | elapsed 28.28s
iter 00098 | success 0.163 | cost 96.1 | energy 427.5 | actor_loss 0.32995 | energy_loss 47277.53462 | reach_loss 7279065.34375 | entropy 2.1774 | gamma_reach 0.999990 | ent_coef 0.00035 | elapsed 29.11s
iter 00099 | success 0.137 | cost 73.4 | energy 381.2 | actor_loss 0.33243 | energy_loss 46752.97002 | reach_loss 10869545.63750 | entropy 2.1774 | gamma_reach 0.999990 | ent_coef 0.00035 | elapsed 29.63s
iter 00100 | success 0.115 | cost 58.3 | energy 316.0 | actor_loss 0.33322 | energy_loss 44339.92417 | reach_loss 13485321.32500 | entropy 2.1774 | gamma_reach 0.999990 | ent_coef 0.00034 | elapsed 29.42s
debug 00100 | std_mean 0.5000 | std_min 0.5000 | std_max 0.5000 | done_mean 0.9522 | energy_min_ratio 0.6196 | energy_neg_ratio 0.8308 | e_cons [7.893e+00, 8.000e+00] | first_emin_step 76.45 | act_clip_ratio 0.9800 | act_abs [1.012e+03, 6.837e+03] | act_mean_abs [1.012e+03, 6.837e+03] | act_mean_clip_ratio 0.9800 | clipped_act_abs [9.900e-01, 1.000e+00] | init_energy [-3.992e+02, 1.984e+02, 8.000e+02] | v_reach [-2.575e+04, 5.744e+03] | t_reach [-5.000e+03, 1.594e+03] | reach_clip_ratio 0.2009 | open_ratio 0.0478 | t_done [-3.000e+02, 1.594e+03] | t_open [-5.000e+03, 7.928e+02] | v_open [-1.750e+04, 4.452e+03] | tmin_src done 0 t 199 v -4.982e+03 next_v -5.000e+03 g 1.506e+02 h -3.000e+02 energy -4.000e+02 | adv_total_std 1.131e+03 | adv_open_std 1.322e+03
iter 00101 | success 0.126 | cost 60.1 | energy 346.6 | actor_loss 0.32371 | energy_loss 43855.50420 | reach_loss 15358026.11250 | entropy 2.1774 | gamma_reach 0.999990 | ent_coef 0.00033 | elapsed 31.94s
iter 00102 | success 0.037 | cost 27.4 | energy 180.8 | actor_loss 0.33667 | energy_loss 60077.34253 | reach_loss 20233597.55000 | entropy 2.1774 | gamma_reach 0.999990 | ent_coef 0.00033 | elapsed 29.06s
iter 00103 | success 0.083 | cost 61.5 | energy 331.4 | actor_loss 0.32869 | energy_loss 63771.06758 | reach_loss 17252244.52500 | entropy 2.1774 | gamma_reach 0.999990 | ent_coef 0.00032 | elapsed 29.02s
iter 00104 | success 0.109 | cost 59.5 | energy 325.3 | actor_loss 0.32836 | energy_loss 58287.75264 | reach_loss 6092127.83125 | entropy 2.1774 | gamma_reach 0.999990 | ent_coef 0.00031 | elapsed 28.07s
iter 00105 | success 0.117 | cost 66.0 | energy 360.0 | actor_loss 0.32618 | energy_loss 50648.55874 | reach_loss 5184067.69375 | entropy 2.1774 | gamma_reach 0.999990 | ent_coef 0.00031 | elapsed 28.11s
iter 00106 | success 0.123 | cost 68.6 | energy 391.1 | actor_loss 0.32752 | energy_loss 51688.93320 | reach_loss 5014479.03750 | entropy 2.1774 | gamma_reach 0.999990 | ent_coef 0.00030 | elapsed 29.10s
iter 00107 | success 0.070 | cost 84.4 | energy 427.0 | actor_loss 0.33628 | energy_loss 59931.43325 | reach_loss 3855670.34375 | entropy 2.1774 | gamma_reach 0.999990 | ent_coef 0.00029 | elapsed 29.14s
iter 00108 | success 0.010 | cost 10.8 | energy 69.6 | actor_loss 0.33450 | energy_loss 50907.48687 | reach_loss 3105254.83438 | entropy 2.1774 | gamma_reach 0.999990 | ent_coef 0.00029 | elapsed 28.24s
iter 00109 | success 0.211 | cost 77.9 | energy 422.2 | actor_loss 0.31233 | energy_loss 30078.95850 | reach_loss 2499681.49688 | entropy 2.1774 | gamma_reach 0.999990 | ent_coef 0.00028 | elapsed 28.20s
iter 00110 | success 0.292 | cost 81.1 | energy 427.6 | actor_loss 0.29118 | energy_loss 27189.91953 | reach_loss 3012072.05313 | entropy 2.1774 | gamma_reach 0.999990 | ent_coef 0.00027 | elapsed 27.81s
debug 00110 | std_mean 0.5000 | std_min 0.5000 | std_max 0.5000 | done_mean 0.9472 | energy_min_ratio 0.6200 | energy_neg_ratio 0.8311 | e_cons [7.963e+00, 8.000e+00] | first_emin_step 76.38 | act_clip_ratio 0.9931 | act_abs [7.383e+02, 7.205e+03] | act_mean_abs [7.383e+02, 7.205e+03] | act_mean_clip_ratio 0.9931 | clipped_act_abs [9.966e-01, 1.000e+00] | init_energy [-3.997e+02, 2.030e+02, 7.997e+02] | v_reach [-1.151e+04, 6.546e+03] | t_reach [-5.000e+03, 1.226e+03] | reach_clip_ratio 0.0316 | open_ratio 0.0528 | t_done [-3.000e+02, 1.226e+03] | t_open [-5.000e+03, 7.920e+02] | v_open [-9.622e+03, 4.985e+03] | tmin_src done 0 t 199 v -5.204e+03 next_v -5.000e+03 g -3.000e+02 h -3.000e+02 energy -4.000e+02 | adv_total_std 1.009e+03 | adv_open_std 1.148e+03
iter 00111 | success 0.311 | cost 76.6 | energy 422.2 | actor_loss 0.28784 | energy_loss 35538.07627 | reach_loss 4158691.24688 | entropy 2.1774 | gamma_reach 0.999990 | ent_coef 0.00027 | elapsed 27.68s
iter 00112 | success 0.289 | cost 83.0 | energy 432.5 | actor_loss 0.27961 | energy_loss 30540.69885 | reach_loss 6126941.35625 | entropy 2.1774 | gamma_reach 0.999990 | ent_coef 0.00026 | elapsed 27.80s
iter 00113 | success 0.021 | cost 16.4 | energy 123.2 | actor_loss 0.24429 | energy_loss 39604.48501 | reach_loss 6946840.70625 | entropy 2.1773 | gamma_reach 0.999990 | ent_coef 0.00025 | elapsed 28.69s
iter 00114 | success 0.119 | cost 44.3 | energy 253.1 | actor_loss 0.28449 | energy_loss 39521.64790 | reach_loss 6390314.18125 | entropy 2.1774 | gamma_reach 0.999990 | ent_coef 0.00025 | elapsed 28.32s
iter 00115 | success 0.197 | cost 75.6 | energy 388.1 | actor_loss 0.29522 | energy_loss 47355.71260 | reach_loss 12080320.13750 | entropy 2.1774 | gamma_reach 0.999990 | ent_coef 0.00024 | elapsed 28.23s
iter 00116 | success 0.287 | cost 96.6 | energy 431.6 | actor_loss 0.25380 | energy_loss 66133.32207 | reach_loss 22266081.17500 | entropy 2.1774 | gamma_reach 0.999990 | ent_coef 0.00023 | elapsed 28.89s
iter 00117 | success 0.313 | cost 83.0 | energy 409.7 | actor_loss 0.26444 | energy_loss 30050.40408 | reach_loss 4637050.33750 | entropy 2.1774 | gamma_reach 0.999990 | ent_coef 0.00023 | elapsed 28.12s
iter 00118 | success 0.024 | cost 11.7 | energy 94.1 | actor_loss 0.33333 | energy_loss 78713.83809 | reach_loss 5121303.61875 | entropy 2.1774 | gamma_reach 0.999990 | ent_coef 0.00022 | elapsed 28.41s
iter 00119 | success 0.230 | cost 111.0 | energy 497.5 | actor_loss 0.26319 | energy_loss 48886.59922 | reach_loss 14173634.27500 | entropy 2.1774 | gamma_reach 0.999990 | ent_coef 0.00021 | elapsed 28.75s
iter 00120 | success 0.070 | cost 43.8 | energy 244.5 | actor_loss 0.29266 | energy_loss 76209.92041 | reach_loss 24252938.17500 | entropy 2.1774 | gamma_reach 0.999990 | ent_coef 0.00021 | elapsed 29.73s
debug 00120 | std_mean 0.5000 | std_min 0.5000 | std_max 0.5000 | done_mean 0.9190 | energy_min_ratio 0.6151 | energy_neg_ratio 0.8281 | e_cons [7.793e+00, 8.000e+00] | first_emin_step 77.37 | act_clip_ratio 0.9615 | act_abs [5.841e+02, 7.027e+03] | act_mean_abs [5.841e+02, 7.027e+03] | act_mean_clip_ratio 0.9613 | clipped_act_abs [9.806e-01, 1.000e+00] | init_energy [-4.000e+02, 2.001e+02, 7.997e+02] | v_reach [-1.592e+04, 8.386e+03] | t_reach [-5.000e+03, 9.557e+02] | reach_clip_ratio 0.6055 | open_ratio 0.0810 | t_done [-3.000e+02, 9.557e+02] | t_open [-5.000e+03, 7.921e+02] | v_open [-1.464e+04, 7.183e+03] | tmin_src done 0 t 199 v -6.893e+03 next_v -5.000e+03 g -3.000e+02 h -3.000e+02 energy -4.000e+02 | adv_total_std 1.370e+03 | adv_open_std 1.439e+03
iter 00121 | success 0.192 | cost 96.2 | energy 458.9 | actor_loss 0.35124 | energy_loss 71228.62217 | reach_loss 7646730.18750 | entropy 2.1774 | gamma_reach 0.999990 | ent_coef 0.00020 | elapsed 29.15s
iter 00122 | success 0.177 | cost 96.9 | energy 475.3 | actor_loss 0.33822 | energy_loss 58908.76753 | reach_loss 6986385.14375 | entropy 2.1774 | gamma_reach 0.999990 | ent_coef 0.00019 | elapsed 29.23s
iter 00123 | success 0.148 | cost 90.4 | energy 441.2 | actor_loss 0.32517 | energy_loss 52829.76021 | reach_loss 4453637.86250 | entropy 2.1774 | gamma_reach 0.999990 | ent_coef 0.00019 | elapsed 29.57s
iter 00124 | success 0.137 | cost 92.6 | energy 441.2 | actor_loss 0.33102 | energy_loss 57826.82373 | reach_loss 2417000.56250 | entropy 2.1774 | gamma_reach 0.999990 | ent_coef 0.00018 | elapsed 30.56s
iter 00125 | success 0.062 | cost 82.4 | energy 430.2 | actor_loss 0.32264 | energy_loss 92042.76162 | reach_loss 1635950.31406 | entropy 2.1774 | gamma_reach 0.999990 | ent_coef 0.00017 | elapsed 30.95s
iter 00126 | success 0.030 | cost 51.6 | energy 262.5 | actor_loss 0.31390 | energy_loss 61445.94590 | reach_loss 1424710.56563 | entropy 2.1774 | gamma_reach 0.999990 | ent_coef 0.00017 | elapsed 30.96s
iter 00127 | success 0.018 | cost 19.2 | energy 132.3 | actor_loss 0.30152 | energy_loss 62724.12896 | reach_loss 1231725.76875 | entropy 2.1774 | gamma_reach 0.999990 | ent_coef 0.00016 | elapsed 30.08s
iter 00128 | success 0.019 | cost 26.5 | energy 159.8 | actor_loss 0.30122 | energy_loss 56702.75049 | reach_loss 1490703.41719 | entropy 2.1774 | gamma_reach 0.999990 | ent_coef 0.00015 | elapsed 28.72s
iter 00129 | success 0.022 | cost 29.2 | energy 182.9 | actor_loss 0.29179 | energy_loss 49042.61348 | reach_loss 1579995.31563 | entropy 2.1774 | gamma_reach 0.999990 | ent_coef 0.00015 | elapsed 28.81s
iter 00130 | success 0.048 | cost 62.4 | energy 330.6 | actor_loss 0.30509 | energy_loss 37705.19292 | reach_loss 1913904.67969 | entropy 2.1774 | gamma_reach 0.999990 | ent_coef 0.00014 | elapsed 28.78s
debug 00130 | std_mean 0.5000 | std_min 0.5000 | std_max 0.5000 | done_mean 0.8860 | energy_min_ratio 0.6193 | energy_neg_ratio 0.8306 | e_cons [7.833e+00, 8.000e+00] | first_emin_step 76.52 | act_clip_ratio 0.9685 | act_abs [6.768e+03, 8.197e+04] | act_mean_abs [6.768e+03, 8.197e+04] | act_mean_clip_ratio 0.9686 | clipped_act_abs [9.843e-01, 1.000e+00] | init_energy [-4.000e+02, 1.947e+02, 7.997e+02] | v_reach [-1.211e+04, 7.971e+03] | t_reach [-5.000e+03, 9.582e+02] | reach_clip_ratio 0.0224 | open_ratio 0.1140 | t_done [-3.000e+02, 9.582e+02] | t_open [-5.000e+03, 7.902e+02] | v_open [-8.908e+03, 7.065e+03] | tmin_src done 0 t 199 v -6.187e+03 next_v -5.000e+03 g 3.364e+02 h 3.000e+02 energy -4.000e+02 | adv_total_std 9.873e+02 | adv_open_std 1.127e+03
iter 00131 | success 0.080 | cost 78.4 | energy 403.5 | actor_loss 0.31590 | energy_loss 54570.58423 | reach_loss 1495885.99219 | entropy 2.1774 | gamma_reach 0.999990 | ent_coef 0.00013 | elapsed 28.80s
iter 00132 | success 0.023 | cost 48.5 | energy 250.0 | actor_loss 0.30190 | energy_loss 51385.09907 | reach_loss 1055774.03438 | entropy 2.1774 | gamma_reach 0.999990 | ent_coef 0.00013 | elapsed 28.77s
iter 00133 | success 0.028 | cost 64.7 | energy 322.6 | actor_loss 0.30025 | energy_loss 51193.85981 | reach_loss 1203097.77031 | entropy 2.1774 | gamma_reach 0.999990 | ent_coef 0.00012 | elapsed 28.85s
iter 00134 | success 0.042 | cost 75.3 | energy 360.0 | actor_loss 0.29268 | energy_loss 57754.58413 | reach_loss 2008059.51406 | entropy 2.1774 | gamma_reach 0.999990 | ent_coef 0.00011 | elapsed 28.75s
iter 00135 | success 0.041 | cost 77.4 | energy 356.8 | actor_loss 0.32018 | energy_loss 63328.71362 | reach_loss 3954403.75937 | entropy 2.1774 | gamma_reach 0.999990 | ent_coef 0.00011 | elapsed 29.02s
iter 00136 | success 0.045 | cost 74.7 | energy 354.4 | actor_loss 0.31600 | energy_loss 45872.41968 | reach_loss 7720226.77500 | entropy 2.1774 | gamma_reach 0.999990 | ent_coef 0.00010 | elapsed 29.60s
iter 00137 | success 0.042 | cost 66.9 | energy 369.6 | actor_loss 0.32163 | energy_loss 44225.00815 | reach_loss 6102834.35625 | entropy 2.1774 | gamma_reach 0.999990 | ent_coef 0.00009 | elapsed 29.83s
iter 00138 | success 0.049 | cost 75.6 | energy 343.7 | actor_loss 0.32517 | energy_loss 44820.55020 | reach_loss 5293157.56250 | entropy 2.1774 | gamma_reach 0.999990 | ent_coef 0.00009 | elapsed 29.84s
iter 00139 | success 0.045 | cost 74.9 | energy 390.1 | actor_loss 0.32379 | energy_loss 90208.42129 | reach_loss 4472598.69375 | entropy 2.1774 | gamma_reach 0.999990 | ent_coef 0.00008 | elapsed 30.34s
iter 00140 | success 0.043 | cost 72.4 | energy 328.9 | actor_loss 0.32249 | energy_loss 71201.87930 | reach_loss 4194372.09687 | entropy 2.1774 | gamma_reach 0.999990 | ent_coef 0.00007 | elapsed 29.89s
debug 00140 | std_mean 0.5000 | std_min 0.5000 | std_max 0.5000 | done_mean 0.8877 | energy_min_ratio 0.6204 | energy_neg_ratio 0.8309 | e_cons [7.892e+00, 8.000e+00] | first_emin_step 76.31 | act_clip_ratio 0.9797 | act_abs [5.811e+03, 7.548e+04] | act_mean_abs [5.811e+03, 7.548e+04] | act_mean_clip_ratio 0.9798 | clipped_act_abs [9.899e-01, 1.000e+00] | init_energy [-3.999e+02, 1.999e+02, 7.987e+02] | v_reach [-1.181e+04, 7.641e+03] | t_reach [-5.000e+03, 9.506e+02] | reach_clip_ratio 0.0918 | open_ratio 0.1123 | t_done [-3.000e+02, 9.506e+02] | t_open [-5.000e+03, 7.932e+02] | v_open [-9.988e+03, 7.187e+03] | tmin_src done 0 t 199 v -5.280e+03 next_v -5.000e+03 g 2.487e+02 h -3.000e+02 energy -4.000e+02 | adv_total_std 1.277e+03 | adv_open_std 1.455e+03
iter 00141 | success 0.046 | cost 76.5 | energy 387.8 | actor_loss 0.32770 | energy_loss 76584.18174 | reach_loss 5092517.93750 | entropy 2.1774 | gamma_reach 0.999990 | ent_coef 0.00007 | elapsed 29.20s
iter 00142 | success 0.053 | cost 80.7 | energy 373.4 | actor_loss 0.32970 | energy_loss 69549.50195 | reach_loss 5890258.30625 | entropy 2.1774 | gamma_reach 0.999990 | ent_coef 0.00006 | elapsed 29.59s
iter 00143 | success 0.051 | cost 75.3 | energy 384.1 | actor_loss 0.33053 | energy_loss 82895.90791 | reach_loss 5193382.08125 | entropy 2.1774 | gamma_reach 0.999990 | ent_coef 0.00005 | elapsed 29.55s
iter 00144 | success 0.037 | cost 72.8 | energy 330.5 | actor_loss 0.33374 | energy_loss 80176.57090 | reach_loss 4043245.22187 | entropy 2.1774 | gamma_reach 0.999990 | ent_coef 0.00005 | elapsed 29.43s
iter 00145 | success 0.039 | cost 83.3 | energy 441.6 | actor_loss 0.33436 | energy_loss 72934.66865 | reach_loss 3989920.52188 | entropy 2.1774 | gamma_reach 0.999990 | ent_coef 0.00004 | elapsed 29.21s
iter 00146 | success 0.040 | cost 75.1 | energy 348.0 | actor_loss 0.34154 | energy_loss 68972.08037 | reach_loss 5271601.15625 | entropy 2.1774 | gamma_reach 0.999990 | ent_coef 0.00003 | elapsed 29.47s
iter 00147 | success 0.042 | cost 73.9 | energy 336.4 | actor_loss 0.34130 | energy_loss 53608.80693 | reach_loss 6762439.35625 | entropy 2.1774 | gamma_reach 0.999990 | ent_coef 0.00003 | elapsed 29.55s
iter 00148 | success 0.024 | cost 73.6 | energy 356.9 | actor_loss 0.33825 | energy_loss 54357.73330 | reach_loss 10090006.37500 | entropy 2.1774 | gamma_reach 0.999990 | ent_coef 0.00002 | elapsed 29.68s
iter 00149 | success 0.022 | cost 64.2 | energy 317.2 | actor_loss 0.33922 | energy_loss 59618.10547 | reach_loss 15600247.58750 | entropy 2.1774 | gamma_reach 0.999990 | ent_coef 0.00001 | elapsed 29.63s
iter 00150 | success 0.029 | cost 59.4 | energy 255.0 | actor_loss 0.34120 | energy_loss 72264.02646 | reach_loss 11572216.10000 | entropy 2.1774 | gamma_reach 0.999990 | ent_coef 0.00001 | elapsed 29.44s
debug 00150 | std_mean 0.5000 | std_min 0.5000 | std_max 0.5000 | done_mean 0.8917 | energy_min_ratio 0.6181 | energy_neg_ratio 0.8288 | e_cons [7.921e+00, 8.000e+00] | first_emin_step 76.77 | act_clip_ratio 0.9852 | act_abs [5.889e+03, 7.439e+04] | act_mean_abs [5.889e+03, 7.439e+04] | act_mean_clip_ratio 0.9852 | clipped_act_abs [9.926e-01, 1.000e+00] | init_energy [-3.998e+02, 2.052e+02, 7.993e+02] | v_reach [-3.143e+04, 6.609e+03] | t_reach [-5.000e+03, 9.365e+02] | reach_clip_ratio 0.2195 | open_ratio 0.1083 | t_done [-3.000e+02, 9.365e+02] | t_open [-5.000e+03, 7.930e+02] | v_open [-2.235e+04, 6.398e+03] | tmin_src done 0 t 199 v -9.016e+03 next_v -5.000e+03 g 2.658e+02 h -3.000e+02 energy -4.000e+02 | adv_total_std 1.256e+03 | adv_open_std 1.395e+03
