iter 00001 | success 0.011 | cost 43.9 | energy 69.9 | actor_loss 0.01973 | energy_loss 90.48900 | reach_loss 70965.86719 | mean_bound_loss 0.00000 | entropy 2.1770 | gamma_reach 0.999000 | ent_coef 0.00100 | elapsed 25.35s
iter 00002 | success 0.009 | cost 60.7 | energy 86.2 | actor_loss 0.00027 | energy_loss 0.94776 | reach_loss 70628.81172 | mean_bound_loss 0.00000 | entropy 2.1754 | gamma_reach 0.999010 | ent_coef 0.00100 | elapsed 25.89s
iter 00003 | success 0.011 | cost 57.2 | energy 91.4 | actor_loss -0.00099 | energy_loss 1.01519 | reach_loss 74577.45928 | mean_bound_loss 0.00000 | entropy 2.1689 | gamma_reach 0.999020 | ent_coef 0.00099 | elapsed 26.60s
iter 00004 | success 0.012 | cost 48.1 | energy 86.7 | actor_loss 0.01698 | energy_loss 4.29509 | reach_loss 74614.36602 | mean_bound_loss 0.00000 | entropy 2.1603 | gamma_reach 0.999030 | ent_coef 0.00098 | elapsed 27.00s
iter 00005 | success 0.018 | cost 77.6 | energy 148.0 | actor_loss 0.12348 | energy_loss 7.21669 | reach_loss 101295.53125 | mean_bound_loss 0.00045 | entropy 2.1602 | gamma_reach 0.999040 | ent_coef 0.00098 | elapsed 27.11s
iter 00006 | success 0.031 | cost 60.6 | energy 151.9 | actor_loss 0.44448 | energy_loss 1.41042 | reach_loss 197010.26777 | mean_bound_loss 0.14311 | entropy 2.1634 | gamma_reach 0.999050 | ent_coef 0.00098 | elapsed 27.56s
iter 00007 | success 0.026 | cost 40.2 | energy 130.3 | actor_loss 0.20843 | energy_loss 8.08439 | reach_loss 232993.90488 | mean_bound_loss 0.37771 | entropy 2.1621 | gamma_reach 0.999059 | ent_coef 0.00097 | elapsed 27.80s
iter 00008 | success 0.024 | cost 43.2 | energy 151.1 | actor_loss 0.14689 | energy_loss 54.54682 | reach_loss 215348.35371 | mean_bound_loss 0.89223 | entropy 2.1593 | gamma_reach 0.999069 | ent_coef 0.00097 | elapsed 27.81s
iter 00009 | success 0.016 | cost 26.1 | energy 102.0 | actor_loss 0.22145 | energy_loss 3.21385 | reach_loss 155901.94043 | mean_bound_loss 1.47684 | entropy 2.1567 | gamma_reach 0.999079 | ent_coef 0.00096 | elapsed 27.89s
iter 00010 | success 0.018 | cost 34.0 | energy 100.3 | actor_loss 0.27018 | energy_loss 16.23113 | reach_loss 97329.93838 | mean_bound_loss 2.34582 | entropy 2.1555 | gamma_reach 0.999089 | ent_coef 0.00096 | elapsed 27.77s
debug 00010 | std_mean 0.4967 | std_min 0.4929 | std_max 0.5000 | done_mean 0.9690 | energy_min_ratio 0.3647 | energy_neg_ratio 0.6949 | e_cons [4.266e+00, 8.000e+00] | first_emin_step 127.69 | act_clip_ratio 0.3921 | act_abs [1.621e+00, 9.072e+00] | act_mean_abs [1.481e+00, 8.076e+00] | act_mean_clip_ratio 0.3266 | clipped_act_abs [6.361e-01, 1.000e+00] | init_energy [-3.999e+02, 1.929e+02, 7.996e+02] | v_reach [-5.296e+02, 1.163e+03] | t_reach [-4.444e+02, 1.867e+03] | reach_clip_ratio 0.0000 | open_ratio 0.0310 | t_done [-3.000e+02, 1.867e+03] | t_open [-4.444e+02, 7.716e+02] | v_open [-5.040e+02, 9.674e+02] | tmin_src done 0 t 185 v -4.258e+02 next_v -4.375e+02 g 6.156e+01 h -3.000e+02 energy 5.357e+01 | adv_total_std 2.386e+02 | adv_open_std 1.345e+02
iter 00011 | success 0.032 | cost 54.0 | energy 184.4 | actor_loss 0.30999 | energy_loss 94.72776 | reach_loss 115178.82822 | mean_bound_loss 2.52589 | entropy 2.1590 | gamma_reach 0.999099 | ent_coef 0.00095 | elapsed 27.57s
iter 00012 | success 0.031 | cost 73.5 | energy 227.4 | actor_loss 0.34702 | energy_loss 50.99538 | reach_loss 405618.58437 | mean_bound_loss 1.15241 | entropy 2.1622 | gamma_reach 0.999109 | ent_coef 0.00094 | elapsed 27.49s
iter 00013 | success 0.030 | cost 69.7 | energy 295.6 | actor_loss 0.32797 | energy_loss 137.76598 | reach_loss 316768.15781 | mean_bound_loss 1.28383 | entropy 2.1635 | gamma_reach 0.999119 | ent_coef 0.00094 | elapsed 28.81s
iter 00014 | success 0.017 | cost 14.5 | energy 59.0 | actor_loss 0.36189 | energy_loss 13.70936 | reach_loss 358268.78945 | mean_bound_loss 0.15990 | entropy 2.1641 | gamma_reach 0.999129 | ent_coef 0.00093 | elapsed 28.08s
iter 00015 | success 0.017 | cost 27.0 | energy 123.1 | actor_loss 0.38640 | energy_loss 87.88772 | reach_loss 453319.31602 | mean_bound_loss 0.22914 | entropy 2.1707 | gamma_reach 0.999139 | ent_coef 0.00093 | elapsed 28.05s
iter 00016 | success 0.048 | cost 71.4 | energy 320.1 | actor_loss 0.33483 | energy_loss 67.46003 | reach_loss 390122.06992 | mean_bound_loss 0.54971 | entropy 2.1767 | gamma_reach 0.999148 | ent_coef 0.00093 | elapsed 28.17s
iter 00017 | success 0.039 | cost 55.7 | energy 254.7 | actor_loss 0.33077 | energy_loss 76.79867 | reach_loss 397036.29922 | mean_bound_loss 0.53618 | entropy 2.1774 | gamma_reach 0.999158 | ent_coef 0.00092 | elapsed 28.09s
iter 00018 | success 0.032 | cost 55.9 | energy 234.9 | actor_loss 0.34257 | energy_loss 76.33159 | reach_loss 430955.23242 | mean_bound_loss 0.60338 | entropy 2.1773 | gamma_reach 0.999168 | ent_coef 0.00092 | elapsed 28.10s
iter 00019 | success 0.027 | cost 36.6 | energy 183.3 | actor_loss 0.35549 | energy_loss 74.02943 | reach_loss 464951.79805 | mean_bound_loss 0.94257 | entropy 2.1762 | gamma_reach 0.999178 | ent_coef 0.00091 | elapsed 28.06s
iter 00020 | success 0.018 | cost 31.2 | energy 172.8 | actor_loss 0.34128 | energy_loss 32.33241 | reach_loss 464042.96445 | mean_bound_loss 0.75584 | entropy 2.1737 | gamma_reach 0.999188 | ent_coef 0.00090 | elapsed 28.07s
debug 00020 | std_mean 0.4994 | std_min 0.4981 | std_max 0.5000 | done_mean 0.9001 | energy_min_ratio 0.3761 | energy_neg_ratio 0.7027 | e_cons [4.417e+00, 8.000e+00] | first_emin_step 125.41 | act_clip_ratio 0.4058 | act_abs [1.390e+00, 8.541e+00] | act_mean_abs [1.263e+00, 7.610e+00] | act_mean_clip_ratio 0.3585 | clipped_act_abs [6.525e-01, 1.000e+00] | init_energy [-3.999e+02, 1.974e+02, 7.997e+02] | v_reach [-1.478e+03, 2.591e+03] | t_reach [-9.647e+02, 1.269e+03] | reach_clip_ratio 0.0000 | open_ratio 0.0999 | t_done [-3.000e+02, 1.269e+03] | t_open [-9.647e+02, 7.883e+02] | v_open [-1.478e+03, 2.377e+03] | tmin_src done 0 t 189 v -9.341e+02 next_v -9.588e+02 g 2.855e+02 h -3.000e+02 energy -6.438e+01 | adv_total_std 7.044e+02 | adv_open_std 5.641e+02
iter 00021 | success 0.022 | cost 38.4 | energy 209.4 | actor_loss 0.35683 | energy_loss 104.32168 | reach_loss 457927.27930 | mean_bound_loss 0.54347 | entropy 2.1737 | gamma_reach 0.999198 | ent_coef 0.00090 | elapsed 28.29s
iter 00022 | success 0.028 | cost 45.5 | energy 228.6 | actor_loss 0.36381 | energy_loss 110.91533 | reach_loss 462384.70586 | mean_bound_loss 0.35310 | entropy 2.1753 | gamma_reach 0.999208 | ent_coef 0.00089 | elapsed 27.61s
iter 00023 | success 0.050 | cost 67.1 | energy 309.6 | actor_loss 0.37825 | energy_loss 163.43925 | reach_loss 598415.51328 | mean_bound_loss 0.78394 | entropy 2.1744 | gamma_reach 0.999218 | ent_coef 0.00089 | elapsed 27.13s
iter 00024 | success 0.046 | cost 70.9 | energy 310.8 | actor_loss 0.36973 | energy_loss 121.80029 | reach_loss 589133.57578 | mean_bound_loss 0.61310 | entropy 2.1747 | gamma_reach 0.999228 | ent_coef 0.00088 | elapsed 27.94s
iter 00025 | success 0.030 | cost 58.1 | energy 301.1 | actor_loss 0.38929 | energy_loss 145.01499 | reach_loss 630591.34531 | mean_bound_loss 0.94459 | entropy 2.1740 | gamma_reach 0.999238 | ent_coef 0.00088 | elapsed 27.98s
iter 00026 | success 0.027 | cost 53.2 | energy 261.5 | actor_loss 0.35714 | energy_loss 137.94353 | reach_loss 508696.08242 | mean_bound_loss 1.02024 | entropy 2.1707 | gamma_reach 0.999248 | ent_coef 0.00088 | elapsed 28.05s
iter 00027 | success 0.041 | cost 79.1 | energy 358.8 | actor_loss 0.36890 | energy_loss 191.15662 | reach_loss 470830.75430 | mean_bound_loss 0.90199 | entropy 2.1673 | gamma_reach 0.999257 | ent_coef 0.00087 | elapsed 28.10s
iter 00028 | success 0.049 | cost 84.5 | energy 375.2 | actor_loss 0.37823 | energy_loss 263.46878 | reach_loss 579257.35313 | mean_bound_loss 0.85946 | entropy 2.1632 | gamma_reach 0.999267 | ent_coef 0.00087 | elapsed 28.13s
iter 00029 | success 0.028 | cost 50.9 | energy 301.3 | actor_loss 0.36248 | energy_loss 229.19719 | reach_loss 556114.97266 | mean_bound_loss 0.82418 | entropy 2.1619 | gamma_reach 0.999277 | ent_coef 0.00086 | elapsed 28.39s
iter 00030 | success 0.024 | cost 47.7 | energy 242.6 | actor_loss 0.37128 | energy_loss 356.79427 | reach_loss 536329.78047 | mean_bound_loss 0.82922 | entropy 2.1610 | gamma_reach 0.999287 | ent_coef 0.00086 | elapsed 28.23s
debug 00030 | std_mean 0.4971 | std_min 0.4914 | std_max 0.5000 | done_mean 0.9469 | energy_min_ratio 0.4902 | energy_neg_ratio 0.7673 | e_cons [5.945e+00, 8.000e+00] | first_emin_step 102.48 | act_clip_ratio 0.6294 | act_abs [2.752e+00, 1.662e+01] | act_mean_abs [2.702e+00, 1.534e+01] | act_mean_clip_ratio 0.5970 | clipped_act_abs [8.055e-01, 1.000e+00] | init_energy [-4.000e+02, 2.062e+02, 7.992e+02] | v_reach [-2.025e+03, 2.425e+03] | t_reach [-1.056e+03, 1.650e+03] | reach_clip_ratio 0.0000 | open_ratio 0.0531 | t_done [-3.000e+02, 1.650e+03] | t_open [-1.056e+03, 7.950e+02] | v_open [-1.871e+03, 2.234e+03] | tmin_src done 0 t 196 v -1.035e+03 next_v -1.058e+03 g 3.884e+02 h -3.000e+02 energy -4.000e+02 | adv_total_std 6.525e+02 | adv_open_std 5.307e+02
iter 00031 | success 0.030 | cost 54.6 | energy 288.0 | actor_loss 0.36511 | energy_loss 369.05566 | reach_loss 551555.54453 | mean_bound_loss 0.47383 | entropy 2.1593 | gamma_reach 0.999297 | ent_coef 0.00085 | elapsed 28.08s
iter 00032 | success 0.050 | cost 77.9 | energy 396.8 | actor_loss 0.36569 | energy_loss 454.26855 | reach_loss 520797.43320 | mean_bound_loss 0.60417 | entropy 2.1580 | gamma_reach 0.999307 | ent_coef 0.00085 | elapsed 28.30s
iter 00033 | success 0.029 | cost 74.4 | energy 297.8 | actor_loss 0.36333 | energy_loss 307.17736 | reach_loss 508762.40703 | mean_bound_loss 0.50168 | entropy 2.1577 | gamma_reach 0.999317 | ent_coef 0.00084 | elapsed 25.51s
iter 00034 | success 0.069 | cost 80.6 | energy 297.3 | actor_loss 0.36014 | energy_loss 282.53797 | reach_loss 643175.26484 | mean_bound_loss 0.32188 | entropy 2.1602 | gamma_reach 0.999327 | ent_coef 0.00084 | elapsed 27.79s
iter 00035 | success 0.095 | cost 78.8 | energy 271.8 | actor_loss 0.36627 | energy_loss 149.52758 | reach_loss 632852.01250 | mean_bound_loss 0.50075 | entropy 2.1612 | gamma_reach 0.999337 | ent_coef 0.00083 | elapsed 27.81s
iter 00036 | success 0.096 | cost 79.8 | energy 282.0 | actor_loss 0.35702 | energy_loss 154.61189 | reach_loss 1149314.45000 | mean_bound_loss 0.68606 | entropy 2.1641 | gamma_reach 0.999347 | ent_coef 0.00082 | elapsed 27.71s
iter 00037 | success 0.056 | cost 51.4 | energy 194.7 | actor_loss 0.37269 | energy_loss 144.02504 | reach_loss 3507994.25625 | mean_bound_loss 0.73275 | entropy 2.1655 | gamma_reach 0.999356 | ent_coef 0.00082 | elapsed 27.68s
iter 00038 | success 0.060 | cost 54.5 | energy 228.9 | actor_loss 0.35135 | energy_loss 226.33964 | reach_loss 6317636.57500 | mean_bound_loss 0.56681 | entropy 2.1674 | gamma_reach 0.999366 | ent_coef 0.00082 | elapsed 27.81s
iter 00039 | success 0.066 | cost 64.4 | energy 238.1 | actor_loss 0.36347 | energy_loss 213.00578 | reach_loss 8322799.78125 | mean_bound_loss 0.92633 | entropy 2.1667 | gamma_reach 0.999376 | ent_coef 0.00081 | elapsed 27.99s
iter 00040 | success 0.094 | cost 90.1 | energy 314.2 | actor_loss 0.35287 | energy_loss 241.65908 | reach_loss 6199989.27500 | mean_bound_loss 0.96893 | entropy 2.1605 | gamma_reach 0.999386 | ent_coef 0.00081 | elapsed 28.02s
debug 00040 | std_mean 0.4966 | std_min 0.4920 | std_max 0.4998 | done_mean 0.9070 | energy_min_ratio 0.4536 | energy_neg_ratio 0.7508 | e_cons [5.351e+00, 8.000e+00] | first_emin_step 109.82 | act_clip_ratio 0.5248 | act_abs [1.524e+00, 1.142e+01] | act_mean_abs [1.453e+00, 1.029e+01] | act_mean_clip_ratio 0.4966 | clipped_act_abs [7.487e-01, 1.000e+00] | init_energy [-3.996e+02, 1.968e+02, 7.998e+02] | v_reach [-1.495e+04, 2.583e+03] | t_reach [-4.997e+03, 1.592e+03] | reach_clip_ratio 0.1314 | open_ratio 0.0930 | t_done [-3.000e+02, 1.592e+03] | t_open [-4.997e+03, 7.936e+02] | v_open [-1.469e+04, 2.557e+03] | tmin_src done 0 t 199 v -1.393e+04 next_v -5.000e+03 g -3.000e+02 h -3.000e+02 energy -4.000e+02 | adv_total_std 7.149e+02 | adv_open_std 6.722e+02
iter 00041 | success 0.081 | cost 79.8 | energy 299.0 | actor_loss 0.34573 | energy_loss 222.05459 | reach_loss 5031122.49375 | mean_bound_loss 0.80331 | entropy 2.1535 | gamma_reach 0.999396 | ent_coef 0.00080 | elapsed 27.93s
iter 00042 | success 0.070 | cost 52.3 | energy 227.5 | actor_loss 0.34710 | energy_loss 260.16938 | reach_loss 4959912.46250 | mean_bound_loss 0.75266 | entropy 2.1462 | gamma_reach 0.999406 | ent_coef 0.00080 | elapsed 28.06s
iter 00043 | success 0.118 | cost 96.1 | energy 338.3 | actor_loss 0.36753 | energy_loss 204.66359 | reach_loss 4473707.96875 | mean_bound_loss 0.77176 | entropy 2.1404 | gamma_reach 0.999416 | ent_coef 0.00079 | elapsed 28.10s
iter 00044 | success 0.141 | cost 100.9 | energy 349.6 | actor_loss 0.36048 | energy_loss 136.81404 | reach_loss 3496409.80938 | mean_bound_loss 0.72383 | entropy 2.1349 | gamma_reach 0.999426 | ent_coef 0.00078 | elapsed 26.37s
iter 00045 | success 0.061 | cost 76.9 | energy 274.5 | actor_loss 0.34536 | energy_loss 160.78043 | reach_loss 3784309.25000 | mean_bound_loss 0.35560 | entropy 2.1294 | gamma_reach 0.999436 | ent_coef 0.00078 | elapsed 28.22s
iter 00046 | success 0.054 | cost 51.1 | energy 226.0 | actor_loss 0.35533 | energy_loss 188.60464 | reach_loss 6677227.00000 | mean_bound_loss 0.38489 | entropy 2.1219 | gamma_reach 0.999445 | ent_coef 0.00077 | elapsed 28.27s
iter 00047 | success 0.077 | cost 75.0 | energy 271.8 | actor_loss 0.39164 | energy_loss 187.62325 | reach_loss 7818091.08750 | mean_bound_loss 0.53018 | entropy 2.1137 | gamma_reach 0.999455 | ent_coef 0.00077 | elapsed 28.32s
iter 00048 | success 0.088 | cost 80.0 | energy 278.8 | actor_loss 0.33765 | energy_loss 191.53153 | reach_loss 7554383.15625 | mean_bound_loss 0.40735 | entropy 2.1057 | gamma_reach 0.999465 | ent_coef 0.00076 | elapsed 28.35s
iter 00049 | success 0.154 | cost 87.3 | energy 333.7 | actor_loss 0.36817 | energy_loss 228.58417 | reach_loss 5894598.93125 | mean_bound_loss 0.44444 | entropy 2.0985 | gamma_reach 0.999475 | ent_coef 0.00076 | elapsed 28.35s
iter 00050 | success 0.212 | cost 79.9 | energy 368.8 | actor_loss 0.33799 | energy_loss 175.35303 | reach_loss 6435294.15000 | mean_bound_loss 0.29258 | entropy 2.0952 | gamma_reach 0.999485 | ent_coef 0.00076 | elapsed 28.30s
debug 00050 | std_mean 0.4860 | std_min 0.4801 | std_max 0.4904 | done_mean 0.8910 | energy_min_ratio 0.5200 | energy_neg_ratio 0.7852 | e_cons [6.305e+00, 8.000e+00] | first_emin_step 96.48 | act_clip_ratio 0.6893 | act_abs [2.211e+00, 1.437e+01] | act_mean_abs [2.171e+00, 1.287e+01] | act_mean_clip_ratio 0.6784 | clipped_act_abs [8.402e-01, 1.000e+00] | init_energy [-3.999e+02, 2.014e+02, 7.998e+02] | v_reach [-1.827e+04, 4.400e+03] | t_reach [-4.998e+03, 1.136e+03] | reach_clip_ratio 0.0959 | open_ratio 0.1090 | t_done [-3.000e+02, 1.136e+03] | t_open [-4.998e+03, 7.885e+02] | v_open [-1.809e+04, 4.320e+03] | tmin_src done 0 t 199 v -1.629e+04 next_v -5.000e+03 g -3.000e+02 h -3.000e+02 energy -4.000e+02 | adv_total_std 9.393e+02 | adv_open_std 8.451e+02
iter 00051 | success 0.226 | cost 71.9 | energy 358.0 | actor_loss 0.34438 | energy_loss 127.31268 | reach_loss 6737557.26250 | mean_bound_loss 0.29988 | entropy 2.0900 | gamma_reach 0.999495 | ent_coef 0.00075 | elapsed 28.22s
iter 00052 | success 0.182 | cost 75.4 | energy 327.9 | actor_loss 0.32949 | energy_loss 104.88437 | reach_loss 4669607.23125 | mean_bound_loss 0.22193 | entropy 2.0918 | gamma_reach 0.999505 | ent_coef 0.00075 | elapsed 28.19s
iter 00053 | success 0.131 | cost 79.1 | energy 312.3 | actor_loss 0.33791 | energy_loss 97.53003 | reach_loss 6570085.80000 | mean_bound_loss 0.22062 | entropy 2.0995 | gamma_reach 0.999515 | ent_coef 0.00074 | elapsed 28.20s
iter 00054 | success 0.174 | cost 83.2 | energy 341.0 | actor_loss 0.33231 | energy_loss 52.96281 | reach_loss 16385364.37500 | mean_bound_loss 0.22177 | entropy 2.1137 | gamma_reach 0.999525 | ent_coef 0.00073 | elapsed 28.06s
iter 00055 | success 0.140 | cost 94.9 | energy 341.8 | actor_loss 0.32082 | energy_loss 95.46984 | reach_loss 16676554.55000 | mean_bound_loss 0.61429 | entropy 2.1300 | gamma_reach 0.999535 | ent_coef 0.00073 | elapsed 26.22s
iter 00056 | success 0.074 | cost 94.5 | energy 294.5 | actor_loss 0.34913 | energy_loss 69.02881 | reach_loss 14885566.82500 | mean_bound_loss 0.43092 | entropy 2.1421 | gamma_reach 0.999545 | ent_coef 0.00072 | elapsed 27.86s
iter 00057 | success 0.067 | cost 99.0 | energy 328.2 | actor_loss 0.35857 | energy_loss 27.27239 | reach_loss 11313828.05000 | mean_bound_loss 0.39813 | entropy 2.1464 | gamma_reach 0.999554 | ent_coef 0.00072 | elapsed 27.75s
iter 00058 | success 0.019 | cost 29.4 | energy 138.6 | actor_loss 0.37716 | energy_loss 22.18837 | reach_loss 15744319.82500 | mean_bound_loss 0.79426 | entropy 2.1446 | gamma_reach 0.999564 | ent_coef 0.00072 | elapsed 27.77s
iter 00059 | success 0.021 | cost 30.7 | energy 146.8 | actor_loss 0.38311 | energy_loss 104.08332 | reach_loss 14310400.68750 | mean_bound_loss 1.60850 | entropy 2.1443 | gamma_reach 0.999574 | ent_coef 0.00071 | elapsed 28.43s
iter 00060 | success 0.014 | cost 38.1 | energy 190.7 | actor_loss 0.37267 | energy_loss 141.43470 | reach_loss 20550936.85000 | mean_bound_loss 1.26023 | entropy 2.1360 | gamma_reach 0.999584 | ent_coef 0.00071 | elapsed 28.87s
debug 00060 | std_mean 0.4923 | std_min 0.4807 | std_max 0.4987 | done_mean 0.8414 | energy_min_ratio 0.4005 | energy_neg_ratio 0.7192 | e_cons [4.734e+00, 8.000e+00] | first_emin_step 120.50 | act_clip_ratio 0.4254 | act_abs [1.216e+00, 9.953e+00] | act_mean_abs [1.128e+00, 8.765e+00] | act_mean_clip_ratio 0.3621 | clipped_act_abs [6.888e-01, 1.000e+00] | init_energy [-3.996e+02, 2.071e+02, 7.995e+02] | v_reach [-3.207e+04, 4.057e+03] | t_reach [-4.998e+03, 1.235e+03] | reach_clip_ratio 0.2884 | open_ratio 0.1586 | t_done [-3.000e+02, 1.235e+03] | t_open [-4.998e+03, 7.947e+02] | v_open [-2.960e+04, 4.024e+03] | tmin_src done 0 t 199 v -2.183e+04 next_v -5.000e+03 g 6.204e+01 h -3.000e+02 energy 2.951e+01 | adv_total_std 9.789e+02 | adv_open_std 9.495e+02
iter 00061 | success 0.030 | cost 60.0 | energy 292.0 | actor_loss 0.36189 | energy_loss 565.28216 | reach_loss 31323771.72500 | mean_bound_loss 0.94322 | entropy 2.1253 | gamma_reach 0.999594 | ent_coef 0.00070 | elapsed 28.90s
iter 00062 | success 0.017 | cost 38.0 | energy 119.5 | actor_loss 0.38388 | energy_loss 248.47568 | reach_loss 27705463.15000 | mean_bound_loss 1.07819 | entropy 2.1133 | gamma_reach 0.999604 | ent_coef 0.00070 | elapsed 28.13s
iter 00063 | success 0.013 | cost 40.1 | energy 131.6 | actor_loss 0.36844 | energy_loss 50.79344 | reach_loss 19259415.47500 | mean_bound_loss 0.85230 | entropy 2.1022 | gamma_reach 0.999614 | ent_coef 0.00069 | elapsed 28.13s
iter 00064 | success 0.031 | cost 78.6 | energy 257.0 | actor_loss 0.36592 | energy_loss 128.98662 | reach_loss 16016062.61250 | mean_bound_loss 0.67910 | entropy 2.0945 | gamma_reach 0.999624 | ent_coef 0.00069 | elapsed 28.27s
iter 00065 | success 0.012 | cost 10.6 | energy 65.9 | actor_loss 0.35176 | energy_loss 62.13358 | reach_loss 8076630.51250 | mean_bound_loss 0.74044 | entropy 2.0920 | gamma_reach 0.999634 | ent_coef 0.00068 | elapsed 28.02s
iter 00066 | success 0.011 | cost 12.5 | energy 70.8 | actor_loss 0.35465 | energy_loss 64.10164 | reach_loss 8896964.32500 | mean_bound_loss 0.77371 | entropy 2.0914 | gamma_reach 0.999644 | ent_coef 0.00068 | elapsed 27.89s
iter 00067 | success 0.180 | cost 113.0 | energy 467.4 | actor_loss 0.40771 | energy_loss 74.74931 | reach_loss 8721774.87500 | mean_bound_loss 0.62151 | entropy 2.0973 | gamma_reach 0.999653 | ent_coef 0.00067 | elapsed 28.00s
iter 00068 | success 0.225 | cost 84.3 | energy 411.9 | actor_loss 0.29755 | energy_loss 48.25093 | reach_loss 9840898.16250 | mean_bound_loss 0.64655 | entropy 2.1200 | gamma_reach 0.999663 | ent_coef 0.00067 | elapsed 28.61s
iter 00069 | success 0.208 | cost 80.9 | energy 389.2 | actor_loss 0.27365 | energy_loss 52.97311 | reach_loss 7766438.32500 | mean_bound_loss 0.62700 | entropy 2.1364 | gamma_reach 0.999673 | ent_coef 0.00066 | elapsed 28.51s
iter 00070 | success 0.169 | cost 80.7 | energy 359.0 | actor_loss 0.24081 | energy_loss 61.05542 | reach_loss 14877796.18750 | mean_bound_loss 1.41155 | entropy 2.1438 | gamma_reach 0.999683 | ent_coef 0.00065 | elapsed 28.09s
debug 00070 | std_mean 0.4949 | std_min 0.4848 | std_max 0.5000 | done_mean 0.8696 | energy_min_ratio 0.5037 | energy_neg_ratio 0.7753 | e_cons [6.094e+00, 8.000e+00] | first_emin_step 99.75 | act_clip_ratio 0.6460 | act_abs [1.718e+00, 9.929e+00] | act_mean_abs [1.674e+00, 8.971e+00] | act_mean_clip_ratio 0.6418 | clipped_act_abs [8.208e-01, 1.000e+00] | init_energy [-3.998e+02, 1.921e+02, 8.000e+02] | v_reach [-2.394e+04, 3.640e+03] | t_reach [-4.999e+03, 9.807e+02] | reach_clip_ratio 0.1881 | open_ratio 0.1304 | t_done [-3.000e+02, 9.807e+02] | t_open [-4.999e+03, 7.900e+02] | v_open [-2.369e+04, 3.573e+03] | tmin_src done 0 t 199 v -1.800e+04 next_v -5.000e+03 g -3.000e+02 h -3.000e+02 energy -4.000e+02 | adv_total_std 8.231e+02 | adv_open_std 7.080e+02
iter 00071 | success 0.067 | cost 57.3 | energy 280.3 | actor_loss 0.24850 | energy_loss 53.05336 | reach_loss 13671233.06250 | mean_bound_loss 1.37257 | entropy 2.1501 | gamma_reach 0.999693 | ent_coef 0.00065 | elapsed 28.02s
iter 00072 | success 0.055 | cost 51.2 | energy 281.1 | actor_loss 0.31509 | energy_loss 60.42742 | reach_loss 13392787.91250 | mean_bound_loss 2.22363 | entropy 2.1550 | gamma_reach 0.999703 | ent_coef 0.00065 | elapsed 28.23s
iter 00073 | success 0.050 | cost 51.5 | energy 295.2 | actor_loss 0.33006 | energy_loss 77.07864 | reach_loss 11087422.12500 | mean_bound_loss 2.34752 | entropy 2.1582 | gamma_reach 0.999713 | ent_coef 0.00064 | elapsed 28.09s
iter 00074 | success 0.055 | cost 54.6 | energy 297.4 | actor_loss 0.34369 | energy_loss 68.54378 | reach_loss 9220040.10000 | mean_bound_loss 1.52557 | entropy 2.1597 | gamma_reach 0.999723 | ent_coef 0.00064 | elapsed 28.23s
iter 00075 | success 0.013 | cost 30.8 | energy 175.3 | actor_loss 0.33520 | energy_loss 62.09614 | reach_loss 7472171.49375 | mean_bound_loss 0.45284 | entropy 2.1591 | gamma_reach 0.999733 | ent_coef 0.00063 | elapsed 28.31s
iter 00076 | success 0.011 | cost 25.8 | energy 137.0 | actor_loss 0.35291 | energy_loss 24.37920 | reach_loss 10302465.42500 | mean_bound_loss 0.48642 | entropy 2.1598 | gamma_reach 0.999742 | ent_coef 0.00063 | elapsed 27.77s
iter 00077 | success 0.023 | cost 39.0 | energy 203.3 | actor_loss 0.35665 | energy_loss 20.91433 | reach_loss 10311027.65000 | mean_bound_loss 0.40909 | entropy 2.1647 | gamma_reach 0.999752 | ent_coef 0.00062 | elapsed 28.21s
iter 00078 | success 0.020 | cost 18.6 | energy 120.5 | actor_loss 0.32674 | energy_loss 26.98719 | reach_loss 6660672.83750 | mean_bound_loss 0.22395 | entropy 2.1675 | gamma_reach 0.999762 | ent_coef 0.00061 | elapsed 28.24s
iter 00079 | success 0.024 | cost 55.5 | energy 242.6 | actor_loss 0.36561 | energy_loss 15.71874 | reach_loss 5287859.22500 | mean_bound_loss 0.67903 | entropy 2.1637 | gamma_reach 0.999772 | ent_coef 0.00061 | elapsed 28.26s
iter 00080 | success 0.010 | cost 26.6 | energy 110.0 | actor_loss 0.34168 | energy_loss 73.65295 | reach_loss 4056757.64688 | mean_bound_loss 0.91557 | entropy 2.1585 | gamma_reach 0.999782 | ent_coef 0.00060 | elapsed 28.37s
debug 00080 | std_mean 0.4966 | std_min 0.4919 | std_max 0.4995 | done_mean 0.8804 | energy_min_ratio 0.4615 | energy_neg_ratio 0.7612 | e_cons [5.334e+00, 8.000e+00] | first_emin_step 108.24 | act_clip_ratio 0.5361 | act_abs [1.772e+00, 1.516e+01] | act_mean_abs [1.692e+00, 1.446e+01] | act_mean_clip_ratio 0.4984 | clipped_act_abs [7.450e-01, 1.000e+00] | init_energy [-3.996e+02, 2.014e+02, 8.000e+02] | v_reach [-1.369e+04, 3.741e+03] | t_reach [-4.999e+03, 1.530e+03] | reach_clip_ratio 0.0922 | open_ratio 0.1196 | t_done [-3.000e+02, 1.530e+03] | t_open [-4.999e+03, 7.811e+02] | v_open [-1.159e+04, 3.328e+03] | tmin_src done 0 t 199 v -8.048e+03 next_v -5.000e+03 g 3.879e+02 h -3.000e+02 energy -4.000e+02 | adv_total_std 8.608e+02 | adv_open_std 6.540e+02
iter 00081 | success 0.012 | cost 16.1 | energy 85.8 | actor_loss 0.37170 | energy_loss 49.32662 | reach_loss 5049002.21875 | mean_bound_loss 0.87318 | entropy 2.1571 | gamma_reach 0.999792 | ent_coef 0.00060 | elapsed 28.08s
iter 00082 | success 0.014 | cost 29.7 | energy 105.9 | actor_loss 0.33679 | energy_loss 32.51393 | reach_loss 9258332.02500 | mean_bound_loss 0.71920 | entropy 2.1576 | gamma_reach 0.999802 | ent_coef 0.00060 | elapsed 28.50s
iter 00083 | success 0.013 | cost 19.8 | energy 113.0 | actor_loss 0.34644 | energy_loss 79.92000 | reach_loss 8372207.45000 | mean_bound_loss 0.70454 | entropy 2.1578 | gamma_reach 0.999812 | ent_coef 0.00059 | elapsed 28.55s
iter 00084 | success 0.010 | cost 15.2 | energy 88.2 | actor_loss 0.36178 | energy_loss 32.53671 | reach_loss 7747018.70000 | mean_bound_loss 0.85325 | entropy 2.1601 | gamma_reach 0.999822 | ent_coef 0.00059 | elapsed 28.59s
iter 00085 | success 0.011 | cost 15.0 | energy 102.5 | actor_loss 0.40849 | energy_loss 30.68436 | reach_loss 8087028.29375 | mean_bound_loss 0.89836 | entropy 2.1633 | gamma_reach 0.999832 | ent_coef 0.00058 | elapsed 28.80s
iter 00086 | success 0.015 | cost 15.3 | energy 95.3 | actor_loss 0.36425 | energy_loss 19.02088 | reach_loss 7657169.82500 | mean_bound_loss 0.99588 | entropy 2.1623 | gamma_reach 0.999842 | ent_coef 0.00057 | elapsed 28.88s
iter 00087 | success 0.012 | cost 10.7 | energy 78.4 | actor_loss 0.35454 | energy_loss 15.43458 | reach_loss 6751338.99375 | mean_bound_loss 0.90383 | entropy 2.1581 | gamma_reach 0.999851 | ent_coef 0.00057 | elapsed 28.13s
iter 00088 | success 0.008 | cost 32.8 | energy 117.3 | actor_loss 0.35743 | energy_loss 22.61776 | reach_loss 6689722.45000 | mean_bound_loss 0.93922 | entropy 2.1508 | gamma_reach 0.999861 | ent_coef 0.00056 | elapsed 28.76s
iter 00089 | success 0.011 | cost 19.1 | energy 123.6 | actor_loss 0.35361 | energy_loss 24.44348 | reach_loss 8164162.16875 | mean_bound_loss 1.04492 | entropy 2.1452 | gamma_reach 0.999871 | ent_coef 0.00056 | elapsed 28.83s
iter 00090 | success 0.010 | cost 31.2 | energy 127.8 | actor_loss 0.35582 | energy_loss 27.78618 | reach_loss 9281402.12500 | mean_bound_loss 0.81743 | entropy 2.1388 | gamma_reach 0.999881 | ent_coef 0.00056 | elapsed 28.88s
debug 00090 | std_mean 0.4931 | std_min 0.4919 | std_max 0.4938 | done_mean 0.9033 | energy_min_ratio 0.5214 | energy_neg_ratio 0.7964 | e_cons [5.934e+00, 8.000e+00] | first_emin_step 96.20 | act_clip_ratio 0.6251 | act_abs [1.860e+00, 1.231e+01] | act_mean_abs [1.809e+00, 1.119e+01] | act_mean_clip_ratio 0.6017 | clipped_act_abs [8.047e-01, 1.000e+00] | init_energy [-3.995e+02, 1.906e+02, 7.998e+02] | v_reach [-1.721e+04, 3.387e+03] | t_reach [-4.999e+03, 1.335e+03] | reach_clip_ratio 0.2385 | open_ratio 0.0967 | t_done [-3.000e+02, 1.335e+03] | t_open [-4.999e+03, 7.613e+02] | v_open [-1.105e+04, 2.760e+03] | tmin_src done 0 t 199 v -9.956e+03 next_v -5.000e+03 g 4.072e+02 h -3.000e+02 energy -4.000e+02 | adv_total_std 6.848e+02 | adv_open_std 5.439e+02
iter 00091 | success 0.010 | cost 17.6 | energy 122.1 | actor_loss 0.35897 | energy_loss 20.77701 | reach_loss 9094911.70000 | mean_bound_loss 0.78835 | entropy 2.1344 | gamma_reach 0.999891 | ent_coef 0.00055 | elapsed 28.84s
iter 00092 | success 0.011 | cost 16.0 | energy 108.8 | actor_loss 0.36779 | energy_loss 16.11749 | reach_loss 10103349.37500 | mean_bound_loss 0.76461 | entropy 2.1302 | gamma_reach 0.999901 | ent_coef 0.00055 | elapsed 28.90s
iter 00093 | success 0.008 | cost 28.6 | energy 135.3 | actor_loss 0.36269 | energy_loss 14.27172 | reach_loss 10383087.11250 | mean_bound_loss 0.62085 | entropy 2.1251 | gamma_reach 0.999911 | ent_coef 0.00054 | elapsed 28.92s
iter 00094 | success 0.012 | cost 13.3 | energy 69.5 | actor_loss 0.37039 | energy_loss 15.93874 | reach_loss 10314180.83750 | mean_bound_loss 0.78976 | entropy 2.1216 | gamma_reach 0.999921 | ent_coef 0.00053 | elapsed 28.90s
iter 00095 | success 0.010 | cost 28.7 | energy 115.1 | actor_loss 0.35548 | energy_loss 19.84724 | reach_loss 10608953.35000 | mean_bound_loss 0.54859 | entropy 2.1200 | gamma_reach 0.999931 | ent_coef 0.00053 | elapsed 28.88s
iter 00096 | success 0.011 | cost 19.1 | energy 74.8 | actor_loss 0.35706 | energy_loss 20.29196 | reach_loss 9376856.80000 | mean_bound_loss 0.57148 | entropy 2.1182 | gamma_reach 0.999941 | ent_coef 0.00052 | elapsed 28.79s
iter 00097 | success 0.011 | cost 5.1 | energy 38.4 | actor_loss 0.33327 | energy_loss 24.96474 | reach_loss 13585664.92500 | mean_bound_loss 0.79736 | entropy 2.1137 | gamma_reach 0.999950 | ent_coef 0.00052 | elapsed 27.80s
iter 00098 | success 0.009 | cost 2.8 | energy 24.4 | actor_loss 0.36080 | energy_loss 30.20268 | reach_loss 11041157.55000 | mean_bound_loss 0.83781 | entropy 2.1108 | gamma_reach 0.999960 | ent_coef 0.00052 | elapsed 28.72s
iter 00099 | success 0.009 | cost 4.0 | energy 35.8 | actor_loss 0.36026 | energy_loss 27.18119 | reach_loss 6042723.45625 | mean_bound_loss 0.52590 | entropy 2.1076 | gamma_reach 0.999970 | ent_coef 0.00051 | elapsed 29.17s
iter 00100 | success 0.010 | cost 1.8 | energy 20.6 | actor_loss 0.34550 | energy_loss 41.61615 | reach_loss 10564056.65000 | mean_bound_loss 0.61102 | entropy 2.1039 | gamma_reach 0.999980 | ent_coef 0.00051 | elapsed 30.43s
debug 00100 | std_mean 0.4875 | std_min 0.4819 | std_max 0.4921 | done_mean 0.8501 | energy_min_ratio 0.5203 | energy_neg_ratio 0.7880 | e_cons [6.137e+00, 8.000e+00] | first_emin_step 96.42 | act_clip_ratio 0.6597 | act_abs [2.140e+00, 1.248e+01] | act_mean_abs [2.095e+00, 1.181e+01] | act_mean_clip_ratio 0.6477 | clipped_act_abs [8.242e-01, 1.000e+00] | init_energy [-3.997e+02, 1.964e+02, 7.992e+02] | v_reach [-1.234e+04, 3.020e+03] | t_reach [-5.000e+03, 1.454e+03] | reach_clip_ratio 0.3203 | open_ratio 0.1499 | t_done [-3.000e+02, 1.454e+03] | t_open [-5.000e+03, 6.549e+02] | v_open [-1.007e+04, 2.825e+03] | tmin_src done 0 t 199 v -7.505e+03 next_v -5.000e+03 g 4.218e+02 h -3.000e+02 energy -4.000e+02 | adv_total_std 6.236e+02 | adv_open_std 4.071e+02
iter 00101 | success 0.015 | cost 17.0 | energy 90.1 | actor_loss 0.35829 | energy_loss 49.80116 | reach_loss 6807690.32500 | mean_bound_loss 0.70679 | entropy 2.0999 | gamma_reach 0.999990 | ent_coef 0.00050 | elapsed 32.78s
iter 00102 | success 0.011 | cost 9.0 | energy 56.6 | actor_loss 0.32513 | energy_loss 69.66082 | reach_loss 2869578.52813 | mean_bound_loss 0.48283 | entropy 2.0990 | gamma_reach 0.999990 | ent_coef 0.00049 | elapsed 30.35s
iter 00103 | success 0.010 | cost 3.5 | energy 25.8 | actor_loss 0.33276 | energy_loss 54.57130 | reach_loss 4285334.17500 | mean_bound_loss 0.45195 | entropy 2.0983 | gamma_reach 0.999990 | ent_coef 0.00049 | elapsed 30.23s
iter 00104 | success 0.010 | cost 4.8 | energy 40.0 | actor_loss 0.34678 | energy_loss 34.78398 | reach_loss 4130140.65625 | mean_bound_loss 0.64795 | entropy 2.0958 | gamma_reach 0.999990 | ent_coef 0.00049 | elapsed 30.32s
iter 00105 | success 0.013 | cost 11.2 | energy 73.3 | actor_loss 0.34660 | energy_loss 40.97405 | reach_loss 5207003.02500 | mean_bound_loss 0.62257 | entropy 2.0917 | gamma_reach 0.999990 | ent_coef 0.00048 | elapsed 29.95s
iter 00106 | success 0.018 | cost 21.8 | energy 130.2 | actor_loss 0.35187 | energy_loss 67.91177 | reach_loss 5985764.46875 | mean_bound_loss 0.68286 | entropy 2.0880 | gamma_reach 0.999990 | ent_coef 0.00047 | elapsed 29.05s
iter 00107 | success 0.010 | cost 5.9 | energy 32.1 | actor_loss 0.33829 | energy_loss 60.63724 | reach_loss 7323381.68750 | mean_bound_loss 0.77065 | entropy 2.0864 | gamma_reach 0.999990 | ent_coef 0.00047 | elapsed 27.83s
iter 00108 | success 0.020 | cost 26.1 | energy 126.4 | actor_loss 0.34565 | energy_loss 44.83585 | reach_loss 5982012.57500 | mean_bound_loss 1.00455 | entropy 2.0869 | gamma_reach 0.999990 | ent_coef 0.00046 | elapsed 28.54s
iter 00109 | success 0.013 | cost 17.1 | energy 77.3 | actor_loss 0.33851 | energy_loss 77.74031 | reach_loss 9610995.80000 | mean_bound_loss 0.68929 | entropy 2.0871 | gamma_reach 0.999990 | ent_coef 0.00046 | elapsed 29.42s
iter 00110 | success 0.011 | cost 10.3 | energy 59.6 | actor_loss 0.32038 | energy_loss 42.32412 | reach_loss 8272570.45625 | mean_bound_loss 0.86164 | entropy 2.0876 | gamma_reach 0.999990 | ent_coef 0.00046 | elapsed 30.17s
debug 00110 | std_mean 0.4853 | std_min 0.4728 | std_max 0.4953 | done_mean 0.8713 | energy_min_ratio 0.4973 | energy_neg_ratio 0.7724 | e_cons [5.937e+00, 8.000e+00] | first_emin_step 101.05 | act_clip_ratio 0.6254 | act_abs [1.987e+00, 1.098e+01] | act_mean_abs [1.938e+00, 1.061e+01] | act_mean_clip_ratio 0.6052 | clipped_act_abs [8.050e-01, 1.000e+00] | init_energy [-3.999e+02, 1.975e+02, 7.996e+02] | v_reach [-1.110e+04, 2.599e+03] | t_reach [-5.000e+03, 1.359e+03] | reach_clip_ratio 0.2635 | open_ratio 0.1287 | t_done [-3.000e+02, 1.359e+03] | t_open [-5.000e+03, 7.953e+02] | v_open [-1.073e+04, 2.483e+03] | tmin_src done 0 t 199 v -6.288e+03 next_v -5.000e+03 g 2.290e+02 h -3.000e+02 energy -4.000e+02 | adv_total_std 4.783e+02 | adv_open_std 3.103e+02
iter 00111 | success 0.017 | cost 24.7 | energy 102.9 | actor_loss 0.33507 | energy_loss 23.50674 | reach_loss 8182674.68750 | mean_bound_loss 0.52547 | entropy 2.0879 | gamma_reach 0.999990 | ent_coef 0.00045 | elapsed 30.94s
iter 00112 | success 0.020 | cost 36.8 | energy 152.2 | actor_loss 0.31938 | energy_loss 42.98493 | reach_loss 4505808.35625 | mean_bound_loss 0.50632 | entropy 2.0850 | gamma_reach 0.999990 | ent_coef 0.00044 | elapsed 31.38s
iter 00113 | success 0.009 | cost 9.1 | energy 49.8 | actor_loss 0.29737 | energy_loss 52.39964 | reach_loss 1504833.18281 | mean_bound_loss 0.83163 | entropy 2.0838 | gamma_reach 0.999990 | ent_coef 0.00044 | elapsed 28.71s
iter 00114 | success 0.019 | cost 52.2 | energy 248.3 | actor_loss 0.32087 | energy_loss 46.49547 | reach_loss 1086729.41406 | mean_bound_loss 0.79087 | entropy 2.0899 | gamma_reach 0.999990 | ent_coef 0.00044 | elapsed 28.66s
iter 00115 | success 0.020 | cost 56.8 | energy 247.7 | actor_loss 0.38006 | energy_loss 75.13999 | reach_loss 808669.99062 | mean_bound_loss 0.30023 | entropy 2.0908 | gamma_reach 0.999990 | ent_coef 0.00043 | elapsed 28.81s
iter 00116 | success 0.037 | cost 65.5 | energy 312.6 | actor_loss 0.36862 | energy_loss 65.83209 | reach_loss 510955.35938 | mean_bound_loss 0.63427 | entropy 2.0946 | gamma_reach 0.999990 | ent_coef 0.00043 | elapsed 28.97s
iter 00117 | success 0.016 | cost 17.8 | energy 103.3 | actor_loss 0.34231 | energy_loss 93.99732 | reach_loss 670017.68750 | mean_bound_loss 0.30986 | entropy 2.1009 | gamma_reach 0.999990 | ent_coef 0.00042 | elapsed 28.36s
iter 00118 | success 0.034 | cost 45.9 | energy 217.4 | actor_loss 0.32447 | energy_loss 99.30721 | reach_loss 413776.93945 | mean_bound_loss 0.41767 | entropy 2.1122 | gamma_reach 0.999990 | ent_coef 0.00042 | elapsed 28.77s
iter 00119 | success 0.062 | cost 92.1 | energy 342.5 | actor_loss 0.31748 | energy_loss 98.30253 | reach_loss 284803.40078 | mean_bound_loss 0.72203 | entropy 2.1279 | gamma_reach 0.999990 | ent_coef 0.00041 | elapsed 28.83s
iter 00120 | success 0.106 | cost 100.7 | energy 382.1 | actor_loss 0.32664 | energy_loss 115.71803 | reach_loss 239846.88926 | mean_bound_loss 0.74551 | entropy 2.1418 | gamma_reach 0.999990 | ent_coef 0.00041 | elapsed 28.70s
debug 00120 | std_mean 0.4948 | std_min 0.4844 | std_max 0.5000 | done_mean 0.8713 | energy_min_ratio 0.5340 | energy_neg_ratio 0.7924 | e_cons [6.394e+00, 8.000e+00] | first_emin_step 93.66 | act_clip_ratio 0.7002 | act_abs [2.171e+00, 1.363e+01] | act_mean_abs [2.134e+00, 1.253e+01] | act_mean_clip_ratio 0.6993 | clipped_act_abs [8.493e-01, 1.000e+00] | init_energy [-3.998e+02, 1.988e+02, 7.999e+02] | v_reach [-3.859e+03, 1.803e+03] | t_reach [-2.577e+03, 9.050e+02] | reach_clip_ratio 0.0000 | open_ratio 0.1287 | t_done [-3.000e+02, 9.050e+02] | t_open [-2.577e+03, 7.537e+02] | v_open [-3.783e+03, 1.627e+03] | tmin_src done 0 t 199 v 9.171e+02 next_v -2.577e+03 g 4.834e+02 h -3.000e+02 energy -4.000e+02 | adv_total_std 3.474e+02 | adv_open_std 2.803e+02
iter 00121 | success 0.061 | cost 85.3 | energy 359.5 | actor_loss 0.32467 | energy_loss 122.67220 | reach_loss 242833.05039 | mean_bound_loss 0.81501 | entropy 2.1487 | gamma_reach 0.999990 | ent_coef 0.00040 | elapsed 28.52s
iter 00122 | success 0.070 | cost 106.0 | energy 387.4 | actor_loss 0.31080 | energy_loss 136.37520 | reach_loss 218454.88164 | mean_bound_loss 0.54221 | entropy 2.1519 | gamma_reach 0.999990 | ent_coef 0.00040 | elapsed 28.57s
iter 00123 | success 0.028 | cost 53.1 | energy 198.9 | actor_loss 0.31116 | energy_loss 115.19041 | reach_loss 442034.95195 | mean_bound_loss 0.46433 | entropy 2.1543 | gamma_reach 0.999990 | ent_coef 0.00039 | elapsed 28.55s
iter 00124 | success 0.144 | cost 117.1 | energy 438.1 | actor_loss 0.29232 | energy_loss 61.74643 | reach_loss 507894.72578 | mean_bound_loss 0.51981 | entropy 2.1579 | gamma_reach 0.999990 | ent_coef 0.00038 | elapsed 28.53s
iter 00125 | success 0.058 | cost 79.1 | energy 238.3 | actor_loss 0.30028 | energy_loss 55.46911 | reach_loss 817586.15312 | mean_bound_loss 0.63427 | entropy 2.1631 | gamma_reach 0.999990 | ent_coef 0.00038 | elapsed 28.50s
iter 00126 | success 0.012 | cost 30.9 | energy 149.1 | actor_loss 0.30859 | energy_loss 51.01675 | reach_loss 1500956.02344 | mean_bound_loss 0.65348 | entropy 2.1674 | gamma_reach 0.999990 | ent_coef 0.00038 | elapsed 28.49s
iter 00127 | success 0.257 | cost 93.5 | energy 435.1 | actor_loss 0.27765 | energy_loss 42.14374 | reach_loss 1479528.77500 | mean_bound_loss 0.91485 | entropy 2.1707 | gamma_reach 0.999990 | ent_coef 0.00037 | elapsed 28.30s
iter 00128 | success 0.253 | cost 94.8 | energy 430.4 | actor_loss 0.34641 | energy_loss 63.60122 | reach_loss 1736826.91406 | mean_bound_loss 1.04557 | entropy 2.1733 | gamma_reach 0.999990 | ent_coef 0.00036 | elapsed 27.73s
iter 00129 | success 0.241 | cost 97.2 | energy 421.1 | actor_loss 0.31077 | energy_loss 52.22858 | reach_loss 2415783.46875 | mean_bound_loss 0.92574 | entropy 2.1755 | gamma_reach 0.999990 | ent_coef 0.00036 | elapsed 27.96s
iter 00130 | success 0.018 | cost 32.2 | energy 131.4 | actor_loss 0.34554 | energy_loss 87.32621 | reach_loss 2555323.05313 | mean_bound_loss 1.48231 | entropy 2.1774 | gamma_reach 0.999990 | ent_coef 0.00036 | elapsed 28.08s
debug 00130 | std_mean 0.5000 | std_min 0.5000 | std_max 0.5000 | done_mean 0.8499 | energy_min_ratio 0.5325 | energy_neg_ratio 0.7917 | e_cons [6.369e+00, 8.000e+00] | first_emin_step 93.96 | act_clip_ratio 0.6993 | act_abs [2.278e+00, 1.524e+01] | act_mean_abs [2.238e+00, 1.448e+01] | act_mean_clip_ratio 0.6912 | clipped_act_abs [8.465e-01, 1.000e+00] | init_energy [-3.996e+02, 1.999e+02, 7.999e+02] | v_reach [-1.184e+04, 1.812e+03] | t_reach [-5.000e+03, 8.371e+02] | reach_clip_ratio 0.0561 | open_ratio 0.1501 | t_done [-3.000e+02, 8.371e+02] | t_open [-5.000e+03, 7.614e+02] | v_open [-9.006e+03, 1.717e+03] | tmin_src done 0 t 199 v -6.883e+03 next_v -5.000e+03 g 2.565e+02 h -3.000e+02 energy -4.000e+02 | adv_total_std 5.290e+02 | adv_open_std 4.211e+02
iter 00131 | success 0.013 | cost 34.3 | energy 155.5 | actor_loss 0.36015 | energy_loss 97.40653 | reach_loss 4485690.73750 | mean_bound_loss 1.29311 | entropy 2.1774 | gamma_reach 0.999990 | ent_coef 0.00035 | elapsed 28.37s
iter 00132 | success 0.013 | cost 20.7 | energy 129.1 | actor_loss 0.35887 | energy_loss 81.66426 | reach_loss 6733595.87500 | mean_bound_loss 0.97891 | entropy 2.1774 | gamma_reach 0.999990 | ent_coef 0.00035 | elapsed 28.41s
iter 00133 | success 0.011 | cost 10.8 | energy 66.9 | actor_loss 0.36805 | energy_loss 56.41644 | reach_loss 6767372.56250 | mean_bound_loss 0.86368 | entropy 2.1774 | gamma_reach 0.999990 | ent_coef 0.00034 | elapsed 28.52s
iter 00134 | success 0.017 | cost 53.2 | energy 184.1 | actor_loss 0.35133 | energy_loss 55.76255 | reach_loss 5875802.15000 | mean_bound_loss 0.94032 | entropy 2.1774 | gamma_reach 0.999990 | ent_coef 0.00034 | elapsed 29.22s
iter 00135 | success 0.203 | cost 123.7 | energy 463.5 | actor_loss 0.35337 | energy_loss 36.47365 | reach_loss 9380475.17500 | mean_bound_loss 0.57661 | entropy 2.1772 | gamma_reach 0.999990 | ent_coef 0.00033 | elapsed 28.68s
iter 00136 | success 0.174 | cost 121.6 | energy 437.9 | actor_loss 0.33674 | energy_loss 27.76248 | reach_loss 5551253.18750 | mean_bound_loss 0.40365 | entropy 2.1768 | gamma_reach 0.999990 | ent_coef 0.00032 | elapsed 28.61s
iter 00137 | success 0.073 | cost 89.5 | energy 347.5 | actor_loss 0.35510 | energy_loss 30.39304 | reach_loss 4161748.78750 | mean_bound_loss 0.42922 | entropy 2.1770 | gamma_reach 0.999990 | ent_coef 0.00032 | elapsed 28.66s
iter 00138 | success 0.079 | cost 86.2 | energy 362.9 | actor_loss 0.36171 | energy_loss 46.42152 | reach_loss 3898867.20625 | mean_bound_loss 0.32334 | entropy 2.1747 | gamma_reach 0.999990 | ent_coef 0.00032 | elapsed 28.55s
iter 00139 | success 0.244 | cost 106.0 | energy 406.4 | actor_loss 0.33324 | energy_loss 46.11569 | reach_loss 3539445.42188 | mean_bound_loss 0.33641 | entropy 2.1736 | gamma_reach 0.999990 | ent_coef 0.00031 | elapsed 28.56s
iter 00140 | success 0.112 | cost 89.1 | energy 352.1 | actor_loss 0.34928 | energy_loss 80.12017 | reach_loss 1501359.20156 | mean_bound_loss 0.56857 | entropy 2.1770 | gamma_reach 0.999990 | ent_coef 0.00030 | elapsed 29.54s
debug 00140 | std_mean 0.5000 | std_min 0.4999 | std_max 0.5000 | done_mean 0.9109 | energy_min_ratio 0.5171 | energy_neg_ratio 0.7840 | e_cons [6.265e+00, 8.000e+00] | first_emin_step 97.06 | act_clip_ratio 0.6787 | act_abs [2.264e+00, 1.738e+01] | act_mean_abs [2.222e+00, 1.684e+01] | act_mean_clip_ratio 0.6736 | clipped_act_abs [8.368e-01, 1.000e+00] | init_energy [-3.994e+02, 2.009e+02, 7.998e+02] | v_reach [-7.310e+03, 2.178e+03] | t_reach [-5.000e+03, 1.187e+03] | reach_clip_ratio 0.0134 | open_ratio 0.0891 | t_done [-3.000e+02, 1.187e+03] | t_open [-5.000e+03, 7.850e+02] | v_open [-6.485e+03, 1.972e+03] | tmin_src done 0 t 199 v -5.273e+03 next_v -5.000e+03 g -3.000e+02 h -3.000e+02 energy -4.000e+02 | adv_total_std 5.827e+02 | adv_open_std 5.037e+02
iter 00141 | success 0.223 | cost 98.2 | energy 369.7 | actor_loss 0.34829 | energy_loss 80.51068 | reach_loss 1413031.59219 | mean_bound_loss 0.44756 | entropy 2.1774 | gamma_reach 0.999990 | ent_coef 0.00030 | elapsed 30.36s
iter 00142 | success 0.182 | cost 109.1 | energy 388.8 | actor_loss 0.34881 | energy_loss 61.23823 | reach_loss 1806254.51875 | mean_bound_loss 0.57472 | entropy 2.1774 | gamma_reach 0.999990 | ent_coef 0.00030 | elapsed 30.55s
iter 00143 | success 0.149 | cost 104.9 | energy 391.6 | actor_loss 0.34486 | energy_loss 75.89343 | reach_loss 1724049.03906 | mean_bound_loss 0.67107 | entropy 2.1774 | gamma_reach 0.999990 | ent_coef 0.00029 | elapsed 29.86s
iter 00144 | success 0.206 | cost 107.5 | energy 401.5 | actor_loss 0.34384 | energy_loss 67.37108 | reach_loss 2654926.39375 | mean_bound_loss 0.75988 | entropy 2.1774 | gamma_reach 0.999990 | ent_coef 0.00028 | elapsed 29.60s
iter 00145 | success 0.074 | cost 94.1 | energy 361.6 | actor_loss 0.34950 | energy_loss 145.95717 | reach_loss 3224981.43438 | mean_bound_loss 0.88776 | entropy 2.1774 | gamma_reach 0.999990 | ent_coef 0.00028 | elapsed 30.10s
iter 00146 | success 0.123 | cost 107.8 | energy 394.9 | actor_loss 0.35431 | energy_loss 141.01272 | reach_loss 3314789.85312 | mean_bound_loss 0.67659 | entropy 2.1774 | gamma_reach 0.999990 | ent_coef 0.00028 | elapsed 29.88s
iter 00147 | success 0.042 | cost 84.0 | energy 236.1 | actor_loss 0.35695 | energy_loss 226.75121 | reach_loss 2625716.26875 | mean_bound_loss 0.86923 | entropy 2.1774 | gamma_reach 0.999990 | ent_coef 0.00027 | elapsed 29.69s
iter 00148 | success 0.134 | cost 123.0 | energy 399.9 | actor_loss 0.32936 | energy_loss 147.28531 | reach_loss 2262144.85938 | mean_bound_loss 0.83311 | entropy 2.1774 | gamma_reach 0.999990 | ent_coef 0.00026 | elapsed 29.63s
iter 00149 | success 0.079 | cost 97.7 | energy 399.0 | actor_loss 0.33384 | energy_loss 239.23308 | reach_loss 2309677.13750 | mean_bound_loss 0.54688 | entropy 2.1763 | gamma_reach 0.999990 | ent_coef 0.00026 | elapsed 28.74s
iter 00150 | success 0.267 | cost 113.7 | energy 446.2 | actor_loss 0.33759 | energy_loss 191.01480 | reach_loss 2794928.04062 | mean_bound_loss 0.45952 | entropy 2.1763 | gamma_reach 0.999990 | ent_coef 0.00026 | elapsed 29.53s
debug 00150 | std_mean 0.5000 | std_min 0.5000 | std_max 0.5000 | done_mean 0.8914 | energy_min_ratio 0.5132 | energy_neg_ratio 0.7803 | e_cons [6.160e+00, 8.000e+00] | first_emin_step 97.85 | act_clip_ratio 0.6615 | act_abs [2.144e+00, 1.381e+01] | act_mean_abs [2.099e+00, 1.282e+01] | act_mean_clip_ratio 0.6508 | clipped_act_abs [8.266e-01, 1.000e+00] | init_energy [-3.999e+02, 1.942e+02, 7.999e+02] | v_reach [-1.077e+04, 1.729e+03] | t_reach [-5.000e+03, 8.709e+02] | reach_clip_ratio 0.0417 | open_ratio 0.1086 | t_done [-3.000e+02, 8.709e+02] | t_open [-5.000e+03, 7.923e+02] | v_open [-1.061e+04, 1.571e+03] | tmin_src done 0 t 199 v -7.022e+03 next_v -5.000e+03 g -3.000e+02 h -3.000e+02 energy -4.000e+02 | adv_total_std 4.581e+02 | adv_open_std 3.446e+02
iter 00151 | success 0.201 | cost 121.0 | energy 456.4 | actor_loss 0.34515 | energy_loss 349.24840 | reach_loss 2352971.12500 | mean_bound_loss 0.73366 | entropy 2.1774 | gamma_reach 0.999990 | ent_coef 0.00025 | elapsed 29.68s
iter 00152 | success 0.209 | cost 119.2 | energy 439.2 | actor_loss 0.31116 | energy_loss 150.28071 | reach_loss 1435269.11875 | mean_bound_loss 0.63300 | entropy 2.1774 | gamma_reach 0.999990 | ent_coef 0.00024 | elapsed 29.62s
iter 00153 | success 0.194 | cost 118.4 | energy 435.6 | actor_loss 0.31889 | energy_loss 42.15212 | reach_loss 1553325.80313 | mean_bound_loss 0.55144 | entropy 2.1760 | gamma_reach 0.999990 | ent_coef 0.00024 | elapsed 29.50s
iter 00154 | success 0.261 | cost 107.7 | energy 427.6 | actor_loss 0.34715 | energy_loss 151.49218 | reach_loss 1707669.58125 | mean_bound_loss 0.39021 | entropy 2.1732 | gamma_reach 0.999990 | ent_coef 0.00023 | elapsed 29.89s
iter 00155 | success 0.272 | cost 112.8 | energy 439.5 | actor_loss 0.34216 | energy_loss 62.32537 | reach_loss 2821965.36250 | mean_bound_loss 0.51300 | entropy 2.1735 | gamma_reach 0.999990 | ent_coef 0.00023 | elapsed 29.41s
iter 00156 | success 0.222 | cost 122.1 | energy 433.3 | actor_loss 0.34272 | energy_loss 67.68017 | reach_loss 1275938.66719 | mean_bound_loss 0.70110 | entropy 2.1716 | gamma_reach 0.999990 | ent_coef 0.00022 | elapsed 29.51s
iter 00157 | success 0.289 | cost 109.3 | energy 423.3 | actor_loss 0.36175 | energy_loss 61.07438 | reach_loss 926912.35703 | mean_bound_loss 0.50220 | entropy 2.1721 | gamma_reach 0.999990 | ent_coef 0.00022 | elapsed 28.95s
iter 00158 | success 0.282 | cost 115.0 | energy 424.7 | actor_loss 0.36928 | energy_loss 43.76276 | reach_loss 1319778.59062 | mean_bound_loss 0.65555 | entropy 2.1719 | gamma_reach 0.999990 | ent_coef 0.00022 | elapsed 29.09s
iter 00159 | success 0.255 | cost 119.3 | energy 403.5 | actor_loss 0.31376 | energy_loss 155.20954 | reach_loss 802525.63516 | mean_bound_loss 0.39297 | entropy 2.1718 | gamma_reach 0.999990 | ent_coef 0.00021 | elapsed 29.33s
iter 00160 | success 0.095 | cost 115.7 | energy 362.1 | actor_loss 0.32117 | energy_loss 168.60420 | reach_loss 499062.13320 | mean_bound_loss 0.38510 | entropy 2.1745 | gamma_reach 0.999990 | ent_coef 0.00020 | elapsed 29.46s
debug 00160 | std_mean 0.4997 | std_min 0.4991 | std_max 0.5000 | done_mean 0.8514 | energy_min_ratio 0.4249 | energy_neg_ratio 0.7342 | e_cons [5.067e+00, 8.000e+00] | first_emin_step 115.59 | act_clip_ratio 0.4831 | act_abs [1.418e+00, 1.397e+01] | act_mean_abs [1.335e+00, 1.348e+01] | act_mean_clip_ratio 0.4404 | clipped_act_abs [7.205e-01, 1.000e+00] | init_energy [-4.000e+02, 2.107e+02, 7.994e+02] | v_reach [-6.767e+03, 2.135e+03] | t_reach [-5.000e+03, 1.385e+03] | reach_clip_ratio 0.0018 | open_ratio 0.1486 | t_done [-3.000e+02, 1.385e+03] | t_open [-5.000e+03, 7.765e+02] | v_open [-6.565e+03, 1.958e+03] | tmin_src done 0 t 199 v -5.047e+03 next_v -5.000e+03 g -3.000e+02 h -3.000e+02 energy -1.278e+02 | adv_total_std 4.499e+02 | adv_open_std 3.086e+02
iter 00161 | success 0.011 | cost 13.0 | energy 84.1 | actor_loss 0.32423 | energy_loss 117.65670 | reach_loss 439139.32461 | mean_bound_loss 0.62478 | entropy 2.1760 | gamma_reach 0.999990 | ent_coef 0.00020 | elapsed 29.46s
iter 00162 | success 0.010 | cost 15.8 | energy 88.8 | actor_loss 0.31466 | energy_loss 245.00694 | reach_loss 387569.20039 | mean_bound_loss 0.62372 | entropy 2.1770 | gamma_reach 0.999990 | ent_coef 0.00019 | elapsed 29.49s
iter 00163 | success 0.013 | cost 19.9 | energy 99.7 | actor_loss 0.34356 | energy_loss 505.17207 | reach_loss 511143.08164 | mean_bound_loss 0.63489 | entropy 2.1773 | gamma_reach 0.999990 | ent_coef 0.00019 | elapsed 29.56s
iter 00164 | success 0.011 | cost 7.5 | energy 56.6 | actor_loss 0.34662 | energy_loss 222.74089 | reach_loss 497677.14570 | mean_bound_loss 0.53113 | entropy 2.1773 | gamma_reach 0.999990 | ent_coef 0.00018 | elapsed 29.71s
iter 00165 | success 0.017 | cost 18.5 | energy 119.5 | actor_loss 0.28280 | energy_loss 155.46003 | reach_loss 1479978.86719 | mean_bound_loss 0.69582 | entropy 2.1773 | gamma_reach 0.999990 | ent_coef 0.00018 | elapsed 29.08s
iter 00166 | success 0.015 | cost 17.0 | energy 105.1 | actor_loss 0.33674 | energy_loss 131.25844 | reach_loss 2319356.20312 | mean_bound_loss 0.82221 | entropy 2.1774 | gamma_reach 0.999990 | ent_coef 0.00018 | elapsed 29.02s
iter 00167 | success 0.011 | cost 17.2 | energy 113.8 | actor_loss 0.29703 | energy_loss 105.92894 | reach_loss 3521001.22187 | mean_bound_loss 0.87955 | entropy 2.1774 | gamma_reach 0.999990 | ent_coef 0.00017 | elapsed 28.58s
iter 00168 | success 0.011 | cost 9.7 | energy 80.1 | actor_loss 0.31351 | energy_loss 141.29753 | reach_loss 4288691.42500 | mean_bound_loss 0.99035 | entropy 2.1773 | gamma_reach 0.999990 | ent_coef 0.00016 | elapsed 28.37s
iter 00169 | success 0.012 | cost 9.1 | energy 65.7 | actor_loss 0.30974 | energy_loss 115.74937 | reach_loss 4437750.05000 | mean_bound_loss 0.60072 | entropy 2.1774 | gamma_reach 0.999990 | ent_coef 0.00016 | elapsed 28.73s
iter 00170 | success 0.012 | cost 12.8 | energy 88.5 | actor_loss 0.30954 | energy_loss 85.06402 | reach_loss 4240837.80312 | mean_bound_loss 0.51653 | entropy 2.1771 | gamma_reach 0.999990 | ent_coef 0.00015 | elapsed 28.59s
debug 00170 | std_mean 0.4999 | std_min 0.4998 | std_max 0.5000 | done_mean 0.8418 | energy_min_ratio 0.4937 | energy_neg_ratio 0.7781 | e_cons [5.797e+00, 8.000e+00] | first_emin_step 101.77 | act_clip_ratio 0.5998 | act_abs [1.848e+00, 1.179e+01] | act_mean_abs [1.793e+00, 1.072e+01] | act_mean_clip_ratio 0.5754 | clipped_act_abs [7.918e-01, 1.000e+00] | init_energy [-3.998e+02, 2.006e+02, 7.995e+02] | v_reach [-3.652e+04, 2.015e+03] | t_reach [-5.000e+03, 9.150e+02] | reach_clip_ratio 0.0525 | open_ratio 0.1582 | t_done [-3.000e+02, 9.150e+02] | t_open [-5.000e+03, 6.712e+02] | v_open [-1.343e+04, 1.858e+03] | tmin_src done 0 t 199 v -7.371e+03 next_v -5.000e+03 g 5.021e+02 h -3.000e+02 energy -4.000e+02 | adv_total_std 4.096e+02 | adv_open_std 2.807e+02
iter 00171 | success 0.011 | cost 7.0 | energy 51.3 | actor_loss 0.30296 | energy_loss 140.12100 | reach_loss 3949965.37812 | mean_bound_loss 0.42086 | entropy 2.1772 | gamma_reach 0.999990 | ent_coef 0.00015 | elapsed 28.70s
iter 00172 | success 0.010 | cost 4.3 | energy 39.4 | actor_loss 0.30998 | energy_loss 57.22738 | reach_loss 5284653.25625 | mean_bound_loss 0.39088 | entropy 2.1774 | gamma_reach 0.999990 | ent_coef 0.00015 | elapsed 28.52s
iter 00173 | success 0.015 | cost 6.0 | energy 51.2 | actor_loss 0.30736 | energy_loss 110.09964 | reach_loss 6152287.10625 | mean_bound_loss 0.38220 | entropy 2.1773 | gamma_reach 0.999990 | ent_coef 0.00014 | elapsed 28.64s
iter 00174 | success 0.010 | cost 10.8 | energy 61.8 | actor_loss 0.30072 | energy_loss 164.00943 | reach_loss 5969271.43750 | mean_bound_loss 0.41703 | entropy 2.1768 | gamma_reach 0.999990 | ent_coef 0.00014 | elapsed 28.78s
iter 00175 | success 0.009 | cost 12.6 | energy 69.1 | actor_loss 0.32957 | energy_loss 148.83654 | reach_loss 6604581.21875 | mean_bound_loss 0.38405 | entropy 2.1769 | gamma_reach 0.999990 | ent_coef 0.00013 | elapsed 29.03s
iter 00176 | success 0.015 | cost 9.6 | energy 72.9 | actor_loss 0.30630 | energy_loss 136.73499 | reach_loss 7615604.71250 | mean_bound_loss 0.38847 | entropy 2.1773 | gamma_reach 0.999990 | ent_coef 0.00013 | elapsed 28.81s
iter 00177 | success 0.015 | cost 14.0 | energy 84.1 | actor_loss 0.29920 | energy_loss 217.96943 | reach_loss 6754210.26250 | mean_bound_loss 0.45328 | entropy 2.1774 | gamma_reach 0.999990 | ent_coef 0.00012 | elapsed 28.85s
iter 00178 | success 0.015 | cost 10.6 | energy 79.6 | actor_loss 0.30391 | energy_loss 57.89970 | reach_loss 7397085.53750 | mean_bound_loss 0.52633 | entropy 2.1774 | gamma_reach 0.999990 | ent_coef 0.00012 | elapsed 29.02s
iter 00179 | success 0.015 | cost 14.8 | energy 96.3 | actor_loss 0.30294 | energy_loss 59.32637 | reach_loss 8255454.23125 | mean_bound_loss 0.37114 | entropy 2.1773 | gamma_reach 0.999990 | ent_coef 0.00011 | elapsed 28.83s
iter 00180 | success 0.009 | cost 5.4 | energy 45.6 | actor_loss 0.30217 | energy_loss 130.95035 | reach_loss 8383892.46875 | mean_bound_loss 0.37922 | entropy 2.1773 | gamma_reach 0.999990 | ent_coef 0.00011 | elapsed 28.49s
debug 00180 | std_mean 0.5000 | std_min 0.5000 | std_max 0.5000 | done_mean 0.8133 | energy_min_ratio 0.5108 | energy_neg_ratio 0.7841 | e_cons [6.058e+00, 8.000e+00] | first_emin_step 98.34 | act_clip_ratio 0.6482 | act_abs [1.963e+00, 1.165e+01] | act_mean_abs [1.913e+00, 1.118e+01] | act_mean_clip_ratio 0.6308 | clipped_act_abs [8.163e-01, 1.000e+00] | init_energy [-3.997e+02, 2.012e+02, 7.994e+02] | v_reach [-4.658e+04, 1.797e+03] | t_reach [-5.000e+03, 1.044e+03] | reach_clip_ratio 0.0828 | open_ratio 0.1867 | t_done [-3.000e+02, 1.044e+03] | t_open [-5.000e+03, 7.580e+02] | v_open [-2.532e+04, 1.783e+03] | tmin_src done 0 t 199 v -1.655e+04 next_v -5.000e+03 g 4.608e+02 h -3.000e+02 energy -4.000e+02 | adv_total_std 3.807e+02 | adv_open_std 3.089e+02
iter 00181 | success 0.011 | cost 5.2 | energy 40.9 | actor_loss 0.29781 | energy_loss 144.53537 | reach_loss 8778742.99375 | mean_bound_loss 0.32017 | entropy 2.1769 | gamma_reach 0.999990 | ent_coef 0.00010 | elapsed 28.99s
iter 00182 | success 0.010 | cost 3.7 | energy 35.7 | actor_loss 0.29327 | energy_loss 215.25099 | reach_loss 9428625.30000 | mean_bound_loss 0.39120 | entropy 2.1764 | gamma_reach 0.999990 | ent_coef 0.00009 | elapsed 28.96s
iter 00183 | success 0.012 | cost 8.8 | energy 72.1 | actor_loss 0.28754 | energy_loss 165.77383 | reach_loss 8362786.20000 | mean_bound_loss 0.31727 | entropy 2.1764 | gamma_reach 0.999990 | ent_coef 0.00009 | elapsed 29.00s
iter 00184 | success 0.013 | cost 15.5 | energy 115.0 | actor_loss 0.29995 | energy_loss 163.86200 | reach_loss 9884486.82500 | mean_bound_loss 0.36343 | entropy 2.1766 | gamma_reach 0.999990 | ent_coef 0.00009 | elapsed 29.01s
iter 00185 | success 0.010 | cost 12.1 | energy 90.5 | actor_loss 0.33385 | energy_loss 193.69178 | reach_loss 8052594.10625 | mean_bound_loss 0.34854 | entropy 2.1764 | gamma_reach 0.999990 | ent_coef 0.00008 | elapsed 29.05s
iter 00186 | success 0.016 | cost 9.8 | energy 78.7 | actor_loss 0.29846 | energy_loss 220.90377 | reach_loss 10049813.37500 | mean_bound_loss 0.39954 | entropy 2.1771 | gamma_reach 0.999990 | ent_coef 0.00007 | elapsed 29.07s
iter 00187 | success 0.016 | cost 9.8 | energy 76.9 | actor_loss 0.30021 | energy_loss 57.98212 | reach_loss 3785487.00937 | mean_bound_loss 0.32911 | entropy 2.1773 | gamma_reach 0.999990 | ent_coef 0.00007 | elapsed 28.72s
iter 00188 | success 0.013 | cost 10.4 | energy 73.8 | actor_loss 0.29319 | energy_loss 160.19981 | reach_loss 1785748.19219 | mean_bound_loss 0.54092 | entropy 2.1771 | gamma_reach 0.999990 | ent_coef 0.00007 | elapsed 29.19s
iter 00189 | success 0.011 | cost 8.8 | energy 71.9 | actor_loss 0.32993 | energy_loss 184.90644 | reach_loss 822121.35625 | mean_bound_loss 0.62812 | entropy 2.1766 | gamma_reach 0.999990 | ent_coef 0.00006 | elapsed 29.29s
iter 00190 | success 0.012 | cost 6.5 | energy 52.0 | actor_loss 0.32676 | energy_loss 226.55035 | reach_loss 673606.66563 | mean_bound_loss 0.58848 | entropy 2.1757 | gamma_reach 0.999990 | ent_coef 0.00005 | elapsed 29.23s
debug 00190 | std_mean 0.4998 | std_min 0.4995 | std_max 0.5000 | done_mean 0.8387 | energy_min_ratio 0.5063 | energy_neg_ratio 0.7819 | e_cons [6.010e+00, 8.000e+00] | first_emin_step 99.23 | act_clip_ratio 0.6350 | act_abs [1.942e+00, 1.856e+01] | act_mean_abs [1.893e+00, 1.801e+01] | act_mean_clip_ratio 0.6213 | clipped_act_abs [8.124e-01, 1.000e+00] | init_energy [-3.997e+02, 1.959e+02, 7.998e+02] | v_reach [-1.760e+04, 1.612e+03] | t_reach [-5.000e+03, 9.650e+02] | reach_clip_ratio 0.0089 | open_ratio 0.1613 | t_done [-3.000e+02, 9.650e+02] | t_open [-5.000e+03, 7.652e+02] | v_open [-7.183e+03, 1.563e+03] | tmin_src done 0 t 199 v -5.796e+03 next_v -5.000e+03 g 5.185e+02 h -3.000e+02 energy -4.000e+02 | adv_total_std 3.234e+02 | adv_open_std 2.527e+02
iter 00191 | success 0.010 | cost 30.1 | energy 139.5 | actor_loss 0.31157 | energy_loss 37.99489 | reach_loss 419917.72930 | mean_bound_loss 0.59700 | entropy 2.1756 | gamma_reach 0.999990 | ent_coef 0.00005 | elapsed 30.02s
iter 00192 | success 0.142 | cost 74.1 | energy 317.8 | actor_loss 0.27295 | energy_loss 62.86193 | reach_loss 368632.89687 | mean_bound_loss 0.41175 | entropy 2.1765 | gamma_reach 0.999990 | ent_coef 0.00005 | elapsed 29.96s
iter 00193 | success 0.032 | cost 65.7 | energy 291.9 | actor_loss 0.32332 | energy_loss 84.32410 | reach_loss 317299.10625 | mean_bound_loss 0.73831 | entropy 2.1774 | gamma_reach 0.999990 | ent_coef 0.00004 | elapsed 29.80s
iter 00194 | success 0.020 | cost 24.9 | energy 136.3 | actor_loss 0.30243 | energy_loss 65.84792 | reach_loss 248571.95898 | mean_bound_loss 0.46608 | entropy 2.1772 | gamma_reach 0.999990 | ent_coef 0.00004 | elapsed 29.40s
iter 00195 | success 0.012 | cost 15.0 | energy 81.2 | actor_loss 0.31162 | energy_loss 63.31926 | reach_loss 216447.80762 | mean_bound_loss 0.86094 | entropy 2.1766 | gamma_reach 0.999990 | ent_coef 0.00003 | elapsed 29.36s
iter 00196 | success 0.021 | cost 44.8 | energy 181.7 | actor_loss 0.28856 | energy_loss 7.68461 | reach_loss 339421.51445 | mean_bound_loss 0.60346 | entropy 2.1755 | gamma_reach 0.999990 | ent_coef 0.00003 | elapsed 29.12s
iter 00197 | success 0.012 | cost 11.9 | energy 85.0 | actor_loss 0.31136 | energy_loss 10.55226 | reach_loss 433795.79258 | mean_bound_loss 0.49650 | entropy 2.1744 | gamma_reach 0.999990 | ent_coef 0.00002 | elapsed 29.30s
iter 00198 | success 0.010 | cost 9.7 | energy 66.9 | actor_loss 0.29354 | energy_loss 5.83647 | reach_loss 587722.57734 | mean_bound_loss 0.25657 | entropy 2.1747 | gamma_reach 0.999990 | ent_coef 0.00002 | elapsed 29.08s
iter 00199 | success 0.008 | cost 4.3 | energy 34.9 | actor_loss 0.30529 | energy_loss 9.09147 | reach_loss 951214.68047 | mean_bound_loss 0.32340 | entropy 2.1759 | gamma_reach 0.999990 | ent_coef 0.00001 | elapsed 28.71s
iter 00200 | success 0.011 | cost 10.1 | energy 77.6 | actor_loss 0.31999 | energy_loss 10.76845 | reach_loss 1282369.45625 | mean_bound_loss 0.41349 | entropy 2.1742 | gamma_reach 0.999990 | ent_coef 0.00001 | elapsed 28.66s
debug 00200 | std_mean 0.4995 | std_min 0.4986 | std_max 0.5000 | done_mean 0.8717 | energy_min_ratio 0.5373 | energy_neg_ratio 0.7937 | e_cons [6.463e+00, 8.000e+00] | first_emin_step 93.00 | act_clip_ratio 0.7148 | act_abs [2.208e+00, 1.574e+01] | act_mean_abs [2.172e+00, 1.525e+01] | act_mean_clip_ratio 0.7113 | clipped_act_abs [8.555e-01, 1.000e+00] | init_energy [-3.998e+02, 1.990e+02, 7.995e+02] | v_reach [-1.767e+04, 1.878e+03] | t_reach [-5.000e+03, 8.509e+02] | reach_clip_ratio 0.0235 | open_ratio 0.1283 | t_done [-3.000e+02, 8.509e+02] | t_open [-5.000e+03, 7.874e+02] | v_open [-1.364e+04, 1.806e+03] | tmin_src done 0 t 199 v -1.208e+04 next_v -5.000e+03 g 2.630e+02 h -3.000e+02 energy -4.000e+02 | adv_total_std 3.503e+02 | adv_open_std 2.343e+02
